2018-02-21 11:23:18,911 - INFO - dssInstance - An instance of OpenDSS version 0.2.9 has ben created.
2018-02-21 11:23:19,401 - INFO - SolveMode - Solver set to Daily mode.
2018-02-21 11:23:24,484 - INFO - dssInstance - Created pyController -> Controller.PVSystem.bb_258064_1_5
2018-02-21 11:23:24,484 - INFO - dssInstance - Created pyController -> Controller.PVSystem.bb_258067_1_5
2018-02-21 11:23:24,484 - INFO - dssInstance - Created pyController -> Controller.PVSystem.bb_258080_1_14
2018-02-21 11:23:24,484 - INFO - dssInstance - Created pyController -> Controller.PVSystem.bb_258824_1_1
2018-02-21 11:23:24,484 - INFO - dssInstance - Created pyController -> Controller.PVSystem.bb_258899_1_9
2018-02-21 11:23:24,484 - INFO - dssInstance - Created pyController -> Controller.PVSystem.bb_259031_1_5
2018-02-21 11:23:24,484 - INFO - dssInstance - Created pyController -> Controller.PVSystem.bb_259033_1_2
2018-02-21 11:23:24,500 - INFO - dssInstance - Created pyController -> Controller.PVSystem.bb_259037_1_6
2018-02-21 11:23:24,500 - INFO - dssInstance - Created pyController -> Controller.PVSystem.bb_259041_1_5
2018-02-21 11:23:24,500 - INFO - dssInstance - Created pyController -> Controller.PVSystem.bb_259041_1_12
2018-02-21 11:23:24,500 - INFO - dssInstance - Created pyController -> Controller.PVSystem.bb_259160_1_6
2018-02-21 11:23:24,500 - INFO - dssInstance - Created pyController -> Controller.PVSystem.bb_259166_1_5
2018-02-21 11:23:24,500 - INFO - dssInstance - Created pyController -> Controller.PVSystem.bb_259166_1_7
2018-02-21 11:23:24,500 - INFO - dssInstance - Created pyController -> Controller.PVSystem.bb_259171_1_8
2018-02-21 11:23:24,515 - INFO - dssInstance - Created pyController -> Controller.PVSystem.bb_259176_1_2
2018-02-21 11:23:24,515 - INFO - dssInstance - Created pyController -> Controller.PVSystem.bb_263625_1_1
2018-02-21 11:23:24,515 - INFO - dssInstance - Created pyController -> Controller.PVSystem.bb_263625_1_8
2018-02-21 11:23:24,515 - INFO - dssInstance - Created pyController -> Controller.PVSystem.bb_263629_1_1
2018-02-21 11:23:24,515 - INFO - dssInstance - Created pyController -> Controller.PVSystem.bb_263629_1_4
2018-02-21 11:23:24,515 - INFO - dssInstance - Created pyController -> Controller.PVSystem.bb_263786_1_8
2018-02-21 11:23:24,531 - INFO - dssInstance - Created pyController -> Controller.PVSystem.bb_263789_1_2
2018-02-21 11:23:24,531 - INFO - dssInstance - Created pyController -> Controller.PVSystem.bb_263789_1_3
2018-02-21 11:23:24,531 - INFO - dssInstance - Created pyController -> Controller.PVSystem.bb_263793_1_1
2018-02-21 11:23:24,531 - INFO - dssInstance - Created pyController -> Controller.PVSystem.bb_263794_1_11
2018-02-21 11:23:24,531 - INFO - dssInstance - Created pyController -> Controller.PVSystem.bb_263795_1_8
2018-02-21 11:23:24,531 - INFO - dssInstance - Created pyController -> Controller.PVSystem.bb_263795_1_9
2018-02-21 11:23:24,531 - INFO - dssInstance - Created pyController -> Controller.PVSystem.bb_263795_1_12
2018-02-21 11:23:24,547 - INFO - dssInstance - Created pyController -> Controller.PVSystem.bb_263796_1_2
2018-02-21 11:23:24,547 - INFO - dssInstance - Created pyController -> Controller.PVSystem.bb_263796_1_9
2018-02-21 11:23:24,547 - INFO - dssInstance - Created pyController -> Controller.PVSystem.bb_263800_1_1
2018-02-21 11:23:24,547 - INFO - dssInstance - Created pyController -> Controller.PVSystem.bb_263800_1_4
2018-02-21 11:23:24,547 - INFO - dssInstance - Created pyController -> Controller.PVSystem.bb_263800_1_9
2018-02-21 11:23:24,547 - INFO - dssInstance - Created pyController -> Controller.PVSystem.bb_263802_1_9
2018-02-21 11:23:24,547 - INFO - dssInstance - Created pyController -> Controller.PVSystem.bb_263803_1_7
2018-02-21 11:23:24,562 - INFO - dssInstance - Created pyController -> Controller.PVSystem.bb_263805_1_7
2018-02-21 11:23:24,562 - INFO - dssInstance - Created pyController -> Controller.PVSystem.bb_263805_1_8
2018-02-21 11:23:24,562 - INFO - dssInstance - Created pyController -> Controller.PVSystem.bb_263807_1_3
2018-02-21 11:23:24,562 - INFO - dssInstance - Created pyController -> Controller.PVSystem.bb_263808_1_2
2018-02-21 11:23:24,562 - INFO - dssInstance - Created pyController -> Controller.PVSystem.bb_263808_1_3
2018-02-21 11:23:24,562 - INFO - dssInstance - Created pyController -> Controller.PVSystem.bb_263808_1_5
2018-02-21 11:23:24,562 - INFO - dssInstance - Created pyController -> Controller.PVSystem.bb_264037_1_1
2018-02-21 11:23:24,578 - INFO - dssInstance - Created pyController -> Controller.PVSystem.bb_264037_1_3
2018-02-21 11:23:24,578 - INFO - dssInstance - Created pyController -> Controller.PVSystem.bb_264132_1_8
2018-02-21 11:23:24,578 - INFO - dssInstance - Created pyController -> Controller.PVSystem.bb_264132_1_12
2018-02-21 11:23:24,578 - INFO - dssInstance - Created pyController -> Controller.PVSystem.bb_51045964_1_2
2018-02-21 11:23:24,578 - INFO - dssInstance - Created pyController -> Controller.PVSystem.bb_51045964_1_5
2018-02-21 11:23:24,578 - INFO - dssInstance - Created pyController -> Controller.PVSystem.bb_51045964_1_6
2018-02-21 11:23:24,578 - INFO - dssInstance - Created pyController -> Controller.PVSystem.bb_51046044_1_2
2018-02-21 11:23:24,593 - INFO - dssInstance - Created pyController -> Controller.PVSystem.oh_257796_1_1
2018-02-21 11:23:24,593 - INFO - dssInstance - Created pyController -> Controller.PVSystem.oh_257806_1_2
2018-02-21 11:23:24,593 - INFO - dssInstance - Created pyController -> Controller.PVSystem.oh_257806_1_5
2018-02-21 11:23:24,593 - INFO - dssInstance - Created pyController -> Controller.PVSystem.oh_257806_1_6
2018-02-21 11:23:24,593 - INFO - dssInstance - Created pyController -> Controller.PVSystem.oh_257806_1_13
2018-02-21 11:23:24,593 - INFO - dssInstance - Created pyController -> Controller.PVSystem.oh_257807_1_3
2018-02-21 11:23:24,593 - INFO - dssInstance - Created pyController -> Controller.PVSystem.oh_257808_1_1
2018-02-21 11:23:24,609 - INFO - dssInstance - Created pyController -> Controller.PVSystem.oh_257811_1_6
2018-02-21 11:23:24,609 - INFO - dssInstance - Created pyController -> Controller.PVSystem.oh_262481_1_9
2018-02-21 11:23:24,609 - INFO - dssInstance - Created pyController -> Controller.PVSystem.oh_262486_1_7
2018-02-21 11:23:24,609 - INFO - dssInstance - Created pyController -> Controller.PVSystem.oh_263539_1_2
2018-02-21 11:23:24,609 - INFO - dssInstance - Created pyController -> Controller.PVSystem.oh_264008_1_1
2018-02-21 11:23:24,609 - INFO - dssInstance - Created pyController -> Controller.PVSystem.oh_264008_1_2
2018-02-21 11:23:24,609 - INFO - dssInstance - Created pyController -> Controller.PVSystem.oh_264009_1_8
2018-02-21 11:23:24,609 - INFO - dssInstance - Created pyController -> Controller.PVSystem.oh_264010_1_2
2018-02-21 11:23:24,625 - INFO - dssInstance - Created pyController -> Controller.PVSystem.oh_264056_1_1
2018-02-21 11:23:24,625 - INFO - dssInstance - Created pyController -> Controller.PVSystem.oh_264056_1_5
2018-02-21 11:23:24,625 - INFO - dssInstance - Created pyController -> Controller.PVSystem.oh_264056_1_7
2018-02-21 11:23:24,625 - INFO - dssInstance - Created pyController -> Controller.PVSystem.oh_264057_1_3
2018-02-21 11:23:24,625 - INFO - dssInstance - Created pyController -> Controller.PVSystem.oh_264057_1_6
2018-02-21 11:23:24,625 - INFO - dssInstance - Created pyController -> Controller.PVSystem.oh_264057_1_9
2018-02-21 11:23:24,625 - INFO - dssInstance - Created pyController -> Controller.PVSystem.oh_264058_1_1
2018-02-21 11:23:24,640 - INFO - dssInstance - Created pyController -> Controller.PVSystem.oh_264058_1_5
2018-02-21 11:23:24,640 - INFO - dssInstance - Created pyController -> Controller.PVSystem.oh_264059_1_4
2018-02-21 11:23:24,640 - INFO - dssInstance - Created pyController -> Controller.PVSystem.oh_264106_1_2
2018-02-21 11:23:24,640 - INFO - dssInstance - Created pyController -> Controller.PVSystem.oh_264158_1_2
2018-02-21 11:23:24,640 - INFO - dssInstance - Created pyController -> Controller.PVSystem.oh_264857_1_8
2018-02-21 11:23:24,640 - INFO - dssInstance - Created pyController -> Controller.PVSystem.oh_264870_1_1
2018-02-21 11:23:24,640 - INFO - dssInstance - Created pyController -> Controller.PVSystem.oh_264870_1_3
2018-02-21 11:23:24,656 - INFO - dssInstance - Created pyController -> Controller.PVSystem.oh_264870_1_12
2018-02-21 11:23:24,656 - INFO - dssInstance - Created pyController -> Controller.PVSystem.oh_264874_1_5
2018-02-21 11:23:24,656 - INFO - dssInstance - Created pyController -> Controller.PVSystem.oh_264880_1_5
2018-02-21 11:23:24,656 - INFO - dssInstance - Created pyController -> Controller.PVSystem.oh_264880_1_7
2018-02-21 11:23:24,656 - INFO - dssInstance - Created pyController -> Controller.PVSystem.oh_264883_1_4
2018-02-21 11:23:24,656 - INFO - dssInstance - Created pyController -> Controller.PVSystem.oh_264883_1_11
2018-02-21 11:23:24,656 - INFO - dssInstance - Created pyController -> Controller.PVSystem.oh_264887_1_8
2018-02-21 11:23:24,672 - INFO - dssInstance - Created pyController -> Controller.PVSystem.oh_264889_1_2
2018-02-21 11:23:24,672 - INFO - dssInstance - Created pyController -> Controller.PVSystem.oh_264889_1_5
2018-02-21 11:23:24,672 - INFO - dssInstance - Created pyController -> Controller.PVSystem.oh_264889_1_11
2018-02-21 11:23:24,672 - INFO - dssInstance - Created pyController -> Controller.PVSystem.oh_264913_1_2
2018-02-21 11:23:24,672 - INFO - dssInstance - Created pyController -> Controller.PVSystem.oh_264913_1_7
2018-02-21 11:23:24,672 - INFO - dssInstance - Created pyController -> Controller.PVSystem.oh_264931_1_4
2018-02-21 11:23:24,687 - INFO - dssInstance - Created pyController -> Controller.PVSystem.oh_264953_1_4
2018-02-21 11:23:24,687 - INFO - dssInstance - Created pyController -> Controller.PVSystem.oh_260847_1_1
2018-02-21 11:23:24,687 - INFO - dssInstance - Created pyController -> Controller.PVSystem.oh_261479_1_1
2018-02-21 11:23:24,687 - INFO - dssInstance - Created pyController -> Controller.PVSystem.oh_261486_1_2
2018-02-21 11:23:24,687 - INFO - dssInstance - Created pyController -> Controller.PVSystem.oh_261573_1_1
2018-02-21 11:23:24,687 - INFO - dssInstance - Created pyController -> Controller.PVSystem.oh_261576_1_2
2018-02-21 11:23:24,687 - INFO - dssInstance - Created pyController -> Controller.PVSystem.oh_261584_1_3
2018-02-21 11:23:24,703 - INFO - dssInstance - Created pyController -> Controller.PVSystem.oh_261584_1_4
2018-02-21 11:23:24,703 - INFO - dssInstance - Created pyController -> Controller.PVSystem.oh_261584_2_1
2018-02-21 11:23:24,703 - INFO - dssInstance - Created pyController -> Controller.PVSystem.oh_261592_1_1
2018-02-21 11:23:24,703 - INFO - dssInstance - Created pyController -> Controller.PVSystem.oh_261592_2_2
2018-02-21 11:23:24,703 - INFO - dssInstance - Created pyController -> Controller.PVSystem.oh_261663_0_1
2018-02-21 11:23:24,718 - INFO - dssInstance - Created pyController -> Controller.PVSystem.oh_262868_0_1
2018-02-21 11:23:24,718 - INFO - dssInstance - Created pyController -> Controller.PVSystem.oh_262876_1_7
2018-02-21 11:23:24,718 - INFO - dssInstance - Created pyController -> Controller.PVSystem.oh_262876_2_5
2018-02-21 11:23:24,718 - INFO - dssInstance - Created pyController -> Controller.PVSystem.oh_262983_1_4
2018-02-21 11:23:24,718 - INFO - dssInstance - Created pyController -> Controller.PVSystem.oh_262987_2_2
2018-02-21 11:23:24,718 - INFO - dssInstance - Created pyController -> Controller.PVSystem.oh_262992_1_1
2018-02-21 11:23:24,718 - INFO - dssInstance - Created pyController -> Controller.PVSystem.oh_263013_1_4
2018-02-21 11:23:24,734 - INFO - dssInstance - Created pyController -> Controller.PVSystem.oh_263105_1_1
2018-02-21 11:23:24,734 - INFO - dssInstance - Created pyController -> Controller.PVSystem.oh_263105_1_2
2018-02-21 11:23:24,734 - INFO - dssInstance - Created pyController -> Controller.PVSystem.oh_263105_2_2
2018-02-21 11:23:24,734 - INFO - dssInstance - Created pyController -> Controller.PVSystem.oh_263114_1_3
2018-02-21 11:23:24,734 - INFO - dssInstance - Created pyController -> Controller.PVSystem.oh_263163_0_1
2018-02-21 11:23:24,734 - INFO - dssInstance - Created pyController -> Controller.PVSystem.oh_263163_0_5
2018-02-21 11:23:24,750 - INFO - dssInstance - Created pyController -> Controller.PVSystem.oh_263236_0_4
2018-02-21 11:23:24,750 - INFO - dssInstance - Created pyController -> Controller.PVSystem.oh_263261_0_6
2018-02-21 11:23:24,750 - INFO - dssInstance - Created pyController -> Controller.PVSystem.oh_263400_0_1
2018-02-21 11:23:24,750 - INFO - dssInstance - Created pyController -> Controller.PVSystem.oh_263400_0_10
2018-02-21 11:23:24,750 - INFO - dssInstance - Created pyController -> Controller.PVSystem.oh_263400_0_16
2018-02-21 11:23:24,750 - INFO - dssInstance - Created pyController -> Controller.PVSystem.oh_263619_0_2
2018-02-21 11:23:24,765 - INFO - dssInstance - Created pyController -> Controller.PVSystem.oh_264402_1_1
2018-02-21 11:23:24,765 - INFO - dssInstance - Created pyController -> Controller.PVSystem.oh_264578_0_2
2018-02-21 11:23:24,765 - INFO - dssInstance - Created pyController -> Controller.PVSystem.oh_264611_1_5
2018-02-21 11:23:24,765 - INFO - dssInstance - Created pyController -> Controller.PVSystem.oh_264618_0_3
2018-02-21 11:23:24,765 - INFO - dssInstance - Created pyController -> Controller.PVSystem.oh_264729_0_2
2018-02-21 11:23:24,765 - INFO - dssInstance - Created pyController -> Controller.PVSystem.oh_51048147a
2018-02-21 11:23:24,765 - INFO - dssInstance - Created pyController -> Controller.PVSystem.oh_51048147b
2018-02-21 11:23:24,781 - INFO - dssInstance - Created pyController -> Controller.PVSystem.oh_51048147c
2018-02-21 11:23:24,781 - INFO - dssInstance - Created pyController -> Controller.PVSystem.bb_262469a
2018-02-21 11:23:24,781 - INFO - dssInstance - Created pyController -> Controller.PVSystem.bb_263551a
2018-02-21 11:23:24,781 - INFO - dssInstance - Created pyController -> Controller.PVSystem.bb_263552a
2018-02-21 11:23:24,781 - INFO - dssInstance - Created pyController -> Controller.PVSystem.bb_263790a
2018-02-21 11:23:24,781 - INFO - dssInstance - Created pyController -> Controller.PVSystem.bb_263791a
2018-02-21 11:23:24,797 - INFO - dssInstance - Created pyController -> Controller.PVSystem.bb_263792a
2018-02-21 11:23:24,797 - INFO - dssInstance - Created pyController -> Controller.PVSystem.oh_263097b
2018-02-21 11:23:24,797 - INFO - dssInstance - Created pyController -> Controller.PVSystem.oh_263097c
2018-02-21 11:23:24,797 - INFO - dssInstance - Created pyController -> Controller.PVSystem.oh_263106b
2018-02-21 11:23:24,797 - INFO - dssInstance - Created pyController -> Controller.PVSystem.oh_263615a
2018-02-21 11:23:24,797 - INFO - dssInstance - Created pyController -> Controller.PVSystem.oh_263615b
2018-02-21 11:23:24,812 - INFO - dssInstance - Created pyController -> Controller.PVSystem.oh_265122a
2018-02-21 11:23:24,812 - INFO - dssInstance - Created pyController -> Controller.PVSystem.oh_265122b
2018-02-21 11:23:24,812 - INFO - dssInstance - Created pyController -> Controller.PVSystem.oh_265122c
2018-02-21 11:23:24,812 - INFO - dssInstance - Created pyController -> Controller.PVSystem.oh_51048142b
2018-02-21 11:23:24,812 - INFO - dssInstance - Created pyController -> Controller.PVSystem.bb_258067_1_3
2018-02-21 11:23:24,812 - INFO - dssInstance - Created pyController -> Controller.PVSystem.bb_258067_1_6
2018-02-21 11:23:24,812 - INFO - dssInstance - Created pyController -> Controller.PVSystem.bb_258067_1_7
2018-02-21 11:23:24,828 - INFO - dssInstance - Created pyController -> Controller.PVSystem.bb_258067_1_9
2018-02-21 11:23:24,828 - INFO - dssInstance - Created pyController -> Controller.PVSystem.bb_258070_1_1
2018-02-21 11:23:24,828 - INFO - dssInstance - Created pyController -> Controller.PVSystem.bb_258073_1_1
2018-02-21 11:23:24,828 - INFO - dssInstance - Created pyController -> Controller.PVSystem.bb_258073_1_3
2018-02-21 11:23:24,828 - INFO - dssInstance - Created pyController -> Controller.PVSystem.bb_258073_1_4
2018-02-21 11:23:24,828 - INFO - dssInstance - Created pyController -> Controller.PVSystem.bb_258073_1_5
2018-02-21 11:23:24,843 - INFO - dssInstance - Created pyController -> Controller.PVSystem.bb_258073_1_6
2018-02-21 11:23:24,843 - INFO - dssInstance - Created pyController -> Controller.PVSystem.bb_258073_1_7
2018-02-21 11:23:24,843 - INFO - dssInstance - Created pyController -> Controller.PVSystem.bb_258073_1_8
2018-02-21 11:23:24,843 - INFO - dssInstance - Created pyController -> Controller.PVSystem.bb_258073_1_9
2018-02-21 11:23:24,843 - INFO - dssInstance - Created pyController -> Controller.PVSystem.bb_258073_1_10
2018-02-21 11:23:24,843 - INFO - dssInstance - Created pyController -> Controller.PVSystem.bb_258077_1_4
2018-02-21 11:23:24,859 - INFO - dssInstance - Created pyController -> Controller.PVSystem.bb_258080_1_1
2018-02-21 11:23:24,859 - INFO - dssInstance - Created pyController -> Controller.PVSystem.bb_258080_1_7
2018-02-21 11:23:24,859 - INFO - dssInstance - Created pyController -> Controller.PVSystem.bb_258080_1_10
2018-02-21 11:23:24,859 - INFO - dssInstance - Created pyController -> Controller.PVSystem.bb_258202_1_1
2018-02-21 11:23:24,859 - INFO - dssInstance - Created pyController -> Controller.PVSystem.bb_258202_1_2
2018-02-21 11:23:24,859 - INFO - dssInstance - Created pyController -> Controller.PVSystem.bb_258797_1_1
2018-02-21 11:23:24,859 - INFO - dssInstance - Created pyController -> Controller.PVSystem.bb_258797_1_2
2018-02-21 11:23:24,875 - INFO - dssInstance - Created pyController -> Controller.PVSystem.bb_258797_1_5
2018-02-21 11:23:24,875 - INFO - dssInstance - Created pyController -> Controller.PVSystem.bb_258803_1_5
2018-02-21 11:23:24,875 - INFO - dssInstance - Created pyController -> Controller.PVSystem.bb_258803_1_6
2018-02-21 11:23:24,875 - INFO - dssInstance - Created pyController -> Controller.PVSystem.bb_258803_1_8
2018-02-21 11:23:24,875 - INFO - dssInstance - Created pyController -> Controller.PVSystem.bb_258803_1_9
2018-02-21 11:23:24,875 - INFO - dssInstance - Created pyController -> Controller.PVSystem.bb_258803_1_10
2018-02-21 11:23:24,875 - INFO - dssInstance - Created pyController -> Controller.PVSystem.bb_258803_1_11
2018-02-21 11:23:24,890 - INFO - dssInstance - Created pyController -> Controller.PVSystem.bb_258803_1_12
2018-02-21 11:23:24,890 - INFO - dssInstance - Created pyController -> Controller.PVSystem.bb_258824_1_7
2018-02-21 11:23:24,890 - INFO - dssInstance - Created pyController -> Controller.PVSystem.bb_258838_1_8
2018-02-21 11:23:24,890 - INFO - dssInstance - Created pyController -> Controller.PVSystem.bb_258838_1_10
2018-02-21 11:23:24,890 - INFO - dssInstance - Created pyController -> Controller.PVSystem.bb_258899_1_2
2018-02-21 11:23:24,890 - INFO - dssInstance - Created pyController -> Controller.PVSystem.bb_258899_1_8
2018-02-21 11:23:24,890 - INFO - dssInstance - Created pyController -> Controller.PVSystem.bb_259031_1_1
2018-02-21 11:23:24,890 - INFO - dssInstance - Created pyController -> Controller.PVSystem.bb_259031_1_4
2018-02-21 11:23:24,906 - INFO - dssInstance - Created pyController -> Controller.PVSystem.bb_259031_1_7
2018-02-21 11:23:24,906 - INFO - dssInstance - Created pyController -> Controller.PVSystem.bb_259031_1_8
2018-02-21 11:23:24,906 - INFO - dssInstance - Created pyController -> Controller.PVSystem.bb_259031_1_9
2018-02-21 11:23:24,906 - INFO - dssInstance - Created pyController -> Controller.PVSystem.bb_259031_1_10
2018-02-21 11:23:24,906 - INFO - dssInstance - Created pyController -> Controller.PVSystem.bb_259033_1_6
2018-02-21 11:23:24,906 - INFO - dssInstance - Created pyController -> Controller.PVSystem.bb_259033_1_8
2018-02-21 11:23:24,906 - INFO - dssInstance - Created pyController -> Controller.PVSystem.bb_259037_1_1
2018-02-21 11:23:24,922 - INFO - dssInstance - Created pyController -> Controller.PVSystem.bb_259037_1_2
2018-02-21 11:23:24,922 - INFO - dssInstance - Created pyController -> Controller.PVSystem.bb_259037_1_8
2018-02-21 11:23:24,922 - INFO - dssInstance - Created pyController -> Controller.PVSystem.bb_259037_1_11
2018-02-21 11:23:24,922 - INFO - dssInstance - Created pyController -> Controller.PVSystem.bb_259037_1_13
2018-02-21 11:23:24,922 - INFO - dssInstance - Created pyController -> Controller.PVSystem.bb_259041_1_1
2018-02-21 11:23:24,922 - INFO - dssInstance - Created pyController -> Controller.PVSystem.bb_259160_1_1
2018-02-21 11:23:24,937 - INFO - dssInstance - Created pyController -> Controller.PVSystem.bb_259160_1_3
2018-02-21 11:23:24,937 - INFO - dssInstance - Created pyController -> Controller.PVSystem.bb_259160_1_4
2018-02-21 11:23:24,937 - INFO - dssInstance - Created pyController -> Controller.PVSystem.bb_259160_1_7
2018-02-21 11:23:24,937 - INFO - dssInstance - Created pyController -> Controller.PVSystem.bb_259160_1_9
2018-02-21 11:23:24,937 - INFO - dssInstance - Created pyController -> Controller.PVSystem.bb_259160_1_12
2018-02-21 11:23:24,937 - INFO - dssInstance - Created pyController -> Controller.PVSystem.bb_259160_1_13
2018-02-21 11:23:24,937 - INFO - dssInstance - Created pyController -> Controller.PVSystem.bb_259160_1_14
2018-02-21 11:23:24,953 - INFO - dssInstance - Created pyController -> Controller.PVSystem.bb_259166_1_1
2018-02-21 11:23:24,953 - INFO - dssInstance - Created pyController -> Controller.PVSystem.bb_259171_1_1
2018-02-21 11:23:24,953 - INFO - dssInstance - Created pyController -> Controller.PVSystem.bb_259171_1_2
2018-02-21 11:23:24,953 - INFO - dssInstance - Created pyController -> Controller.PVSystem.bb_259171_1_4
2018-02-21 11:23:24,953 - INFO - dssInstance - Created pyController -> Controller.PVSystem.bb_259171_1_7
2018-02-21 11:23:24,953 - INFO - dssInstance - Created pyController -> Controller.PVSystem.bb_259176_1_4
2018-02-21 11:23:24,953 - INFO - dssInstance - Created pyController -> Controller.PVSystem.bb_259176_1_6
2018-02-21 11:23:24,968 - INFO - dssInstance - Created pyController -> Controller.PVSystem.bb_259176_1_8
2018-02-21 11:23:24,968 - INFO - dssInstance - Created pyController -> Controller.PVSystem.bb_263625_1_2
2018-02-21 11:23:24,968 - INFO - dssInstance - Created pyController -> Controller.PVSystem.bb_263625_1_4
2018-02-21 11:23:24,968 - INFO - dssInstance - Created pyController -> Controller.PVSystem.bb_263625_1_11
2018-02-21 11:23:24,968 - INFO - dssInstance - Created pyController -> Controller.PVSystem.bb_263629_1_2
2018-02-21 11:23:24,968 - INFO - dssInstance - Created pyController -> Controller.PVSystem.bb_263629_1_6
2018-02-21 11:23:24,984 - INFO - dssInstance - Created pyController -> Controller.PVSystem.bb_263629_1_7
2018-02-21 11:23:24,984 - INFO - dssInstance - Created pyController -> Controller.PVSystem.bb_263629_1_9
2018-02-21 11:23:24,984 - INFO - dssInstance - Created pyController -> Controller.PVSystem.bb_263629_1_11
2018-02-21 11:23:24,984 - INFO - dssInstance - Created pyController -> Controller.PVSystem.bb_263786_1_1
2018-02-21 11:23:24,984 - INFO - dssInstance - Created pyController -> Controller.PVSystem.bb_263786_1_2
2018-02-21 11:23:24,984 - INFO - dssInstance - Created pyController -> Controller.PVSystem.bb_263786_1_5
2018-02-21 11:23:24,984 - INFO - dssInstance - Created pyController -> Controller.PVSystem.bb_263786_1_9
2018-02-21 11:23:25,000 - INFO - dssInstance - Created pyController -> Controller.PVSystem.bb_263786_1_10
2018-02-21 11:23:25,000 - INFO - dssInstance - Created pyController -> Controller.PVSystem.bb_263786_1_12
2018-02-21 11:23:25,000 - INFO - dssInstance - Created pyController -> Controller.PVSystem.bb_263787_1_1
2018-02-21 11:23:25,000 - INFO - dssInstance - Created pyController -> Controller.PVSystem.bb_263787_1_2
2018-02-21 11:23:25,000 - INFO - dssInstance - Created pyController -> Controller.PVSystem.bb_263787_1_4
2018-02-21 11:23:25,000 - INFO - dssInstance - Created pyController -> Controller.PVSystem.bb_263787_1_5
2018-02-21 11:23:25,000 - INFO - dssInstance - Created pyController -> Controller.PVSystem.bb_263787_1_6
2018-02-21 11:23:25,015 - INFO - dssInstance - Created pyController -> Controller.PVSystem.bb_263787_1_10
2018-02-21 11:23:25,015 - INFO - dssInstance - Created pyController -> Controller.PVSystem.bb_263788_1_1
2018-02-21 11:23:25,015 - INFO - dssInstance - Created pyController -> Controller.PVSystem.bb_263788_1_3
2018-02-21 11:23:25,031 - INFO - dssInstance - Created pyController -> Controller.PVSystem.bb_263789_1_1
2018-02-21 11:23:25,031 - INFO - dssInstance - Created pyController -> Controller.PVSystem.bb_263789_1_4
2018-02-21 11:23:25,031 - INFO - dssInstance - Created pyController -> Controller.PVSystem.bb_263789_1_6
2018-02-21 11:23:25,047 - INFO - dssInstance - Created pyController -> Controller.PVSystem.bb_263789_1_7
2018-02-21 11:23:25,047 - INFO - dssInstance - Created pyController -> Controller.PVSystem.bb_263789_1_10
2018-02-21 11:23:25,047 - INFO - dssInstance - Created pyController -> Controller.PVSystem.bb_263789_1_11
2018-02-21 11:23:25,047 - INFO - dssInstance - Created pyController -> Controller.PVSystem.bb_263789_1_12
2018-02-21 11:23:25,062 - INFO - dssInstance - Created pyController -> Controller.PVSystem.bb_263793_1_2
2018-02-21 11:23:25,062 - INFO - dssInstance - Created pyController -> Controller.PVSystem.bb_263793_1_7
2018-02-21 11:23:25,062 - INFO - dssInstance - Created pyController -> Controller.PVSystem.bb_263793_1_8
2018-02-21 11:23:25,062 - INFO - dssInstance - Created pyController -> Controller.PVSystem.bb_263793_1_9
2018-02-21 11:23:25,062 - INFO - dssInstance - Created pyController -> Controller.PVSystem.bb_263793_1_10
2018-02-21 11:23:25,078 - INFO - dssInstance - Created pyController -> Controller.PVSystem.bb_263795_1_2
2018-02-21 11:23:25,078 - INFO - dssInstance - Created pyController -> Controller.PVSystem.bb_263795_1_4
2018-02-21 11:23:25,078 - INFO - dssInstance - Created pyController -> Controller.PVSystem.bb_263795_1_7
2018-02-21 11:23:25,078 - INFO - dssInstance - Created pyController -> Controller.PVSystem.bb_263795_1_10
2018-02-21 11:23:25,078 - INFO - dssInstance - Created pyController -> Controller.PVSystem.bb_263796_1_3
2018-02-21 11:23:25,078 - INFO - dssInstance - Created pyController -> Controller.PVSystem.bb_263797_1_1
2018-02-21 11:23:25,093 - INFO - dssInstance - Created pyController -> Controller.PVSystem.bb_263798_1_7
2018-02-21 11:23:25,093 - INFO - dssInstance - Created pyController -> Controller.PVSystem.bb_263800_1_3
2018-02-21 11:23:25,093 - INFO - dssInstance - Created pyController -> Controller.PVSystem.bb_263801_1_7
2018-02-21 11:23:25,093 - INFO - dssInstance - Created pyController -> Controller.PVSystem.bb_263802_1_7
2018-02-21 11:23:25,093 - INFO - dssInstance - Created pyController -> Controller.PVSystem.bb_263802_1_8
2018-02-21 11:23:25,093 - INFO - dssInstance - Created pyController -> Controller.PVSystem.bb_263803_1_1
2018-02-21 11:23:25,093 - INFO - dssInstance - Created pyController -> Controller.PVSystem.bb_263803_1_4
2018-02-21 11:23:25,109 - INFO - dssInstance - Created pyController -> Controller.PVSystem.bb_263803_1_5
2018-02-21 11:23:25,109 - INFO - dssInstance - Created pyController -> Controller.PVSystem.bb_263803_1_8
2018-02-21 11:23:25,109 - INFO - dssInstance - Created pyController -> Controller.PVSystem.bb_263803_1_9
2018-02-21 11:23:25,109 - INFO - dssInstance - Created pyController -> Controller.PVSystem.bb_263803_1_10
2018-02-21 11:23:25,125 - INFO - dssInstance - Created pyController -> Controller.PVSystem.bb_263803_1_11
2018-02-21 11:23:25,125 - INFO - dssInstance - Created pyController -> Controller.PVSystem.bb_263803_1_13
2018-02-21 11:23:25,125 - INFO - dssInstance - Created pyController -> Controller.PVSystem.bb_263804_1_2
2018-02-21 11:23:25,125 - INFO - dssInstance - Created pyController -> Controller.PVSystem.bb_263804_1_7
2018-02-21 11:23:25,125 - INFO - dssInstance - Created pyController -> Controller.PVSystem.bb_263804_1_8
2018-02-21 11:23:25,140 - INFO - dssInstance - Created pyController -> Controller.PVSystem.bb_263804_1_12
2018-02-21 11:23:25,140 - INFO - dssInstance - Created pyController -> Controller.PVSystem.bb_263805_1_3
2018-02-21 11:23:25,140 - INFO - dssInstance - Created pyController -> Controller.PVSystem.bb_263805_1_6
2018-02-21 11:23:25,140 - INFO - dssInstance - Created pyController -> Controller.PVSystem.bb_263805_1_9
2018-02-21 11:23:25,140 - INFO - dssInstance - Created pyController -> Controller.PVSystem.bb_263806_1_2
2018-02-21 11:23:25,140 - INFO - dssInstance - Created pyController -> Controller.PVSystem.bb_263806_1_3
2018-02-21 11:23:25,156 - INFO - dssInstance - Created pyController -> Controller.PVSystem.bb_263806_1_4
2018-02-21 11:23:25,156 - INFO - dssInstance - Created pyController -> Controller.PVSystem.bb_263806_1_5
2018-02-21 11:23:25,156 - INFO - dssInstance - Created pyController -> Controller.PVSystem.bb_263806_1_6
2018-02-21 11:23:25,156 - INFO - dssInstance - Created pyController -> Controller.PVSystem.bb_263806_1_8
2018-02-21 11:23:25,172 - INFO - dssInstance - Created pyController -> Controller.PVSystem.bb_263807_1_1
2018-02-21 11:23:25,172 - INFO - dssInstance - Created pyController -> Controller.PVSystem.bb_263807_1_2
2018-02-21 11:23:25,172 - INFO - dssInstance - Created pyController -> Controller.PVSystem.bb_263807_1_5
2018-02-21 11:23:25,172 - INFO - dssInstance - Created pyController -> Controller.PVSystem.bb_263807_1_10
2018-02-21 11:23:25,187 - INFO - dssInstance - Created pyController -> Controller.PVSystem.bb_263808_1_1
2018-02-21 11:23:25,187 - INFO - dssInstance - Created pyController -> Controller.PVSystem.bb_263808_1_4
2018-02-21 11:23:25,187 - INFO - dssInstance - Created pyController -> Controller.PVSystem.bb_263808_1_8
2018-02-21 11:23:25,187 - INFO - dssInstance - Created pyController -> Controller.PVSystem.bb_263808_1_9
2018-02-21 11:23:25,187 - INFO - dssInstance - Created pyController -> Controller.PVSystem.bb_263809_1_1
2018-02-21 11:23:25,203 - INFO - dssInstance - Created pyController -> Controller.PVSystem.bb_263809_1_2
2018-02-21 11:23:25,203 - INFO - dssInstance - Created pyController -> Controller.PVSystem.bb_263809_1_6
2018-02-21 11:23:25,203 - INFO - dssInstance - Created pyController -> Controller.PVSystem.bb_263809_1_8
2018-02-21 11:23:25,203 - INFO - dssInstance - Created pyController -> Controller.PVSystem.bb_263817_1_1
2018-02-21 11:23:25,203 - INFO - dssInstance - Created pyController -> Controller.PVSystem.bb_263817_1_3
2018-02-21 11:23:25,203 - INFO - dssInstance - Created pyController -> Controller.PVSystem.bb_263817_1_6
2018-02-21 11:23:25,203 - INFO - dssInstance - Created pyController -> Controller.PVSystem.bb_263817_1_7
2018-02-21 11:23:25,218 - INFO - dssInstance - Created pyController -> Controller.PVSystem.bb_263817_1_8
2018-02-21 11:23:25,218 - INFO - dssInstance - Created pyController -> Controller.PVSystem.bb_263888_1_1
2018-02-21 11:23:25,218 - INFO - dssInstance - Created pyController -> Controller.PVSystem.bb_263888_1_6
2018-02-21 11:23:25,218 - INFO - dssInstance - Created pyController -> Controller.PVSystem.bb_264037_1_4
2018-02-21 11:23:25,218 - INFO - dssInstance - Created pyController -> Controller.PVSystem.bb_264132_1_5
2018-02-21 11:23:25,218 - INFO - dssInstance - Created pyController -> Controller.PVSystem.bb_264132_1_6
2018-02-21 11:23:25,234 - INFO - dssInstance - Created pyController -> Controller.PVSystem.bb_264132_1_10
2018-02-21 11:23:25,234 - INFO - dssInstance - Created pyController -> Controller.PVSystem.bb_264132_1_13
2018-02-21 11:23:25,234 - INFO - dssInstance - Created pyController -> Controller.PVSystem.bb_264986_1_10
2018-02-21 11:23:25,234 - INFO - dssInstance - Created pyController -> Controller.PVSystem.bb_264986_1_11
2018-02-21 11:23:25,234 - INFO - dssInstance - Created pyController -> Controller.PVSystem.bb_51045896_1_2
2018-02-21 11:23:25,250 - INFO - dssInstance - Created pyController -> Controller.PVSystem.bb_51045896_1_3
2018-02-21 11:23:25,250 - INFO - dssInstance - Created pyController -> Controller.PVSystem.bb_51045964_1_1
2018-02-21 11:23:25,250 - INFO - dssInstance - Created pyController -> Controller.PVSystem.bb_51045964_1_3
2018-02-21 11:23:25,250 - INFO - dssInstance - Created pyController -> Controller.PVSystem.bb_51045964_1_8
2018-02-21 11:23:25,265 - INFO - dssInstance - Created pyController -> Controller.PVSystem.bb_51045964_1_9
2018-02-21 11:23:25,265 - INFO - dssInstance - Created pyController -> Controller.PVSystem.bb_51045964_1_10
2018-02-21 11:23:25,265 - INFO - dssInstance - Created pyController -> Controller.PVSystem.bb_51045964_1_12
2018-02-21 11:23:25,265 - INFO - dssInstance - Created pyController -> Controller.PVSystem.bb_51045964_1_14
2018-02-21 11:23:25,265 - INFO - dssInstance - Created pyController -> Controller.PVSystem.bb_51045975_1_7
2018-02-21 11:23:25,265 - INFO - dssInstance - Created pyController -> Controller.PVSystem.bb_51045975_1_9
2018-02-21 11:23:25,265 - INFO - dssInstance - Created pyController -> Controller.PVSystem.bb_51045975_1_10
2018-02-21 11:23:25,281 - INFO - dssInstance - Created pyController -> Controller.PVSystem.bb_51045982_1_1
2018-02-21 11:23:25,281 - INFO - dssInstance - Created pyController -> Controller.PVSystem.bb_51046037_1_1
2018-02-21 11:23:25,281 - INFO - dssInstance - Created pyController -> Controller.PVSystem.bb_51046037_1_7
2018-02-21 11:23:25,281 - INFO - dssInstance - Created pyController -> Controller.PVSystem.bb_51046044_1_4
2018-02-21 11:23:25,297 - INFO - dssInstance - Created pyController -> Controller.PVSystem.bb_51046044_1_7
2018-02-21 11:23:25,297 - INFO - dssInstance - Created pyController -> Controller.PVSystem.bb_51046044_1_8
2018-02-21 11:23:25,312 - INFO - dssInstance - Created pyController -> Controller.PVSystem.oh_257608_1_4
2018-02-21 11:23:25,312 - INFO - dssInstance - Created pyController -> Controller.PVSystem.oh_257608_1_6
2018-02-21 11:23:25,328 - INFO - dssInstance - Created pyController -> Controller.PVSystem.oh_257608_1_7
2018-02-21 11:23:25,328 - INFO - dssInstance - Created pyController -> Controller.PVSystem.oh_257608_1_9
2018-02-21 11:23:25,328 - INFO - dssInstance - Created pyController -> Controller.PVSystem.oh_257796_1_3
2018-02-21 11:23:25,343 - INFO - dssInstance - Created pyController -> Controller.PVSystem.oh_257796_1_5
2018-02-21 11:23:25,343 - INFO - dssInstance - Created pyController -> Controller.PVSystem.oh_257796_1_7
2018-02-21 11:23:25,343 - INFO - dssInstance - Created pyController -> Controller.PVSystem.oh_257796_1_8
2018-02-21 11:23:25,360 - INFO - dssInstance - Created pyController -> Controller.PVSystem.oh_257796_1_9
2018-02-21 11:23:25,363 - INFO - dssInstance - Created pyController -> Controller.PVSystem.oh_257796_1_10
2018-02-21 11:23:25,363 - INFO - dssInstance - Created pyController -> Controller.PVSystem.oh_257796_1_12
2018-02-21 11:23:25,363 - INFO - dssInstance - Created pyController -> Controller.PVSystem.oh_257798_1_4
2018-02-21 11:23:25,363 - INFO - dssInstance - Created pyController -> Controller.PVSystem.oh_257798_1_6
2018-02-21 11:23:25,363 - INFO - dssInstance - Created pyController -> Controller.PVSystem.oh_257798_1_7
2018-02-21 11:23:25,379 - INFO - dssInstance - Created pyController -> Controller.PVSystem.oh_257798_1_9
2018-02-21 11:23:25,379 - INFO - dssInstance - Created pyController -> Controller.PVSystem.oh_257798_1_10
2018-02-21 11:23:25,379 - INFO - dssInstance - Created pyController -> Controller.PVSystem.oh_257798_1_16
2018-02-21 11:23:25,394 - INFO - dssInstance - Created pyController -> Controller.PVSystem.oh_257804_1_3
2018-02-21 11:23:25,394 - INFO - dssInstance - Created pyController -> Controller.PVSystem.oh_257804_1_5
2018-02-21 11:23:25,394 - INFO - dssInstance - Created pyController -> Controller.PVSystem.oh_257806_1_4
2018-02-21 11:23:25,394 - INFO - dssInstance - Created pyController -> Controller.PVSystem.oh_257806_1_8
2018-02-21 11:23:25,394 - INFO - dssInstance - Created pyController -> Controller.PVSystem.oh_257806_1_9
2018-02-21 11:23:25,394 - INFO - dssInstance - Created pyController -> Controller.PVSystem.oh_257806_1_10
2018-02-21 11:23:25,410 - INFO - dssInstance - Created pyController -> Controller.PVSystem.oh_257806_1_11
2018-02-21 11:23:25,410 - INFO - dssInstance - Created pyController -> Controller.PVSystem.oh_257806_1_12
2018-02-21 11:23:25,410 - INFO - dssInstance - Created pyController -> Controller.PVSystem.oh_257806_1_14
2018-02-21 11:23:25,410 - INFO - dssInstance - Created pyController -> Controller.PVSystem.oh_257807_1_5
2018-02-21 11:23:25,426 - INFO - dssInstance - Created pyController -> Controller.PVSystem.oh_257811_1_2
2018-02-21 11:23:25,426 - INFO - dssInstance - Created pyController -> Controller.PVSystem.oh_257811_1_5
2018-02-21 11:23:25,426 - INFO - dssInstance - Created pyController -> Controller.PVSystem.oh_257811_1_7
2018-02-21 11:23:25,426 - INFO - dssInstance - Created pyController -> Controller.PVSystem.oh_257815_1_3
2018-02-21 11:23:25,426 - INFO - dssInstance - Created pyController -> Controller.PVSystem.oh_262480_1_8
2018-02-21 11:23:25,426 - INFO - dssInstance - Created pyController -> Controller.PVSystem.oh_262481_1_3
2018-02-21 11:23:25,441 - INFO - dssInstance - Created pyController -> Controller.PVSystem.oh_262486_1_6
2018-02-21 11:23:25,441 - INFO - dssInstance - Created pyController -> Controller.PVSystem.oh_262486_1_13
2018-02-21 11:23:25,441 - INFO - dssInstance - Created pyController -> Controller.PVSystem.oh_262490_1_2
2018-02-21 11:23:25,441 - INFO - dssInstance - Created pyController -> Controller.PVSystem.oh_262490_1_4
2018-02-21 11:23:25,457 - INFO - dssInstance - Created pyController -> Controller.PVSystem.oh_262490_1_5
2018-02-21 11:23:25,457 - INFO - dssInstance - Created pyController -> Controller.PVSystem.oh_263539_1_3
2018-02-21 11:23:25,457 - INFO - dssInstance - Created pyController -> Controller.PVSystem.oh_263541_1_8
2018-02-21 11:23:25,457 - INFO - dssInstance - Created pyController -> Controller.PVSystem.oh_263737_1_5
2018-02-21 11:23:25,473 - INFO - dssInstance - Created pyController -> Controller.PVSystem.oh_263739_1_2
2018-02-21 11:23:25,473 - INFO - dssInstance - Created pyController -> Controller.PVSystem.oh_264009_1_6
2018-02-21 11:23:25,473 - INFO - dssInstance - Created pyController -> Controller.PVSystem.oh_264010_1_3
2018-02-21 11:23:25,473 - INFO - dssInstance - Created pyController -> Controller.PVSystem.oh_264022_1_1
2018-02-21 11:23:25,473 - INFO - dssInstance - Created pyController -> Controller.PVSystem.oh_264022_1_5
2018-02-21 11:23:25,473 - INFO - dssInstance - Created pyController -> Controller.PVSystem.oh_264022_1_7
2018-02-21 11:23:25,473 - INFO - dssInstance - Created pyController -> Controller.PVSystem.oh_264022_1_9
2018-02-21 11:23:25,488 - INFO - dssInstance - Created pyController -> Controller.PVSystem.oh_264022_1_13
2018-02-21 11:23:25,488 - INFO - dssInstance - Created pyController -> Controller.PVSystem.oh_264022_1_14
2018-02-21 11:23:25,488 - INFO - dssInstance - Created pyController -> Controller.PVSystem.oh_264056_1_2
2018-02-21 11:23:25,488 - INFO - dssInstance - Created pyController -> Controller.PVSystem.oh_264056_1_4
2018-02-21 11:23:25,488 - INFO - dssInstance - Created pyController -> Controller.PVSystem.oh_264056_1_6
2018-02-21 11:23:25,488 - INFO - dssInstance - Created pyController -> Controller.PVSystem.oh_264056_1_9
2018-02-21 11:23:25,488 - INFO - dssInstance - Created pyController -> Controller.PVSystem.oh_264057_1_2
2018-02-21 11:23:25,504 - INFO - dssInstance - Created pyController -> Controller.PVSystem.oh_264057_1_7
2018-02-21 11:23:25,504 - INFO - dssInstance - Created pyController -> Controller.PVSystem.oh_264057_1_8
2018-02-21 11:23:25,504 - INFO - dssInstance - Created pyController -> Controller.PVSystem.oh_264058_1_6
2018-02-21 11:23:25,504 - INFO - dssInstance - Created pyController -> Controller.PVSystem.oh_264058_1_8
2018-02-21 11:23:25,519 - INFO - dssInstance - Created pyController -> Controller.PVSystem.oh_264058_1_10
2018-02-21 11:23:25,519 - INFO - dssInstance - Created pyController -> Controller.PVSystem.oh_264058_1_11
2018-02-21 11:23:25,519 - INFO - dssInstance - Created pyController -> Controller.PVSystem.oh_264059_1_1
2018-02-21 11:23:25,535 - INFO - dssInstance - Created pyController -> Controller.PVSystem.oh_264059_1_3
2018-02-21 11:23:25,535 - INFO - dssInstance - Created pyController -> Controller.PVSystem.oh_264059_1_5
2018-02-21 11:23:25,535 - INFO - dssInstance - Created pyController -> Controller.PVSystem.oh_264059_1_6
2018-02-21 11:23:25,535 - INFO - dssInstance - Created pyController -> Controller.PVSystem.oh_264059_1_8
2018-02-21 11:23:25,551 - INFO - dssInstance - Created pyController -> Controller.PVSystem.oh_264059_1_9
2018-02-21 11:23:25,551 - INFO - dssInstance - Created pyController -> Controller.PVSystem.oh_264106_1_4
2018-02-21 11:23:25,551 - INFO - dssInstance - Created pyController -> Controller.PVSystem.oh_264106_1_7
2018-02-21 11:23:25,551 - INFO - dssInstance - Created pyController -> Controller.PVSystem.oh_264158_1_11
2018-02-21 11:23:25,551 - INFO - dssInstance - Created pyController -> Controller.PVSystem.oh_264870_1_11
2018-02-21 11:23:25,551 - INFO - dssInstance - Created pyController -> Controller.PVSystem.oh_264874_1_4
2018-02-21 11:23:25,551 - INFO - dssInstance - Created pyController -> Controller.PVSystem.oh_264874_1_7
2018-02-21 11:23:25,566 - INFO - dssInstance - Created pyController -> Controller.PVSystem.oh_264880_1_1
2018-02-21 11:23:25,566 - INFO - dssInstance - Created pyController -> Controller.PVSystem.oh_264880_1_3
2018-02-21 11:23:25,566 - INFO - dssInstance - Created pyController -> Controller.PVSystem.oh_264880_1_6
2018-02-21 11:23:25,566 - INFO - dssInstance - Created pyController -> Controller.PVSystem.oh_264883_1_2
2018-02-21 11:23:25,566 - INFO - dssInstance - Created pyController -> Controller.PVSystem.oh_264883_1_9
2018-02-21 11:23:25,566 - INFO - dssInstance - Created pyController -> Controller.PVSystem.oh_264883_1_10
2018-02-21 11:23:25,566 - INFO - dssInstance - Created pyController -> Controller.PVSystem.oh_264889_1_6
2018-02-21 11:23:25,582 - INFO - dssInstance - Created pyController -> Controller.PVSystem.oh_264889_1_7
2018-02-21 11:23:25,582 - INFO - dssInstance - Created pyController -> Controller.PVSystem.oh_264889_1_9
2018-02-21 11:23:25,582 - INFO - dssInstance - Created pyController -> Controller.PVSystem.oh_264889_1_10
2018-02-21 11:23:25,582 - INFO - dssInstance - Created pyController -> Controller.PVSystem.oh_264889_1_13
2018-02-21 11:23:25,582 - INFO - dssInstance - Created pyController -> Controller.PVSystem.oh_264893_1_3
2018-02-21 11:23:25,582 - INFO - dssInstance - Created pyController -> Controller.PVSystem.oh_264893_1_4
2018-02-21 11:23:25,582 - INFO - dssInstance - Created pyController -> Controller.PVSystem.oh_264893_1_7
2018-02-21 11:23:25,598 - INFO - dssInstance - Created pyController -> Controller.PVSystem.oh_264893_1_10
2018-02-21 11:23:25,598 - INFO - dssInstance - Created pyController -> Controller.PVSystem.oh_264898_1_2
2018-02-21 11:23:25,598 - INFO - dssInstance - Created pyController -> Controller.PVSystem.oh_264898_1_3
2018-02-21 11:23:25,598 - INFO - dssInstance - Created pyController -> Controller.PVSystem.oh_264913_1_1
2018-02-21 11:23:25,598 - INFO - dssInstance - Created pyController -> Controller.PVSystem.oh_264913_1_3
2018-02-21 11:23:25,598 - INFO - dssInstance - Created pyController -> Controller.PVSystem.oh_264913_1_4
2018-02-21 11:23:25,598 - INFO - dssInstance - Created pyController -> Controller.PVSystem.oh_264913_1_6
2018-02-21 11:23:25,613 - INFO - dssInstance - Created pyController -> Controller.PVSystem.oh_264919_1_2
2018-02-21 11:23:25,613 - INFO - dssInstance - Created pyController -> Controller.PVSystem.oh_264919_1_4
2018-02-21 11:23:25,613 - INFO - dssInstance - Created pyController -> Controller.PVSystem.oh_264931_1_1
2018-02-21 11:23:25,613 - INFO - dssInstance - Created pyController -> Controller.PVSystem.oh_264931_1_6
2018-02-21 11:23:25,613 - INFO - dssInstance - Created pyController -> Controller.PVSystem.oh_264931_1_8
2018-02-21 11:23:25,613 - INFO - dssInstance - Created pyController -> Controller.PVSystem.oh_264934_1_1
2018-02-21 11:23:25,629 - INFO - dssInstance - Created pyController -> Controller.PVSystem.oh_264953_1_1
2018-02-21 11:23:25,629 - INFO - dssInstance - Created pyController -> Controller.PVSystem.oh_264953_1_3
2018-02-21 11:23:25,629 - INFO - dssInstance - Created pyController -> Controller.PVSystem.oh_264953_1_9
2018-02-21 11:23:25,629 - INFO - dssInstance - Created pyController -> Controller.PVSystem.oh_264953_1_10
2018-02-21 11:23:25,629 - INFO - dssInstance - Created pyController -> Controller.PVSystem.oh_264971_1_5
2018-02-21 11:23:25,629 - INFO - dssInstance - Created pyController -> Controller.PVSystem.oh_51061590_1_2
2018-02-21 11:23:25,644 - INFO - dssInstance - Created pyController -> Controller.PVSystem.oh_51120111_1_5
2018-02-21 11:23:25,644 - INFO - dssInstance - Created pyController -> Controller.PVSystem.oh_51120111_1_8
2018-02-21 11:23:25,644 - INFO - dssInstance - Created pyController -> Controller.PVSystem.oh_51120111_1_10
2018-02-21 11:23:25,644 - INFO - dssInstance - Created pyController -> Controller.PVSystem.oh_51267194_1_7
2018-02-21 11:23:25,644 - INFO - dssInstance - Created pyController -> Controller.PVSystem.oh_51267194_1_8
2018-02-21 11:23:25,644 - INFO - dssInstance - Created pyController -> Controller.PVSystem.oh_260946_0_2
2018-02-21 11:23:25,660 - INFO - dssInstance - Created pyController -> Controller.PVSystem.oh_260946_0_7
2018-02-21 11:23:25,660 - INFO - dssInstance - Created pyController -> Controller.PVSystem.oh_261479_2_1
2018-02-21 11:23:25,660 - INFO - dssInstance - Created pyController -> Controller.PVSystem.oh_261479_2_2
2018-02-21 11:23:25,660 - INFO - dssInstance - Created pyController -> Controller.PVSystem.oh_261483_1_2
2018-02-21 11:23:25,660 - INFO - dssInstance - Created pyController -> Controller.PVSystem.oh_261483_1_3
2018-02-21 11:23:25,660 - INFO - dssInstance - Created pyController -> Controller.PVSystem.oh_261483_2_1
2018-02-21 11:23:25,660 - INFO - dssInstance - Created pyController -> Controller.PVSystem.oh_261483_2_2
2018-02-21 11:23:25,676 - INFO - dssInstance - Created pyController -> Controller.PVSystem.oh_261486_2_1
2018-02-21 11:23:25,676 - INFO - dssInstance - Created pyController -> Controller.PVSystem.oh_261535_0_5
2018-02-21 11:23:25,676 - INFO - dssInstance - Created pyController -> Controller.PVSystem.oh_261573_1_2
2018-02-21 11:23:25,676 - INFO - dssInstance - Created pyController -> Controller.PVSystem.oh_261573_2_2
2018-02-21 11:23:25,676 - INFO - dssInstance - Created pyController -> Controller.PVSystem.oh_261576_2_2
2018-02-21 11:23:25,676 - INFO - dssInstance - Created pyController -> Controller.PVSystem.oh_261584_1_2
2018-02-21 11:23:25,691 - INFO - dssInstance - Created pyController -> Controller.PVSystem.oh_261584_2_2
2018-02-21 11:23:25,691 - INFO - dssInstance - Created pyController -> Controller.PVSystem.oh_261584_2_3
2018-02-21 11:23:25,691 - INFO - dssInstance - Created pyController -> Controller.PVSystem.oh_261584_2_4
2018-02-21 11:23:25,691 - INFO - dssInstance - Created pyController -> Controller.PVSystem.oh_261592_1_2
2018-02-21 11:23:25,691 - INFO - dssInstance - Created pyController -> Controller.PVSystem.oh_261592_1_3
2018-02-21 11:23:25,691 - INFO - dssInstance - Created pyController -> Controller.PVSystem.oh_261604_1_2
2018-02-21 11:23:25,691 - INFO - dssInstance - Created pyController -> Controller.PVSystem.oh_261663_0_5
2018-02-21 11:23:25,707 - INFO - dssInstance - Created pyController -> Controller.PVSystem.oh_261663_0_6
2018-02-21 11:23:25,707 - INFO - dssInstance - Created pyController -> Controller.PVSystem.oh_261666_0_2
2018-02-21 11:23:25,707 - INFO - dssInstance - Created pyController -> Controller.PVSystem.oh_261666_0_5
2018-02-21 11:23:25,707 - INFO - dssInstance - Created pyController -> Controller.PVSystem.oh_261691_2_1
2018-02-21 11:23:25,707 - INFO - dssInstance - Created pyController -> Controller.PVSystem.oh_262646_2_3
2018-02-21 11:23:25,707 - INFO - dssInstance - Created pyController -> Controller.PVSystem.oh_262657_2_1
2018-02-21 11:23:25,707 - INFO - dssInstance - Created pyController -> Controller.PVSystem.oh_262864_2_1
2018-02-21 11:23:25,723 - INFO - dssInstance - Created pyController -> Controller.PVSystem.oh_262868_0_2
2018-02-21 11:23:25,723 - INFO - dssInstance - Created pyController -> Controller.PVSystem.oh_262876_1_1
2018-02-21 11:23:25,723 - INFO - dssInstance - Created pyController -> Controller.PVSystem.oh_262876_1_3
2018-02-21 11:23:25,723 - INFO - dssInstance - Created pyController -> Controller.PVSystem.oh_262876_1_6
2018-02-21 11:23:25,723 - INFO - dssInstance - Created pyController -> Controller.PVSystem.oh_262876_2_1
2018-02-21 11:23:25,723 - INFO - dssInstance - Created pyController -> Controller.PVSystem.oh_262978_1_7
2018-02-21 11:23:25,738 - INFO - dssInstance - Created pyController -> Controller.PVSystem.oh_262978_2_1
2018-02-21 11:23:25,738 - INFO - dssInstance - Created pyController -> Controller.PVSystem.oh_262978_2_6
2018-02-21 11:23:25,738 - INFO - dssInstance - Created pyController -> Controller.PVSystem.oh_262983_1_7
2018-02-21 11:23:25,738 - INFO - dssInstance - Created pyController -> Controller.PVSystem.oh_262987_1_3
2018-02-21 11:23:25,738 - INFO - dssInstance - Created pyController -> Controller.PVSystem.oh_262987_1_5
2018-02-21 11:23:25,738 - INFO - dssInstance - Created pyController -> Controller.PVSystem.oh_262987_1_6
2018-02-21 11:23:25,738 - INFO - dssInstance - Created pyController -> Controller.PVSystem.oh_262987_2_5
2018-02-21 11:23:25,754 - INFO - dssInstance - Created pyController -> Controller.PVSystem.oh_262992_2_1
2018-02-21 11:23:25,754 - INFO - dssInstance - Created pyController -> Controller.PVSystem.oh_262998_1_2
2018-02-21 11:23:25,754 - INFO - dssInstance - Created pyController -> Controller.PVSystem.oh_263013_1_1
2018-02-21 11:23:25,754 - INFO - dssInstance - Created pyController -> Controller.PVSystem.oh_263013_1_2
2018-02-21 11:23:25,754 - INFO - dssInstance - Created pyController -> Controller.PVSystem.oh_263013_1_3
2018-02-21 11:23:25,754 - INFO - dssInstance - Created pyController -> Controller.PVSystem.oh_263013_2_1
2018-02-21 11:23:25,754 - INFO - dssInstance - Created pyController -> Controller.PVSystem.oh_263013_2_4
2018-02-21 11:23:25,769 - INFO - dssInstance - Created pyController -> Controller.PVSystem.oh_263013_2_5
2018-02-21 11:23:25,769 - INFO - dssInstance - Created pyController -> Controller.PVSystem.oh_263090_2_2
2018-02-21 11:23:25,769 - INFO - dssInstance - Created pyController -> Controller.PVSystem.oh_263121_1_2
2018-02-21 11:23:25,769 - INFO - dssInstance - Created pyController -> Controller.PVSystem.oh_263121_2_1
2018-02-21 11:23:25,769 - INFO - dssInstance - Created pyController -> Controller.PVSystem.oh_263163_0_2
2018-02-21 11:23:25,769 - INFO - dssInstance - Created pyController -> Controller.PVSystem.oh_263163_0_3
2018-02-21 11:23:25,769 - INFO - dssInstance - Created pyController -> Controller.PVSystem.oh_263163_0_4
2018-02-21 11:23:25,785 - INFO - dssInstance - Created pyController -> Controller.PVSystem.oh_263163_0_6
2018-02-21 11:23:25,785 - INFO - dssInstance - Created pyController -> Controller.PVSystem.oh_263163_0_7
2018-02-21 11:23:25,785 - INFO - dssInstance - Created pyController -> Controller.PVSystem.oh_263243_0_12
2018-02-21 11:23:25,785 - INFO - dssInstance - Created pyController -> Controller.PVSystem.oh_263270_1_1
2018-02-21 11:23:25,785 - INFO - dssInstance - Created pyController -> Controller.PVSystem.oh_263270_1_2
2018-02-21 11:23:25,785 - INFO - dssInstance - Created pyController -> Controller.PVSystem.oh_263336_0_1
2018-02-21 11:23:25,801 - INFO - dssInstance - Created pyController -> Controller.PVSystem.oh_263336_0_3
2018-02-21 11:23:25,801 - INFO - dssInstance - Created pyController -> Controller.PVSystem.oh_263353_2_1
2018-02-21 11:23:25,801 - INFO - dssInstance - Created pyController -> Controller.PVSystem.oh_263400_0_3
2018-02-21 11:23:25,801 - INFO - dssInstance - Created pyController -> Controller.PVSystem.oh_263400_0_5
2018-02-21 11:23:25,801 - INFO - dssInstance - Created pyController -> Controller.PVSystem.oh_263400_0_6
2018-02-21 11:23:25,801 - INFO - dssInstance - Created pyController -> Controller.PVSystem.oh_263400_0_7
2018-02-21 11:23:25,816 - INFO - dssInstance - Created pyController -> Controller.PVSystem.oh_263400_0_11
2018-02-21 11:23:25,816 - INFO - dssInstance - Created pyController -> Controller.PVSystem.oh_263400_0_13
2018-02-21 11:23:25,816 - INFO - dssInstance - Created pyController -> Controller.PVSystem.oh_263400_0_15
2018-02-21 11:23:25,816 - INFO - dssInstance - Created pyController -> Controller.PVSystem.oh_263400_0_18
2018-02-21 11:23:25,816 - INFO - dssInstance - Created pyController -> Controller.PVSystem.oh_263619_0_3
2018-02-21 11:23:25,816 - INFO - dssInstance - Created pyController -> Controller.PVSystem.oh_264202_1_3
2018-02-21 11:23:25,832 - INFO - dssInstance - Created pyController -> Controller.PVSystem.oh_264241_1_1
2018-02-21 11:23:25,832 - INFO - dssInstance - Created pyController -> Controller.PVSystem.oh_264241_1_3
2018-02-21 11:23:25,832 - INFO - dssInstance - Created pyController -> Controller.PVSystem.oh_264241_2_1
2018-02-21 11:23:25,832 - INFO - dssInstance - Created pyController -> Controller.PVSystem.oh_264327_2_3
2018-02-21 11:23:25,832 - INFO - dssInstance - Created pyController -> Controller.PVSystem.oh_264329_2_2
2018-02-21 11:23:25,832 - INFO - dssInstance - Created pyController -> Controller.PVSystem.oh_264331_1_3
2018-02-21 11:23:25,832 - INFO - dssInstance - Created pyController -> Controller.PVSystem.oh_264402_2_1
2018-02-21 11:23:25,848 - INFO - dssInstance - Created pyController -> Controller.PVSystem.oh_264409_1_4
2018-02-21 11:23:25,848 - INFO - dssInstance - Created pyController -> Controller.PVSystem.oh_264409_2_2
2018-02-21 11:23:25,848 - INFO - dssInstance - Created pyController -> Controller.PVSystem.oh_264477_0_2
2018-02-21 11:23:25,848 - INFO - dssInstance - Created pyController -> Controller.PVSystem.oh_264481_0_1
2018-02-21 11:23:25,848 - INFO - dssInstance - Created pyController -> Controller.PVSystem.oh_264487_0_3
2018-02-21 11:23:25,848 - INFO - dssInstance - Created pyController -> Controller.PVSystem.oh_264611_1_4
2018-02-21 11:23:25,863 - INFO - dssInstance - Created pyController -> Controller.PVSystem.oh_264618_0_12
2018-02-21 11:23:25,863 - INFO - dssInstance - Created pyController -> Controller.PVSystem.oh_264618_0_25
2018-02-21 11:23:25,863 - INFO - dssInstance - Created pyController -> Controller.PVSystem.oh_264695_1_2
2018-02-21 11:23:25,863 - INFO - dssInstance - Created pyController -> Controller.PVSystem.oh_264725_2_1
2018-02-21 11:23:25,863 - INFO - dssInstance - Created pyController -> Controller.PVSystem.oh_264767_0_3
2018-02-21 11:23:25,863 - INFO - dssInstance - Created pyController -> Controller.PVSystem.oh_264767_0_4
2018-02-21 11:23:25,879 - INFO - dssInstance - Created pyController -> Controller.PVSystem.oh_264767_0_6
2018-02-21 11:23:25,879 - INFO - dssInstance - Created pyController -> Controller.PVSystem.oh_261491c
2018-02-21 11:23:25,879 - INFO - dssInstance - Created pyController -> Controller.PVSystem.oh_262865a
2018-02-21 11:23:25,879 - INFO - dssInstance - Created pyController -> Controller.PVSystem.oh_262865c
2018-02-21 11:23:25,879 - INFO - dssInstance - Created pyController -> Controller.PVSystem.oh_263333a
2018-02-21 11:23:25,879 - INFO - dssInstance - Created pyController -> Controller.PVSystem.oh_263615c
2018-02-21 11:23:25,879 - INFO - dssInstance - Created pyController -> Controller.PVSystem.oh_264082c
2018-02-21 11:23:25,894 - INFO - dssInstance - Created pyController -> Controller.PVSystem.oh_264579b
2018-02-21 11:23:25,894 - INFO - dssInstance - Created pyController -> Controller.PVSystem.oh_51048142a
2018-02-21 11:23:25,894 - INFO - dssInstance - Created pyController -> Controller.RegControl.subxfrmr
2018-02-21 11:23:38,844 - INFO - dssInstance - Created pyPlot -> Time series
2018-02-21 11:23:38,985 - INFO - dssInstance - Created pyPlot -> Time series
2018-02-21 11:23:39,032 - INFO - dssInstance - Running simulation for 96 time steps
2018-02-21 11:23:39,126 - INFO - SolveMode - Simululation time [h] - 0.25
2018-02-21 11:23:39,126 - DEBUG - dssInstance - Q convergance error 0
2018-02-21 11:23:39,126 - DEBUG - dssInstance - P convergance error 0
2018-02-21 11:23:39,141 - INFO - SolveMode - Simululation time [h] - 0.5
2018-02-21 11:23:39,771 - DEBUG - dssInstance - Q convergance error 0
2018-02-21 11:23:40,953 - DEBUG - dssInstance - P convergance error 0.0
2018-02-21 11:23:41,035 - INFO - SolveMode - Simululation time [h] - 0.75
2018-02-21 11:23:41,714 - DEBUG - dssInstance - Q convergance error 0.0
2018-02-21 11:23:42,872 - DEBUG - dssInstance - P convergance error 0.0
2018-02-21 11:23:42,977 - INFO - SolveMode - Simululation time [h] - 1.0
2018-02-21 11:23:43,528 - DEBUG - dssInstance - Q convergance error 0.0
2018-02-21 11:23:44,493 - DEBUG - dssInstance - P convergance error 0.0
2018-02-21 11:23:44,596 - INFO - SolveMode - Simululation time [h] - 1.25
2018-02-21 11:23:45,247 - DEBUG - dssInstance - Q convergance error 0.0
2018-02-21 11:23:46,206 - DEBUG - dssInstance - P convergance error 0.0
2018-02-21 11:23:46,315 - INFO - SolveMode - Simululation time [h] - 1.5
2018-02-21 11:23:46,808 - DEBUG - dssInstance - Q convergance error 0.0
2018-02-21 11:23:47,528 - DEBUG - dssInstance - P convergance error 0.0
2018-02-21 11:23:47,660 - INFO - SolveMode - Simululation time [h] - 1.75
2018-02-21 11:23:48,242 - DEBUG - dssInstance - Q convergance error 0.0
2018-02-21 11:23:48,911 - DEBUG - dssInstance - P convergance error 0.0
2018-02-21 11:23:48,982 - INFO - SolveMode - Simululation time [h] - 2.0
2018-02-21 11:23:49,384 - DEBUG - dssInstance - Q convergance error 0.0
2018-02-21 11:23:49,971 - DEBUG - dssInstance - P convergance error 0.0
2018-02-21 11:23:50,041 - INFO - SolveMode - Simululation time [h] - 2.25
2018-02-21 11:23:50,473 - DEBUG - dssInstance - Q convergance error 0.0
2018-02-21 11:23:51,047 - DEBUG - dssInstance - P convergance error 0.0
2018-02-21 11:23:51,135 - INFO - SolveMode - Simululation time [h] - 2.5
2018-02-21 11:23:51,526 - DEBUG - dssInstance - Q convergance error 0.0
2018-02-21 11:23:52,292 - DEBUG - dssInstance - P convergance error 0.0
2018-02-21 11:23:52,354 - INFO - SolveMode - Simululation time [h] - 2.75
2018-02-21 11:23:52,845 - DEBUG - dssInstance - Q convergance error 0.0
2018-02-21 11:23:53,517 - DEBUG - dssInstance - P convergance error 0.0
2018-02-21 11:23:53,579 - INFO - SolveMode - Simululation time [h] - 3.0
2018-02-21 11:23:54,085 - DEBUG - dssInstance - Q convergance error 0.0
