2018-01-17 18:51:44,126 - INFO - dssInstance - An instance of OpenDSS version 0.2.9 has ben created.
2018-01-17 18:51:44,786 - INFO - SolveMode - Solver set to Daily mode.
2018-01-17 18:51:44,838 - INFO - NetworkModifier - Added -> New Storage.storagebus bus=storagebus kV=0.48 kWRated=2000 %IdlingkW=3 phases=3 %EffCharge=100 kWhRated=2000 %reserve=0 %EffDischarge=100 state=IDLE %stored=50
2018-01-17 18:51:54,128 - INFO - dssInstance - Created pyController -> Controller.PVSystem.bb_258064_1_5
2018-01-17 18:51:54,133 - INFO - dssInstance - Created pyController -> Controller.PVSystem.bb_258067_1_5
2018-01-17 18:51:54,141 - INFO - dssInstance - Created pyController -> Controller.PVSystem.bb_258080_1_14
2018-01-17 18:51:54,146 - INFO - dssInstance - Created pyController -> Controller.PVSystem.bb_258824_1_1
2018-01-17 18:51:54,152 - INFO - dssInstance - Created pyController -> Controller.PVSystem.bb_258899_1_9
2018-01-17 18:51:54,157 - INFO - dssInstance - Created pyController -> Controller.PVSystem.bb_259031_1_5
2018-01-17 18:51:54,162 - INFO - dssInstance - Created pyController -> Controller.PVSystem.bb_259033_1_2
2018-01-17 18:51:54,168 - INFO - dssInstance - Created pyController -> Controller.PVSystem.bb_259037_1_6
2018-01-17 18:51:54,173 - INFO - dssInstance - Created pyController -> Controller.PVSystem.bb_259041_1_5
2018-01-17 18:51:54,178 - INFO - dssInstance - Created pyController -> Controller.PVSystem.bb_259041_1_12
2018-01-17 18:51:54,183 - INFO - dssInstance - Created pyController -> Controller.PVSystem.bb_259160_1_6
2018-01-17 18:51:54,188 - INFO - dssInstance - Created pyController -> Controller.PVSystem.bb_259166_1_5
2018-01-17 18:51:54,194 - INFO - dssInstance - Created pyController -> Controller.PVSystem.bb_259166_1_7
2018-01-17 18:51:54,199 - INFO - dssInstance - Created pyController -> Controller.PVSystem.bb_259171_1_8
2018-01-17 18:51:54,205 - INFO - dssInstance - Created pyController -> Controller.PVSystem.bb_259176_1_2
2018-01-17 18:51:54,210 - INFO - dssInstance - Created pyController -> Controller.PVSystem.bb_263625_1_1
2018-01-17 18:51:54,216 - INFO - dssInstance - Created pyController -> Controller.PVSystem.bb_263625_1_8
2018-01-17 18:51:54,221 - INFO - dssInstance - Created pyController -> Controller.PVSystem.bb_263629_1_1
2018-01-17 18:51:54,227 - INFO - dssInstance - Created pyController -> Controller.PVSystem.bb_263629_1_4
2018-01-17 18:51:54,233 - INFO - dssInstance - Created pyController -> Controller.PVSystem.bb_263786_1_8
2018-01-17 18:51:54,239 - INFO - dssInstance - Created pyController -> Controller.PVSystem.bb_263789_1_2
2018-01-17 18:51:54,244 - INFO - dssInstance - Created pyController -> Controller.PVSystem.bb_263789_1_3
2018-01-17 18:51:54,248 - INFO - dssInstance - Created pyController -> Controller.PVSystem.bb_263793_1_1
2018-01-17 18:51:54,253 - INFO - dssInstance - Created pyController -> Controller.PVSystem.bb_263794_1_11
2018-01-17 18:51:54,258 - INFO - dssInstance - Created pyController -> Controller.PVSystem.bb_263795_1_8
2018-01-17 18:51:54,262 - INFO - dssInstance - Created pyController -> Controller.PVSystem.bb_263795_1_9
2018-01-17 18:51:54,267 - INFO - dssInstance - Created pyController -> Controller.PVSystem.bb_263795_1_12
2018-01-17 18:51:54,271 - INFO - dssInstance - Created pyController -> Controller.PVSystem.bb_263796_1_2
2018-01-17 18:51:54,276 - INFO - dssInstance - Created pyController -> Controller.PVSystem.bb_263796_1_9
2018-01-17 18:51:54,280 - INFO - dssInstance - Created pyController -> Controller.PVSystem.bb_263800_1_1
2018-01-17 18:51:54,284 - INFO - dssInstance - Created pyController -> Controller.PVSystem.bb_263800_1_4
2018-01-17 18:51:54,288 - INFO - dssInstance - Created pyController -> Controller.PVSystem.bb_263800_1_9
2018-01-17 18:51:54,292 - INFO - dssInstance - Created pyController -> Controller.PVSystem.bb_263802_1_9
2018-01-17 18:51:54,297 - INFO - dssInstance - Created pyController -> Controller.PVSystem.bb_263803_1_7
2018-01-17 18:51:54,302 - INFO - dssInstance - Created pyController -> Controller.PVSystem.bb_263805_1_7
2018-01-17 18:51:54,308 - INFO - dssInstance - Created pyController -> Controller.PVSystem.bb_263805_1_8
2018-01-17 18:51:54,313 - INFO - dssInstance - Created pyController -> Controller.PVSystem.bb_263807_1_3
2018-01-17 18:51:54,317 - INFO - dssInstance - Created pyController -> Controller.PVSystem.bb_263808_1_2
2018-01-17 18:51:54,321 - INFO - dssInstance - Created pyController -> Controller.PVSystem.bb_263808_1_3
2018-01-17 18:51:54,326 - INFO - dssInstance - Created pyController -> Controller.PVSystem.bb_263808_1_5
2018-01-17 18:51:54,331 - INFO - dssInstance - Created pyController -> Controller.PVSystem.bb_264037_1_1
2018-01-17 18:51:54,336 - INFO - dssInstance - Created pyController -> Controller.PVSystem.bb_264037_1_3
2018-01-17 18:51:54,341 - INFO - dssInstance - Created pyController -> Controller.PVSystem.bb_264132_1_8
2018-01-17 18:51:54,346 - INFO - dssInstance - Created pyController -> Controller.PVSystem.bb_264132_1_12
2018-01-17 18:51:54,351 - INFO - dssInstance - Created pyController -> Controller.PVSystem.bb_51045964_1_2
2018-01-17 18:51:54,356 - INFO - dssInstance - Created pyController -> Controller.PVSystem.bb_51045964_1_5
2018-01-17 18:51:54,362 - INFO - dssInstance - Created pyController -> Controller.PVSystem.bb_51045964_1_6
2018-01-17 18:51:54,368 - INFO - dssInstance - Created pyController -> Controller.PVSystem.bb_51046044_1_2
2018-01-17 18:51:54,373 - INFO - dssInstance - Created pyController -> Controller.PVSystem.oh_257796_1_1
2018-01-17 18:51:54,379 - INFO - dssInstance - Created pyController -> Controller.PVSystem.oh_257806_1_2
2018-01-17 18:51:54,385 - INFO - dssInstance - Created pyController -> Controller.PVSystem.oh_257806_1_5
2018-01-17 18:51:54,391 - INFO - dssInstance - Created pyController -> Controller.PVSystem.oh_257806_1_6
2018-01-17 18:51:54,398 - INFO - dssInstance - Created pyController -> Controller.PVSystem.oh_257806_1_13
2018-01-17 18:51:54,404 - INFO - dssInstance - Created pyController -> Controller.PVSystem.oh_257807_1_3
2018-01-17 18:51:54,409 - INFO - dssInstance - Created pyController -> Controller.PVSystem.oh_257808_1_1
2018-01-17 18:51:54,415 - INFO - dssInstance - Created pyController -> Controller.PVSystem.oh_257811_1_6
2018-01-17 18:51:54,421 - INFO - dssInstance - Created pyController -> Controller.PVSystem.oh_262481_1_9
2018-01-17 18:51:54,426 - INFO - dssInstance - Created pyController -> Controller.PVSystem.oh_262486_1_7
2018-01-17 18:51:54,432 - INFO - dssInstance - Created pyController -> Controller.PVSystem.oh_263539_1_2
2018-01-17 18:51:54,438 - INFO - dssInstance - Created pyController -> Controller.PVSystem.oh_264008_1_1
2018-01-17 18:51:54,444 - INFO - dssInstance - Created pyController -> Controller.PVSystem.oh_264008_1_2
2018-01-17 18:51:54,449 - INFO - dssInstance - Created pyController -> Controller.PVSystem.oh_264009_1_8
2018-01-17 18:51:54,455 - INFO - dssInstance - Created pyController -> Controller.PVSystem.oh_264010_1_2
2018-01-17 18:51:54,461 - INFO - dssInstance - Created pyController -> Controller.PVSystem.oh_264056_1_1
2018-01-17 18:51:54,467 - INFO - dssInstance - Created pyController -> Controller.PVSystem.oh_264056_1_5
2018-01-17 18:51:54,473 - INFO - dssInstance - Created pyController -> Controller.PVSystem.oh_264056_1_7
2018-01-17 18:51:54,479 - INFO - dssInstance - Created pyController -> Controller.PVSystem.oh_264057_1_3
2018-01-17 18:51:54,484 - INFO - dssInstance - Created pyController -> Controller.PVSystem.oh_264057_1_6
2018-01-17 18:51:54,490 - INFO - dssInstance - Created pyController -> Controller.PVSystem.oh_264057_1_9
2018-01-17 18:51:54,496 - INFO - dssInstance - Created pyController -> Controller.PVSystem.oh_264058_1_1
2018-01-17 18:51:54,502 - INFO - dssInstance - Created pyController -> Controller.PVSystem.oh_264058_1_5
2018-01-17 18:51:54,508 - INFO - dssInstance - Created pyController -> Controller.PVSystem.oh_264059_1_4
2018-01-17 18:51:54,513 - INFO - dssInstance - Created pyController -> Controller.PVSystem.oh_264106_1_2
2018-01-17 18:51:54,518 - INFO - dssInstance - Created pyController -> Controller.PVSystem.oh_264158_1_2
2018-01-17 18:51:54,523 - INFO - dssInstance - Created pyController -> Controller.PVSystem.oh_264857_1_8
2018-01-17 18:51:54,527 - INFO - dssInstance - Created pyController -> Controller.PVSystem.oh_264870_1_1
2018-01-17 18:51:54,532 - INFO - dssInstance - Created pyController -> Controller.PVSystem.oh_264870_1_3
2018-01-17 18:51:54,537 - INFO - dssInstance - Created pyController -> Controller.PVSystem.oh_264870_1_12
2018-01-17 18:51:54,543 - INFO - dssInstance - Created pyController -> Controller.PVSystem.oh_264874_1_5
2018-01-17 18:51:54,548 - INFO - dssInstance - Created pyController -> Controller.PVSystem.oh_264880_1_5
2018-01-17 18:51:54,555 - INFO - dssInstance - Created pyController -> Controller.PVSystem.oh_264880_1_7
2018-01-17 18:51:54,560 - INFO - dssInstance - Created pyController -> Controller.PVSystem.oh_264883_1_4
2018-01-17 18:51:54,565 - INFO - dssInstance - Created pyController -> Controller.PVSystem.oh_264883_1_11
2018-01-17 18:51:54,570 - INFO - dssInstance - Created pyController -> Controller.PVSystem.oh_264887_1_8
2018-01-17 18:51:54,575 - INFO - dssInstance - Created pyController -> Controller.PVSystem.oh_264889_1_2
2018-01-17 18:51:54,580 - INFO - dssInstance - Created pyController -> Controller.PVSystem.oh_264889_1_5
2018-01-17 18:51:54,585 - INFO - dssInstance - Created pyController -> Controller.PVSystem.oh_264889_1_11
2018-01-17 18:51:54,590 - INFO - dssInstance - Created pyController -> Controller.PVSystem.oh_264913_1_2
2018-01-17 18:51:54,596 - INFO - dssInstance - Created pyController -> Controller.PVSystem.oh_264913_1_7
2018-01-17 18:51:54,602 - INFO - dssInstance - Created pyController -> Controller.PVSystem.oh_264931_1_4
2018-01-17 18:51:54,608 - INFO - dssInstance - Created pyController -> Controller.PVSystem.oh_264953_1_4
2018-01-17 18:51:54,614 - INFO - dssInstance - Created pyController -> Controller.PVSystem.oh_260847_1_1
2018-01-17 18:51:54,619 - INFO - dssInstance - Created pyController -> Controller.PVSystem.oh_261479_1_1
2018-01-17 18:51:54,625 - INFO - dssInstance - Created pyController -> Controller.PVSystem.oh_261486_1_2
2018-01-17 18:51:54,631 - INFO - dssInstance - Created pyController -> Controller.PVSystem.oh_261573_1_1
2018-01-17 18:51:54,636 - INFO - dssInstance - Created pyController -> Controller.PVSystem.oh_261576_1_2
2018-01-17 18:51:54,642 - INFO - dssInstance - Created pyController -> Controller.PVSystem.oh_261584_1_3
2018-01-17 18:51:54,648 - INFO - dssInstance - Created pyController -> Controller.PVSystem.oh_261584_1_4
2018-01-17 18:51:54,653 - INFO - dssInstance - Created pyController -> Controller.PVSystem.oh_261584_2_1
2018-01-17 18:51:54,658 - INFO - dssInstance - Created pyController -> Controller.PVSystem.oh_261592_1_1
2018-01-17 18:51:54,663 - INFO - dssInstance - Created pyController -> Controller.PVSystem.oh_261592_2_2
2018-01-17 18:51:54,668 - INFO - dssInstance - Created pyController -> Controller.PVSystem.oh_261663_0_1
2018-01-17 18:51:54,672 - INFO - dssInstance - Created pyController -> Controller.PVSystem.oh_262868_0_1
2018-01-17 18:51:54,676 - INFO - dssInstance - Created pyController -> Controller.PVSystem.oh_262876_1_7
2018-01-17 18:51:54,681 - INFO - dssInstance - Created pyController -> Controller.PVSystem.oh_262876_2_5
2018-01-17 18:51:54,685 - INFO - dssInstance - Created pyController -> Controller.PVSystem.oh_262983_1_4
2018-01-17 18:51:54,690 - INFO - dssInstance - Created pyController -> Controller.PVSystem.oh_262987_2_2
2018-01-17 18:51:54,694 - INFO - dssInstance - Created pyController -> Controller.PVSystem.oh_262992_1_1
2018-01-17 18:51:54,699 - INFO - dssInstance - Created pyController -> Controller.PVSystem.oh_263013_1_4
2018-01-17 18:51:54,704 - INFO - dssInstance - Created pyController -> Controller.PVSystem.oh_263105_1_1
2018-01-17 18:51:54,709 - INFO - dssInstance - Created pyController -> Controller.PVSystem.oh_263105_1_2
2018-01-17 18:51:54,714 - INFO - dssInstance - Created pyController -> Controller.PVSystem.oh_263105_2_2
2018-01-17 18:51:54,718 - INFO - dssInstance - Created pyController -> Controller.PVSystem.oh_263114_1_3
2018-01-17 18:51:54,723 - INFO - dssInstance - Created pyController -> Controller.PVSystem.oh_263163_0_1
2018-01-17 18:51:54,728 - INFO - dssInstance - Created pyController -> Controller.PVSystem.oh_263163_0_5
2018-01-17 18:51:54,733 - INFO - dssInstance - Created pyController -> Controller.PVSystem.oh_263236_0_4
2018-01-17 18:51:54,737 - INFO - dssInstance - Created pyController -> Controller.PVSystem.oh_263261_0_6
2018-01-17 18:51:54,742 - INFO - dssInstance - Created pyController -> Controller.PVSystem.oh_263400_0_1
2018-01-17 18:51:54,746 - INFO - dssInstance - Created pyController -> Controller.PVSystem.oh_263400_0_10
2018-01-17 18:51:54,751 - INFO - dssInstance - Created pyController -> Controller.PVSystem.oh_263400_0_16
2018-01-17 18:51:54,755 - INFO - dssInstance - Created pyController -> Controller.PVSystem.oh_263619_0_2
2018-01-17 18:51:54,760 - INFO - dssInstance - Created pyController -> Controller.PVSystem.oh_264402_1_1
2018-01-17 18:51:54,765 - INFO - dssInstance - Created pyController -> Controller.PVSystem.oh_264578_0_2
2018-01-17 18:51:54,770 - INFO - dssInstance - Created pyController -> Controller.PVSystem.oh_264611_1_5
2018-01-17 18:51:54,773 - INFO - dssInstance - Created pyController -> Controller.PVSystem.oh_264618_0_3
2018-01-17 18:51:54,779 - INFO - dssInstance - Created pyController -> Controller.PVSystem.oh_264729_0_2
2018-01-17 18:51:54,784 - INFO - dssInstance - Created pyController -> Controller.PVSystem.oh_51048147a
2018-01-17 18:51:54,789 - INFO - dssInstance - Created pyController -> Controller.PVSystem.oh_51048147b
2018-01-17 18:51:54,796 - INFO - dssInstance - Created pyController -> Controller.PVSystem.oh_51048147c
2018-01-17 18:51:54,801 - INFO - dssInstance - Created pyController -> Controller.PVSystem.bb_262469a
2018-01-17 18:51:54,807 - INFO - dssInstance - Created pyController -> Controller.PVSystem.bb_263551a
2018-01-17 18:51:54,813 - INFO - dssInstance - Created pyController -> Controller.PVSystem.bb_263552a
2018-01-17 18:51:54,819 - INFO - dssInstance - Created pyController -> Controller.PVSystem.bb_263790a
2018-01-17 18:51:54,825 - INFO - dssInstance - Created pyController -> Controller.PVSystem.bb_263791a
2018-01-17 18:51:54,833 - INFO - dssInstance - Created pyController -> Controller.PVSystem.bb_263792a
2018-01-17 18:51:54,838 - INFO - dssInstance - Created pyController -> Controller.PVSystem.oh_263097b
2018-01-17 18:51:54,844 - INFO - dssInstance - Created pyController -> Controller.PVSystem.oh_263097c
2018-01-17 18:51:54,850 - INFO - dssInstance - Created pyController -> Controller.PVSystem.oh_263106b
2018-01-17 18:51:54,855 - INFO - dssInstance - Created pyController -> Controller.PVSystem.oh_263615a
2018-01-17 18:51:54,862 - INFO - dssInstance - Created pyController -> Controller.PVSystem.oh_263615b
2018-01-17 18:51:54,867 - INFO - dssInstance - Created pyController -> Controller.PVSystem.oh_265122a
2018-01-17 18:51:54,873 - INFO - dssInstance - Created pyController -> Controller.PVSystem.oh_265122b
2018-01-17 18:51:54,879 - INFO - dssInstance - Created pyController -> Controller.PVSystem.oh_265122c
2018-01-17 18:51:54,883 - INFO - dssInstance - Created pyController -> Controller.PVSystem.oh_51048142b
2018-01-17 18:51:54,888 - INFO - dssInstance - Created pyController -> Controller.PVSystem.bb_258067_1_3
2018-01-17 18:51:54,893 - INFO - dssInstance - Created pyController -> Controller.PVSystem.bb_258067_1_6
2018-01-17 18:51:54,899 - INFO - dssInstance - Created pyController -> Controller.PVSystem.bb_258067_1_7
2018-01-17 18:51:54,904 - INFO - dssInstance - Created pyController -> Controller.PVSystem.bb_258067_1_9
2018-01-17 18:51:54,909 - INFO - dssInstance - Created pyController -> Controller.PVSystem.bb_258070_1_1
2018-01-17 18:51:54,914 - INFO - dssInstance - Created pyController -> Controller.PVSystem.bb_258073_1_1
2018-01-17 18:51:54,919 - INFO - dssInstance - Created pyController -> Controller.PVSystem.bb_258073_1_3
2018-01-17 18:51:54,924 - INFO - dssInstance - Created pyController -> Controller.PVSystem.bb_258073_1_4
2018-01-17 18:51:54,929 - INFO - dssInstance - Created pyController -> Controller.PVSystem.bb_258073_1_5
2018-01-17 18:51:54,934 - INFO - dssInstance - Created pyController -> Controller.PVSystem.bb_258073_1_6
2018-01-17 18:51:54,938 - INFO - dssInstance - Created pyController -> Controller.PVSystem.bb_258073_1_7
2018-01-17 18:51:54,943 - INFO - dssInstance - Created pyController -> Controller.PVSystem.bb_258073_1_8
2018-01-17 18:51:54,948 - INFO - dssInstance - Created pyController -> Controller.PVSystem.bb_258073_1_9
2018-01-17 18:51:54,954 - INFO - dssInstance - Created pyController -> Controller.PVSystem.bb_258073_1_10
2018-01-17 18:51:54,959 - INFO - dssInstance - Created pyController -> Controller.PVSystem.bb_258077_1_4
2018-01-17 18:51:54,964 - INFO - dssInstance - Created pyController -> Controller.PVSystem.bb_258080_1_1
2018-01-17 18:51:54,968 - INFO - dssInstance - Created pyController -> Controller.PVSystem.bb_258080_1_7
2018-01-17 18:51:54,973 - INFO - dssInstance - Created pyController -> Controller.PVSystem.bb_258080_1_10
2018-01-17 18:51:54,979 - INFO - dssInstance - Created pyController -> Controller.PVSystem.bb_258202_1_1
2018-01-17 18:51:54,984 - INFO - dssInstance - Created pyController -> Controller.PVSystem.bb_258202_1_2
2018-01-17 18:51:54,990 - INFO - dssInstance - Created pyController -> Controller.PVSystem.bb_258797_1_1
2018-01-17 18:51:54,995 - INFO - dssInstance - Created pyController -> Controller.PVSystem.bb_258797_1_2
2018-01-17 18:51:55,001 - INFO - dssInstance - Created pyController -> Controller.PVSystem.bb_258797_1_5
2018-01-17 18:51:55,006 - INFO - dssInstance - Created pyController -> Controller.PVSystem.bb_258803_1_5
2018-01-17 18:51:55,012 - INFO - dssInstance - Created pyController -> Controller.PVSystem.bb_258803_1_6
2018-01-17 18:51:55,016 - INFO - dssInstance - Created pyController -> Controller.PVSystem.bb_258803_1_8
2018-01-17 18:51:55,021 - INFO - dssInstance - Created pyController -> Controller.PVSystem.bb_258803_1_9
2018-01-17 18:51:55,026 - INFO - dssInstance - Created pyController -> Controller.PVSystem.bb_258803_1_10
2018-01-17 18:51:55,030 - INFO - dssInstance - Created pyController -> Controller.PVSystem.bb_258803_1_11
2018-01-17 18:51:55,036 - INFO - dssInstance - Created pyController -> Controller.PVSystem.bb_258803_1_12
2018-01-17 18:51:55,040 - INFO - dssInstance - Created pyController -> Controller.PVSystem.bb_258824_1_7
2018-01-17 18:51:55,046 - INFO - dssInstance - Created pyController -> Controller.PVSystem.bb_258838_1_8
2018-01-17 18:51:55,051 - INFO - dssInstance - Created pyController -> Controller.PVSystem.bb_258838_1_10
2018-01-17 18:51:55,056 - INFO - dssInstance - Created pyController -> Controller.PVSystem.bb_258899_1_2
2018-01-17 18:51:55,062 - INFO - dssInstance - Created pyController -> Controller.PVSystem.bb_258899_1_8
2018-01-17 18:51:55,068 - INFO - dssInstance - Created pyController -> Controller.PVSystem.bb_259031_1_1
2018-01-17 18:51:55,072 - INFO - dssInstance - Created pyController -> Controller.PVSystem.bb_259031_1_4
2018-01-17 18:51:55,076 - INFO - dssInstance - Created pyController -> Controller.PVSystem.bb_259031_1_7
2018-01-17 18:51:55,081 - INFO - dssInstance - Created pyController -> Controller.PVSystem.bb_259031_1_8
2018-01-17 18:51:55,086 - INFO - dssInstance - Created pyController -> Controller.PVSystem.bb_259031_1_9
2018-01-17 18:51:55,091 - INFO - dssInstance - Created pyController -> Controller.PVSystem.bb_259031_1_10
2018-01-17 18:51:55,096 - INFO - dssInstance - Created pyController -> Controller.PVSystem.bb_259033_1_6
2018-01-17 18:51:55,101 - INFO - dssInstance - Created pyController -> Controller.PVSystem.bb_259033_1_8
2018-01-17 18:51:55,106 - INFO - dssInstance - Created pyController -> Controller.PVSystem.bb_259037_1_1
2018-01-17 18:51:55,111 - INFO - dssInstance - Created pyController -> Controller.PVSystem.bb_259037_1_2
2018-01-17 18:51:55,116 - INFO - dssInstance - Created pyController -> Controller.PVSystem.bb_259037_1_8
2018-01-17 18:51:55,121 - INFO - dssInstance - Created pyController -> Controller.PVSystem.bb_259037_1_11
2018-01-17 18:51:55,126 - INFO - dssInstance - Created pyController -> Controller.PVSystem.bb_259037_1_13
2018-01-17 18:51:55,131 - INFO - dssInstance - Created pyController -> Controller.PVSystem.bb_259041_1_1
2018-01-17 18:51:55,136 - INFO - dssInstance - Created pyController -> Controller.PVSystem.bb_259160_1_1
2018-01-17 18:51:55,140 - INFO - dssInstance - Created pyController -> Controller.PVSystem.bb_259160_1_3
2018-01-17 18:51:55,145 - INFO - dssInstance - Created pyController -> Controller.PVSystem.bb_259160_1_4
2018-01-17 18:51:55,149 - INFO - dssInstance - Created pyController -> Controller.PVSystem.bb_259160_1_7
2018-01-17 18:51:55,155 - INFO - dssInstance - Created pyController -> Controller.PVSystem.bb_259160_1_9
2018-01-17 18:51:55,160 - INFO - dssInstance - Created pyController -> Controller.PVSystem.bb_259160_1_12
2018-01-17 18:51:55,167 - INFO - dssInstance - Created pyController -> Controller.PVSystem.bb_259160_1_13
2018-01-17 18:51:55,174 - INFO - dssInstance - Created pyController -> Controller.PVSystem.bb_259160_1_14
2018-01-17 18:51:55,180 - INFO - dssInstance - Created pyController -> Controller.PVSystem.bb_259166_1_1
2018-01-17 18:51:55,186 - INFO - dssInstance - Created pyController -> Controller.PVSystem.bb_259171_1_1
2018-01-17 18:51:55,191 - INFO - dssInstance - Created pyController -> Controller.PVSystem.bb_259171_1_2
2018-01-17 18:51:55,197 - INFO - dssInstance - Created pyController -> Controller.PVSystem.bb_259171_1_4
2018-01-17 18:51:55,202 - INFO - dssInstance - Created pyController -> Controller.PVSystem.bb_259171_1_7
2018-01-17 18:51:55,208 - INFO - dssInstance - Created pyController -> Controller.PVSystem.bb_259176_1_4
2018-01-17 18:51:55,214 - INFO - dssInstance - Created pyController -> Controller.PVSystem.bb_259176_1_6
2018-01-17 18:51:55,219 - INFO - dssInstance - Created pyController -> Controller.PVSystem.bb_259176_1_8
2018-01-17 18:51:55,224 - INFO - dssInstance - Created pyController -> Controller.PVSystem.bb_263625_1_2
2018-01-17 18:51:55,230 - INFO - dssInstance - Created pyController -> Controller.PVSystem.bb_263625_1_4
2018-01-17 18:51:55,235 - INFO - dssInstance - Created pyController -> Controller.PVSystem.bb_263625_1_11
2018-01-17 18:51:55,241 - INFO - dssInstance - Created pyController -> Controller.PVSystem.bb_263629_1_2
2018-01-17 18:51:55,246 - INFO - dssInstance - Created pyController -> Controller.PVSystem.bb_263629_1_6
2018-01-17 18:51:55,251 - INFO - dssInstance - Created pyController -> Controller.PVSystem.bb_263629_1_7
2018-01-17 18:51:55,255 - INFO - dssInstance - Created pyController -> Controller.PVSystem.bb_263629_1_9
2018-01-17 18:51:55,261 - INFO - dssInstance - Created pyController -> Controller.PVSystem.bb_263629_1_11
2018-01-17 18:51:55,266 - INFO - dssInstance - Created pyController -> Controller.PVSystem.bb_263786_1_1
2018-01-17 18:51:55,271 - INFO - dssInstance - Created pyController -> Controller.PVSystem.bb_263786_1_2
2018-01-17 18:51:55,275 - INFO - dssInstance - Created pyController -> Controller.PVSystem.bb_263786_1_5
2018-01-17 18:51:55,281 - INFO - dssInstance - Created pyController -> Controller.PVSystem.bb_263786_1_9
2018-01-17 18:51:55,285 - INFO - dssInstance - Created pyController -> Controller.PVSystem.bb_263786_1_10
2018-01-17 18:51:55,289 - INFO - dssInstance - Created pyController -> Controller.PVSystem.bb_263786_1_12
2018-01-17 18:51:55,294 - INFO - dssInstance - Created pyController -> Controller.PVSystem.bb_263787_1_1
2018-01-17 18:51:55,300 - INFO - dssInstance - Created pyController -> Controller.PVSystem.bb_263787_1_2
2018-01-17 18:51:55,305 - INFO - dssInstance - Created pyController -> Controller.PVSystem.bb_263787_1_4
2018-01-17 18:51:55,311 - INFO - dssInstance - Created pyController -> Controller.PVSystem.bb_263787_1_5
2018-01-17 18:51:55,315 - INFO - dssInstance - Created pyController -> Controller.PVSystem.bb_263787_1_6
2018-01-17 18:51:55,319 - INFO - dssInstance - Created pyController -> Controller.PVSystem.bb_263787_1_10
2018-01-17 18:51:55,324 - INFO - dssInstance - Created pyController -> Controller.PVSystem.bb_263788_1_1
2018-01-17 18:51:55,329 - INFO - dssInstance - Created pyController -> Controller.PVSystem.bb_263788_1_3
2018-01-17 18:51:55,334 - INFO - dssInstance - Created pyController -> Controller.PVSystem.bb_263789_1_1
2018-01-17 18:51:55,338 - INFO - dssInstance - Created pyController -> Controller.PVSystem.bb_263789_1_4
2018-01-17 18:51:55,343 - INFO - dssInstance - Created pyController -> Controller.PVSystem.bb_263789_1_6
2018-01-17 18:51:55,348 - INFO - dssInstance - Created pyController -> Controller.PVSystem.bb_263789_1_7
2018-01-17 18:51:55,352 - INFO - dssInstance - Created pyController -> Controller.PVSystem.bb_263789_1_10
2018-01-17 18:51:55,358 - INFO - dssInstance - Created pyController -> Controller.PVSystem.bb_263789_1_11
2018-01-17 18:51:55,363 - INFO - dssInstance - Created pyController -> Controller.PVSystem.bb_263789_1_12
2018-01-17 18:51:55,370 - INFO - dssInstance - Created pyController -> Controller.PVSystem.bb_263793_1_2
2018-01-17 18:51:55,375 - INFO - dssInstance - Created pyController -> Controller.PVSystem.bb_263793_1_7
2018-01-17 18:51:55,382 - INFO - dssInstance - Created pyController -> Controller.PVSystem.bb_263793_1_8
2018-01-17 18:51:55,387 - INFO - dssInstance - Created pyController -> Controller.PVSystem.bb_263793_1_9
2018-01-17 18:51:55,394 - INFO - dssInstance - Created pyController -> Controller.PVSystem.bb_263793_1_10
2018-01-17 18:51:55,399 - INFO - dssInstance - Created pyController -> Controller.PVSystem.bb_263795_1_2
2018-01-17 18:51:55,404 - INFO - dssInstance - Created pyController -> Controller.PVSystem.bb_263795_1_4
2018-01-17 18:51:55,411 - INFO - dssInstance - Created pyController -> Controller.PVSystem.bb_263795_1_7
2018-01-17 18:51:55,418 - INFO - dssInstance - Created pyController -> Controller.PVSystem.bb_263795_1_10
2018-01-17 18:51:55,424 - INFO - dssInstance - Created pyController -> Controller.PVSystem.bb_263796_1_3
2018-01-17 18:51:55,430 - INFO - dssInstance - Created pyController -> Controller.PVSystem.bb_263797_1_1
2018-01-17 18:51:55,436 - INFO - dssInstance - Created pyController -> Controller.PVSystem.bb_263798_1_7
2018-01-17 18:51:55,446 - INFO - dssInstance - Created pyController -> Controller.PVSystem.bb_263800_1_3
2018-01-17 18:51:55,451 - INFO - dssInstance - Created pyController -> Controller.PVSystem.bb_263801_1_7
2018-01-17 18:51:55,456 - INFO - dssInstance - Created pyController -> Controller.PVSystem.bb_263802_1_7
2018-01-17 18:51:55,462 - INFO - dssInstance - Created pyController -> Controller.PVSystem.bb_263802_1_8
2018-01-17 18:51:55,468 - INFO - dssInstance - Created pyController -> Controller.PVSystem.bb_263803_1_1
2018-01-17 18:51:55,474 - INFO - dssInstance - Created pyController -> Controller.PVSystem.bb_263803_1_4
2018-01-17 18:51:55,482 - INFO - dssInstance - Created pyController -> Controller.PVSystem.bb_263803_1_5
2018-01-17 18:51:55,489 - INFO - dssInstance - Created pyController -> Controller.PVSystem.bb_263803_1_8
2018-01-17 18:51:55,495 - INFO - dssInstance - Created pyController -> Controller.PVSystem.bb_263803_1_9
2018-01-17 18:51:55,502 - INFO - dssInstance - Created pyController -> Controller.PVSystem.bb_263803_1_10
2018-01-17 18:51:55,506 - INFO - dssInstance - Created pyController -> Controller.PVSystem.bb_263803_1_11
2018-01-17 18:51:55,512 - INFO - dssInstance - Created pyController -> Controller.PVSystem.bb_263803_1_13
2018-01-17 18:51:55,516 - INFO - dssInstance - Created pyController -> Controller.PVSystem.bb_263804_1_2
2018-01-17 18:51:55,522 - INFO - dssInstance - Created pyController -> Controller.PVSystem.bb_263804_1_7
2018-01-17 18:51:55,528 - INFO - dssInstance - Created pyController -> Controller.PVSystem.bb_263804_1_8
2018-01-17 18:51:55,535 - INFO - dssInstance - Created pyController -> Controller.PVSystem.bb_263804_1_12
2018-01-17 18:51:55,541 - INFO - dssInstance - Created pyController -> Controller.PVSystem.bb_263805_1_3
2018-01-17 18:51:55,546 - INFO - dssInstance - Created pyController -> Controller.PVSystem.bb_263805_1_6
2018-01-17 18:51:55,552 - INFO - dssInstance - Created pyController -> Controller.PVSystem.bb_263805_1_9
2018-01-17 18:51:55,557 - INFO - dssInstance - Created pyController -> Controller.PVSystem.bb_263806_1_2
2018-01-17 18:51:55,563 - INFO - dssInstance - Created pyController -> Controller.PVSystem.bb_263806_1_3
2018-01-17 18:51:55,568 - INFO - dssInstance - Created pyController -> Controller.PVSystem.bb_263806_1_4
2018-01-17 18:51:55,573 - INFO - dssInstance - Created pyController -> Controller.PVSystem.bb_263806_1_5
2018-01-17 18:51:55,579 - INFO - dssInstance - Created pyController -> Controller.PVSystem.bb_263806_1_6
2018-01-17 18:51:55,588 - INFO - dssInstance - Created pyController -> Controller.PVSystem.bb_263806_1_8
2018-01-17 18:51:55,593 - INFO - dssInstance - Created pyController -> Controller.PVSystem.bb_263807_1_1
2018-01-17 18:51:55,598 - INFO - dssInstance - Created pyController -> Controller.PVSystem.bb_263807_1_2
2018-01-17 18:51:55,602 - INFO - dssInstance - Created pyController -> Controller.PVSystem.bb_263807_1_5
2018-01-17 18:51:55,608 - INFO - dssInstance - Created pyController -> Controller.PVSystem.bb_263807_1_10
2018-01-17 18:51:55,614 - INFO - dssInstance - Created pyController -> Controller.PVSystem.bb_263808_1_1
2018-01-17 18:51:55,619 - INFO - dssInstance - Created pyController -> Controller.PVSystem.bb_263808_1_4
2018-01-17 18:51:55,624 - INFO - dssInstance - Created pyController -> Controller.PVSystem.bb_263808_1_8
2018-01-17 18:51:55,629 - INFO - dssInstance - Created pyController -> Controller.PVSystem.bb_263808_1_9
2018-01-17 18:51:55,634 - INFO - dssInstance - Created pyController -> Controller.PVSystem.bb_263809_1_1
2018-01-17 18:51:55,639 - INFO - dssInstance - Created pyController -> Controller.PVSystem.bb_263809_1_2
2018-01-17 18:51:55,645 - INFO - dssInstance - Created pyController -> Controller.PVSystem.bb_263809_1_6
2018-01-17 18:51:55,651 - INFO - dssInstance - Created pyController -> Controller.PVSystem.bb_263809_1_8
2018-01-17 18:51:55,657 - INFO - dssInstance - Created pyController -> Controller.PVSystem.bb_263817_1_1
2018-01-17 18:51:55,663 - INFO - dssInstance - Created pyController -> Controller.PVSystem.bb_263817_1_3
2018-01-17 18:51:55,674 - INFO - dssInstance - Created pyController -> Controller.PVSystem.bb_263817_1_6
2018-01-17 18:51:55,680 - INFO - dssInstance - Created pyController -> Controller.PVSystem.bb_263817_1_7
2018-01-17 18:51:55,685 - INFO - dssInstance - Created pyController -> Controller.PVSystem.bb_263817_1_8
2018-01-17 18:51:55,690 - INFO - dssInstance - Created pyController -> Controller.PVSystem.bb_263888_1_1
2018-01-17 18:51:55,696 - INFO - dssInstance - Created pyController -> Controller.PVSystem.bb_263888_1_6
2018-01-17 18:51:55,700 - INFO - dssInstance - Created pyController -> Controller.PVSystem.bb_264037_1_4
2018-01-17 18:51:55,705 - INFO - dssInstance - Created pyController -> Controller.PVSystem.bb_264132_1_5
2018-01-17 18:51:55,710 - INFO - dssInstance - Created pyController -> Controller.PVSystem.bb_264132_1_6
2018-01-17 18:51:55,714 - INFO - dssInstance - Created pyController -> Controller.PVSystem.bb_264132_1_10
2018-01-17 18:51:55,719 - INFO - dssInstance - Created pyController -> Controller.PVSystem.bb_264132_1_13
2018-01-17 18:51:55,724 - INFO - dssInstance - Created pyController -> Controller.PVSystem.bb_264986_1_10
2018-01-17 18:51:55,729 - INFO - dssInstance - Created pyController -> Controller.PVSystem.bb_264986_1_11
2018-01-17 18:51:55,733 - INFO - dssInstance - Created pyController -> Controller.PVSystem.bb_51045896_1_2
2018-01-17 18:51:55,739 - INFO - dssInstance - Created pyController -> Controller.PVSystem.bb_51045896_1_3
2018-01-17 18:51:55,745 - INFO - dssInstance - Created pyController -> Controller.PVSystem.bb_51045964_1_1
2018-01-17 18:51:55,749 - INFO - dssInstance - Created pyController -> Controller.PVSystem.bb_51045964_1_3
2018-01-17 18:51:55,754 - INFO - dssInstance - Created pyController -> Controller.PVSystem.bb_51045964_1_8
2018-01-17 18:51:55,758 - INFO - dssInstance - Created pyController -> Controller.PVSystem.bb_51045964_1_9
2018-01-17 18:51:55,762 - INFO - dssInstance - Created pyController -> Controller.PVSystem.bb_51045964_1_10
2018-01-17 18:51:55,768 - INFO - dssInstance - Created pyController -> Controller.PVSystem.bb_51045964_1_12
2018-01-17 18:51:55,773 - INFO - dssInstance - Created pyController -> Controller.PVSystem.bb_51045964_1_14
2018-01-17 18:51:55,778 - INFO - dssInstance - Created pyController -> Controller.PVSystem.bb_51045975_1_7
2018-01-17 18:51:55,782 - INFO - dssInstance - Created pyController -> Controller.PVSystem.bb_51045975_1_9
2018-01-17 18:51:55,787 - INFO - dssInstance - Created pyController -> Controller.PVSystem.bb_51045975_1_10
2018-01-17 18:51:55,794 - INFO - dssInstance - Created pyController -> Controller.PVSystem.bb_51045982_1_1
2018-01-17 18:51:55,799 - INFO - dssInstance - Created pyController -> Controller.PVSystem.bb_51046037_1_1
2018-01-17 18:51:55,804 - INFO - dssInstance - Created pyController -> Controller.PVSystem.bb_51046037_1_7
2018-01-17 18:51:55,809 - INFO - dssInstance - Created pyController -> Controller.PVSystem.bb_51046044_1_4
2018-01-17 18:51:55,815 - INFO - dssInstance - Created pyController -> Controller.PVSystem.bb_51046044_1_7
2018-01-17 18:51:55,819 - INFO - dssInstance - Created pyController -> Controller.PVSystem.bb_51046044_1_8
2018-01-17 18:51:55,826 - INFO - dssInstance - Created pyController -> Controller.PVSystem.oh_257608_1_4
2018-01-17 18:51:55,832 - INFO - dssInstance - Created pyController -> Controller.PVSystem.oh_257608_1_6
2018-01-17 18:51:55,837 - INFO - dssInstance - Created pyController -> Controller.PVSystem.oh_257608_1_7
2018-01-17 18:51:55,841 - INFO - dssInstance - Created pyController -> Controller.PVSystem.oh_257608_1_9
2018-01-17 18:51:55,846 - INFO - dssInstance - Created pyController -> Controller.PVSystem.oh_257796_1_3
2018-01-17 18:51:55,850 - INFO - dssInstance - Created pyController -> Controller.PVSystem.oh_257796_1_5
2018-01-17 18:51:55,854 - INFO - dssInstance - Created pyController -> Controller.PVSystem.oh_257796_1_7
2018-01-17 18:51:55,859 - INFO - dssInstance - Created pyController -> Controller.PVSystem.oh_257796_1_8
2018-01-17 18:51:55,864 - INFO - dssInstance - Created pyController -> Controller.PVSystem.oh_257796_1_9
2018-01-17 18:51:55,869 - INFO - dssInstance - Created pyController -> Controller.PVSystem.oh_257796_1_10
2018-01-17 18:51:55,874 - INFO - dssInstance - Created pyController -> Controller.PVSystem.oh_257796_1_12
2018-01-17 18:51:55,879 - INFO - dssInstance - Created pyController -> Controller.PVSystem.oh_257798_1_4
2018-01-17 18:51:55,884 - INFO - dssInstance - Created pyController -> Controller.PVSystem.oh_257798_1_6
2018-01-17 18:51:55,889 - INFO - dssInstance - Created pyController -> Controller.PVSystem.oh_257798_1_7
2018-01-17 18:51:55,894 - INFO - dssInstance - Created pyController -> Controller.PVSystem.oh_257798_1_9
2018-01-17 18:51:55,900 - INFO - dssInstance - Created pyController -> Controller.PVSystem.oh_257798_1_10
2018-01-17 18:51:55,906 - INFO - dssInstance - Created pyController -> Controller.PVSystem.oh_257798_1_16
2018-01-17 18:51:55,911 - INFO - dssInstance - Created pyController -> Controller.PVSystem.oh_257804_1_3
2018-01-17 18:51:55,916 - INFO - dssInstance - Created pyController -> Controller.PVSystem.oh_257804_1_5
2018-01-17 18:51:55,921 - INFO - dssInstance - Created pyController -> Controller.PVSystem.oh_257806_1_4
2018-01-17 18:51:55,927 - INFO - dssInstance - Created pyController -> Controller.PVSystem.oh_257806_1_8
2018-01-17 18:51:55,934 - INFO - dssInstance - Created pyController -> Controller.PVSystem.oh_257806_1_9
2018-01-17 18:51:55,940 - INFO - dssInstance - Created pyController -> Controller.PVSystem.oh_257806_1_10
2018-01-17 18:51:55,945 - INFO - dssInstance - Created pyController -> Controller.PVSystem.oh_257806_1_11
2018-01-17 18:51:55,950 - INFO - dssInstance - Created pyController -> Controller.PVSystem.oh_257806_1_12
2018-01-17 18:51:55,955 - INFO - dssInstance - Created pyController -> Controller.PVSystem.oh_257806_1_14
2018-01-17 18:51:55,961 - INFO - dssInstance - Created pyController -> Controller.PVSystem.oh_257807_1_5
2018-01-17 18:51:55,966 - INFO - dssInstance - Created pyController -> Controller.PVSystem.oh_257811_1_2
2018-01-17 18:51:55,971 - INFO - dssInstance - Created pyController -> Controller.PVSystem.oh_257811_1_5
2018-01-17 18:51:55,976 - INFO - dssInstance - Created pyController -> Controller.PVSystem.oh_257811_1_7
2018-01-17 18:51:55,981 - INFO - dssInstance - Created pyController -> Controller.PVSystem.oh_257815_1_3
2018-01-17 18:51:55,987 - INFO - dssInstance - Created pyController -> Controller.PVSystem.oh_262480_1_8
2018-01-17 18:51:55,992 - INFO - dssInstance - Created pyController -> Controller.PVSystem.oh_262481_1_3
2018-01-17 18:51:55,999 - INFO - dssInstance - Created pyController -> Controller.PVSystem.oh_262486_1_6
2018-01-17 18:51:56,004 - INFO - dssInstance - Created pyController -> Controller.PVSystem.oh_262486_1_13
2018-01-17 18:51:56,009 - INFO - dssInstance - Created pyController -> Controller.PVSystem.oh_262490_1_2
2018-01-17 18:51:56,015 - INFO - dssInstance - Created pyController -> Controller.PVSystem.oh_262490_1_4
2018-01-17 18:51:56,020 - INFO - dssInstance - Created pyController -> Controller.PVSystem.oh_262490_1_5
2018-01-17 18:51:56,025 - INFO - dssInstance - Created pyController -> Controller.PVSystem.oh_263539_1_3
2018-01-17 18:51:56,032 - INFO - dssInstance - Created pyController -> Controller.PVSystem.oh_263541_1_8
2018-01-17 18:51:56,037 - INFO - dssInstance - Created pyController -> Controller.PVSystem.oh_263737_1_5
2018-01-17 18:51:56,042 - INFO - dssInstance - Created pyController -> Controller.PVSystem.oh_263739_1_2
2018-01-17 18:51:56,046 - INFO - dssInstance - Created pyController -> Controller.PVSystem.oh_264009_1_6
2018-01-17 18:51:56,051 - INFO - dssInstance - Created pyController -> Controller.PVSystem.oh_264010_1_3
2018-01-17 18:51:56,056 - INFO - dssInstance - Created pyController -> Controller.PVSystem.oh_264022_1_1
2018-01-17 18:51:56,061 - INFO - dssInstance - Created pyController -> Controller.PVSystem.oh_264022_1_5
2018-01-17 18:51:56,067 - INFO - dssInstance - Created pyController -> Controller.PVSystem.oh_264022_1_7
2018-01-17 18:51:56,072 - INFO - dssInstance - Created pyController -> Controller.PVSystem.oh_264022_1_9
2018-01-17 18:51:56,078 - INFO - dssInstance - Created pyController -> Controller.PVSystem.oh_264022_1_13
2018-01-17 18:51:56,084 - INFO - dssInstance - Created pyController -> Controller.PVSystem.oh_264022_1_14
2018-01-17 18:51:56,088 - INFO - dssInstance - Created pyController -> Controller.PVSystem.oh_264056_1_2
2018-01-17 18:51:56,093 - INFO - dssInstance - Created pyController -> Controller.PVSystem.oh_264056_1_4
2018-01-17 18:51:56,098 - INFO - dssInstance - Created pyController -> Controller.PVSystem.oh_264056_1_6
2018-01-17 18:51:56,102 - INFO - dssInstance - Created pyController -> Controller.PVSystem.oh_264056_1_9
2018-01-17 18:51:56,107 - INFO - dssInstance - Created pyController -> Controller.PVSystem.oh_264057_1_2
2018-01-17 18:51:56,112 - INFO - dssInstance - Created pyController -> Controller.PVSystem.oh_264057_1_7
2018-01-17 18:51:56,116 - INFO - dssInstance - Created pyController -> Controller.PVSystem.oh_264057_1_8
2018-01-17 18:51:56,121 - INFO - dssInstance - Created pyController -> Controller.PVSystem.oh_264058_1_6
2018-01-17 18:51:56,124 - INFO - dssInstance - Created pyController -> Controller.PVSystem.oh_264058_1_8
2018-01-17 18:51:56,130 - INFO - dssInstance - Created pyController -> Controller.PVSystem.oh_264058_1_10
2018-01-17 18:51:56,135 - INFO - dssInstance - Created pyController -> Controller.PVSystem.oh_264058_1_11
2018-01-17 18:51:56,140 - INFO - dssInstance - Created pyController -> Controller.PVSystem.oh_264059_1_1
2018-01-17 18:51:56,145 - INFO - dssInstance - Created pyController -> Controller.PVSystem.oh_264059_1_3
2018-01-17 18:51:56,149 - INFO - dssInstance - Created pyController -> Controller.PVSystem.oh_264059_1_5
2018-01-17 18:51:56,154 - INFO - dssInstance - Created pyController -> Controller.PVSystem.oh_264059_1_6
2018-01-17 18:51:56,159 - INFO - dssInstance - Created pyController -> Controller.PVSystem.oh_264059_1_8
2018-01-17 18:51:56,166 - INFO - dssInstance - Created pyController -> Controller.PVSystem.oh_264059_1_9
2018-01-17 18:51:56,172 - INFO - dssInstance - Created pyController -> Controller.PVSystem.oh_264106_1_4
2018-01-17 18:51:56,180 - INFO - dssInstance - Created pyController -> Controller.PVSystem.oh_264106_1_7
2018-01-17 18:51:56,185 - INFO - dssInstance - Created pyController -> Controller.PVSystem.oh_264158_1_11
2018-01-17 18:51:56,190 - INFO - dssInstance - Created pyController -> Controller.PVSystem.oh_264870_1_11
2018-01-17 18:51:56,195 - INFO - dssInstance - Created pyController -> Controller.PVSystem.oh_264874_1_4
2018-01-17 18:51:56,201 - INFO - dssInstance - Created pyController -> Controller.PVSystem.oh_264874_1_7
2018-01-17 18:51:56,207 - INFO - dssInstance - Created pyController -> Controller.PVSystem.oh_264880_1_1
2018-01-17 18:51:56,214 - INFO - dssInstance - Created pyController -> Controller.PVSystem.oh_264880_1_3
2018-01-17 18:51:56,219 - INFO - dssInstance - Created pyController -> Controller.PVSystem.oh_264880_1_6
2018-01-17 18:51:56,227 - INFO - dssInstance - Created pyController -> Controller.PVSystem.oh_264883_1_2
2018-01-17 18:51:56,232 - INFO - dssInstance - Created pyController -> Controller.PVSystem.oh_264883_1_9
2018-01-17 18:51:56,237 - INFO - dssInstance - Created pyController -> Controller.PVSystem.oh_264883_1_10
2018-01-17 18:51:56,247 - INFO - dssInstance - Created pyController -> Controller.PVSystem.oh_264889_1_6
2018-01-17 18:51:56,251 - INFO - dssInstance - Created pyController -> Controller.PVSystem.oh_264889_1_7
2018-01-17 18:51:56,257 - INFO - dssInstance - Created pyController -> Controller.PVSystem.oh_264889_1_9
2018-01-17 18:51:56,262 - INFO - dssInstance - Created pyController -> Controller.PVSystem.oh_264889_1_10
2018-01-17 18:51:56,267 - INFO - dssInstance - Created pyController -> Controller.PVSystem.oh_264889_1_13
2018-01-17 18:51:56,271 - INFO - dssInstance - Created pyController -> Controller.PVSystem.oh_264893_1_3
2018-01-17 18:51:56,276 - INFO - dssInstance - Created pyController -> Controller.PVSystem.oh_264893_1_4
2018-01-17 18:51:56,293 - INFO - dssInstance - Created pyController -> Controller.PVSystem.oh_264893_1_7
2018-01-17 18:51:56,300 - INFO - dssInstance - Created pyController -> Controller.PVSystem.oh_264893_1_10
2018-01-17 18:51:56,306 - INFO - dssInstance - Created pyController -> Controller.PVSystem.oh_264898_1_2
2018-01-17 18:51:56,312 - INFO - dssInstance - Created pyController -> Controller.PVSystem.oh_264898_1_3
2018-01-17 18:51:56,319 - INFO - dssInstance - Created pyController -> Controller.PVSystem.oh_264913_1_1
2018-01-17 18:51:56,324 - INFO - dssInstance - Created pyController -> Controller.PVSystem.oh_264913_1_3
2018-01-17 18:51:56,329 - INFO - dssInstance - Created pyController -> Controller.PVSystem.oh_264913_1_4
2018-01-17 18:51:56,334 - INFO - dssInstance - Created pyController -> Controller.PVSystem.oh_264913_1_6
2018-01-17 18:51:56,340 - INFO - dssInstance - Created pyController -> Controller.PVSystem.oh_264919_1_2
2018-01-17 18:51:56,346 - INFO - dssInstance - Created pyController -> Controller.PVSystem.oh_264919_1_4
2018-01-17 18:51:56,352 - INFO - dssInstance - Created pyController -> Controller.PVSystem.oh_264931_1_1
2018-01-17 18:51:56,358 - INFO - dssInstance - Created pyController -> Controller.PVSystem.oh_264931_1_6
2018-01-17 18:51:56,363 - INFO - dssInstance - Created pyController -> Controller.PVSystem.oh_264931_1_8
2018-01-17 18:51:56,369 - INFO - dssInstance - Created pyController -> Controller.PVSystem.oh_264934_1_1
2018-01-17 18:51:56,376 - INFO - dssInstance - Created pyController -> Controller.PVSystem.oh_264953_1_1
2018-01-17 18:51:56,382 - INFO - dssInstance - Created pyController -> Controller.PVSystem.oh_264953_1_3
2018-01-17 18:51:56,388 - INFO - dssInstance - Created pyController -> Controller.PVSystem.oh_264953_1_9
2018-01-17 18:51:56,394 - INFO - dssInstance - Created pyController -> Controller.PVSystem.oh_264953_1_10
2018-01-17 18:51:56,400 - INFO - dssInstance - Created pyController -> Controller.PVSystem.oh_264971_1_5
2018-01-17 18:51:56,406 - INFO - dssInstance - Created pyController -> Controller.PVSystem.oh_51061590_1_2
2018-01-17 18:51:56,412 - INFO - dssInstance - Created pyController -> Controller.PVSystem.oh_51120111_1_5
2018-01-17 18:51:56,417 - INFO - dssInstance - Created pyController -> Controller.PVSystem.oh_51120111_1_8
2018-01-17 18:51:56,422 - INFO - dssInstance - Created pyController -> Controller.PVSystem.oh_51120111_1_10
2018-01-17 18:51:56,427 - INFO - dssInstance - Created pyController -> Controller.PVSystem.oh_51267194_1_7
2018-01-17 18:51:56,431 - INFO - dssInstance - Created pyController -> Controller.PVSystem.oh_51267194_1_8
2018-01-17 18:51:56,436 - INFO - dssInstance - Created pyController -> Controller.PVSystem.oh_260946_0_2
2018-01-17 18:51:56,440 - INFO - dssInstance - Created pyController -> Controller.PVSystem.oh_260946_0_7
2018-01-17 18:51:56,446 - INFO - dssInstance - Created pyController -> Controller.PVSystem.oh_261479_2_1
2018-01-17 18:51:56,450 - INFO - dssInstance - Created pyController -> Controller.PVSystem.oh_261479_2_2
2018-01-17 18:51:56,455 - INFO - dssInstance - Created pyController -> Controller.PVSystem.oh_261483_1_2
2018-01-17 18:51:56,461 - INFO - dssInstance - Created pyController -> Controller.PVSystem.oh_261483_1_3
2018-01-17 18:51:56,465 - INFO - dssInstance - Created pyController -> Controller.PVSystem.oh_261483_2_1
2018-01-17 18:51:56,471 - INFO - dssInstance - Created pyController -> Controller.PVSystem.oh_261483_2_2
2018-01-17 18:51:56,477 - INFO - dssInstance - Created pyController -> Controller.PVSystem.oh_261486_2_1
2018-01-17 18:51:56,482 - INFO - dssInstance - Created pyController -> Controller.PVSystem.oh_261535_0_5
2018-01-17 18:51:56,487 - INFO - dssInstance - Created pyController -> Controller.PVSystem.oh_261573_1_2
2018-01-17 18:51:56,493 - INFO - dssInstance - Created pyController -> Controller.PVSystem.oh_261573_2_2
2018-01-17 18:51:56,498 - INFO - dssInstance - Created pyController -> Controller.PVSystem.oh_261576_2_2
2018-01-17 18:51:56,502 - INFO - dssInstance - Created pyController -> Controller.PVSystem.oh_261584_1_2
2018-01-17 18:51:56,507 - INFO - dssInstance - Created pyController -> Controller.PVSystem.oh_261584_2_2
2018-01-17 18:51:56,512 - INFO - dssInstance - Created pyController -> Controller.PVSystem.oh_261584_2_3
2018-01-17 18:51:56,517 - INFO - dssInstance - Created pyController -> Controller.PVSystem.oh_261584_2_4
2018-01-17 18:51:56,522 - INFO - dssInstance - Created pyController -> Controller.PVSystem.oh_261592_1_2
2018-01-17 18:51:56,526 - INFO - dssInstance - Created pyController -> Controller.PVSystem.oh_261592_1_3
2018-01-17 18:51:56,532 - INFO - dssInstance - Created pyController -> Controller.PVSystem.oh_261604_1_2
2018-01-17 18:51:56,537 - INFO - dssInstance - Created pyController -> Controller.PVSystem.oh_261663_0_5
2018-01-17 18:51:56,541 - INFO - dssInstance - Created pyController -> Controller.PVSystem.oh_261663_0_6
2018-01-17 18:51:56,546 - INFO - dssInstance - Created pyController -> Controller.PVSystem.oh_261666_0_2
2018-01-17 18:51:56,551 - INFO - dssInstance - Created pyController -> Controller.PVSystem.oh_261666_0_5
2018-01-17 18:51:56,555 - INFO - dssInstance - Created pyController -> Controller.PVSystem.oh_261691_2_1
2018-01-17 18:51:56,561 - INFO - dssInstance - Created pyController -> Controller.PVSystem.oh_262646_2_3
2018-01-17 18:51:56,566 - INFO - dssInstance - Created pyController -> Controller.PVSystem.oh_262657_2_1
2018-01-17 18:51:56,570 - INFO - dssInstance - Created pyController -> Controller.PVSystem.oh_262864_2_1
2018-01-17 18:51:56,575 - INFO - dssInstance - Created pyController -> Controller.PVSystem.oh_262868_0_2
2018-01-17 18:51:56,582 - INFO - dssInstance - Created pyController -> Controller.PVSystem.oh_262876_1_1
2018-01-17 18:51:56,587 - INFO - dssInstance - Created pyController -> Controller.PVSystem.oh_262876_1_3
2018-01-17 18:51:56,593 - INFO - dssInstance - Created pyController -> Controller.PVSystem.oh_262876_1_6
2018-01-17 18:51:56,598 - INFO - dssInstance - Created pyController -> Controller.PVSystem.oh_262876_2_1
2018-01-17 18:51:56,604 - INFO - dssInstance - Created pyController -> Controller.PVSystem.oh_262978_1_7
2018-01-17 18:51:56,609 - INFO - dssInstance - Created pyController -> Controller.PVSystem.oh_262978_2_1
2018-01-17 18:51:56,615 - INFO - dssInstance - Created pyController -> Controller.PVSystem.oh_262978_2_6
2018-01-17 18:51:56,620 - INFO - dssInstance - Created pyController -> Controller.PVSystem.oh_262983_1_7
2018-01-17 18:51:56,626 - INFO - dssInstance - Created pyController -> Controller.PVSystem.oh_262987_1_3
2018-01-17 18:51:56,632 - INFO - dssInstance - Created pyController -> Controller.PVSystem.oh_262987_1_5
2018-01-17 18:51:56,637 - INFO - dssInstance - Created pyController -> Controller.PVSystem.oh_262987_1_6
2018-01-17 18:51:56,643 - INFO - dssInstance - Created pyController -> Controller.PVSystem.oh_262987_2_5
2018-01-17 18:51:56,650 - INFO - dssInstance - Created pyController -> Controller.PVSystem.oh_262992_2_1
2018-01-17 18:51:56,655 - INFO - dssInstance - Created pyController -> Controller.PVSystem.oh_262998_1_2
2018-01-17 18:51:56,661 - INFO - dssInstance - Created pyController -> Controller.PVSystem.oh_263013_1_1
2018-01-17 18:51:56,667 - INFO - dssInstance - Created pyController -> Controller.PVSystem.oh_263013_1_2
2018-01-17 18:51:56,672 - INFO - dssInstance - Created pyController -> Controller.PVSystem.oh_263013_1_3
2018-01-17 18:51:56,679 - INFO - dssInstance - Created pyController -> Controller.PVSystem.oh_263013_2_1
2018-01-17 18:51:56,683 - INFO - dssInstance - Created pyController -> Controller.PVSystem.oh_263013_2_4
2018-01-17 18:51:56,689 - INFO - dssInstance - Created pyController -> Controller.PVSystem.oh_263013_2_5
2018-01-17 18:51:56,693 - INFO - dssInstance - Created pyController -> Controller.PVSystem.oh_263090_2_2
2018-01-17 18:51:56,698 - INFO - dssInstance - Created pyController -> Controller.PVSystem.oh_263121_1_2
2018-01-17 18:51:56,703 - INFO - dssInstance - Created pyController -> Controller.PVSystem.oh_263121_2_1
2018-01-17 18:51:56,707 - INFO - dssInstance - Created pyController -> Controller.PVSystem.oh_263163_0_2
2018-01-17 18:51:56,712 - INFO - dssInstance - Created pyController -> Controller.PVSystem.oh_263163_0_3
2018-01-17 18:51:56,716 - INFO - dssInstance - Created pyController -> Controller.PVSystem.oh_263163_0_4
2018-01-17 18:51:56,721 - INFO - dssInstance - Created pyController -> Controller.PVSystem.oh_263163_0_6
2018-01-17 18:51:56,728 - INFO - dssInstance - Created pyController -> Controller.PVSystem.oh_263163_0_7
2018-01-17 18:51:56,733 - INFO - dssInstance - Created pyController -> Controller.PVSystem.oh_263243_0_12
2018-01-17 18:51:56,738 - INFO - dssInstance - Created pyController -> Controller.PVSystem.oh_263270_1_1
2018-01-17 18:51:56,742 - INFO - dssInstance - Created pyController -> Controller.PVSystem.oh_263270_1_2
2018-01-17 18:51:56,746 - INFO - dssInstance - Created pyController -> Controller.PVSystem.oh_263336_0_1
2018-01-17 18:51:56,750 - INFO - dssInstance - Created pyController -> Controller.PVSystem.oh_263336_0_3
2018-01-17 18:51:56,754 - INFO - dssInstance - Created pyController -> Controller.PVSystem.oh_263353_2_1
2018-01-17 18:51:56,758 - INFO - dssInstance - Created pyController -> Controller.PVSystem.oh_263400_0_3
2018-01-17 18:51:56,762 - INFO - dssInstance - Created pyController -> Controller.PVSystem.oh_263400_0_5
2018-01-17 18:51:56,766 - INFO - dssInstance - Created pyController -> Controller.PVSystem.oh_263400_0_6
2018-01-17 18:51:56,770 - INFO - dssInstance - Created pyController -> Controller.PVSystem.oh_263400_0_7
2018-01-17 18:51:56,775 - INFO - dssInstance - Created pyController -> Controller.PVSystem.oh_263400_0_11
2018-01-17 18:51:56,778 - INFO - dssInstance - Created pyController -> Controller.PVSystem.oh_263400_0_13
2018-01-17 18:51:56,783 - INFO - dssInstance - Created pyController -> Controller.PVSystem.oh_263400_0_15
2018-01-17 18:51:56,789 - INFO - dssInstance - Created pyController -> Controller.PVSystem.oh_263400_0_18
2018-01-17 18:51:56,795 - INFO - dssInstance - Created pyController -> Controller.PVSystem.oh_263619_0_3
2018-01-17 18:51:56,799 - INFO - dssInstance - Created pyController -> Controller.PVSystem.oh_264202_1_3
2018-01-17 18:51:56,803 - INFO - dssInstance - Created pyController -> Controller.PVSystem.oh_264241_1_1
2018-01-17 18:51:56,808 - INFO - dssInstance - Created pyController -> Controller.PVSystem.oh_264241_1_3
2018-01-17 18:51:56,812 - INFO - dssInstance - Created pyController -> Controller.PVSystem.oh_264241_2_1
2018-01-17 18:51:56,816 - INFO - dssInstance - Created pyController -> Controller.PVSystem.oh_264327_2_3
2018-01-17 18:51:56,821 - INFO - dssInstance - Created pyController -> Controller.PVSystem.oh_264329_2_2
2018-01-17 18:51:56,825 - INFO - dssInstance - Created pyController -> Controller.PVSystem.oh_264331_1_3
2018-01-17 18:51:56,829 - INFO - dssInstance - Created pyController -> Controller.PVSystem.oh_264402_2_1
2018-01-17 18:51:56,834 - INFO - dssInstance - Created pyController -> Controller.PVSystem.oh_264409_1_4
2018-01-17 18:51:56,839 - INFO - dssInstance - Created pyController -> Controller.PVSystem.oh_264409_2_2
2018-01-17 18:51:56,844 - INFO - dssInstance - Created pyController -> Controller.PVSystem.oh_264477_0_2
2018-01-17 18:51:56,847 - INFO - dssInstance - Created pyController -> Controller.PVSystem.oh_264481_0_1
2018-01-17 18:51:56,851 - INFO - dssInstance - Created pyController -> Controller.PVSystem.oh_264487_0_3
2018-01-17 18:51:56,856 - INFO - dssInstance - Created pyController -> Controller.PVSystem.oh_264611_1_4
2018-01-17 18:51:56,860 - INFO - dssInstance - Created pyController -> Controller.PVSystem.oh_264618_0_12
2018-01-17 18:51:56,864 - INFO - dssInstance - Created pyController -> Controller.PVSystem.oh_264618_0_25
2018-01-17 18:51:56,869 - INFO - dssInstance - Created pyController -> Controller.PVSystem.oh_264695_1_2
2018-01-17 18:51:56,873 - INFO - dssInstance - Created pyController -> Controller.PVSystem.oh_264725_2_1
2018-01-17 18:51:56,879 - INFO - dssInstance - Created pyController -> Controller.PVSystem.oh_264767_0_3
2018-01-17 18:51:56,886 - INFO - dssInstance - Created pyController -> Controller.PVSystem.oh_264767_0_4
2018-01-17 18:51:56,891 - INFO - dssInstance - Created pyController -> Controller.PVSystem.oh_264767_0_6
2018-01-17 18:51:56,896 - INFO - dssInstance - Created pyController -> Controller.PVSystem.oh_261491c
2018-01-17 18:51:56,900 - INFO - dssInstance - Created pyController -> Controller.PVSystem.oh_262865a
2018-01-17 18:51:56,905 - INFO - dssInstance - Created pyController -> Controller.PVSystem.oh_262865c
2018-01-17 18:51:56,909 - INFO - dssInstance - Created pyController -> Controller.PVSystem.oh_263333a
2018-01-17 18:51:56,913 - INFO - dssInstance - Created pyController -> Controller.PVSystem.oh_263615c
2018-01-17 18:51:56,917 - INFO - dssInstance - Created pyController -> Controller.PVSystem.oh_264082c
2018-01-17 18:51:56,921 - INFO - dssInstance - Created pyController -> Controller.PVSystem.oh_264579b
2018-01-17 18:51:56,925 - INFO - dssInstance - Created pyController -> Controller.PVSystem.oh_51048142a
2018-01-17 18:51:57,503 - INFO - dssInstance - Created pyController -> Controller.Storage.storagebus
2018-01-17 18:51:57,504 - INFO - dssInstance - Created pyController -> Controller.RegControl.subxfrmr
2018-01-17 18:52:21,149 - INFO - dssInstance - Running simulation for 96 time steps
2018-01-17 18:52:21,222 - INFO - SolveMode - Simululation time [h] - 96.25
2018-01-17 18:52:21,367 - INFO - SolveMode - Simululation time [h] - 96.5
2018-01-17 18:52:21,519 - INFO - SolveMode - Simululation time [h] - 96.75
2018-01-17 18:52:21,679 - INFO - SolveMode - Simululation time [h] - 97.0
2018-01-17 18:52:21,829 - INFO - SolveMode - Simululation time [h] - 97.25
2018-01-17 18:52:21,970 - INFO - SolveMode - Simululation time [h] - 97.5
2018-01-17 18:52:22,121 - INFO - SolveMode - Simululation time [h] - 97.75
2018-01-17 18:52:22,285 - INFO - SolveMode - Simululation time [h] - 98.0
2018-01-17 18:52:22,429 - INFO - SolveMode - Simululation time [h] - 98.25
2018-01-17 18:52:22,566 - INFO - SolveMode - Simululation time [h] - 98.5
2018-01-17 18:52:22,712 - INFO - SolveMode - Simululation time [h] - 98.75
2018-01-17 18:52:22,857 - INFO - SolveMode - Simululation time [h] - 99.0
2018-01-17 18:52:23,004 - INFO - SolveMode - Simululation time [h] - 99.25
2018-01-17 18:52:23,122 - INFO - SolveMode - Simululation time [h] - 99.5
2018-01-17 18:52:23,263 - INFO - SolveMode - Simululation time [h] - 99.75
2018-01-17 18:52:23,404 - INFO - SolveMode - Simululation time [h] - 100.0
2018-01-17 18:52:23,543 - INFO - SolveMode - Simululation time [h] - 100.25
2018-01-17 18:52:23,695 - INFO - SolveMode - Simululation time [h] - 100.5
2018-01-17 18:52:23,843 - INFO - SolveMode - Simululation time [h] - 100.75
2018-01-17 18:52:23,990 - INFO - SolveMode - Simululation time [h] - 101.0
2018-01-17 18:52:24,136 - INFO - SolveMode - Simululation time [h] - 101.25
2018-01-17 18:52:24,281 - INFO - SolveMode - Simululation time [h] - 101.5
2018-01-17 18:52:24,443 - INFO - SolveMode - Simululation time [h] - 101.75
2018-01-17 18:52:24,610 - INFO - SolveMode - Simululation time [h] - 102.0
2018-01-17 18:52:24,765 - INFO - SolveMode - Simululation time [h] - 102.25
2018-01-17 18:52:24,912 - INFO - SolveMode - Simululation time [h] - 102.5
2018-01-17 18:52:25,054 - INFO - SolveMode - Simululation time [h] - 102.75
2018-01-17 18:52:25,215 - INFO - SolveMode - Simululation time [h] - 103.0
2018-01-17 18:52:25,355 - INFO - SolveMode - Simululation time [h] - 103.25
2018-01-17 18:52:25,511 - INFO - SolveMode - Simululation time [h] - 103.5
2018-01-17 18:52:25,682 - INFO - SolveMode - Simululation time [h] - 103.75
2018-01-17 18:52:25,823 - INFO - SolveMode - Simululation time [h] - 104.0
2018-01-17 18:52:25,969 - INFO - SolveMode - Simululation time [h] - 104.25
2018-01-17 18:52:26,108 - INFO - SolveMode - Simululation time [h] - 104.5
2018-01-17 18:52:26,266 - INFO - SolveMode - Simululation time [h] - 104.75
2018-01-17 18:52:26,414 - INFO - SolveMode - Simululation time [h] - 105.0
2018-01-17 18:52:26,584 - INFO - SolveMode - Simululation time [h] - 105.25
2018-01-17 18:52:26,766 - INFO - SolveMode - Simululation time [h] - 105.5
2018-01-17 18:52:26,921 - INFO - SolveMode - Simululation time [h] - 105.75
2018-01-17 18:52:27,076 - INFO - SolveMode - Simululation time [h] - 106.0
2018-01-17 18:52:27,228 - INFO - SolveMode - Simululation time [h] - 106.25
2018-01-17 18:52:27,380 - INFO - SolveMode - Simululation time [h] - 106.5
2018-01-17 18:52:27,606 - INFO - SolveMode - Simululation time [h] - 106.75
2018-01-17 18:52:27,888 - INFO - SolveMode - Simululation time [h] - 107.0
2018-01-17 18:52:28,133 - INFO - SolveMode - Simululation time [h] - 107.25
2018-01-17 18:52:28,380 - INFO - SolveMode - Simululation time [h] - 107.5
2018-01-17 18:52:28,659 - INFO - SolveMode - Simululation time [h] - 107.75
2018-01-17 18:52:28,945 - INFO - SolveMode - Simululation time [h] - 108.0
2018-01-17 18:52:29,251 - INFO - SolveMode - Simululation time [h] - 108.25
2018-01-17 18:52:29,471 - INFO - SolveMode - Simululation time [h] - 108.5
2018-01-17 18:52:29,755 - INFO - SolveMode - Simululation time [h] - 108.75
2018-01-17 18:52:30,067 - INFO - SolveMode - Simululation time [h] - 109.0
2018-01-17 18:52:30,369 - INFO - SolveMode - Simululation time [h] - 109.25
2018-01-17 18:52:30,634 - INFO - SolveMode - Simululation time [h] - 109.5
2018-01-17 18:52:30,911 - INFO - SolveMode - Simululation time [h] - 109.75
2018-01-17 18:52:31,156 - INFO - SolveMode - Simululation time [h] - 110.0
2018-01-17 18:52:31,431 - INFO - SolveMode - Simululation time [h] - 110.25
2018-01-17 18:52:31,688 - INFO - SolveMode - Simululation time [h] - 110.5
2018-01-17 18:52:31,942 - INFO - SolveMode - Simululation time [h] - 110.75
2018-01-17 18:52:32,243 - INFO - SolveMode - Simululation time [h] - 111.0
2018-01-17 18:52:32,426 - INFO - SolveMode - Simululation time [h] - 111.25
2018-01-17 18:52:32,711 - INFO - SolveMode - Simululation time [h] - 111.5
2018-01-17 18:52:32,986 - INFO - SolveMode - Simululation time [h] - 111.75
2018-01-17 18:52:33,154 - INFO - SolveMode - Simululation time [h] - 112.0
2018-01-17 18:52:33,326 - INFO - SolveMode - Simululation time [h] - 112.25
2018-01-17 18:52:33,522 - INFO - SolveMode - Simululation time [h] - 112.5
2018-01-17 18:52:33,703 - INFO - SolveMode - Simululation time [h] - 112.75
2018-01-17 18:52:33,898 - INFO - SolveMode - Simululation time [h] - 113.0
2018-01-17 18:52:34,060 - INFO - SolveMode - Simululation time [h] - 113.25
2018-01-17 18:52:34,254 - INFO - SolveMode - Simululation time [h] - 113.5
2018-01-17 18:52:34,416 - INFO - SolveMode - Simululation time [h] - 113.75
2018-01-17 18:52:34,583 - INFO - SolveMode - Simululation time [h] - 114.0
2018-01-17 18:52:34,750 - INFO - SolveMode - Simululation time [h] - 114.25
2018-01-17 18:52:34,914 - INFO - SolveMode - Simululation time [h] - 114.5
2018-01-17 18:52:35,109 - INFO - SolveMode - Simululation time [h] - 114.75
2018-01-17 18:52:35,274 - INFO - SolveMode - Simululation time [h] - 115.0
2018-01-17 18:52:35,438 - INFO - SolveMode - Simululation time [h] - 115.25
2018-01-17 18:52:35,607 - INFO - SolveMode - Simululation time [h] - 115.5
2018-01-17 18:52:35,767 - INFO - SolveMode - Simululation time [h] - 115.75
2018-01-17 18:52:35,928 - INFO - SolveMode - Simululation time [h] - 116.0
2018-01-17 18:52:36,084 - INFO - SolveMode - Simululation time [h] - 116.25
2018-01-17 18:52:36,248 - INFO - SolveMode - Simululation time [h] - 116.5
2018-01-17 18:52:36,403 - INFO - SolveMode - Simululation time [h] - 116.75
2018-01-17 18:52:36,547 - INFO - SolveMode - Simululation time [h] - 117.0
2018-01-17 18:52:36,727 - INFO - SolveMode - Simululation time [h] - 117.25
2018-01-17 18:52:36,891 - INFO - SolveMode - Simululation time [h] - 117.5
2018-01-17 18:52:37,055 - INFO - SolveMode - Simululation time [h] - 117.75
2018-01-17 18:52:37,214 - INFO - SolveMode - Simululation time [h] - 118.0
2018-01-17 18:52:37,356 - INFO - SolveMode - Simululation time [h] - 118.25
2018-01-17 18:52:37,519 - INFO - SolveMode - Simululation time [h] - 118.5
2018-01-17 18:52:37,711 - INFO - SolveMode - Simululation time [h] - 118.75
2018-01-17 18:52:37,883 - INFO - SolveMode - Simululation time [h] - 119.0
2018-01-17 18:52:38,049 - INFO - SolveMode - Simululation time [h] - 119.25
2018-01-17 18:52:38,213 - INFO - SolveMode - Simululation time [h] - 119.5
2018-01-17 18:52:38,376 - INFO - SolveMode - Simululation time [h] - 119.75
2018-01-17 18:52:38,543 - INFO - SolveMode - Simululation time [h] - 120.0
2018-01-17 18:52:38,554 - INFO - ResultContainer - Storage.storagebus.csv exported to C:\Users\alatif\Desktop\PyDSS-heco\Export\HECO\HP-VW
2018-01-17 18:52:38,561 - INFO - ResultContainer - Load.oh_264928_1_19.csv exported to C:\Users\alatif\Desktop\PyDSS-heco\Export\HECO\HP-VW
2018-01-17 18:52:38,562 - INFO - dssInstance - Simulation completed in 17.414000511169434 seconds
2018-01-17 18:52:38,562 - INFO - dssInstance - End of simulation
2018-01-17 18:52:54,442 - INFO - dssInstance - An intstance of OpenDSS (<dssInstance.OpenDSS object at 0x000002BCBB846B70>) has been deleted.
2018-01-17 18:52:54,442 - INFO - dssInstance - An intstance of OpenDSS (<dssInstance.OpenDSS object at 0x000002BCBB846B70>) has been deleted.
