2018-06-06 10:08:07,642 - INFO - dssInstance - An instance of OpenDSS version 0.2.14 has ben created.
2018-06-06 10:08:08,182 - INFO - SolveMode - Solver set to Daily mode.
2018-06-06 10:08:13,208 - INFO - dssInstance - Created pyController -> Controller.PVSystem.oh_264695_1_2
2018-06-06 10:08:13,211 - INFO - dssInstance - Created pyController -> Controller.PVSystem.oh_263163_0_2
2018-06-06 10:08:13,213 - INFO - dssInstance - Created pyController -> Controller.PVSystem.bb_263625_1_4
2018-06-06 10:08:13,215 - INFO - dssInstance - Created pyController -> Controller.PVSystem.bb_258080_1_7
2018-06-06 10:08:13,217 - INFO - dssInstance - Created pyController -> Controller.PVSystem.bb_263803_1_4
2018-06-06 10:08:13,220 - INFO - dssInstance - Created pyController -> Controller.PVSystem.bb_259176_1_6
2018-06-06 10:08:13,222 - INFO - dssInstance - Created pyController -> Controller.PVSystem.bb_51045964_1_3
2018-06-06 10:08:13,224 - INFO - dssInstance - Created pyController -> Controller.PVSystem.oh_261592_1_2
2018-06-06 10:08:13,227 - INFO - dssInstance - Created pyController -> Controller.PVSystem.oh_257608_1_6
2018-06-06 10:08:13,229 - INFO - dssInstance - Created pyController -> Controller.PVSystem.oh_263243_0_12
2018-06-06 10:08:13,231 - INFO - dssInstance - Created pyController -> Controller.PVSystem.bb_51046044_1_4
2018-06-06 10:08:13,234 - INFO - dssInstance - Created pyController -> Controller.PVSystem.oh_264767_0_3
2018-06-06 10:08:13,236 - INFO - dssInstance - Created pyController -> Controller.PVSystem.bb_263808_1_9
2018-06-06 10:08:13,238 - INFO - dssInstance - Created pyController -> Controller.PVSystem.oh_263333a
2018-06-06 10:08:13,240 - INFO - dssInstance - Created pyController -> Controller.PVSystem.oh_264058_1_6
2018-06-06 10:08:13,243 - INFO - dssInstance - Created pyController -> Controller.PVSystem.oh_263336_0_1
2018-06-06 10:08:13,245 - INFO - dssInstance - Created pyController -> Controller.PVSystem.bb_264132_1_6
2018-06-06 10:08:13,247 - INFO - dssInstance - Created pyController -> Controller.PVSystem.bb_263787_1_10
2018-06-06 10:08:13,249 - INFO - dssInstance - Created pyController -> Controller.PVSystem.bb_258073_1_1
2018-06-06 10:08:13,252 - INFO - dssInstance - Created pyController -> Controller.PVSystem.oh_264106_1_4
2018-06-06 10:08:13,255 - INFO - dssInstance - Created pyController -> Controller.PVSystem.oh_263400_0_7
2018-06-06 10:08:13,257 - INFO - dssInstance - Created pyController -> Controller.PVSystem.oh_263739_1_2
2018-06-06 10:08:13,260 - INFO - dssInstance - Created pyController -> Controller.PVSystem.oh_264022_1_5
2018-06-06 10:08:13,262 - INFO - dssInstance - Created pyController -> Controller.PVSystem.oh_51267194_1_8
2018-06-06 10:08:13,264 - INFO - dssInstance - Created pyController -> Controller.PVSystem.bb_263798_1_7
2018-06-06 10:08:13,267 - INFO - dssInstance - Created pyController -> Controller.PVSystem.bb_263786_1_9
2018-06-06 10:08:13,269 - INFO - dssInstance - Created pyController -> Controller.PVSystem.bb_264132_1_10
2018-06-06 10:08:13,272 - INFO - dssInstance - Created pyController -> Controller.PVSystem.oh_264725_2_1
2018-06-06 10:08:13,274 - INFO - dssInstance - Created pyController -> Controller.PVSystem.bb_263803_1_10
2018-06-06 10:08:13,277 - INFO - dssInstance - Created pyController -> Controller.PVSystem.oh_264056_1_4
2018-06-06 10:08:13,279 - INFO - dssInstance - Created pyController -> Controller.PVSystem.bb_263795_1_7
2018-06-06 10:08:13,281 - INFO - dssInstance - Created pyController -> Controller.PVSystem.oh_262987_1_6
2018-06-06 10:08:13,284 - INFO - dssInstance - Created pyController -> Controller.PVSystem.oh_263013_1_1
2018-06-06 10:08:13,286 - INFO - dssInstance - Created pyController -> Controller.PVSystem.bb_259160_1_1
2018-06-06 10:08:13,288 - INFO - dssInstance - Created pyController -> Controller.PVSystem.bb_263803_1_9
2018-06-06 10:08:13,290 - INFO - dssInstance - Created pyController -> Controller.PVSystem.oh_263270_1_2
2018-06-06 10:08:13,292 - INFO - dssInstance - Created pyController -> Controller.PVSystem.oh_264082c
2018-06-06 10:08:13,295 - INFO - dssInstance - Created pyController -> Controller.PVSystem.oh_51048142a
2018-06-06 10:08:13,297 - INFO - dssInstance - Created pyController -> Controller.PVSystem.bb_263808_1_8
2018-06-06 10:08:13,299 - INFO - dssInstance - Created pyController -> Controller.PVSystem.bb_263786_1_2
2018-06-06 10:08:13,301 - INFO - dssInstance - Created pyController -> Controller.PVSystem.oh_263353_2_1
2018-06-06 10:08:13,304 - INFO - dssInstance - Created pyController -> Controller.PVSystem.oh_264893_1_10
2018-06-06 10:08:13,306 - INFO - dssInstance - Created pyController -> Controller.PVSystem.oh_264056_1_2
2018-06-06 10:08:13,308 - INFO - dssInstance - Created pyController -> Controller.PVSystem.bb_263796_1_3
2018-06-06 10:08:13,311 - INFO - dssInstance - Created pyController -> Controller.PVSystem.bb_259160_1_9
2018-06-06 10:08:13,313 - INFO - dssInstance - Created pyController -> Controller.PVSystem.oh_264056_1_6
2018-06-06 10:08:13,317 - INFO - dssInstance - Created pyController -> Controller.PVSystem.oh_264106_1_7
2018-06-06 10:08:13,319 - INFO - dssInstance - Created pyController -> Controller.PVSystem.oh_263270_1_1
2018-06-06 10:08:13,322 - INFO - dssInstance - Created pyController -> Controller.PVSystem.bb_258824_1_7
2018-06-06 10:08:13,324 - INFO - dssInstance - Created pyController -> Controller.PVSystem.oh_264059_1_3
2018-06-06 10:08:13,327 - INFO - dssInstance - Created pyController -> Controller.PVSystem.oh_263400_0_13
2018-06-06 10:08:13,329 - INFO - dssInstance - Created pyController -> Controller.PVSystem.bb_51046044_1_7
2018-06-06 10:08:13,332 - INFO - dssInstance - Created pyController -> Controller.PVSystem.oh_257798_1_6
2018-06-06 10:08:13,335 - INFO - dssInstance - Created pyController -> Controller.PVSystem.bb_263805_1_6
2018-06-06 10:08:13,338 - INFO - dssInstance - Created pyController -> Controller.PVSystem.oh_257798_1_10
2018-06-06 10:08:13,340 - INFO - dssInstance - Created pyController -> Controller.PVSystem.bb_258803_1_9
2018-06-06 10:08:13,343 - INFO - dssInstance - Created pyController -> Controller.PVSystem.oh_261573_2_2
2018-06-06 10:08:13,345 - INFO - dssInstance - Created pyController -> Controller.PVSystem.oh_264934_1_1
2018-06-06 10:08:13,347 - INFO - dssInstance - Created pyController -> Controller.PVSystem.bb_258838_1_8
2018-06-06 10:08:13,349 - INFO - dssInstance - Created pyController -> Controller.PVSystem.bb_51045964_1_9
2018-06-06 10:08:13,351 - INFO - dssInstance - Created pyController -> Controller.PVSystem.bb_259160_1_3
2018-06-06 10:08:13,354 - INFO - dssInstance - Created pyController -> Controller.PVSystem.oh_264241_1_3
2018-06-06 10:08:13,356 - INFO - dssInstance - Created pyController -> Controller.PVSystem.bb_259031_1_1
2018-06-06 10:08:13,358 - INFO - dssInstance - Created pyController -> Controller.PVSystem.oh_261486_2_1
2018-06-06 10:08:13,360 - INFO - dssInstance - Created pyController -> Controller.PVSystem.bb_263789_1_10
2018-06-06 10:08:13,362 - INFO - dssInstance - Created pyController -> Controller.PVSystem.bb_258202_1_1
2018-06-06 10:08:13,367 - INFO - dssInstance - Created pyController -> Controller.PVSystem.bb_263806_1_6
2018-06-06 10:08:13,369 - INFO - dssInstance - Created pyController -> Controller.PVSystem.oh_261479_2_2
2018-06-06 10:08:13,372 - INFO - dssInstance - Created pyController -> Controller.PVSystem.oh_261573_1_2
2018-06-06 10:08:13,374 - INFO - dssInstance - Created pyController -> Controller.PVSystem.oh_264057_1_7
2018-06-06 10:08:13,377 - INFO - dssInstance - Created pyController -> Controller.PVSystem.oh_257796_1_5
2018-06-06 10:08:13,380 - INFO - dssInstance - Created pyController -> Controller.PVSystem.bb_258803_1_6
2018-06-06 10:08:13,382 - INFO - dssInstance - Created pyController -> Controller.PVSystem.oh_264889_1_10
2018-06-06 10:08:13,384 - INFO - dssInstance - Created pyController -> Controller.PVSystem.oh_264898_1_3
2018-06-06 10:08:13,387 - INFO - dssInstance - Created pyController -> Controller.PVSystem.bb_259160_1_7
2018-06-06 10:08:13,389 - INFO - dssInstance - Created pyController -> Controller.PVSystem.oh_264481_0_1
2018-06-06 10:08:13,391 - INFO - dssInstance - Created pyController -> Controller.PVSystem.bb_263789_1_12
2018-06-06 10:08:13,393 - INFO - dssInstance - Created pyController -> Controller.PVSystem.oh_263163_0_4
2018-06-06 10:08:13,396 - INFO - dssInstance - Created pyController -> Controller.PVSystem.bb_263817_1_6
2018-06-06 10:08:13,398 - INFO - dssInstance - Created pyController -> Controller.PVSystem.bb_263795_1_4
2018-06-06 10:08:13,400 - INFO - dssInstance - Created pyController -> Controller.PVSystem.oh_264953_1_3
2018-06-06 10:08:13,402 - INFO - dssInstance - Created pyController -> Controller.PVSystem.oh_264618_0_25
2018-06-06 10:08:13,405 - INFO - dssInstance - Created pyController -> Controller.PVSystem.bb_259031_1_10
2018-06-06 10:08:13,407 - INFO - dssInstance - Created pyController -> Controller.PVSystem.oh_257796_1_8
2018-06-06 10:08:13,409 - INFO - dssInstance - Created pyController -> Controller.PVSystem.bb_259176_1_8
2018-06-06 10:08:13,412 - INFO - dssInstance - Created pyController -> Controller.PVSystem.bb_263787_1_5
2018-06-06 10:08:13,414 - INFO - dssInstance - Created pyController -> Controller.PVSystem.oh_264010_1_3
2018-06-06 10:08:13,416 - INFO - dssInstance - Created pyController -> Controller.PVSystem.bb_259160_1_14
2018-06-06 10:08:13,419 - INFO - dssInstance - Created pyController -> Controller.PVSystem.oh_264880_1_1
2018-06-06 10:08:13,423 - INFO - dssInstance - Created pyController -> Controller.PVSystem.oh_262978_2_6
2018-06-06 10:08:13,426 - INFO - dssInstance - Created pyController -> Controller.PVSystem.oh_263013_2_1
2018-06-06 10:08:13,428 - INFO - dssInstance - Created pyController -> Controller.PVSystem.oh_261691_2_1
2018-06-06 10:08:13,431 - INFO - dssInstance - Created pyController -> Controller.PVSystem.oh_262983_1_7
2018-06-06 10:08:13,433 - INFO - dssInstance - Created pyController -> Controller.PVSystem.bb_263793_1_10
2018-06-06 10:08:13,435 - INFO - dssInstance - Created pyController -> Controller.PVSystem.bb_258073_1_6
2018-06-06 10:08:13,437 - INFO - dssInstance - Created pyController -> Controller.PVSystem.bb_263786_1_1
2018-06-06 10:08:13,439 - INFO - dssInstance - Created pyController -> Controller.PVSystem.bb_259160_1_12
2018-06-06 10:08:13,442 - INFO - dssInstance - Created pyController -> Controller.PVSystem.oh_261483_1_3
2018-06-06 10:08:13,446 - INFO - dssInstance - Created pyController -> Controller.PVSystem.bb_259160_1_13
2018-06-06 10:08:13,448 - INFO - dssInstance - Created pyController -> Controller.PVSystem.bb_258080_1_1
2018-06-06 10:08:13,451 - INFO - dssInstance - Created pyController -> Controller.PVSystem.bb_259037_1_2
2018-06-06 10:08:13,453 - INFO - dssInstance - Created pyController -> Controller.PVSystem.oh_264931_1_8
2018-06-06 10:08:13,456 - INFO - dssInstance - Created pyController -> Controller.PVSystem.oh_51120111_1_5
2018-06-06 10:08:13,458 - INFO - dssInstance - Created pyController -> Controller.PVSystem.bb_51045964_1_10
2018-06-06 10:08:13,460 - INFO - dssInstance - Created pyController -> Controller.PVSystem.bb_258073_1_7
2018-06-06 10:08:13,463 - INFO - dssInstance - Created pyController -> Controller.PVSystem.bb_263808_1_4
2018-06-06 10:08:13,465 - INFO - dssInstance - Created pyController -> Controller.PVSystem.bb_263809_1_6
2018-06-06 10:08:13,467 - INFO - dssInstance - Created pyController -> Controller.PVSystem.bb_263787_1_2
2018-06-06 10:08:13,469 - INFO - dssInstance - Created pyController -> Controller.PVSystem.oh_264611_1_4
2018-06-06 10:08:13,472 - INFO - dssInstance - Created pyController -> Controller.PVSystem.oh_264767_0_6
2018-06-06 10:08:13,474 - INFO - dssInstance - Created pyController -> Controller.PVSystem.bb_258067_1_3
2018-06-06 10:08:13,476 - INFO - dssInstance - Created pyController -> Controller.PVSystem.bb_258797_1_5
2018-06-06 10:08:13,478 - INFO - dssInstance - Created pyController -> Controller.PVSystem.bb_263629_1_7
2018-06-06 10:08:13,481 - INFO - dssInstance - Created pyController -> Controller.PVSystem.bb_263805_1_3
2018-06-06 10:08:13,483 - INFO - dssInstance - Created pyController -> Controller.PVSystem.bb_263888_1_6
2018-06-06 10:08:13,485 - INFO - dssInstance - Created pyController -> Controller.PVSystem.oh_264487_0_3
2018-06-06 10:08:13,487 - INFO - dssInstance - Created pyController -> Controller.PVSystem.oh_262865c
2018-06-06 10:08:13,490 - INFO - dssInstance - Created pyController -> Controller.PVSystem.oh_257815_1_3
2018-06-06 10:08:13,492 - INFO - dssInstance - Created pyController -> Controller.PVSystem.bb_263629_1_2
2018-06-06 10:08:13,494 - INFO - dssInstance - Created pyController -> Controller.PVSystem.oh_262486_1_13
2018-06-06 10:08:13,496 - INFO - dssInstance - Created pyController -> Controller.PVSystem.oh_263615c
2018-06-06 10:08:13,499 - INFO - dssInstance - Created pyController -> Controller.PVSystem.bb_258077_1_4
2018-06-06 10:08:13,501 - INFO - dssInstance - Created pyController -> Controller.PVSystem.oh_257798_1_9
2018-06-06 10:08:13,503 - INFO - dssInstance - Created pyController -> Controller.PVSystem.bb_258803_1_5
2018-06-06 10:08:13,505 - INFO - dssInstance - Created pyController -> Controller.PVSystem.oh_261483_2_2
2018-06-06 10:08:13,508 - INFO - dssInstance - Created pyController -> Controller.PVSystem.bb_259031_1_9
2018-06-06 10:08:13,510 - INFO - dssInstance - Created pyController -> Controller.PVSystem.oh_264913_1_3
2018-06-06 10:08:13,512 - INFO - dssInstance - Created pyController -> Controller.PVSystem.oh_261584_2_2
2018-06-06 10:08:13,514 - INFO - dssInstance - Created pyController -> Controller.PVSystem.oh_264058_1_8
2018-06-06 10:08:13,517 - INFO - dssInstance - Created pyController -> Controller.PVSystem.bb_263804_1_2
2018-06-06 10:08:13,519 - INFO - dssInstance - Created pyController -> Controller.PVSystem.oh_257806_1_11
2018-06-06 10:08:13,521 - INFO - dssInstance - Created pyController -> Controller.PVSystem.bb_259171_1_1
2018-06-06 10:08:13,523 - INFO - dssInstance - Created pyController -> Controller.PVSystem.oh_263013_2_4
2018-06-06 10:08:13,526 - INFO - dssInstance - Created pyController -> Controller.PVSystem.oh_262646_2_3
2018-06-06 10:08:13,528 - INFO - dssInstance - Created pyController -> Controller.PVSystem.oh_261592_1_3
2018-06-06 10:08:13,531 - INFO - dssInstance - Created pyController -> Controller.PVSystem.bb_259037_1_13
2018-06-06 10:08:13,534 - INFO - dssInstance - Created pyController -> Controller.PVSystem.oh_264953_1_10
2018-06-06 10:08:13,536 - INFO - dssInstance - Created pyController -> Controller.PVSystem.oh_264874_1_4
2018-06-06 10:08:13,539 - INFO - dssInstance - Created pyController -> Controller.PVSystem.bb_51045975_1_9
2018-06-06 10:08:13,541 - INFO - dssInstance - Created pyController -> Controller.PVSystem.oh_263400_0_6
2018-06-06 10:08:13,543 - INFO - dssInstance - Created pyController -> Controller.PVSystem.oh_261576_2_2
2018-06-06 10:08:13,545 - INFO - dssInstance - Created pyController -> Controller.PVSystem.bb_259160_1_4
2018-06-06 10:08:13,548 - INFO - dssInstance - Created pyController -> Controller.PVSystem.oh_257608_1_9
2018-06-06 10:08:13,550 - INFO - dssInstance - Created pyController -> Controller.PVSystem.bb_263803_1_13
2018-06-06 10:08:13,552 - INFO - dssInstance - Created pyController -> Controller.PVSystem.bb_263793_1_2
2018-06-06 10:08:13,554 - INFO - dssInstance - Created pyController -> Controller.PVSystem.bb_263807_1_10
2018-06-06 10:08:13,557 - INFO - dssInstance - Created pyController -> Controller.PVSystem.bb_258803_1_11
2018-06-06 10:08:13,559 - INFO - dssInstance - Created pyController -> Controller.PVSystem.oh_264889_1_13
2018-06-06 10:08:13,561 - INFO - dssInstance - Created pyController -> Controller.PVSystem.bb_258073_1_5
2018-06-06 10:08:13,563 - INFO - dssInstance - Created pyController -> Controller.PVSystem.oh_257796_1_9
2018-06-06 10:08:13,566 - INFO - dssInstance - Created pyController -> Controller.PVSystem.oh_264009_1_6
2018-06-06 10:08:13,568 - INFO - dssInstance - Created pyController -> Controller.PVSystem.bb_259037_1_8
2018-06-06 10:08:13,570 - INFO - dssInstance - Created pyController -> Controller.PVSystem.oh_264056_1_9
2018-06-06 10:08:13,572 - INFO - dssInstance - Created pyController -> Controller.PVSystem.oh_264022_1_1
2018-06-06 10:08:13,574 - INFO - dssInstance - Created pyController -> Controller.PVSystem.bb_259031_1_4
2018-06-06 10:08:13,577 - INFO - dssInstance - Created pyController -> Controller.PVSystem.bb_259041_1_1
2018-06-06 10:08:13,579 - INFO - dssInstance - Created pyController -> Controller.PVSystem.bb_258797_1_1
2018-06-06 10:08:13,581 - INFO - dssInstance - Created pyController -> Controller.PVSystem.bb_263789_1_1
2018-06-06 10:08:13,583 - INFO - dssInstance - Created pyController -> Controller.PVSystem.bb_263802_1_8
2018-06-06 10:08:13,585 - INFO - dssInstance - Created pyController -> Controller.PVSystem.oh_264931_1_1
2018-06-06 10:08:13,589 - INFO - dssInstance - Created pyController -> Controller.PVSystem.oh_257811_1_7
2018-06-06 10:08:13,592 - INFO - dssInstance - Created pyController -> Controller.PVSystem.bb_263806_1_8
2018-06-06 10:08:13,595 - INFO - dssInstance - Created pyController -> Controller.PVSystem.oh_264241_2_1
2018-06-06 10:08:13,597 - INFO - dssInstance - Created pyController -> Controller.PVSystem.bb_51045975_1_7
2018-06-06 10:08:13,600 - INFO - dssInstance - Created pyController -> Controller.PVSystem.bb_51046037_1_1
2018-06-06 10:08:13,602 - INFO - dssInstance - Created pyController -> Controller.PVSystem.bb_263807_1_5
2018-06-06 10:08:13,604 - INFO - dssInstance - Created pyController -> Controller.PVSystem.oh_261535_0_5
2018-06-06 10:08:13,607 - INFO - dssInstance - Created pyController -> Controller.PVSystem.oh_264889_1_6
2018-06-06 10:08:13,609 - INFO - dssInstance - Created pyController -> Controller.PVSystem.oh_263121_2_1
2018-06-06 10:08:13,612 - INFO - dssInstance - Created pyController -> Controller.PVSystem.bb_258838_1_10
2018-06-06 10:08:13,615 - INFO - dssInstance - Created pyController -> Controller.PVSystem.bb_51045896_1_2
2018-06-06 10:08:13,617 - INFO - dssInstance - Created pyController -> Controller.PVSystem.oh_262876_1_6
2018-06-06 10:08:13,619 - INFO - dssInstance - Created pyController -> Controller.PVSystem.bb_259037_1_11
2018-06-06 10:08:13,621 - INFO - dssInstance - Created pyController -> Controller.PVSystem.bb_263625_1_11
2018-06-06 10:08:13,623 - INFO - dssInstance - Created pyController -> Controller.PVSystem.oh_264931_1_6
2018-06-06 10:08:13,626 - INFO - dssInstance - Created pyController -> Controller.PVSystem.bb_51045964_1_12
2018-06-06 10:08:13,628 - INFO - dssInstance - Created pyController -> Controller.PVSystem.bb_263629_1_6
2018-06-06 10:08:13,630 - INFO - dssInstance - Created pyController -> Controller.PVSystem.oh_257796_1_10
2018-06-06 10:08:13,632 - INFO - dssInstance - Created pyController -> Controller.PVSystem.bb_258067_1_7
2018-06-06 10:08:13,635 - INFO - dssInstance - Created pyController -> Controller.PVSystem.oh_264971_1_5
2018-06-06 10:08:13,637 - INFO - dssInstance - Created pyController -> Controller.PVSystem.bb_263793_1_8
2018-06-06 10:08:13,639 - INFO - dssInstance - Created pyController -> Controller.PVSystem.oh_264880_1_6
2018-06-06 10:08:13,641 - INFO - dssInstance - Created pyController -> Controller.PVSystem.oh_261584_1_2
2018-06-06 10:08:13,644 - INFO - dssInstance - Created pyController -> Controller.PVSystem.oh_257608_1_4
2018-06-06 10:08:13,646 - INFO - dssInstance - Created pyController -> Controller.PVSystem.oh_261584_2_3
2018-06-06 10:08:13,648 - INFO - dssInstance - Created pyController -> Controller.PVSystem.oh_262868_0_2
2018-06-06 10:08:13,650 - INFO - dssInstance - Created pyController -> Controller.PVSystem.oh_264953_1_1
2018-06-06 10:08:13,652 - INFO - dssInstance - Created pyController -> Controller.PVSystem.oh_257608_1_7
2018-06-06 10:08:13,655 - INFO - dssInstance - Created pyController -> Controller.PVSystem.oh_262876_1_3
2018-06-06 10:08:13,657 - INFO - dssInstance - Created pyController -> Controller.PVSystem.bb_263888_1_1
2018-06-06 10:08:13,660 - INFO - dssInstance - Created pyController -> Controller.PVSystem.oh_262998_1_2
2018-06-06 10:08:13,662 - INFO - dssInstance - Created pyController -> Controller.PVSystem.oh_257806_1_4
2018-06-06 10:08:13,665 - INFO - dssInstance - Created pyController -> Controller.PVSystem.oh_262978_1_7
2018-06-06 10:08:13,667 - INFO - dssInstance - Created pyController -> Controller.PVSystem.bb_263806_1_5
2018-06-06 10:08:13,669 - INFO - dssInstance - Created pyController -> Controller.PVSystem.bb_259031_1_7
2018-06-06 10:08:13,671 - INFO - dssInstance - Created pyController -> Controller.PVSystem.oh_264919_1_2
2018-06-06 10:08:13,674 - INFO - dssInstance - Created pyController -> Controller.PVSystem.bb_263817_1_3
2018-06-06 10:08:13,676 - INFO - dssInstance - Created pyController -> Controller.PVSystem.bb_263817_1_8
2018-06-06 10:08:13,678 - INFO - dssInstance - Created pyController -> Controller.PVSystem.bb_51045896_1_3
2018-06-06 10:08:13,681 - INFO - dssInstance - Created pyController -> Controller.PVSystem.bb_51046037_1_7
2018-06-06 10:08:13,683 - INFO - dssInstance - Created pyController -> Controller.PVSystem.oh_261666_0_2
2018-06-06 10:08:13,685 - INFO - dssInstance - Created pyController -> Controller.PVSystem.oh_257806_1_9
2018-06-06 10:08:13,687 - INFO - dssInstance - Created pyController -> Controller.PVSystem.bb_263803_1_11
2018-06-06 10:08:13,690 - INFO - dssInstance - Created pyController -> Controller.PVSystem.oh_257798_1_4
2018-06-06 10:08:13,692 - INFO - dssInstance - Created pyController -> Controller.PVSystem.bb_263800_1_3
2018-06-06 10:08:13,694 - INFO - dssInstance - Created pyController -> Controller.PVSystem.oh_260946_0_2
2018-06-06 10:08:13,697 - INFO - dssInstance - Created pyController -> Controller.PVSystem.oh_264331_1_3
2018-06-06 10:08:13,699 - INFO - dssInstance - Created pyController -> Controller.PVSystem.bb_263803_1_8
2018-06-06 10:08:13,702 - INFO - dssInstance - Created pyController -> Controller.PVSystem.oh_261584_2_4
2018-06-06 10:08:13,704 - INFO - dssInstance - Created pyController -> Controller.PVSystem.bb_258899_1_2
2018-06-06 10:08:13,707 - INFO - dssInstance - Created pyController -> Controller.PVSystem.oh_264889_1_7
2018-06-06 10:08:13,709 - INFO - dssInstance - Created pyController -> Controller.PVSystem.oh_262657_2_1
2018-06-06 10:08:13,711 - INFO - dssInstance - Created pyController -> Controller.PVSystem.oh_264058_1_11
2018-06-06 10:08:13,714 - INFO - dssInstance - Created pyController -> Controller.PVSystem.oh_263013_1_3
2018-06-06 10:08:13,716 - INFO - dssInstance - Created pyController -> Controller.PVSystem.oh_264022_1_9
2018-06-06 10:08:13,718 - INFO - dssInstance - Created pyController -> Controller.PVSystem.oh_262876_1_1
2018-06-06 10:08:13,720 - INFO - dssInstance - Created pyController -> Controller.PVSystem.bb_263787_1_4
2018-06-06 10:08:13,723 - INFO - dssInstance - Created pyController -> Controller.PVSystem.oh_261666_0_5
2018-06-06 10:08:13,725 - INFO - dssInstance - Created pyController -> Controller.PVSystem.oh_263400_0_15
2018-06-06 10:08:13,727 - INFO - dssInstance - Created pyController -> Controller.PVSystem.oh_264618_0_12
2018-06-06 10:08:13,730 - INFO - dssInstance - Created pyController -> Controller.PVSystem.oh_257806_1_12
2018-06-06 10:08:13,732 - INFO - dssInstance - Created pyController -> Controller.PVSystem.oh_263013_1_2
2018-06-06 10:08:13,734 - INFO - dssInstance - Created pyController -> Controller.PVSystem.bb_264986_1_10
2018-06-06 10:08:13,736 - INFO - dssInstance - Created pyController -> Controller.PVSystem.bb_263789_1_11
2018-06-06 10:08:13,739 - INFO - dssInstance - Created pyController -> Controller.PVSystem.bb_258067_1_9
2018-06-06 10:08:13,741 - INFO - dssInstance - Created pyController -> Controller.PVSystem.oh_257796_1_12
2018-06-06 10:08:13,744 - INFO - dssInstance - Created pyController -> Controller.PVSystem.oh_262490_1_5
2018-06-06 10:08:13,746 - INFO - dssInstance - Created pyController -> Controller.PVSystem.oh_264241_1_1
2018-06-06 10:08:13,748 - INFO - dssInstance - Created pyController -> Controller.PVSystem.oh_261604_1_2
2018-06-06 10:08:13,750 - INFO - dssInstance - Created pyController -> Controller.PVSystem.oh_257806_1_14
2018-06-06 10:08:13,753 - INFO - dssInstance - Created pyController -> Controller.PVSystem.bb_263804_1_12
2018-06-06 10:08:13,756 - INFO - dssInstance - Created pyController -> Controller.PVSystem.oh_263400_0_18
2018-06-06 10:08:13,759 - INFO - dssInstance - Created pyController -> Controller.PVSystem.bb_263625_1_2
2018-06-06 10:08:13,761 - INFO - dssInstance - Created pyController -> Controller.PVSystem.oh_263163_0_6
2018-06-06 10:08:13,763 - INFO - dssInstance - Created pyController -> Controller.PVSystem.oh_263737_1_5
2018-06-06 10:08:13,766 - INFO - dssInstance - Created pyController -> Controller.PVSystem.bb_263787_1_6
2018-06-06 10:08:13,768 - INFO - dssInstance - Created pyController -> Controller.PVSystem.bb_51045964_1_14
2018-06-06 10:08:13,770 - INFO - dssInstance - Created pyController -> Controller.PVSystem.bb_263629_1_11
2018-06-06 10:08:13,772 - INFO - dssInstance - Created pyController -> Controller.PVSystem.oh_263163_0_3
2018-06-06 10:08:13,774 - INFO - dssInstance - Created pyController -> Controller.PVSystem.oh_264913_1_1
2018-06-06 10:08:13,777 - INFO - dssInstance - Created pyController -> Controller.PVSystem.bb_259033_1_6
2018-06-06 10:08:13,779 - INFO - dssInstance - Created pyController -> Controller.PVSystem.bb_263802_1_7
2018-06-06 10:08:13,781 - INFO - dssInstance - Created pyController -> Controller.PVSystem.oh_264880_1_3
2018-06-06 10:08:13,784 - INFO - dssInstance - Created pyController -> Controller.PVSystem.oh_261491c
2018-06-06 10:08:13,786 - INFO - dssInstance - Created pyController -> Controller.PVSystem.bb_263804_1_8
2018-06-06 10:08:13,788 - INFO - dssInstance - Created pyController -> Controller.PVSystem.bb_263793_1_9
2018-06-06 10:08:13,790 - INFO - dssInstance - Created pyController -> Controller.PVSystem.oh_264870_1_11
2018-06-06 10:08:13,793 - INFO - dssInstance - Created pyController -> Controller.PVSystem.bb_258803_1_10
2018-06-06 10:08:13,795 - INFO - dssInstance - Created pyController -> Controller.PVSystem.bb_258803_1_12
2018-06-06 10:08:13,797 - INFO - dssInstance - Created pyController -> Controller.PVSystem.oh_264158_1_11
2018-06-06 10:08:13,800 - INFO - dssInstance - Created pyController -> Controller.PVSystem.bb_263788_1_3
2018-06-06 10:08:13,802 - INFO - dssInstance - Created pyController -> Controller.PVSystem.bb_263629_1_9
2018-06-06 10:08:13,804 - INFO - dssInstance - Created pyController -> Controller.PVSystem.bb_263817_1_1
2018-06-06 10:08:13,807 - INFO - dssInstance - Created pyController -> Controller.PVSystem.bb_263786_1_10
2018-06-06 10:08:13,810 - INFO - dssInstance - Created pyController -> Controller.PVSystem.oh_264022_1_7
2018-06-06 10:08:13,813 - INFO - dssInstance - Created pyController -> Controller.PVSystem.bb_263788_1_1
2018-06-06 10:08:13,816 - INFO - dssInstance - Created pyController -> Controller.PVSystem.oh_262865a
2018-06-06 10:08:13,818 - INFO - dssInstance - Created pyController -> Controller.PVSystem.oh_264898_1_2
2018-06-06 10:08:13,821 - INFO - dssInstance - Created pyController -> Controller.PVSystem.oh_262992_2_1
2018-06-06 10:08:13,823 - INFO - dssInstance - Created pyController -> Controller.PVSystem.oh_264059_1_8
2018-06-06 10:08:13,825 - INFO - dssInstance - Created pyController -> Controller.PVSystem.oh_264409_1_4
2018-06-06 10:08:13,828 - INFO - dssInstance - Created pyController -> Controller.PVSystem.bb_51045964_1_1
2018-06-06 10:08:13,830 - INFO - dssInstance - Created pyController -> Controller.PVSystem.bb_263807_1_1
2018-06-06 10:08:13,832 - INFO - dssInstance - Created pyController -> Controller.PVSystem.oh_263400_0_3
2018-06-06 10:08:13,834 - INFO - dssInstance - Created pyController -> Controller.PVSystem.bb_51045964_1_8
2018-06-06 10:08:13,837 - INFO - dssInstance - Created pyController -> Controller.PVSystem.oh_262876_2_1
2018-06-06 10:08:13,839 - INFO - dssInstance - Created pyController -> Controller.PVSystem.oh_263539_1_3
2018-06-06 10:08:13,841 - INFO - dssInstance - Created pyController -> Controller.PVSystem.oh_264953_1_9
2018-06-06 10:08:13,844 - INFO - dssInstance - Created pyController -> Controller.PVSystem.oh_264022_1_13
2018-06-06 10:08:13,846 - INFO - dssInstance - Created pyController -> Controller.PVSystem.oh_264058_1_10
2018-06-06 10:08:13,848 - INFO - dssInstance - Created pyController -> Controller.PVSystem.bb_263806_1_4
2018-06-06 10:08:13,849 - INFO - dssInstance - Created pyController -> Controller.Storage.oh_264477_0_2
2018-06-06 10:08:13,850 - INFO - dssInstance - Created pyController -> Controller.Storage.oh_260946_0_7
2018-06-06 10:08:13,851 - INFO - dssInstance - Created pyController -> Controller.Storage.bb_263807_1_2
2018-06-06 10:08:13,852 - INFO - dssInstance - Created pyController -> Controller.Storage.oh_264883_1_2
2018-06-06 10:08:13,852 - INFO - dssInstance - Created pyController -> Controller.Storage.oh_263619_0_3
2018-06-06 10:08:13,853 - INFO - dssInstance - Created pyController -> Controller.Storage.oh_257798_1_7
2018-06-06 10:08:13,854 - INFO - dssInstance - Created pyController -> Controller.Storage.oh_264767_0_4
2018-06-06 10:08:13,855 - INFO - dssInstance - Created pyController -> Controller.Storage.bb_258803_1_8
2018-06-06 10:08:13,855 - INFO - dssInstance - Created pyController -> Controller.Storage.oh_261663_0_6
2018-06-06 10:08:13,856 - INFO - dssInstance - Created pyController -> Controller.Storage.bb_258073_1_4
2018-06-06 10:08:13,857 - INFO - dssInstance - Created pyController -> Controller.Storage.bb_264037_1_4
2018-06-06 10:08:13,858 - INFO - dssInstance - Created pyController -> Controller.Storage.oh_262987_1_3
2018-06-06 10:08:13,859 - INFO - dssInstance - Created pyController -> Controller.Storage.bb_258073_1_10
2018-06-06 10:08:13,860 - INFO - dssInstance - Created pyController -> Controller.Storage.oh_264057_1_8
2018-06-06 10:08:13,861 - INFO - dssInstance - Created pyController -> Controller.Storage.bb_259176_1_4
2018-06-06 10:08:13,861 - INFO - dssInstance - Created pyController -> Controller.Storage.bb_263803_1_5
2018-06-06 10:08:13,862 - INFO - dssInstance - Created pyController -> Controller.Storage.oh_262987_1_5
2018-06-06 10:08:13,863 - INFO - dssInstance - Created pyController -> Controller.Storage.bb_263787_1_1
2018-06-06 10:08:13,864 - INFO - dssInstance - Created pyController -> Controller.Storage.bb_259033_1_8
2018-06-06 10:08:13,865 - INFO - dssInstance - Created pyController -> Controller.Storage.bb_263804_1_7
2018-06-06 10:08:13,865 - INFO - dssInstance - Created pyController -> Controller.Storage.bb_263795_1_10
2018-06-06 10:08:13,866 - INFO - dssInstance - Created pyController -> Controller.Storage.oh_262864_2_1
2018-06-06 10:08:13,867 - INFO - dssInstance - Created pyController -> Controller.Storage.bb_263789_1_4
2018-06-06 10:08:13,868 - INFO - dssInstance - Created pyController -> Controller.Storage.oh_264883_1_9
2018-06-06 10:08:13,868 - INFO - dssInstance - Created pyController -> Controller.Storage.bb_258073_1_8
2018-06-06 10:08:13,869 - INFO - dssInstance - Created pyController -> Controller.Storage.bb_263805_1_9
2018-06-06 10:08:13,870 - INFO - dssInstance - Created pyController -> Controller.Storage.oh_257811_1_2
2018-06-06 10:08:13,871 - INFO - dssInstance - Created pyController -> Controller.Storage.oh_264874_1_7
2018-06-06 10:08:13,871 - INFO - dssInstance - Created pyController -> Controller.Storage.oh_262486_1_6
2018-06-06 10:08:13,872 - INFO - dssInstance - Created pyController -> Controller.Storage.oh_257796_1_3
2018-06-06 10:08:13,873 - INFO - dssInstance - Created pyController -> Controller.Storage.oh_262490_1_2
2018-06-06 10:08:13,874 - INFO - dssInstance - Created pyController -> Controller.Storage.oh_257811_1_5
2018-06-06 10:08:13,875 - INFO - dssInstance - Created pyController -> Controller.Storage.oh_264057_1_2
2018-06-06 10:08:13,876 - INFO - dssInstance - Created pyController -> Controller.Storage.bb_258070_1_1
2018-06-06 10:08:13,876 - INFO - dssInstance - Created pyController -> Controller.Storage.oh_257798_1_16
2018-06-06 10:08:13,877 - INFO - dssInstance - Created pyController -> Controller.Storage.oh_262481_1_3
2018-06-06 10:08:13,878 - INFO - dssInstance - Created pyController -> Controller.Storage.oh_264893_1_4
2018-06-06 10:08:13,879 - INFO - dssInstance - Created pyController -> Controller.Storage.oh_51061590_1_2
2018-06-06 10:08:13,880 - INFO - dssInstance - Created pyController -> Controller.Storage.oh_51120111_1_10
2018-06-06 10:08:13,880 - INFO - dssInstance - Created pyController -> Controller.Storage.bb_259171_1_7
2018-06-06 10:08:13,881 - INFO - dssInstance - Created pyController -> Controller.Storage.oh_264913_1_4
2018-06-06 10:08:13,882 - INFO - dssInstance - Created pyController -> Controller.Storage.oh_51267194_1_7
2018-06-06 10:08:13,883 - INFO - dssInstance - Created pyController -> Controller.Storage.bb_264132_1_5
2018-06-06 10:08:13,883 - INFO - dssInstance - Created pyController -> Controller.Storage.oh_257804_1_3
2018-06-06 10:08:13,884 - INFO - dssInstance - Created pyController -> Controller.Storage.oh_51120111_1_8
2018-06-06 10:08:13,885 - INFO - dssInstance - Created pyController -> Controller.Storage.bb_258202_1_2
2018-06-06 10:08:13,886 - INFO - dssInstance - Created pyController -> Controller.Storage.oh_264883_1_10
2018-06-06 10:08:13,886 - INFO - dssInstance - Created pyController -> Controller.Storage.oh_264913_1_6
2018-06-06 10:08:13,887 - INFO - dssInstance - Created pyController -> Controller.Storage.oh_264893_1_7
2018-06-06 10:08:13,888 - INFO - dssInstance - Created pyController -> Controller.Storage.oh_264893_1_3
2018-06-06 10:08:13,889 - INFO - dssInstance - Created pyController -> Controller.Storage.bb_51045975_1_10
2018-06-06 10:08:13,890 - INFO - dssInstance - Created pyController -> Controller.Storage.oh_264022_1_14
2018-06-06 10:08:13,890 - INFO - dssInstance - Created pyController -> Controller.Storage.bb_263809_1_8
2018-06-06 10:08:13,891 - INFO - dssInstance - Created pyController -> Controller.Storage.bb_259037_1_1
2018-06-06 10:08:13,892 - INFO - dssInstance - Created pyController -> Controller.Storage.bb_263786_1_5
2018-06-06 10:08:13,893 - INFO - dssInstance - Created pyController -> Controller.Storage.bb_263797_1_1
2018-06-06 10:08:13,894 - INFO - dssInstance - Created pyController -> Controller.Storage.bb_258067_1_6
2018-06-06 10:08:13,895 - INFO - dssInstance - Created pyController -> Controller.Storage.oh_264059_1_5
2018-06-06 10:08:13,895 - INFO - dssInstance - Created pyController -> Controller.Storage.bb_263806_1_3
2018-06-06 10:08:13,896 - INFO - dssInstance - Created pyController -> Controller.Storage.bb_259031_1_8
2018-06-06 10:08:13,897 - INFO - dssInstance - Created pyController -> Controller.Storage.oh_261479_2_1
2018-06-06 10:08:13,898 - INFO - dssInstance - Created pyController -> Controller.Storage.oh_264402_2_1
2018-06-06 10:08:13,899 - INFO - dssInstance - Created pyController -> Controller.Storage.oh_264889_1_9
2018-06-06 10:08:13,900 - INFO - dssInstance - Created pyController -> Controller.Storage.oh_261663_0_5
2018-06-06 10:08:13,901 - INFO - dssInstance - Created pyController -> Controller.Storage.oh_257806_1_10
2018-06-06 10:08:13,901 - INFO - dssInstance - Created pyController -> Controller.Storage.bb_263803_1_1
2018-06-06 10:08:13,902 - INFO - dssInstance - Created pyController -> Controller.Storage.bb_263817_1_7
2018-06-06 10:08:13,903 - INFO - dssInstance - Created pyController -> Controller.Storage.bb_263808_1_1
2018-06-06 10:08:13,904 - INFO - dssInstance - Created pyController -> Controller.Storage.bb_263809_1_1
2018-06-06 10:08:13,905 - INFO - dssInstance - Created pyController -> Controller.Storage.bb_264986_1_11
2018-06-06 10:08:13,905 - INFO - dssInstance - Created pyController -> Controller.Storage.bb_258073_1_3
2018-06-06 10:08:13,906 - INFO - dssInstance - Created pyController -> Controller.Storage.bb_264132_1_13
2018-06-06 10:08:13,907 - INFO - dssInstance - Created pyController -> Controller.Storage.bb_259171_1_2
2018-06-06 10:08:13,908 - INFO - dssInstance - Created pyController -> Controller.Storage.oh_257804_1_5
2018-06-06 10:08:13,909 - INFO - dssInstance - Created pyController -> Controller.Storage.oh_263400_0_11
2018-06-06 10:08:13,910 - INFO - dssInstance - Created pyController -> Controller.Storage.oh_263013_2_5
2018-06-06 10:08:13,911 - INFO - dssInstance - Created pyController -> Controller.Storage.oh_264409_2_2
2018-06-06 10:08:13,912 - INFO - dssInstance - Created pyController -> Controller.Storage.oh_261483_1_2
2018-06-06 10:08:13,913 - INFO - dssInstance - Created pyController -> Controller.Storage.oh_263121_1_2
2018-06-06 10:08:13,915 - INFO - dssInstance - Created pyController -> Controller.Storage.oh_263163_0_7
2018-06-06 10:08:13,916 - INFO - dssInstance - Created pyController -> Controller.Storage.oh_264059_1_1
2018-06-06 10:08:13,917 - INFO - dssInstance - Created pyController -> Controller.Storage.bb_258080_1_10
2018-06-06 10:08:13,918 - INFO - dssInstance - Created pyController -> Controller.Storage.oh_264059_1_9
2018-06-06 10:08:13,918 - INFO - dssInstance - Created pyController -> Controller.Storage.oh_262987_2_5
2018-06-06 10:08:13,919 - INFO - dssInstance - Created pyController -> Controller.Storage.bb_258899_1_8
2018-06-06 10:08:13,920 - INFO - dssInstance - Created pyController -> Controller.Storage.bb_263786_1_12
2018-06-06 10:08:13,921 - INFO - dssInstance - Created pyController -> Controller.Storage.oh_262978_2_1
2018-06-06 10:08:13,922 - INFO - dssInstance - Created pyController -> Controller.Storage.oh_263336_0_3
2018-06-06 10:08:13,923 - INFO - dssInstance - Created pyController -> Controller.Storage.bb_259166_1_1
2018-06-06 10:08:13,924 - INFO - dssInstance - Created pyController -> Controller.Storage.bb_263809_1_2
2018-06-06 10:08:13,925 - INFO - dssInstance - Created pyController -> Controller.Storage.oh_257806_1_8
2018-06-06 10:08:13,925 - INFO - dssInstance - Created pyController -> Controller.Storage.bb_51045982_1_1
2018-06-06 10:08:13,926 - INFO - dssInstance - Created pyController -> Controller.Storage.bb_263789_1_6
2018-06-06 10:08:13,927 - INFO - dssInstance - Created pyController -> Controller.Storage.bb_258797_1_2
2018-06-06 10:08:13,928 - INFO - dssInstance - Created pyController -> Controller.Storage.bb_51046044_1_8
2018-06-06 10:08:13,929 - INFO - dssInstance - Created pyController -> Controller.Storage.oh_263541_1_8
2018-06-06 10:08:13,930 - INFO - dssInstance - Created pyController -> Controller.Storage.oh_264919_1_4
2018-06-06 10:08:13,931 - INFO - dssInstance - Created pyController -> Controller.Storage.oh_264329_2_2
2018-06-06 10:08:13,931 - INFO - dssInstance - Created pyController -> Controller.Storage.oh_261483_2_1
2018-06-06 10:08:13,932 - INFO - dssInstance - Created pyController -> Controller.Storage.oh_262490_1_4
2018-06-06 10:08:13,933 - INFO - dssInstance - Created pyController -> Controller.Storage.oh_264059_1_6
2018-06-06 10:08:13,934 - INFO - dssInstance - Created pyController -> Controller.Storage.oh_263090_2_2
2018-06-06 10:08:13,935 - INFO - dssInstance - Created pyController -> Controller.Storage.oh_262480_1_8
2018-06-06 10:08:13,936 - INFO - dssInstance - Created pyController -> Controller.Storage.bb_263795_1_2
2018-06-06 10:08:13,937 - INFO - dssInstance - Created pyController -> Controller.Storage.bb_259171_1_4
2018-06-06 10:08:13,937 - INFO - dssInstance - Created pyController -> Controller.Storage.oh_264327_2_3
2018-06-06 10:08:13,938 - INFO - dssInstance - Created pyController -> Controller.Storage.oh_264202_1_3
2018-06-06 10:08:13,939 - INFO - dssInstance - Created pyController -> Controller.Storage.bb_263801_1_7
2018-06-06 10:08:13,940 - INFO - dssInstance - Created pyController -> Controller.Storage.oh_257807_1_5
2018-06-06 10:08:13,940 - INFO - dssInstance - Created pyController -> Controller.Storage.oh_257796_1_7
2018-06-06 10:08:13,941 - INFO - dssInstance - Created pyController -> Controller.Storage.bb_263793_1_7
2018-06-06 10:08:13,942 - INFO - dssInstance - Created pyController -> Controller.Storage.bb_263789_1_7
2018-06-06 10:08:13,943 - INFO - dssInstance - Created pyController -> Controller.Storage.bb_258073_1_9
2018-06-06 10:08:13,944 - INFO - dssInstance - Created pyController -> Controller.Storage.bb_263806_1_2
2018-06-06 10:08:13,945 - INFO - dssInstance - Created pyController -> Controller.Storage.oh_263400_0_5
2018-06-06 10:08:13,945 - INFO - dssInstance - Created pyController -> Controller.RegControl.subxfrmr
