2018-01-17 18:51:44,112 - INFO - dssInstance - An instance of OpenDSS version 0.2.9 has ben created.
2018-01-17 18:51:44,794 - INFO - SolveMode - Solver set to Daily mode.
2018-01-17 18:51:44,828 - INFO - NetworkModifier - Added -> New Storage.storagebus bus=storagebus kV=0.48 kWRated=2000 %IdlingkW=3 phases=3 %EffCharge=100 kWhRated=2000 %reserve=0 %EffDischarge=100 state=IDLE %stored=50
2018-01-17 18:51:54,181 - INFO - dssInstance - Created pyController -> Controller.PVSystem.bb_258064_1_5
2018-01-17 18:51:54,188 - INFO - dssInstance - Created pyController -> Controller.PVSystem.bb_258067_1_5
2018-01-17 18:51:54,193 - INFO - dssInstance - Created pyController -> Controller.PVSystem.bb_258080_1_14
2018-01-17 18:51:54,198 - INFO - dssInstance - Created pyController -> Controller.PVSystem.bb_258824_1_1
2018-01-17 18:51:54,203 - INFO - dssInstance - Created pyController -> Controller.PVSystem.bb_258899_1_9
2018-01-17 18:51:54,208 - INFO - dssInstance - Created pyController -> Controller.PVSystem.bb_259031_1_5
2018-01-17 18:51:54,214 - INFO - dssInstance - Created pyController -> Controller.PVSystem.bb_259033_1_2
2018-01-17 18:51:54,220 - INFO - dssInstance - Created pyController -> Controller.PVSystem.bb_259037_1_6
2018-01-17 18:51:54,225 - INFO - dssInstance - Created pyController -> Controller.PVSystem.bb_259041_1_5
2018-01-17 18:51:54,230 - INFO - dssInstance - Created pyController -> Controller.PVSystem.bb_259041_1_12
2018-01-17 18:51:54,235 - INFO - dssInstance - Created pyController -> Controller.PVSystem.bb_259160_1_6
2018-01-17 18:51:54,240 - INFO - dssInstance - Created pyController -> Controller.PVSystem.bb_259166_1_5
2018-01-17 18:51:54,246 - INFO - dssInstance - Created pyController -> Controller.PVSystem.bb_259166_1_7
2018-01-17 18:51:54,251 - INFO - dssInstance - Created pyController -> Controller.PVSystem.bb_259171_1_8
2018-01-17 18:51:54,256 - INFO - dssInstance - Created pyController -> Controller.PVSystem.bb_259176_1_2
2018-01-17 18:51:54,260 - INFO - dssInstance - Created pyController -> Controller.PVSystem.bb_263625_1_1
2018-01-17 18:51:54,264 - INFO - dssInstance - Created pyController -> Controller.PVSystem.bb_263625_1_8
2018-01-17 18:51:54,269 - INFO - dssInstance - Created pyController -> Controller.PVSystem.bb_263629_1_1
2018-01-17 18:51:54,273 - INFO - dssInstance - Created pyController -> Controller.PVSystem.bb_263629_1_4
2018-01-17 18:51:54,277 - INFO - dssInstance - Created pyController -> Controller.PVSystem.bb_263786_1_8
2018-01-17 18:51:54,282 - INFO - dssInstance - Created pyController -> Controller.PVSystem.bb_263789_1_2
2018-01-17 18:51:54,286 - INFO - dssInstance - Created pyController -> Controller.PVSystem.bb_263789_1_3
2018-01-17 18:51:54,292 - INFO - dssInstance - Created pyController -> Controller.PVSystem.bb_263793_1_1
2018-01-17 18:51:54,297 - INFO - dssInstance - Created pyController -> Controller.PVSystem.bb_263794_1_11
2018-01-17 18:51:54,301 - INFO - dssInstance - Created pyController -> Controller.PVSystem.bb_263795_1_8
2018-01-17 18:51:54,305 - INFO - dssInstance - Created pyController -> Controller.PVSystem.bb_263795_1_9
2018-01-17 18:51:54,311 - INFO - dssInstance - Created pyController -> Controller.PVSystem.bb_263795_1_12
2018-01-17 18:51:54,316 - INFO - dssInstance - Created pyController -> Controller.PVSystem.bb_263796_1_2
2018-01-17 18:51:54,321 - INFO - dssInstance - Created pyController -> Controller.PVSystem.bb_263796_1_9
2018-01-17 18:51:54,326 - INFO - dssInstance - Created pyController -> Controller.PVSystem.bb_263800_1_1
2018-01-17 18:51:54,331 - INFO - dssInstance - Created pyController -> Controller.PVSystem.bb_263800_1_4
2018-01-17 18:51:54,337 - INFO - dssInstance - Created pyController -> Controller.PVSystem.bb_263800_1_9
2018-01-17 18:51:54,343 - INFO - dssInstance - Created pyController -> Controller.PVSystem.bb_263802_1_9
2018-01-17 18:51:54,348 - INFO - dssInstance - Created pyController -> Controller.PVSystem.bb_263803_1_7
2018-01-17 18:51:54,354 - INFO - dssInstance - Created pyController -> Controller.PVSystem.bb_263805_1_7
2018-01-17 18:51:54,359 - INFO - dssInstance - Created pyController -> Controller.PVSystem.bb_263805_1_8
2018-01-17 18:51:54,364 - INFO - dssInstance - Created pyController -> Controller.PVSystem.bb_263807_1_3
2018-01-17 18:51:54,371 - INFO - dssInstance - Created pyController -> Controller.PVSystem.bb_263808_1_2
2018-01-17 18:51:54,376 - INFO - dssInstance - Created pyController -> Controller.PVSystem.bb_263808_1_3
2018-01-17 18:51:54,381 - INFO - dssInstance - Created pyController -> Controller.PVSystem.bb_263808_1_5
2018-01-17 18:51:54,386 - INFO - dssInstance - Created pyController -> Controller.PVSystem.bb_264037_1_1
2018-01-17 18:51:54,391 - INFO - dssInstance - Created pyController -> Controller.PVSystem.bb_264037_1_3
2018-01-17 18:51:54,397 - INFO - dssInstance - Created pyController -> Controller.PVSystem.bb_264132_1_8
2018-01-17 18:51:54,402 - INFO - dssInstance - Created pyController -> Controller.PVSystem.bb_264132_1_12
2018-01-17 18:51:54,408 - INFO - dssInstance - Created pyController -> Controller.PVSystem.bb_51045964_1_2
2018-01-17 18:51:54,414 - INFO - dssInstance - Created pyController -> Controller.PVSystem.bb_51045964_1_5
2018-01-17 18:51:54,420 - INFO - dssInstance - Created pyController -> Controller.PVSystem.bb_51045964_1_6
2018-01-17 18:51:54,425 - INFO - dssInstance - Created pyController -> Controller.PVSystem.bb_51046044_1_2
2018-01-17 18:51:54,432 - INFO - dssInstance - Created pyController -> Controller.PVSystem.oh_257796_1_1
2018-01-17 18:51:54,437 - INFO - dssInstance - Created pyController -> Controller.PVSystem.oh_257806_1_2
2018-01-17 18:51:54,443 - INFO - dssInstance - Created pyController -> Controller.PVSystem.oh_257806_1_5
2018-01-17 18:51:54,449 - INFO - dssInstance - Created pyController -> Controller.PVSystem.oh_257806_1_6
2018-01-17 18:51:54,454 - INFO - dssInstance - Created pyController -> Controller.PVSystem.oh_257806_1_13
2018-01-17 18:51:54,459 - INFO - dssInstance - Created pyController -> Controller.PVSystem.oh_257807_1_3
2018-01-17 18:51:54,464 - INFO - dssInstance - Created pyController -> Controller.PVSystem.oh_257808_1_1
2018-01-17 18:51:54,470 - INFO - dssInstance - Created pyController -> Controller.PVSystem.oh_257811_1_6
2018-01-17 18:51:54,474 - INFO - dssInstance - Created pyController -> Controller.PVSystem.oh_262481_1_9
2018-01-17 18:51:54,479 - INFO - dssInstance - Created pyController -> Controller.PVSystem.oh_262486_1_7
2018-01-17 18:51:54,484 - INFO - dssInstance - Created pyController -> Controller.PVSystem.oh_263539_1_2
2018-01-17 18:51:54,491 - INFO - dssInstance - Created pyController -> Controller.PVSystem.oh_264008_1_1
2018-01-17 18:51:54,497 - INFO - dssInstance - Created pyController -> Controller.PVSystem.oh_264008_1_2
2018-01-17 18:51:54,502 - INFO - dssInstance - Created pyController -> Controller.PVSystem.oh_264009_1_8
2018-01-17 18:51:54,507 - INFO - dssInstance - Created pyController -> Controller.PVSystem.oh_264010_1_2
2018-01-17 18:51:54,512 - INFO - dssInstance - Created pyController -> Controller.PVSystem.oh_264056_1_1
2018-01-17 18:51:54,518 - INFO - dssInstance - Created pyController -> Controller.PVSystem.oh_264056_1_5
2018-01-17 18:51:54,523 - INFO - dssInstance - Created pyController -> Controller.PVSystem.oh_264056_1_7
2018-01-17 18:51:54,528 - INFO - dssInstance - Created pyController -> Controller.PVSystem.oh_264057_1_3
2018-01-17 18:51:54,532 - INFO - dssInstance - Created pyController -> Controller.PVSystem.oh_264057_1_6
2018-01-17 18:51:54,536 - INFO - dssInstance - Created pyController -> Controller.PVSystem.oh_264057_1_9
2018-01-17 18:51:54,541 - INFO - dssInstance - Created pyController -> Controller.PVSystem.oh_264058_1_1
2018-01-17 18:51:54,545 - INFO - dssInstance - Created pyController -> Controller.PVSystem.oh_264058_1_5
2018-01-17 18:51:54,550 - INFO - dssInstance - Created pyController -> Controller.PVSystem.oh_264059_1_4
2018-01-17 18:51:54,556 - INFO - dssInstance - Created pyController -> Controller.PVSystem.oh_264106_1_2
2018-01-17 18:51:54,562 - INFO - dssInstance - Created pyController -> Controller.PVSystem.oh_264158_1_2
2018-01-17 18:51:54,566 - INFO - dssInstance - Created pyController -> Controller.PVSystem.oh_264857_1_8
2018-01-17 18:51:54,571 - INFO - dssInstance - Created pyController -> Controller.PVSystem.oh_264870_1_1
2018-01-17 18:51:54,576 - INFO - dssInstance - Created pyController -> Controller.PVSystem.oh_264870_1_3
2018-01-17 18:51:54,582 - INFO - dssInstance - Created pyController -> Controller.PVSystem.oh_264870_1_12
2018-01-17 18:51:54,588 - INFO - dssInstance - Created pyController -> Controller.PVSystem.oh_264874_1_5
2018-01-17 18:51:54,593 - INFO - dssInstance - Created pyController -> Controller.PVSystem.oh_264880_1_5
2018-01-17 18:51:54,598 - INFO - dssInstance - Created pyController -> Controller.PVSystem.oh_264880_1_7
2018-01-17 18:51:54,603 - INFO - dssInstance - Created pyController -> Controller.PVSystem.oh_264883_1_4
2018-01-17 18:51:54,608 - INFO - dssInstance - Created pyController -> Controller.PVSystem.oh_264883_1_11
2018-01-17 18:51:54,613 - INFO - dssInstance - Created pyController -> Controller.PVSystem.oh_264887_1_8
2018-01-17 18:51:54,618 - INFO - dssInstance - Created pyController -> Controller.PVSystem.oh_264889_1_2
2018-01-17 18:51:54,623 - INFO - dssInstance - Created pyController -> Controller.PVSystem.oh_264889_1_5
2018-01-17 18:51:54,627 - INFO - dssInstance - Created pyController -> Controller.PVSystem.oh_264889_1_11
2018-01-17 18:51:54,632 - INFO - dssInstance - Created pyController -> Controller.PVSystem.oh_264913_1_2
2018-01-17 18:51:54,637 - INFO - dssInstance - Created pyController -> Controller.PVSystem.oh_264913_1_7
2018-01-17 18:51:54,642 - INFO - dssInstance - Created pyController -> Controller.PVSystem.oh_264931_1_4
2018-01-17 18:51:54,648 - INFO - dssInstance - Created pyController -> Controller.PVSystem.oh_264953_1_4
2018-01-17 18:51:54,653 - INFO - dssInstance - Created pyController -> Controller.PVSystem.oh_260847_1_1
2018-01-17 18:51:54,658 - INFO - dssInstance - Created pyController -> Controller.PVSystem.oh_261479_1_1
2018-01-17 18:51:54,664 - INFO - dssInstance - Created pyController -> Controller.PVSystem.oh_261486_1_2
2018-01-17 18:51:54,669 - INFO - dssInstance - Created pyController -> Controller.PVSystem.oh_261573_1_1
2018-01-17 18:51:54,673 - INFO - dssInstance - Created pyController -> Controller.PVSystem.oh_261576_1_2
2018-01-17 18:51:54,677 - INFO - dssInstance - Created pyController -> Controller.PVSystem.oh_261584_1_3
2018-01-17 18:51:54,681 - INFO - dssInstance - Created pyController -> Controller.PVSystem.oh_261584_1_4
2018-01-17 18:51:54,685 - INFO - dssInstance - Created pyController -> Controller.PVSystem.oh_261584_2_1
2018-01-17 18:51:54,690 - INFO - dssInstance - Created pyController -> Controller.PVSystem.oh_261592_1_1
2018-01-17 18:51:54,694 - INFO - dssInstance - Created pyController -> Controller.PVSystem.oh_261592_2_2
2018-01-17 18:51:54,699 - INFO - dssInstance - Created pyController -> Controller.PVSystem.oh_261663_0_1
2018-01-17 18:51:54,705 - INFO - dssInstance - Created pyController -> Controller.PVSystem.oh_262868_0_1
2018-01-17 18:51:54,709 - INFO - dssInstance - Created pyController -> Controller.PVSystem.oh_262876_1_7
2018-01-17 18:51:54,714 - INFO - dssInstance - Created pyController -> Controller.PVSystem.oh_262876_2_5
2018-01-17 18:51:54,718 - INFO - dssInstance - Created pyController -> Controller.PVSystem.oh_262983_1_4
2018-01-17 18:51:54,723 - INFO - dssInstance - Created pyController -> Controller.PVSystem.oh_262987_2_2
2018-01-17 18:51:54,728 - INFO - dssInstance - Created pyController -> Controller.PVSystem.oh_262992_1_1
2018-01-17 18:51:54,733 - INFO - dssInstance - Created pyController -> Controller.PVSystem.oh_263013_1_4
2018-01-17 18:51:54,738 - INFO - dssInstance - Created pyController -> Controller.PVSystem.oh_263105_1_1
2018-01-17 18:51:54,743 - INFO - dssInstance - Created pyController -> Controller.PVSystem.oh_263105_1_2
2018-01-17 18:51:54,749 - INFO - dssInstance - Created pyController -> Controller.PVSystem.oh_263105_2_2
2018-01-17 18:51:54,754 - INFO - dssInstance - Created pyController -> Controller.PVSystem.oh_263114_1_3
2018-01-17 18:51:54,760 - INFO - dssInstance - Created pyController -> Controller.PVSystem.oh_263163_0_1
2018-01-17 18:51:54,765 - INFO - dssInstance - Created pyController -> Controller.PVSystem.oh_263163_0_5
2018-01-17 18:51:54,770 - INFO - dssInstance - Created pyController -> Controller.PVSystem.oh_263236_0_4
2018-01-17 18:51:54,774 - INFO - dssInstance - Created pyController -> Controller.PVSystem.oh_263261_0_6
2018-01-17 18:51:54,780 - INFO - dssInstance - Created pyController -> Controller.PVSystem.oh_263400_0_1
2018-01-17 18:51:54,784 - INFO - dssInstance - Created pyController -> Controller.PVSystem.oh_263400_0_10
2018-01-17 18:51:54,788 - INFO - dssInstance - Created pyController -> Controller.PVSystem.oh_263400_0_16
2018-01-17 18:51:54,793 - INFO - dssInstance - Created pyController -> Controller.PVSystem.oh_263619_0_2
2018-01-17 18:51:54,799 - INFO - dssInstance - Created pyController -> Controller.PVSystem.oh_264402_1_1
2018-01-17 18:51:54,805 - INFO - dssInstance - Created pyController -> Controller.PVSystem.oh_264578_0_2
2018-01-17 18:51:54,811 - INFO - dssInstance - Created pyController -> Controller.PVSystem.oh_264611_1_5
2018-01-17 18:51:54,817 - INFO - dssInstance - Created pyController -> Controller.PVSystem.oh_264618_0_3
2018-01-17 18:51:54,822 - INFO - dssInstance - Created pyController -> Controller.PVSystem.oh_264729_0_2
2018-01-17 18:51:54,826 - INFO - dssInstance - Created pyController -> Controller.PVSystem.oh_51048147a
2018-01-17 18:51:54,833 - INFO - dssInstance - Created pyController -> Controller.PVSystem.oh_51048147b
2018-01-17 18:51:54,838 - INFO - dssInstance - Created pyController -> Controller.PVSystem.oh_51048147c
2018-01-17 18:51:54,845 - INFO - dssInstance - Created pyController -> Controller.PVSystem.bb_262469a
2018-01-17 18:51:54,849 - INFO - dssInstance - Created pyController -> Controller.PVSystem.bb_263551a
2018-01-17 18:51:54,855 - INFO - dssInstance - Created pyController -> Controller.PVSystem.bb_263552a
2018-01-17 18:51:54,861 - INFO - dssInstance - Created pyController -> Controller.PVSystem.bb_263790a
2018-01-17 18:51:54,866 - INFO - dssInstance - Created pyController -> Controller.PVSystem.bb_263791a
2018-01-17 18:51:54,870 - INFO - dssInstance - Created pyController -> Controller.PVSystem.bb_263792a
2018-01-17 18:51:54,874 - INFO - dssInstance - Created pyController -> Controller.PVSystem.oh_263097b
2018-01-17 18:51:54,880 - INFO - dssInstance - Created pyController -> Controller.PVSystem.oh_263097c
2018-01-17 18:51:54,885 - INFO - dssInstance - Created pyController -> Controller.PVSystem.oh_263106b
2018-01-17 18:51:54,890 - INFO - dssInstance - Created pyController -> Controller.PVSystem.oh_263615a
2018-01-17 18:51:54,895 - INFO - dssInstance - Created pyController -> Controller.PVSystem.oh_263615b
2018-01-17 18:51:54,900 - INFO - dssInstance - Created pyController -> Controller.PVSystem.oh_265122a
2018-01-17 18:51:54,905 - INFO - dssInstance - Created pyController -> Controller.PVSystem.oh_265122b
2018-01-17 18:51:54,910 - INFO - dssInstance - Created pyController -> Controller.PVSystem.oh_265122c
2018-01-17 18:51:54,915 - INFO - dssInstance - Created pyController -> Controller.PVSystem.oh_51048142b
2018-01-17 18:51:54,921 - INFO - dssInstance - Created pyController -> Controller.PVSystem.bb_258067_1_3
2018-01-17 18:51:54,926 - INFO - dssInstance - Created pyController -> Controller.PVSystem.bb_258067_1_6
2018-01-17 18:51:54,931 - INFO - dssInstance - Created pyController -> Controller.PVSystem.bb_258067_1_7
2018-01-17 18:51:54,937 - INFO - dssInstance - Created pyController -> Controller.PVSystem.bb_258067_1_9
2018-01-17 18:51:54,943 - INFO - dssInstance - Created pyController -> Controller.PVSystem.bb_258070_1_1
2018-01-17 18:51:54,948 - INFO - dssInstance - Created pyController -> Controller.PVSystem.bb_258073_1_1
2018-01-17 18:51:54,955 - INFO - dssInstance - Created pyController -> Controller.PVSystem.bb_258073_1_3
2018-01-17 18:51:54,963 - INFO - dssInstance - Created pyController -> Controller.PVSystem.bb_258073_1_4
2018-01-17 18:51:54,968 - INFO - dssInstance - Created pyController -> Controller.PVSystem.bb_258073_1_5
2018-01-17 18:51:54,974 - INFO - dssInstance - Created pyController -> Controller.PVSystem.bb_258073_1_6
2018-01-17 18:51:54,979 - INFO - dssInstance - Created pyController -> Controller.PVSystem.bb_258073_1_7
2018-01-17 18:51:54,984 - INFO - dssInstance - Created pyController -> Controller.PVSystem.bb_258073_1_8
2018-01-17 18:51:54,990 - INFO - dssInstance - Created pyController -> Controller.PVSystem.bb_258073_1_9
2018-01-17 18:51:54,995 - INFO - dssInstance - Created pyController -> Controller.PVSystem.bb_258073_1_10
2018-01-17 18:51:55,001 - INFO - dssInstance - Created pyController -> Controller.PVSystem.bb_258077_1_4
2018-01-17 18:51:55,005 - INFO - dssInstance - Created pyController -> Controller.PVSystem.bb_258080_1_1
2018-01-17 18:51:55,010 - INFO - dssInstance - Created pyController -> Controller.PVSystem.bb_258080_1_7
2018-01-17 18:51:55,015 - INFO - dssInstance - Created pyController -> Controller.PVSystem.bb_258080_1_10
2018-01-17 18:51:55,019 - INFO - dssInstance - Created pyController -> Controller.PVSystem.bb_258202_1_1
2018-01-17 18:51:55,024 - INFO - dssInstance - Created pyController -> Controller.PVSystem.bb_258202_1_2
2018-01-17 18:51:55,029 - INFO - dssInstance - Created pyController -> Controller.PVSystem.bb_258797_1_1
2018-01-17 18:51:55,035 - INFO - dssInstance - Created pyController -> Controller.PVSystem.bb_258797_1_2
2018-01-17 18:51:55,040 - INFO - dssInstance - Created pyController -> Controller.PVSystem.bb_258797_1_5
2018-01-17 18:51:55,045 - INFO - dssInstance - Created pyController -> Controller.PVSystem.bb_258803_1_5
2018-01-17 18:51:55,050 - INFO - dssInstance - Created pyController -> Controller.PVSystem.bb_258803_1_6
2018-01-17 18:51:55,056 - INFO - dssInstance - Created pyController -> Controller.PVSystem.bb_258803_1_8
2018-01-17 18:51:55,062 - INFO - dssInstance - Created pyController -> Controller.PVSystem.bb_258803_1_9
2018-01-17 18:51:55,068 - INFO - dssInstance - Created pyController -> Controller.PVSystem.bb_258803_1_10
2018-01-17 18:51:55,073 - INFO - dssInstance - Created pyController -> Controller.PVSystem.bb_258803_1_11
2018-01-17 18:51:55,078 - INFO - dssInstance - Created pyController -> Controller.PVSystem.bb_258803_1_12
2018-01-17 18:51:55,083 - INFO - dssInstance - Created pyController -> Controller.PVSystem.bb_258824_1_7
2018-01-17 18:51:55,088 - INFO - dssInstance - Created pyController -> Controller.PVSystem.bb_258838_1_8
2018-01-17 18:51:55,092 - INFO - dssInstance - Created pyController -> Controller.PVSystem.bb_258838_1_10
2018-01-17 18:51:55,097 - INFO - dssInstance - Created pyController -> Controller.PVSystem.bb_258899_1_2
2018-01-17 18:51:55,102 - INFO - dssInstance - Created pyController -> Controller.PVSystem.bb_258899_1_8
2018-01-17 18:51:55,107 - INFO - dssInstance - Created pyController -> Controller.PVSystem.bb_259031_1_1
2018-01-17 18:51:55,112 - INFO - dssInstance - Created pyController -> Controller.PVSystem.bb_259031_1_4
2018-01-17 18:51:55,117 - INFO - dssInstance - Created pyController -> Controller.PVSystem.bb_259031_1_7
2018-01-17 18:51:55,122 - INFO - dssInstance - Created pyController -> Controller.PVSystem.bb_259031_1_8
2018-01-17 18:51:55,126 - INFO - dssInstance - Created pyController -> Controller.PVSystem.bb_259031_1_9
2018-01-17 18:51:55,131 - INFO - dssInstance - Created pyController -> Controller.PVSystem.bb_259031_1_10
2018-01-17 18:51:55,136 - INFO - dssInstance - Created pyController -> Controller.PVSystem.bb_259033_1_6
2018-01-17 18:51:55,140 - INFO - dssInstance - Created pyController -> Controller.PVSystem.bb_259033_1_8
2018-01-17 18:51:55,145 - INFO - dssInstance - Created pyController -> Controller.PVSystem.bb_259037_1_1
2018-01-17 18:51:55,149 - INFO - dssInstance - Created pyController -> Controller.PVSystem.bb_259037_1_2
2018-01-17 18:51:55,155 - INFO - dssInstance - Created pyController -> Controller.PVSystem.bb_259037_1_8
2018-01-17 18:51:55,160 - INFO - dssInstance - Created pyController -> Controller.PVSystem.bb_259037_1_11
2018-01-17 18:51:55,165 - INFO - dssInstance - Created pyController -> Controller.PVSystem.bb_259037_1_13
2018-01-17 18:51:55,169 - INFO - dssInstance - Created pyController -> Controller.PVSystem.bb_259041_1_1
2018-01-17 18:51:55,174 - INFO - dssInstance - Created pyController -> Controller.PVSystem.bb_259160_1_1
2018-01-17 18:51:55,178 - INFO - dssInstance - Created pyController -> Controller.PVSystem.bb_259160_1_3
2018-01-17 18:51:55,183 - INFO - dssInstance - Created pyController -> Controller.PVSystem.bb_259160_1_4
2018-01-17 18:51:55,188 - INFO - dssInstance - Created pyController -> Controller.PVSystem.bb_259160_1_7
2018-01-17 18:51:55,192 - INFO - dssInstance - Created pyController -> Controller.PVSystem.bb_259160_1_9
2018-01-17 18:51:55,197 - INFO - dssInstance - Created pyController -> Controller.PVSystem.bb_259160_1_12
2018-01-17 18:51:55,201 - INFO - dssInstance - Created pyController -> Controller.PVSystem.bb_259160_1_13
2018-01-17 18:51:55,206 - INFO - dssInstance - Created pyController -> Controller.PVSystem.bb_259160_1_14
2018-01-17 18:51:55,211 - INFO - dssInstance - Created pyController -> Controller.PVSystem.bb_259166_1_1
2018-01-17 18:51:55,216 - INFO - dssInstance - Created pyController -> Controller.PVSystem.bb_259171_1_1
2018-01-17 18:51:55,221 - INFO - dssInstance - Created pyController -> Controller.PVSystem.bb_259171_1_2
2018-01-17 18:51:55,227 - INFO - dssInstance - Created pyController -> Controller.PVSystem.bb_259171_1_4
2018-01-17 18:51:55,232 - INFO - dssInstance - Created pyController -> Controller.PVSystem.bb_259171_1_7
2018-01-17 18:51:55,237 - INFO - dssInstance - Created pyController -> Controller.PVSystem.bb_259176_1_4
2018-01-17 18:51:55,241 - INFO - dssInstance - Created pyController -> Controller.PVSystem.bb_259176_1_6
2018-01-17 18:51:55,246 - INFO - dssInstance - Created pyController -> Controller.PVSystem.bb_259176_1_8
2018-01-17 18:51:55,251 - INFO - dssInstance - Created pyController -> Controller.PVSystem.bb_263625_1_2
2018-01-17 18:51:55,256 - INFO - dssInstance - Created pyController -> Controller.PVSystem.bb_263625_1_4
2018-01-17 18:51:55,263 - INFO - dssInstance - Created pyController -> Controller.PVSystem.bb_263625_1_11
2018-01-17 18:51:55,267 - INFO - dssInstance - Created pyController -> Controller.PVSystem.bb_263629_1_2
2018-01-17 18:51:55,271 - INFO - dssInstance - Created pyController -> Controller.PVSystem.bb_263629_1_6
2018-01-17 18:51:55,276 - INFO - dssInstance - Created pyController -> Controller.PVSystem.bb_263629_1_7
2018-01-17 18:51:55,280 - INFO - dssInstance - Created pyController -> Controller.PVSystem.bb_263629_1_9
2018-01-17 18:51:55,285 - INFO - dssInstance - Created pyController -> Controller.PVSystem.bb_263629_1_11
2018-01-17 18:51:55,289 - INFO - dssInstance - Created pyController -> Controller.PVSystem.bb_263786_1_1
2018-01-17 18:51:55,294 - INFO - dssInstance - Created pyController -> Controller.PVSystem.bb_263786_1_2
2018-01-17 18:51:55,299 - INFO - dssInstance - Created pyController -> Controller.PVSystem.bb_263786_1_5
2018-01-17 18:51:55,304 - INFO - dssInstance - Created pyController -> Controller.PVSystem.bb_263786_1_9
2018-01-17 18:51:55,309 - INFO - dssInstance - Created pyController -> Controller.PVSystem.bb_263786_1_10
2018-01-17 18:51:55,313 - INFO - dssInstance - Created pyController -> Controller.PVSystem.bb_263786_1_12
2018-01-17 18:51:55,318 - INFO - dssInstance - Created pyController -> Controller.PVSystem.bb_263787_1_1
2018-01-17 18:51:55,322 - INFO - dssInstance - Created pyController -> Controller.PVSystem.bb_263787_1_2
2018-01-17 18:51:55,327 - INFO - dssInstance - Created pyController -> Controller.PVSystem.bb_263787_1_4
2018-01-17 18:51:55,332 - INFO - dssInstance - Created pyController -> Controller.PVSystem.bb_263787_1_5
2018-01-17 18:51:55,336 - INFO - dssInstance - Created pyController -> Controller.PVSystem.bb_263787_1_6
2018-01-17 18:51:55,341 - INFO - dssInstance - Created pyController -> Controller.PVSystem.bb_263787_1_10
2018-01-17 18:51:55,345 - INFO - dssInstance - Created pyController -> Controller.PVSystem.bb_263788_1_1
2018-01-17 18:51:55,351 - INFO - dssInstance - Created pyController -> Controller.PVSystem.bb_263788_1_3
2018-01-17 18:51:55,356 - INFO - dssInstance - Created pyController -> Controller.PVSystem.bb_263789_1_1
2018-01-17 18:51:55,361 - INFO - dssInstance - Created pyController -> Controller.PVSystem.bb_263789_1_4
2018-01-17 18:51:55,366 - INFO - dssInstance - Created pyController -> Controller.PVSystem.bb_263789_1_6
2018-01-17 18:51:55,371 - INFO - dssInstance - Created pyController -> Controller.PVSystem.bb_263789_1_7
2018-01-17 18:51:55,376 - INFO - dssInstance - Created pyController -> Controller.PVSystem.bb_263789_1_10
2018-01-17 18:51:55,383 - INFO - dssInstance - Created pyController -> Controller.PVSystem.bb_263789_1_11
2018-01-17 18:51:55,388 - INFO - dssInstance - Created pyController -> Controller.PVSystem.bb_263789_1_12
2018-01-17 18:51:55,394 - INFO - dssInstance - Created pyController -> Controller.PVSystem.bb_263793_1_2
2018-01-17 18:51:55,401 - INFO - dssInstance - Created pyController -> Controller.PVSystem.bb_263793_1_7
2018-01-17 18:51:55,408 - INFO - dssInstance - Created pyController -> Controller.PVSystem.bb_263793_1_8
2018-01-17 18:51:55,414 - INFO - dssInstance - Created pyController -> Controller.PVSystem.bb_263793_1_9
2018-01-17 18:51:55,421 - INFO - dssInstance - Created pyController -> Controller.PVSystem.bb_263793_1_10
2018-01-17 18:51:55,427 - INFO - dssInstance - Created pyController -> Controller.PVSystem.bb_263795_1_2
2018-01-17 18:51:55,433 - INFO - dssInstance - Created pyController -> Controller.PVSystem.bb_263795_1_4
2018-01-17 18:51:55,438 - INFO - dssInstance - Created pyController -> Controller.PVSystem.bb_263795_1_7
2018-01-17 18:51:55,445 - INFO - dssInstance - Created pyController -> Controller.PVSystem.bb_263795_1_10
2018-01-17 18:51:55,452 - INFO - dssInstance - Created pyController -> Controller.PVSystem.bb_263796_1_3
2018-01-17 18:51:55,458 - INFO - dssInstance - Created pyController -> Controller.PVSystem.bb_263797_1_1
2018-01-17 18:51:55,464 - INFO - dssInstance - Created pyController -> Controller.PVSystem.bb_263798_1_7
2018-01-17 18:51:55,469 - INFO - dssInstance - Created pyController -> Controller.PVSystem.bb_263800_1_3
2018-01-17 18:51:55,474 - INFO - dssInstance - Created pyController -> Controller.PVSystem.bb_263801_1_7
2018-01-17 18:51:55,480 - INFO - dssInstance - Created pyController -> Controller.PVSystem.bb_263802_1_7
2018-01-17 18:51:55,486 - INFO - dssInstance - Created pyController -> Controller.PVSystem.bb_263802_1_8
2018-01-17 18:51:55,491 - INFO - dssInstance - Created pyController -> Controller.PVSystem.bb_263803_1_1
2018-01-17 18:51:55,496 - INFO - dssInstance - Created pyController -> Controller.PVSystem.bb_263803_1_4
2018-01-17 18:51:55,502 - INFO - dssInstance - Created pyController -> Controller.PVSystem.bb_263803_1_5
2018-01-17 18:51:55,507 - INFO - dssInstance - Created pyController -> Controller.PVSystem.bb_263803_1_8
2018-01-17 18:51:55,513 - INFO - dssInstance - Created pyController -> Controller.PVSystem.bb_263803_1_9
2018-01-17 18:51:55,520 - INFO - dssInstance - Created pyController -> Controller.PVSystem.bb_263803_1_10
2018-01-17 18:51:55,525 - INFO - dssInstance - Created pyController -> Controller.PVSystem.bb_263803_1_11
2018-01-17 18:51:55,531 - INFO - dssInstance - Created pyController -> Controller.PVSystem.bb_263803_1_13
2018-01-17 18:51:55,537 - INFO - dssInstance - Created pyController -> Controller.PVSystem.bb_263804_1_2
2018-01-17 18:51:55,542 - INFO - dssInstance - Created pyController -> Controller.PVSystem.bb_263804_1_7
2018-01-17 18:51:55,547 - INFO - dssInstance - Created pyController -> Controller.PVSystem.bb_263804_1_8
2018-01-17 18:51:55,552 - INFO - dssInstance - Created pyController -> Controller.PVSystem.bb_263804_1_12
2018-01-17 18:51:55,557 - INFO - dssInstance - Created pyController -> Controller.PVSystem.bb_263805_1_3
2018-01-17 18:51:55,563 - INFO - dssInstance - Created pyController -> Controller.PVSystem.bb_263805_1_6
2018-01-17 18:51:55,569 - INFO - dssInstance - Created pyController -> Controller.PVSystem.bb_263805_1_9
2018-01-17 18:51:55,574 - INFO - dssInstance - Created pyController -> Controller.PVSystem.bb_263806_1_2
2018-01-17 18:51:55,583 - INFO - dssInstance - Created pyController -> Controller.PVSystem.bb_263806_1_3
2018-01-17 18:51:55,588 - INFO - dssInstance - Created pyController -> Controller.PVSystem.bb_263806_1_4
2018-01-17 18:51:55,594 - INFO - dssInstance - Created pyController -> Controller.PVSystem.bb_263806_1_5
2018-01-17 18:51:55,599 - INFO - dssInstance - Created pyController -> Controller.PVSystem.bb_263806_1_6
2018-01-17 18:51:55,603 - INFO - dssInstance - Created pyController -> Controller.PVSystem.bb_263806_1_8
2018-01-17 18:51:55,609 - INFO - dssInstance - Created pyController -> Controller.PVSystem.bb_263807_1_1
2018-01-17 18:51:55,615 - INFO - dssInstance - Created pyController -> Controller.PVSystem.bb_263807_1_2
2018-01-17 18:51:55,620 - INFO - dssInstance - Created pyController -> Controller.PVSystem.bb_263807_1_5
2018-01-17 18:51:55,625 - INFO - dssInstance - Created pyController -> Controller.PVSystem.bb_263807_1_10
2018-01-17 18:51:55,630 - INFO - dssInstance - Created pyController -> Controller.PVSystem.bb_263808_1_1
2018-01-17 18:51:55,635 - INFO - dssInstance - Created pyController -> Controller.PVSystem.bb_263808_1_4
2018-01-17 18:51:55,639 - INFO - dssInstance - Created pyController -> Controller.PVSystem.bb_263808_1_8
2018-01-17 18:51:55,645 - INFO - dssInstance - Created pyController -> Controller.PVSystem.bb_263808_1_9
2018-01-17 18:51:55,650 - INFO - dssInstance - Created pyController -> Controller.PVSystem.bb_263809_1_1
2018-01-17 18:51:55,655 - INFO - dssInstance - Created pyController -> Controller.PVSystem.bb_263809_1_2
2018-01-17 18:51:55,663 - INFO - dssInstance - Created pyController -> Controller.PVSystem.bb_263809_1_6
2018-01-17 18:51:55,672 - INFO - dssInstance - Created pyController -> Controller.PVSystem.bb_263809_1_8
2018-01-17 18:51:55,677 - INFO - dssInstance - Created pyController -> Controller.PVSystem.bb_263817_1_1
2018-01-17 18:51:55,682 - INFO - dssInstance - Created pyController -> Controller.PVSystem.bb_263817_1_3
2018-01-17 18:51:55,689 - INFO - dssInstance - Created pyController -> Controller.PVSystem.bb_263817_1_6
2018-01-17 18:51:55,695 - INFO - dssInstance - Created pyController -> Controller.PVSystem.bb_263817_1_7
2018-01-17 18:51:55,699 - INFO - dssInstance - Created pyController -> Controller.PVSystem.bb_263817_1_8
2018-01-17 18:51:55,704 - INFO - dssInstance - Created pyController -> Controller.PVSystem.bb_263888_1_1
2018-01-17 18:51:55,708 - INFO - dssInstance - Created pyController -> Controller.PVSystem.bb_263888_1_6
2018-01-17 18:51:55,713 - INFO - dssInstance - Created pyController -> Controller.PVSystem.bb_264037_1_4
2018-01-17 18:51:55,717 - INFO - dssInstance - Created pyController -> Controller.PVSystem.bb_264132_1_5
2018-01-17 18:51:55,722 - INFO - dssInstance - Created pyController -> Controller.PVSystem.bb_264132_1_6
2018-01-17 18:51:55,727 - INFO - dssInstance - Created pyController -> Controller.PVSystem.bb_264132_1_10
2018-01-17 18:51:55,731 - INFO - dssInstance - Created pyController -> Controller.PVSystem.bb_264132_1_13
2018-01-17 18:51:55,736 - INFO - dssInstance - Created pyController -> Controller.PVSystem.bb_264986_1_10
2018-01-17 18:51:55,742 - INFO - dssInstance - Created pyController -> Controller.PVSystem.bb_264986_1_11
2018-01-17 18:51:55,747 - INFO - dssInstance - Created pyController -> Controller.PVSystem.bb_51045896_1_2
2018-01-17 18:51:55,751 - INFO - dssInstance - Created pyController -> Controller.PVSystem.bb_51045896_1_3
2018-01-17 18:51:55,756 - INFO - dssInstance - Created pyController -> Controller.PVSystem.bb_51045964_1_1
2018-01-17 18:51:55,761 - INFO - dssInstance - Created pyController -> Controller.PVSystem.bb_51045964_1_3
2018-01-17 18:51:55,766 - INFO - dssInstance - Created pyController -> Controller.PVSystem.bb_51045964_1_8
2018-01-17 18:51:55,771 - INFO - dssInstance - Created pyController -> Controller.PVSystem.bb_51045964_1_9
2018-01-17 18:51:55,777 - INFO - dssInstance - Created pyController -> Controller.PVSystem.bb_51045964_1_10
2018-01-17 18:51:55,783 - INFO - dssInstance - Created pyController -> Controller.PVSystem.bb_51045964_1_12
2018-01-17 18:51:55,788 - INFO - dssInstance - Created pyController -> Controller.PVSystem.bb_51045964_1_14
2018-01-17 18:51:55,793 - INFO - dssInstance - Created pyController -> Controller.PVSystem.bb_51045975_1_7
2018-01-17 18:51:55,798 - INFO - dssInstance - Created pyController -> Controller.PVSystem.bb_51045975_1_9
2018-01-17 18:51:55,803 - INFO - dssInstance - Created pyController -> Controller.PVSystem.bb_51045975_1_10
2018-01-17 18:51:55,807 - INFO - dssInstance - Created pyController -> Controller.PVSystem.bb_51045982_1_1
2018-01-17 18:51:55,813 - INFO - dssInstance - Created pyController -> Controller.PVSystem.bb_51046037_1_1
2018-01-17 18:51:55,819 - INFO - dssInstance - Created pyController -> Controller.PVSystem.bb_51046037_1_7
2018-01-17 18:51:55,824 - INFO - dssInstance - Created pyController -> Controller.PVSystem.bb_51046044_1_4
2018-01-17 18:51:55,829 - INFO - dssInstance - Created pyController -> Controller.PVSystem.bb_51046044_1_7
2018-01-17 18:51:55,834 - INFO - dssInstance - Created pyController -> Controller.PVSystem.bb_51046044_1_8
2018-01-17 18:51:55,839 - INFO - dssInstance - Created pyController -> Controller.PVSystem.oh_257608_1_4
2018-01-17 18:51:55,843 - INFO - dssInstance - Created pyController -> Controller.PVSystem.oh_257608_1_6
2018-01-17 18:51:55,848 - INFO - dssInstance - Created pyController -> Controller.PVSystem.oh_257608_1_7
2018-01-17 18:51:55,853 - INFO - dssInstance - Created pyController -> Controller.PVSystem.oh_257608_1_9
2018-01-17 18:51:55,857 - INFO - dssInstance - Created pyController -> Controller.PVSystem.oh_257796_1_3
2018-01-17 18:51:55,862 - INFO - dssInstance - Created pyController -> Controller.PVSystem.oh_257796_1_5
2018-01-17 18:51:55,867 - INFO - dssInstance - Created pyController -> Controller.PVSystem.oh_257796_1_7
2018-01-17 18:51:55,871 - INFO - dssInstance - Created pyController -> Controller.PVSystem.oh_257796_1_8
2018-01-17 18:51:55,876 - INFO - dssInstance - Created pyController -> Controller.PVSystem.oh_257796_1_9
2018-01-17 18:51:55,881 - INFO - dssInstance - Created pyController -> Controller.PVSystem.oh_257796_1_10
2018-01-17 18:51:55,886 - INFO - dssInstance - Created pyController -> Controller.PVSystem.oh_257796_1_12
2018-01-17 18:51:55,891 - INFO - dssInstance - Created pyController -> Controller.PVSystem.oh_257798_1_4
2018-01-17 18:51:55,897 - INFO - dssInstance - Created pyController -> Controller.PVSystem.oh_257798_1_6
2018-01-17 18:51:55,903 - INFO - dssInstance - Created pyController -> Controller.PVSystem.oh_257798_1_7
2018-01-17 18:51:55,908 - INFO - dssInstance - Created pyController -> Controller.PVSystem.oh_257798_1_9
2018-01-17 18:51:55,917 - INFO - dssInstance - Created pyController -> Controller.PVSystem.oh_257798_1_10
2018-01-17 18:51:55,923 - INFO - dssInstance - Created pyController -> Controller.PVSystem.oh_257798_1_16
2018-01-17 18:51:55,928 - INFO - dssInstance - Created pyController -> Controller.PVSystem.oh_257804_1_3
2018-01-17 18:51:55,932 - INFO - dssInstance - Created pyController -> Controller.PVSystem.oh_257804_1_5
2018-01-17 18:51:55,937 - INFO - dssInstance - Created pyController -> Controller.PVSystem.oh_257806_1_4
2018-01-17 18:51:55,942 - INFO - dssInstance - Created pyController -> Controller.PVSystem.oh_257806_1_8
2018-01-17 18:51:55,947 - INFO - dssInstance - Created pyController -> Controller.PVSystem.oh_257806_1_9
2018-01-17 18:51:55,951 - INFO - dssInstance - Created pyController -> Controller.PVSystem.oh_257806_1_10
2018-01-17 18:51:55,957 - INFO - dssInstance - Created pyController -> Controller.PVSystem.oh_257806_1_11
2018-01-17 18:51:55,962 - INFO - dssInstance - Created pyController -> Controller.PVSystem.oh_257806_1_12
2018-01-17 18:51:55,972 - INFO - dssInstance - Created pyController -> Controller.PVSystem.oh_257806_1_14
2018-01-17 18:51:55,978 - INFO - dssInstance - Created pyController -> Controller.PVSystem.oh_257807_1_5
2018-01-17 18:51:55,983 - INFO - dssInstance - Created pyController -> Controller.PVSystem.oh_257811_1_2
2018-01-17 18:51:55,988 - INFO - dssInstance - Created pyController -> Controller.PVSystem.oh_257811_1_5
2018-01-17 18:51:55,993 - INFO - dssInstance - Created pyController -> Controller.PVSystem.oh_257811_1_7
2018-01-17 18:51:55,998 - INFO - dssInstance - Created pyController -> Controller.PVSystem.oh_257815_1_3
2018-01-17 18:51:56,002 - INFO - dssInstance - Created pyController -> Controller.PVSystem.oh_262480_1_8
2018-01-17 18:51:56,008 - INFO - dssInstance - Created pyController -> Controller.PVSystem.oh_262481_1_3
2018-01-17 18:51:56,014 - INFO - dssInstance - Created pyController -> Controller.PVSystem.oh_262486_1_6
2018-01-17 18:51:56,019 - INFO - dssInstance - Created pyController -> Controller.PVSystem.oh_262486_1_13
2018-01-17 18:51:56,023 - INFO - dssInstance - Created pyController -> Controller.PVSystem.oh_262490_1_2
2018-01-17 18:51:56,028 - INFO - dssInstance - Created pyController -> Controller.PVSystem.oh_262490_1_4
2018-01-17 18:51:56,033 - INFO - dssInstance - Created pyController -> Controller.PVSystem.oh_262490_1_5
2018-01-17 18:51:56,038 - INFO - dssInstance - Created pyController -> Controller.PVSystem.oh_263539_1_3
2018-01-17 18:51:56,043 - INFO - dssInstance - Created pyController -> Controller.PVSystem.oh_263541_1_8
2018-01-17 18:51:56,048 - INFO - dssInstance - Created pyController -> Controller.PVSystem.oh_263737_1_5
2018-01-17 18:51:56,055 - INFO - dssInstance - Created pyController -> Controller.PVSystem.oh_263739_1_2
2018-01-17 18:51:56,060 - INFO - dssInstance - Created pyController -> Controller.PVSystem.oh_264009_1_6
2018-01-17 18:51:56,065 - INFO - dssInstance - Created pyController -> Controller.PVSystem.oh_264010_1_3
2018-01-17 18:51:56,070 - INFO - dssInstance - Created pyController -> Controller.PVSystem.oh_264022_1_1
2018-01-17 18:51:56,077 - INFO - dssInstance - Created pyController -> Controller.PVSystem.oh_264022_1_5
2018-01-17 18:51:56,082 - INFO - dssInstance - Created pyController -> Controller.PVSystem.oh_264022_1_7
2018-01-17 18:51:56,087 - INFO - dssInstance - Created pyController -> Controller.PVSystem.oh_264022_1_9
2018-01-17 18:51:56,091 - INFO - dssInstance - Created pyController -> Controller.PVSystem.oh_264022_1_13
2018-01-17 18:51:56,096 - INFO - dssInstance - Created pyController -> Controller.PVSystem.oh_264022_1_14
2018-01-17 18:51:56,101 - INFO - dssInstance - Created pyController -> Controller.PVSystem.oh_264056_1_2
2018-01-17 18:51:56,105 - INFO - dssInstance - Created pyController -> Controller.PVSystem.oh_264056_1_4
2018-01-17 18:51:56,110 - INFO - dssInstance - Created pyController -> Controller.PVSystem.oh_264056_1_6
2018-01-17 18:51:56,115 - INFO - dssInstance - Created pyController -> Controller.PVSystem.oh_264056_1_9
2018-01-17 18:51:56,119 - INFO - dssInstance - Created pyController -> Controller.PVSystem.oh_264057_1_2
2018-01-17 18:51:56,123 - INFO - dssInstance - Created pyController -> Controller.PVSystem.oh_264057_1_7
2018-01-17 18:51:56,128 - INFO - dssInstance - Created pyController -> Controller.PVSystem.oh_264057_1_8
2018-01-17 18:51:56,132 - INFO - dssInstance - Created pyController -> Controller.PVSystem.oh_264058_1_6
2018-01-17 18:51:56,137 - INFO - dssInstance - Created pyController -> Controller.PVSystem.oh_264058_1_8
2018-01-17 18:51:56,142 - INFO - dssInstance - Created pyController -> Controller.PVSystem.oh_264058_1_10
2018-01-17 18:51:56,147 - INFO - dssInstance - Created pyController -> Controller.PVSystem.oh_264058_1_11
2018-01-17 18:51:56,151 - INFO - dssInstance - Created pyController -> Controller.PVSystem.oh_264059_1_1
2018-01-17 18:51:56,156 - INFO - dssInstance - Created pyController -> Controller.PVSystem.oh_264059_1_3
2018-01-17 18:51:56,161 - INFO - dssInstance - Created pyController -> Controller.PVSystem.oh_264059_1_5
2018-01-17 18:51:56,173 - INFO - dssInstance - Created pyController -> Controller.PVSystem.oh_264059_1_6
2018-01-17 18:51:56,185 - INFO - dssInstance - Created pyController -> Controller.PVSystem.oh_264059_1_8
2018-01-17 18:51:56,190 - INFO - dssInstance - Created pyController -> Controller.PVSystem.oh_264059_1_9
2018-01-17 18:51:56,195 - INFO - dssInstance - Created pyController -> Controller.PVSystem.oh_264106_1_4
2018-01-17 18:51:56,200 - INFO - dssInstance - Created pyController -> Controller.PVSystem.oh_264106_1_7
2018-01-17 18:51:56,206 - INFO - dssInstance - Created pyController -> Controller.PVSystem.oh_264158_1_11
2018-01-17 18:51:56,211 - INFO - dssInstance - Created pyController -> Controller.PVSystem.oh_264870_1_11
2018-01-17 18:51:56,216 - INFO - dssInstance - Created pyController -> Controller.PVSystem.oh_264874_1_4
2018-01-17 18:51:56,221 - INFO - dssInstance - Created pyController -> Controller.PVSystem.oh_264874_1_7
2018-01-17 18:51:56,227 - INFO - dssInstance - Created pyController -> Controller.PVSystem.oh_264880_1_1
2018-01-17 18:51:56,231 - INFO - dssInstance - Created pyController -> Controller.PVSystem.oh_264880_1_3
2018-01-17 18:51:56,236 - INFO - dssInstance - Created pyController -> Controller.PVSystem.oh_264880_1_6
2018-01-17 18:51:56,244 - INFO - dssInstance - Created pyController -> Controller.PVSystem.oh_264883_1_2
2018-01-17 18:51:56,249 - INFO - dssInstance - Created pyController -> Controller.PVSystem.oh_264883_1_9
2018-01-17 18:51:56,255 - INFO - dssInstance - Created pyController -> Controller.PVSystem.oh_264883_1_10
2018-01-17 18:51:56,262 - INFO - dssInstance - Created pyController -> Controller.PVSystem.oh_264889_1_6
2018-01-17 18:51:56,268 - INFO - dssInstance - Created pyController -> Controller.PVSystem.oh_264889_1_7
2018-01-17 18:51:56,275 - INFO - dssInstance - Created pyController -> Controller.PVSystem.oh_264889_1_9
2018-01-17 18:51:56,286 - INFO - dssInstance - Created pyController -> Controller.PVSystem.oh_264889_1_10
2018-01-17 18:51:56,297 - INFO - dssInstance - Created pyController -> Controller.PVSystem.oh_264889_1_13
2018-01-17 18:51:56,304 - INFO - dssInstance - Created pyController -> Controller.PVSystem.oh_264893_1_3
2018-01-17 18:51:56,309 - INFO - dssInstance - Created pyController -> Controller.PVSystem.oh_264893_1_4
2018-01-17 18:51:56,321 - INFO - dssInstance - Created pyController -> Controller.PVSystem.oh_264893_1_7
2018-01-17 18:51:56,327 - INFO - dssInstance - Created pyController -> Controller.PVSystem.oh_264893_1_10
2018-01-17 18:51:56,333 - INFO - dssInstance - Created pyController -> Controller.PVSystem.oh_264898_1_2
2018-01-17 18:51:56,338 - INFO - dssInstance - Created pyController -> Controller.PVSystem.oh_264898_1_3
2018-01-17 18:51:56,342 - INFO - dssInstance - Created pyController -> Controller.PVSystem.oh_264913_1_1
2018-01-17 18:51:56,347 - INFO - dssInstance - Created pyController -> Controller.PVSystem.oh_264913_1_3
2018-01-17 18:51:56,352 - INFO - dssInstance - Created pyController -> Controller.PVSystem.oh_264913_1_4
2018-01-17 18:51:56,357 - INFO - dssInstance - Created pyController -> Controller.PVSystem.oh_264913_1_6
2018-01-17 18:51:56,363 - INFO - dssInstance - Created pyController -> Controller.PVSystem.oh_264919_1_2
2018-01-17 18:51:56,368 - INFO - dssInstance - Created pyController -> Controller.PVSystem.oh_264919_1_4
2018-01-17 18:51:56,375 - INFO - dssInstance - Created pyController -> Controller.PVSystem.oh_264931_1_1
2018-01-17 18:51:56,380 - INFO - dssInstance - Created pyController -> Controller.PVSystem.oh_264931_1_6
2018-01-17 18:51:56,385 - INFO - dssInstance - Created pyController -> Controller.PVSystem.oh_264931_1_8
2018-01-17 18:51:56,390 - INFO - dssInstance - Created pyController -> Controller.PVSystem.oh_264934_1_1
2018-01-17 18:51:56,397 - INFO - dssInstance - Created pyController -> Controller.PVSystem.oh_264953_1_1
2018-01-17 18:51:56,402 - INFO - dssInstance - Created pyController -> Controller.PVSystem.oh_264953_1_3
2018-01-17 18:51:56,407 - INFO - dssInstance - Created pyController -> Controller.PVSystem.oh_264953_1_9
2018-01-17 18:51:56,414 - INFO - dssInstance - Created pyController -> Controller.PVSystem.oh_264953_1_10
2018-01-17 18:51:56,419 - INFO - dssInstance - Created pyController -> Controller.PVSystem.oh_264971_1_5
2018-01-17 18:51:56,424 - INFO - dssInstance - Created pyController -> Controller.PVSystem.oh_51061590_1_2
2018-01-17 18:51:56,429 - INFO - dssInstance - Created pyController -> Controller.PVSystem.oh_51120111_1_5
2018-01-17 18:51:56,433 - INFO - dssInstance - Created pyController -> Controller.PVSystem.oh_51120111_1_8
2018-01-17 18:51:56,438 - INFO - dssInstance - Created pyController -> Controller.PVSystem.oh_51120111_1_10
2018-01-17 18:51:56,443 - INFO - dssInstance - Created pyController -> Controller.PVSystem.oh_51267194_1_7
2018-01-17 18:51:56,448 - INFO - dssInstance - Created pyController -> Controller.PVSystem.oh_51267194_1_8
2018-01-17 18:51:56,453 - INFO - dssInstance - Created pyController -> Controller.PVSystem.oh_260946_0_2
2018-01-17 18:51:56,458 - INFO - dssInstance - Created pyController -> Controller.PVSystem.oh_260946_0_7
2018-01-17 18:51:56,463 - INFO - dssInstance - Created pyController -> Controller.PVSystem.oh_261479_2_1
2018-01-17 18:51:56,468 - INFO - dssInstance - Created pyController -> Controller.PVSystem.oh_261479_2_2
2018-01-17 18:51:56,474 - INFO - dssInstance - Created pyController -> Controller.PVSystem.oh_261483_1_2
2018-01-17 18:51:56,480 - INFO - dssInstance - Created pyController -> Controller.PVSystem.oh_261483_1_3
2018-01-17 18:51:56,485 - INFO - dssInstance - Created pyController -> Controller.PVSystem.oh_261483_2_1
2018-01-17 18:51:56,491 - INFO - dssInstance - Created pyController -> Controller.PVSystem.oh_261483_2_2
2018-01-17 18:51:56,496 - INFO - dssInstance - Created pyController -> Controller.PVSystem.oh_261486_2_1
2018-01-17 18:51:56,500 - INFO - dssInstance - Created pyController -> Controller.PVSystem.oh_261535_0_5
2018-01-17 18:51:56,505 - INFO - dssInstance - Created pyController -> Controller.PVSystem.oh_261573_1_2
2018-01-17 18:51:56,510 - INFO - dssInstance - Created pyController -> Controller.PVSystem.oh_261573_2_2
2018-01-17 18:51:56,515 - INFO - dssInstance - Created pyController -> Controller.PVSystem.oh_261576_2_2
2018-01-17 18:51:56,520 - INFO - dssInstance - Created pyController -> Controller.PVSystem.oh_261584_1_2
2018-01-17 18:51:56,526 - INFO - dssInstance - Created pyController -> Controller.PVSystem.oh_261584_2_2
2018-01-17 18:51:56,531 - INFO - dssInstance - Created pyController -> Controller.PVSystem.oh_261584_2_3
2018-01-17 18:51:56,538 - INFO - dssInstance - Created pyController -> Controller.PVSystem.oh_261584_2_4
2018-01-17 18:51:56,543 - INFO - dssInstance - Created pyController -> Controller.PVSystem.oh_261592_1_2
2018-01-17 18:51:56,548 - INFO - dssInstance - Created pyController -> Controller.PVSystem.oh_261592_1_3
2018-01-17 18:51:56,554 - INFO - dssInstance - Created pyController -> Controller.PVSystem.oh_261604_1_2
2018-01-17 18:51:56,560 - INFO - dssInstance - Created pyController -> Controller.PVSystem.oh_261663_0_5
2018-01-17 18:51:56,565 - INFO - dssInstance - Created pyController -> Controller.PVSystem.oh_261663_0_6
2018-01-17 18:51:56,569 - INFO - dssInstance - Created pyController -> Controller.PVSystem.oh_261666_0_2
2018-01-17 18:51:56,573 - INFO - dssInstance - Created pyController -> Controller.PVSystem.oh_261666_0_5
2018-01-17 18:51:56,579 - INFO - dssInstance - Created pyController -> Controller.PVSystem.oh_261691_2_1
2018-01-17 18:51:56,584 - INFO - dssInstance - Created pyController -> Controller.PVSystem.oh_262646_2_3
2018-01-17 18:51:56,589 - INFO - dssInstance - Created pyController -> Controller.PVSystem.oh_262657_2_1
2018-01-17 18:51:56,594 - INFO - dssInstance - Created pyController -> Controller.PVSystem.oh_262864_2_1
2018-01-17 18:51:56,599 - INFO - dssInstance - Created pyController -> Controller.PVSystem.oh_262868_0_2
2018-01-17 18:51:56,604 - INFO - dssInstance - Created pyController -> Controller.PVSystem.oh_262876_1_1
2018-01-17 18:51:56,610 - INFO - dssInstance - Created pyController -> Controller.PVSystem.oh_262876_1_3
2018-01-17 18:51:56,616 - INFO - dssInstance - Created pyController -> Controller.PVSystem.oh_262876_1_6
2018-01-17 18:51:56,621 - INFO - dssInstance - Created pyController -> Controller.PVSystem.oh_262876_2_1
2018-01-17 18:51:56,627 - INFO - dssInstance - Created pyController -> Controller.PVSystem.oh_262978_1_7
2018-01-17 18:51:56,633 - INFO - dssInstance - Created pyController -> Controller.PVSystem.oh_262978_2_1
2018-01-17 18:51:56,637 - INFO - dssInstance - Created pyController -> Controller.PVSystem.oh_262978_2_6
2018-01-17 18:51:56,642 - INFO - dssInstance - Created pyController -> Controller.PVSystem.oh_262983_1_7
2018-01-17 18:51:56,647 - INFO - dssInstance - Created pyController -> Controller.PVSystem.oh_262987_1_3
2018-01-17 18:51:56,652 - INFO - dssInstance - Created pyController -> Controller.PVSystem.oh_262987_1_5
2018-01-17 18:51:56,657 - INFO - dssInstance - Created pyController -> Controller.PVSystem.oh_262987_1_6
2018-01-17 18:51:56,662 - INFO - dssInstance - Created pyController -> Controller.PVSystem.oh_262987_2_5
2018-01-17 18:51:56,668 - INFO - dssInstance - Created pyController -> Controller.PVSystem.oh_262992_2_1
2018-01-17 18:51:56,673 - INFO - dssInstance - Created pyController -> Controller.PVSystem.oh_262998_1_2
2018-01-17 18:51:56,678 - INFO - dssInstance - Created pyController -> Controller.PVSystem.oh_263013_1_1
2018-01-17 18:51:56,682 - INFO - dssInstance - Created pyController -> Controller.PVSystem.oh_263013_1_2
2018-01-17 18:51:56,687 - INFO - dssInstance - Created pyController -> Controller.PVSystem.oh_263013_1_3
2018-01-17 18:51:56,692 - INFO - dssInstance - Created pyController -> Controller.PVSystem.oh_263013_2_1
2018-01-17 18:51:56,697 - INFO - dssInstance - Created pyController -> Controller.PVSystem.oh_263013_2_4
2018-01-17 18:51:56,701 - INFO - dssInstance - Created pyController -> Controller.PVSystem.oh_263013_2_5
2018-01-17 18:51:56,706 - INFO - dssInstance - Created pyController -> Controller.PVSystem.oh_263090_2_2
2018-01-17 18:51:56,710 - INFO - dssInstance - Created pyController -> Controller.PVSystem.oh_263121_1_2
2018-01-17 18:51:56,715 - INFO - dssInstance - Created pyController -> Controller.PVSystem.oh_263121_2_1
2018-01-17 18:51:56,720 - INFO - dssInstance - Created pyController -> Controller.PVSystem.oh_263163_0_2
2018-01-17 18:51:56,725 - INFO - dssInstance - Created pyController -> Controller.PVSystem.oh_263163_0_3
2018-01-17 18:51:56,731 - INFO - dssInstance - Created pyController -> Controller.PVSystem.oh_263163_0_4
2018-01-17 18:51:56,737 - INFO - dssInstance - Created pyController -> Controller.PVSystem.oh_263163_0_6
2018-01-17 18:51:56,742 - INFO - dssInstance - Created pyController -> Controller.PVSystem.oh_263163_0_7
2018-01-17 18:51:56,746 - INFO - dssInstance - Created pyController -> Controller.PVSystem.oh_263243_0_12
2018-01-17 18:51:56,751 - INFO - dssInstance - Created pyController -> Controller.PVSystem.oh_263270_1_1
2018-01-17 18:51:56,754 - INFO - dssInstance - Created pyController -> Controller.PVSystem.oh_263270_1_2
2018-01-17 18:51:56,758 - INFO - dssInstance - Created pyController -> Controller.PVSystem.oh_263336_0_1
2018-01-17 18:51:56,762 - INFO - dssInstance - Created pyController -> Controller.PVSystem.oh_263336_0_3
2018-01-17 18:51:56,766 - INFO - dssInstance - Created pyController -> Controller.PVSystem.oh_263353_2_1
2018-01-17 18:51:56,769 - INFO - dssInstance - Created pyController -> Controller.PVSystem.oh_263400_0_3
2018-01-17 18:51:56,774 - INFO - dssInstance - Created pyController -> Controller.PVSystem.oh_263400_0_5
2018-01-17 18:51:56,777 - INFO - dssInstance - Created pyController -> Controller.PVSystem.oh_263400_0_6
2018-01-17 18:51:56,782 - INFO - dssInstance - Created pyController -> Controller.PVSystem.oh_263400_0_7
2018-01-17 18:51:56,787 - INFO - dssInstance - Created pyController -> Controller.PVSystem.oh_263400_0_11
2018-01-17 18:51:56,792 - INFO - dssInstance - Created pyController -> Controller.PVSystem.oh_263400_0_13
2018-01-17 18:51:56,797 - INFO - dssInstance - Created pyController -> Controller.PVSystem.oh_263400_0_15
2018-01-17 18:51:56,801 - INFO - dssInstance - Created pyController -> Controller.PVSystem.oh_263400_0_18
2018-01-17 18:51:56,806 - INFO - dssInstance - Created pyController -> Controller.PVSystem.oh_263619_0_3
2018-01-17 18:51:56,811 - INFO - dssInstance - Created pyController -> Controller.PVSystem.oh_264202_1_3
2018-01-17 18:51:56,815 - INFO - dssInstance - Created pyController -> Controller.PVSystem.oh_264241_1_1
2018-01-17 18:51:56,819 - INFO - dssInstance - Created pyController -> Controller.PVSystem.oh_264241_1_3
2018-01-17 18:51:56,823 - INFO - dssInstance - Created pyController -> Controller.PVSystem.oh_264241_2_1
2018-01-17 18:51:56,827 - INFO - dssInstance - Created pyController -> Controller.PVSystem.oh_264327_2_3
2018-01-17 18:51:56,832 - INFO - dssInstance - Created pyController -> Controller.PVSystem.oh_264329_2_2
2018-01-17 18:51:56,836 - INFO - dssInstance - Created pyController -> Controller.PVSystem.oh_264331_1_3
2018-01-17 18:51:56,839 - INFO - dssInstance - Created pyController -> Controller.PVSystem.oh_264402_2_1
2018-01-17 18:51:56,845 - INFO - dssInstance - Created pyController -> Controller.PVSystem.oh_264409_1_4
2018-01-17 18:51:56,849 - INFO - dssInstance - Created pyController -> Controller.PVSystem.oh_264409_2_2
2018-01-17 18:51:56,853 - INFO - dssInstance - Created pyController -> Controller.PVSystem.oh_264477_0_2
2018-01-17 18:51:56,857 - INFO - dssInstance - Created pyController -> Controller.PVSystem.oh_264481_0_1
2018-01-17 18:51:56,862 - INFO - dssInstance - Created pyController -> Controller.PVSystem.oh_264487_0_3
2018-01-17 18:51:56,867 - INFO - dssInstance - Created pyController -> Controller.PVSystem.oh_264611_1_4
2018-01-17 18:51:56,871 - INFO - dssInstance - Created pyController -> Controller.PVSystem.oh_264618_0_12
2018-01-17 18:51:56,875 - INFO - dssInstance - Created pyController -> Controller.PVSystem.oh_264618_0_25
2018-01-17 18:51:56,880 - INFO - dssInstance - Created pyController -> Controller.PVSystem.oh_264695_1_2
2018-01-17 18:51:56,888 - INFO - dssInstance - Created pyController -> Controller.PVSystem.oh_264725_2_1
2018-01-17 18:51:56,893 - INFO - dssInstance - Created pyController -> Controller.PVSystem.oh_264767_0_3
2018-01-17 18:51:56,898 - INFO - dssInstance - Created pyController -> Controller.PVSystem.oh_264767_0_4
2018-01-17 18:51:56,903 - INFO - dssInstance - Created pyController -> Controller.PVSystem.oh_264767_0_6
2018-01-17 18:51:56,907 - INFO - dssInstance - Created pyController -> Controller.PVSystem.oh_261491c
2018-01-17 18:51:56,912 - INFO - dssInstance - Created pyController -> Controller.PVSystem.oh_262865a
2018-01-17 18:51:56,917 - INFO - dssInstance - Created pyController -> Controller.PVSystem.oh_262865c
2018-01-17 18:51:56,921 - INFO - dssInstance - Created pyController -> Controller.PVSystem.oh_263333a
2018-01-17 18:51:56,925 - INFO - dssInstance - Created pyController -> Controller.PVSystem.oh_263615c
2018-01-17 18:51:56,928 - INFO - dssInstance - Created pyController -> Controller.PVSystem.oh_264082c
2018-01-17 18:51:56,933 - INFO - dssInstance - Created pyController -> Controller.PVSystem.oh_264579b
2018-01-17 18:51:56,937 - INFO - dssInstance - Created pyController -> Controller.PVSystem.oh_51048142a
2018-01-17 18:51:57,477 - INFO - dssInstance - Created pyController -> Controller.Storage.storagebus
2018-01-17 18:51:57,478 - INFO - dssInstance - Created pyController -> Controller.RegControl.subxfrmr
2018-01-17 18:52:21,087 - INFO - dssInstance - Running simulation for 96 time steps
2018-01-17 18:52:21,162 - INFO - SolveMode - Simululation time [h] - 96.25
2018-01-17 18:52:21,312 - INFO - SolveMode - Simululation time [h] - 96.5
2018-01-17 18:52:21,458 - INFO - SolveMode - Simululation time [h] - 96.75
2018-01-17 18:52:21,618 - INFO - SolveMode - Simululation time [h] - 97.0
2018-01-17 18:52:21,772 - INFO - SolveMode - Simululation time [h] - 97.25
2018-01-17 18:52:21,911 - INFO - SolveMode - Simululation time [h] - 97.5
2018-01-17 18:52:22,060 - INFO - SolveMode - Simululation time [h] - 97.75
2018-01-17 18:52:22,230 - INFO - SolveMode - Simululation time [h] - 98.0
2018-01-17 18:52:22,351 - INFO - SolveMode - Simululation time [h] - 98.25
2018-01-17 18:52:22,467 - INFO - SolveMode - Simululation time [h] - 98.5
2018-01-17 18:52:22,625 - INFO - SolveMode - Simululation time [h] - 98.75
2018-01-17 18:52:22,775 - INFO - SolveMode - Simululation time [h] - 99.0
2018-01-17 18:52:22,914 - INFO - SolveMode - Simululation time [h] - 99.25
2018-01-17 18:52:23,036 - INFO - SolveMode - Simululation time [h] - 99.5
2018-01-17 18:52:23,180 - INFO - SolveMode - Simululation time [h] - 99.75
2018-01-17 18:52:23,324 - INFO - SolveMode - Simululation time [h] - 100.0
2018-01-17 18:52:23,446 - INFO - SolveMode - Simululation time [h] - 100.25
2018-01-17 18:52:23,618 - INFO - SolveMode - Simululation time [h] - 100.5
2018-01-17 18:52:23,767 - INFO - SolveMode - Simululation time [h] - 100.75
2018-01-17 18:52:23,907 - INFO - SolveMode - Simululation time [h] - 101.0
2018-01-17 18:52:24,053 - INFO - SolveMode - Simululation time [h] - 101.25
2018-01-17 18:52:24,198 - INFO - SolveMode - Simululation time [h] - 101.5
2018-01-17 18:52:24,339 - INFO - SolveMode - Simululation time [h] - 101.75
2018-01-17 18:52:24,510 - INFO - SolveMode - Simululation time [h] - 102.0
2018-01-17 18:52:24,668 - INFO - SolveMode - Simululation time [h] - 102.25
2018-01-17 18:52:24,820 - INFO - SolveMode - Simululation time [h] - 102.5
2018-01-17 18:52:24,962 - INFO - SolveMode - Simululation time [h] - 102.75
2018-01-17 18:52:25,101 - INFO - SolveMode - Simululation time [h] - 103.0
2018-01-17 18:52:25,261 - INFO - SolveMode - Simululation time [h] - 103.25
2018-01-17 18:52:25,401 - INFO - SolveMode - Simululation time [h] - 103.5
2018-01-17 18:52:25,564 - INFO - SolveMode - Simululation time [h] - 103.75
2018-01-17 18:52:25,718 - INFO - SolveMode - Simululation time [h] - 104.0
2018-01-17 18:52:25,862 - INFO - SolveMode - Simululation time [h] - 104.25
2018-01-17 18:52:26,005 - INFO - SolveMode - Simululation time [h] - 104.5
2018-01-17 18:52:26,155 - INFO - SolveMode - Simululation time [h] - 104.75
2018-01-17 18:52:26,304 - INFO - SolveMode - Simululation time [h] - 105.0
2018-01-17 18:52:26,454 - INFO - SolveMode - Simululation time [h] - 105.25
2018-01-17 18:52:26,659 - INFO - SolveMode - Simululation time [h] - 105.5
2018-01-17 18:52:26,813 - INFO - SolveMode - Simululation time [h] - 105.75
2018-01-17 18:52:26,967 - INFO - SolveMode - Simululation time [h] - 106.0
2018-01-17 18:52:27,118 - INFO - SolveMode - Simululation time [h] - 106.25
2018-01-17 18:52:27,272 - INFO - SolveMode - Simululation time [h] - 106.5
2018-01-17 18:52:27,516 - INFO - SolveMode - Simululation time [h] - 106.75
2018-01-17 18:52:27,794 - INFO - SolveMode - Simululation time [h] - 107.0
2018-01-17 18:52:28,035 - INFO - SolveMode - Simululation time [h] - 107.25
2018-01-17 18:52:28,285 - INFO - SolveMode - Simululation time [h] - 107.5
2018-01-17 18:52:28,540 - INFO - SolveMode - Simululation time [h] - 107.75
2018-01-17 18:52:28,829 - INFO - SolveMode - Simululation time [h] - 108.0
2018-01-17 18:52:29,138 - INFO - SolveMode - Simululation time [h] - 108.25
2018-01-17 18:52:29,375 - INFO - SolveMode - Simululation time [h] - 108.5
2018-01-17 18:52:29,666 - INFO - SolveMode - Simululation time [h] - 108.75
2018-01-17 18:52:29,990 - INFO - SolveMode - Simululation time [h] - 109.0
2018-01-17 18:52:30,298 - INFO - SolveMode - Simululation time [h] - 109.25
2018-01-17 18:52:30,549 - INFO - SolveMode - Simululation time [h] - 109.5
2018-01-17 18:52:30,834 - INFO - SolveMode - Simululation time [h] - 109.75
2018-01-17 18:52:31,086 - INFO - SolveMode - Simululation time [h] - 110.0
2018-01-17 18:52:31,359 - INFO - SolveMode - Simululation time [h] - 110.25
2018-01-17 18:52:31,617 - INFO - SolveMode - Simululation time [h] - 110.5
2018-01-17 18:52:31,872 - INFO - SolveMode - Simululation time [h] - 110.75
2018-01-17 18:52:32,165 - INFO - SolveMode - Simululation time [h] - 111.0
2018-01-17 18:52:32,370 - INFO - SolveMode - Simululation time [h] - 111.25
2018-01-17 18:52:32,651 - INFO - SolveMode - Simululation time [h] - 111.5
2018-01-17 18:52:32,931 - INFO - SolveMode - Simululation time [h] - 111.75
2018-01-17 18:52:33,097 - INFO - SolveMode - Simululation time [h] - 112.0
2018-01-17 18:52:33,270 - INFO - SolveMode - Simululation time [h] - 112.25
2018-01-17 18:52:33,464 - INFO - SolveMode - Simululation time [h] - 112.5
2018-01-17 18:52:33,641 - INFO - SolveMode - Simululation time [h] - 112.75
2018-01-17 18:52:33,840 - INFO - SolveMode - Simululation time [h] - 113.0
2018-01-17 18:52:34,003 - INFO - SolveMode - Simululation time [h] - 113.25
2018-01-17 18:52:34,192 - INFO - SolveMode - Simululation time [h] - 113.5
2018-01-17 18:52:34,354 - INFO - SolveMode - Simululation time [h] - 113.75
2018-01-17 18:52:34,520 - INFO - SolveMode - Simululation time [h] - 114.0
2018-01-17 18:52:34,695 - INFO - SolveMode - Simululation time [h] - 114.25
2018-01-17 18:52:34,870 - INFO - SolveMode - Simululation time [h] - 114.5
2018-01-17 18:52:35,062 - INFO - SolveMode - Simululation time [h] - 114.75
2018-01-17 18:52:35,224 - INFO - SolveMode - Simululation time [h] - 115.0
2018-01-17 18:52:35,393 - INFO - SolveMode - Simululation time [h] - 115.25
2018-01-17 18:52:35,566 - INFO - SolveMode - Simululation time [h] - 115.5
2018-01-17 18:52:35,736 - INFO - SolveMode - Simululation time [h] - 115.75
2018-01-17 18:52:35,906 - INFO - SolveMode - Simululation time [h] - 116.0
2018-01-17 18:52:36,061 - INFO - SolveMode - Simululation time [h] - 116.25
2018-01-17 18:52:36,226 - INFO - SolveMode - Simululation time [h] - 116.5
2018-01-17 18:52:36,384 - INFO - SolveMode - Simululation time [h] - 116.75
2018-01-17 18:52:36,520 - INFO - SolveMode - Simululation time [h] - 117.0
2018-01-17 18:52:36,688 - INFO - SolveMode - Simululation time [h] - 117.25
2018-01-17 18:52:36,854 - INFO - SolveMode - Simululation time [h] - 117.5
2018-01-17 18:52:37,015 - INFO - SolveMode - Simululation time [h] - 117.75
2018-01-17 18:52:37,176 - INFO - SolveMode - Simululation time [h] - 118.0
2018-01-17 18:52:37,325 - INFO - SolveMode - Simululation time [h] - 118.25
2018-01-17 18:52:37,481 - INFO - SolveMode - Simululation time [h] - 118.5
2018-01-17 18:52:37,688 - INFO - SolveMode - Simululation time [h] - 118.75
2018-01-17 18:52:37,864 - INFO - SolveMode - Simululation time [h] - 119.0
2018-01-17 18:52:38,031 - INFO - SolveMode - Simululation time [h] - 119.25
2018-01-17 18:52:38,189 - INFO - SolveMode - Simululation time [h] - 119.5
2018-01-17 18:52:38,349 - INFO - SolveMode - Simululation time [h] - 119.75
2018-01-17 18:52:38,516 - INFO - SolveMode - Simululation time [h] - 120.0
2018-01-17 18:52:38,527 - INFO - ResultContainer - Storage.storagebus.csv exported to C:\Users\alatif\Desktop\PyDSS-heco\Export\HECO\HP-VV
2018-01-17 18:52:38,532 - INFO - ResultContainer - Load.oh_264928_1_19.csv exported to C:\Users\alatif\Desktop\PyDSS-heco\Export\HECO\HP-VV
2018-01-17 18:52:38,533 - INFO - dssInstance - Simulation completed in 17.44602084159851 seconds
2018-01-17 18:52:38,533 - INFO - dssInstance - End of simulation
2018-01-17 18:52:54,440 - INFO - dssInstance - An intstance of OpenDSS (<dssInstance.OpenDSS object at 0x0000027A825D6B70>) has been deleted.
2018-01-17 18:52:54,441 - INFO - dssInstance - An intstance of OpenDSS (<dssInstance.OpenDSS object at 0x0000027A825D6B70>) has been deleted.
