2018-01-17 12:35:07,168 - INFO - dssInstance - An instance of OpenDSS version 0.2.9 has ben created.
2018-01-17 12:35:07,643 - INFO - SolveMode - Solver set to Daily mode.
2018-01-17 12:35:07,645 - INFO - NetworkModifier - Added -> New Storage.storagebus bus=storagebus kV=0.48 kWRated=2000 %IdlingkW=3 phases=3 %EffCharge=100 kWhRated=2000 %reserve=0 %EffDischarge=100 state=IDLE %stored=50
2018-01-17 12:35:14,608 - INFO - dssInstance - Created pyController -> Controller.PVSystem.bb_258064_1_5
2018-01-17 12:35:14,613 - INFO - dssInstance - Created pyController -> Controller.PVSystem.bb_258067_1_5
2018-01-17 12:35:14,617 - INFO - dssInstance - Created pyController -> Controller.PVSystem.bb_258080_1_14
2018-01-17 12:35:14,622 - INFO - dssInstance - Created pyController -> Controller.PVSystem.bb_258824_1_1
2018-01-17 12:35:14,628 - INFO - dssInstance - Created pyController -> Controller.PVSystem.bb_258899_1_9
2018-01-17 12:35:14,632 - INFO - dssInstance - Created pyController -> Controller.PVSystem.bb_259031_1_5
2018-01-17 12:35:14,635 - INFO - dssInstance - Created pyController -> Controller.PVSystem.bb_259033_1_2
2018-01-17 12:35:14,638 - INFO - dssInstance - Created pyController -> Controller.PVSystem.bb_259037_1_6
2018-01-17 12:35:14,643 - INFO - dssInstance - Created pyController -> Controller.PVSystem.bb_259041_1_5
2018-01-17 12:35:14,648 - INFO - dssInstance - Created pyController -> Controller.PVSystem.bb_259041_1_12
2018-01-17 12:35:14,652 - INFO - dssInstance - Created pyController -> Controller.PVSystem.bb_259160_1_6
2018-01-17 12:35:14,657 - INFO - dssInstance - Created pyController -> Controller.PVSystem.bb_259166_1_5
2018-01-17 12:35:14,662 - INFO - dssInstance - Created pyController -> Controller.PVSystem.bb_259166_1_7
2018-01-17 12:35:14,666 - INFO - dssInstance - Created pyController -> Controller.PVSystem.bb_259171_1_8
2018-01-17 12:35:14,671 - INFO - dssInstance - Created pyController -> Controller.PVSystem.bb_259176_1_2
2018-01-17 12:35:14,675 - INFO - dssInstance - Created pyController -> Controller.PVSystem.bb_263625_1_1
2018-01-17 12:35:14,680 - INFO - dssInstance - Created pyController -> Controller.PVSystem.bb_263625_1_8
2018-01-17 12:35:14,685 - INFO - dssInstance - Created pyController -> Controller.PVSystem.bb_263629_1_1
2018-01-17 12:35:14,689 - INFO - dssInstance - Created pyController -> Controller.PVSystem.bb_263629_1_4
2018-01-17 12:35:14,692 - INFO - dssInstance - Created pyController -> Controller.PVSystem.bb_263786_1_8
2018-01-17 12:35:14,696 - INFO - dssInstance - Created pyController -> Controller.PVSystem.bb_263789_1_2
2018-01-17 12:35:14,701 - INFO - dssInstance - Created pyController -> Controller.PVSystem.bb_263789_1_3
2018-01-17 12:35:14,706 - INFO - dssInstance - Created pyController -> Controller.PVSystem.bb_263793_1_1
2018-01-17 12:35:14,711 - INFO - dssInstance - Created pyController -> Controller.PVSystem.bb_263794_1_11
2018-01-17 12:35:14,716 - INFO - dssInstance - Created pyController -> Controller.PVSystem.bb_263795_1_8
2018-01-17 12:35:14,721 - INFO - dssInstance - Created pyController -> Controller.PVSystem.bb_263795_1_9
2018-01-17 12:35:14,725 - INFO - dssInstance - Created pyController -> Controller.PVSystem.bb_263795_1_12
2018-01-17 12:35:14,730 - INFO - dssInstance - Created pyController -> Controller.PVSystem.bb_263796_1_2
2018-01-17 12:35:14,735 - INFO - dssInstance - Created pyController -> Controller.PVSystem.bb_263796_1_9
2018-01-17 12:35:14,740 - INFO - dssInstance - Created pyController -> Controller.PVSystem.bb_263800_1_1
2018-01-17 12:35:14,745 - INFO - dssInstance - Created pyController -> Controller.PVSystem.bb_263800_1_4
2018-01-17 12:35:14,750 - INFO - dssInstance - Created pyController -> Controller.PVSystem.bb_263800_1_9
2018-01-17 12:35:14,754 - INFO - dssInstance - Created pyController -> Controller.PVSystem.bb_263802_1_9
2018-01-17 12:35:14,758 - INFO - dssInstance - Created pyController -> Controller.PVSystem.bb_263803_1_7
2018-01-17 12:35:14,763 - INFO - dssInstance - Created pyController -> Controller.PVSystem.bb_263805_1_7
2018-01-17 12:35:14,767 - INFO - dssInstance - Created pyController -> Controller.PVSystem.bb_263805_1_8
2018-01-17 12:35:14,773 - INFO - dssInstance - Created pyController -> Controller.PVSystem.bb_263807_1_3
2018-01-17 12:35:14,777 - INFO - dssInstance - Created pyController -> Controller.PVSystem.bb_263808_1_2
2018-01-17 12:35:14,782 - INFO - dssInstance - Created pyController -> Controller.PVSystem.bb_263808_1_3
2018-01-17 12:35:14,788 - INFO - dssInstance - Created pyController -> Controller.PVSystem.bb_263808_1_5
2018-01-17 12:35:14,793 - INFO - dssInstance - Created pyController -> Controller.PVSystem.bb_264037_1_1
2018-01-17 12:35:14,798 - INFO - dssInstance - Created pyController -> Controller.PVSystem.bb_264037_1_3
2018-01-17 12:35:14,803 - INFO - dssInstance - Created pyController -> Controller.PVSystem.bb_264132_1_8
2018-01-17 12:35:14,808 - INFO - dssInstance - Created pyController -> Controller.PVSystem.bb_264132_1_12
2018-01-17 12:35:14,813 - INFO - dssInstance - Created pyController -> Controller.PVSystem.bb_51045964_1_2
2018-01-17 12:35:14,817 - INFO - dssInstance - Created pyController -> Controller.PVSystem.bb_51045964_1_5
2018-01-17 12:35:14,822 - INFO - dssInstance - Created pyController -> Controller.PVSystem.bb_51045964_1_6
2018-01-17 12:35:14,827 - INFO - dssInstance - Created pyController -> Controller.PVSystem.bb_51046044_1_2
2018-01-17 12:35:14,832 - INFO - dssInstance - Created pyController -> Controller.PVSystem.oh_257796_1_1
2018-01-17 12:35:14,837 - INFO - dssInstance - Created pyController -> Controller.PVSystem.oh_257806_1_2
2018-01-17 12:35:14,843 - INFO - dssInstance - Created pyController -> Controller.PVSystem.oh_257806_1_5
2018-01-17 12:35:14,848 - INFO - dssInstance - Created pyController -> Controller.PVSystem.oh_257806_1_6
2018-01-17 12:35:14,852 - INFO - dssInstance - Created pyController -> Controller.PVSystem.oh_257806_1_13
2018-01-17 12:35:14,857 - INFO - dssInstance - Created pyController -> Controller.PVSystem.oh_257807_1_3
2018-01-17 12:35:14,861 - INFO - dssInstance - Created pyController -> Controller.PVSystem.oh_257808_1_1
2018-01-17 12:35:14,866 - INFO - dssInstance - Created pyController -> Controller.PVSystem.oh_257811_1_6
2018-01-17 12:35:14,870 - INFO - dssInstance - Created pyController -> Controller.PVSystem.oh_262481_1_9
2018-01-17 12:35:14,873 - INFO - dssInstance - Created pyController -> Controller.PVSystem.oh_262486_1_7
2018-01-17 12:35:14,876 - INFO - dssInstance - Created pyController -> Controller.PVSystem.oh_263539_1_2
2018-01-17 12:35:14,881 - INFO - dssInstance - Created pyController -> Controller.PVSystem.oh_264008_1_1
2018-01-17 12:35:14,885 - INFO - dssInstance - Created pyController -> Controller.PVSystem.oh_264008_1_2
2018-01-17 12:35:14,889 - INFO - dssInstance - Created pyController -> Controller.PVSystem.oh_264009_1_8
2018-01-17 12:35:14,892 - INFO - dssInstance - Created pyController -> Controller.PVSystem.oh_264010_1_2
2018-01-17 12:35:14,895 - INFO - dssInstance - Created pyController -> Controller.PVSystem.oh_264056_1_1
2018-01-17 12:35:14,898 - INFO - dssInstance - Created pyController -> Controller.PVSystem.oh_264056_1_5
2018-01-17 12:35:14,902 - INFO - dssInstance - Created pyController -> Controller.PVSystem.oh_264056_1_7
2018-01-17 12:35:14,907 - INFO - dssInstance - Created pyController -> Controller.PVSystem.oh_264057_1_3
2018-01-17 12:35:14,909 - INFO - dssInstance - Created pyController -> Controller.PVSystem.oh_264057_1_6
2018-01-17 12:35:14,912 - INFO - dssInstance - Created pyController -> Controller.PVSystem.oh_264057_1_9
2018-01-17 12:35:14,915 - INFO - dssInstance - Created pyController -> Controller.PVSystem.oh_264058_1_1
2018-01-17 12:35:14,919 - INFO - dssInstance - Created pyController -> Controller.PVSystem.oh_264058_1_5
2018-01-17 12:35:14,923 - INFO - dssInstance - Created pyController -> Controller.PVSystem.oh_264059_1_4
2018-01-17 12:35:14,926 - INFO - dssInstance - Created pyController -> Controller.PVSystem.oh_264106_1_2
2018-01-17 12:35:14,928 - INFO - dssInstance - Created pyController -> Controller.PVSystem.oh_264158_1_2
2018-01-17 12:35:14,931 - INFO - dssInstance - Created pyController -> Controller.PVSystem.oh_264857_1_8
2018-01-17 12:35:14,934 - INFO - dssInstance - Created pyController -> Controller.PVSystem.oh_264870_1_1
2018-01-17 12:35:14,937 - INFO - dssInstance - Created pyController -> Controller.PVSystem.oh_264870_1_3
2018-01-17 12:35:14,943 - INFO - dssInstance - Created pyController -> Controller.PVSystem.oh_264870_1_12
2018-01-17 12:35:14,948 - INFO - dssInstance - Created pyController -> Controller.PVSystem.oh_264874_1_5
2018-01-17 12:35:14,950 - INFO - dssInstance - Created pyController -> Controller.PVSystem.oh_264880_1_5
2018-01-17 12:35:14,955 - INFO - dssInstance - Created pyController -> Controller.PVSystem.oh_264880_1_7
2018-01-17 12:35:14,960 - INFO - dssInstance - Created pyController -> Controller.PVSystem.oh_264883_1_4
2018-01-17 12:35:14,964 - INFO - dssInstance - Created pyController -> Controller.PVSystem.oh_264883_1_11
2018-01-17 12:35:14,968 - INFO - dssInstance - Created pyController -> Controller.PVSystem.oh_264887_1_8
2018-01-17 12:35:14,973 - INFO - dssInstance - Created pyController -> Controller.PVSystem.oh_264889_1_2
2018-01-17 12:35:14,977 - INFO - dssInstance - Created pyController -> Controller.PVSystem.oh_264889_1_5
2018-01-17 12:35:14,981 - INFO - dssInstance - Created pyController -> Controller.PVSystem.oh_264889_1_11
2018-01-17 12:35:14,986 - INFO - dssInstance - Created pyController -> Controller.PVSystem.oh_264913_1_2
2018-01-17 12:35:14,991 - INFO - dssInstance - Created pyController -> Controller.PVSystem.oh_264913_1_7
2018-01-17 12:35:14,995 - INFO - dssInstance - Created pyController -> Controller.PVSystem.oh_264931_1_4
2018-01-17 12:35:14,999 - INFO - dssInstance - Created pyController -> Controller.PVSystem.oh_264953_1_4
2018-01-17 12:35:15,004 - INFO - dssInstance - Created pyController -> Controller.PVSystem.oh_260847_1_1
2018-01-17 12:35:15,009 - INFO - dssInstance - Created pyController -> Controller.PVSystem.oh_261479_1_1
2018-01-17 12:35:15,014 - INFO - dssInstance - Created pyController -> Controller.PVSystem.oh_261486_1_2
2018-01-17 12:35:15,018 - INFO - dssInstance - Created pyController -> Controller.PVSystem.oh_261573_1_1
2018-01-17 12:35:15,023 - INFO - dssInstance - Created pyController -> Controller.PVSystem.oh_261576_1_2
2018-01-17 12:35:15,028 - INFO - dssInstance - Created pyController -> Controller.PVSystem.oh_261584_1_3
2018-01-17 12:35:15,032 - INFO - dssInstance - Created pyController -> Controller.PVSystem.oh_261584_1_4
2018-01-17 12:35:15,037 - INFO - dssInstance - Created pyController -> Controller.PVSystem.oh_261584_2_1
2018-01-17 12:35:15,042 - INFO - dssInstance - Created pyController -> Controller.PVSystem.oh_261592_1_1
2018-01-17 12:35:15,047 - INFO - dssInstance - Created pyController -> Controller.PVSystem.oh_261592_2_2
2018-01-17 12:35:15,051 - INFO - dssInstance - Created pyController -> Controller.PVSystem.oh_261663_0_1
2018-01-17 12:35:15,056 - INFO - dssInstance - Created pyController -> Controller.PVSystem.oh_262868_0_1
2018-01-17 12:35:15,061 - INFO - dssInstance - Created pyController -> Controller.PVSystem.oh_262876_1_7
2018-01-17 12:35:15,065 - INFO - dssInstance - Created pyController -> Controller.PVSystem.oh_262876_2_5
2018-01-17 12:35:15,069 - INFO - dssInstance - Created pyController -> Controller.PVSystem.oh_262983_1_4
2018-01-17 12:35:15,074 - INFO - dssInstance - Created pyController -> Controller.PVSystem.oh_262987_2_2
2018-01-17 12:35:15,079 - INFO - dssInstance - Created pyController -> Controller.PVSystem.oh_262992_1_1
2018-01-17 12:35:15,084 - INFO - dssInstance - Created pyController -> Controller.PVSystem.oh_263013_1_4
2018-01-17 12:35:15,088 - INFO - dssInstance - Created pyController -> Controller.PVSystem.oh_263105_1_1
2018-01-17 12:35:15,091 - INFO - dssInstance - Created pyController -> Controller.PVSystem.oh_263105_1_2
2018-01-17 12:35:15,094 - INFO - dssInstance - Created pyController -> Controller.PVSystem.oh_263105_2_2
2018-01-17 12:35:15,097 - INFO - dssInstance - Created pyController -> Controller.PVSystem.oh_263114_1_3
2018-01-17 12:35:15,101 - INFO - dssInstance - Created pyController -> Controller.PVSystem.oh_263163_0_1
2018-01-17 12:35:15,106 - INFO - dssInstance - Created pyController -> Controller.PVSystem.oh_263163_0_5
2018-01-17 12:35:15,111 - INFO - dssInstance - Created pyController -> Controller.PVSystem.oh_263236_0_4
2018-01-17 12:35:15,115 - INFO - dssInstance - Created pyController -> Controller.PVSystem.oh_263261_0_6
2018-01-17 12:35:15,119 - INFO - dssInstance - Created pyController -> Controller.PVSystem.oh_263400_0_1
2018-01-17 12:35:15,125 - INFO - dssInstance - Created pyController -> Controller.PVSystem.oh_263400_0_10
2018-01-17 12:35:15,130 - INFO - dssInstance - Created pyController -> Controller.PVSystem.oh_263400_0_16
2018-01-17 12:35:15,135 - INFO - dssInstance - Created pyController -> Controller.PVSystem.oh_263619_0_2
2018-01-17 12:35:15,140 - INFO - dssInstance - Created pyController -> Controller.PVSystem.oh_264402_1_1
2018-01-17 12:35:15,144 - INFO - dssInstance - Created pyController -> Controller.PVSystem.oh_264578_0_2
2018-01-17 12:35:15,147 - INFO - dssInstance - Created pyController -> Controller.PVSystem.oh_264611_1_5
2018-01-17 12:35:15,152 - INFO - dssInstance - Created pyController -> Controller.PVSystem.oh_264618_0_3
2018-01-17 12:35:15,158 - INFO - dssInstance - Created pyController -> Controller.PVSystem.oh_264729_0_2
2018-01-17 12:35:15,163 - INFO - dssInstance - Created pyController -> Controller.PVSystem.oh_51048147a
2018-01-17 12:35:15,167 - INFO - dssInstance - Created pyController -> Controller.PVSystem.oh_51048147b
2018-01-17 12:35:15,172 - INFO - dssInstance - Created pyController -> Controller.PVSystem.oh_51048147c
2018-01-17 12:35:15,176 - INFO - dssInstance - Created pyController -> Controller.PVSystem.bb_262469a
2018-01-17 12:35:15,181 - INFO - dssInstance - Created pyController -> Controller.PVSystem.bb_263551a
2018-01-17 12:35:15,185 - INFO - dssInstance - Created pyController -> Controller.PVSystem.bb_263552a
2018-01-17 12:35:15,190 - INFO - dssInstance - Created pyController -> Controller.PVSystem.bb_263790a
2018-01-17 12:35:15,194 - INFO - dssInstance - Created pyController -> Controller.PVSystem.bb_263791a
2018-01-17 12:35:15,197 - INFO - dssInstance - Created pyController -> Controller.PVSystem.bb_263792a
2018-01-17 12:35:15,200 - INFO - dssInstance - Created pyController -> Controller.PVSystem.oh_263097b
2018-01-17 12:35:15,205 - INFO - dssInstance - Created pyController -> Controller.PVSystem.oh_263097c
2018-01-17 12:35:15,209 - INFO - dssInstance - Created pyController -> Controller.PVSystem.oh_263106b
2018-01-17 12:35:15,213 - INFO - dssInstance - Created pyController -> Controller.PVSystem.oh_263615a
2018-01-17 12:35:15,217 - INFO - dssInstance - Created pyController -> Controller.PVSystem.oh_263615b
2018-01-17 12:35:15,220 - INFO - dssInstance - Created pyController -> Controller.PVSystem.oh_265122a
2018-01-17 12:35:15,224 - INFO - dssInstance - Created pyController -> Controller.PVSystem.oh_265122b
2018-01-17 12:35:15,229 - INFO - dssInstance - Created pyController -> Controller.PVSystem.oh_265122c
2018-01-17 12:35:15,233 - INFO - dssInstance - Created pyController -> Controller.PVSystem.oh_51048142b
2018-01-17 12:35:15,237 - INFO - dssInstance - Created pyController -> Controller.PVSystem.bb_258067_1_3
2018-01-17 12:35:15,240 - INFO - dssInstance - Created pyController -> Controller.PVSystem.bb_258067_1_6
2018-01-17 12:35:15,243 - INFO - dssInstance - Created pyController -> Controller.PVSystem.bb_258067_1_7
2018-01-17 12:35:15,246 - INFO - dssInstance - Created pyController -> Controller.PVSystem.bb_258067_1_9
2018-01-17 12:35:15,249 - INFO - dssInstance - Created pyController -> Controller.PVSystem.bb_258070_1_1
2018-01-17 12:35:15,251 - INFO - dssInstance - Created pyController -> Controller.PVSystem.bb_258073_1_1
2018-01-17 12:35:15,255 - INFO - dssInstance - Created pyController -> Controller.PVSystem.bb_258073_1_3
2018-01-17 12:35:15,259 - INFO - dssInstance - Created pyController -> Controller.PVSystem.bb_258073_1_4
2018-01-17 12:35:15,264 - INFO - dssInstance - Created pyController -> Controller.PVSystem.bb_258073_1_5
2018-01-17 12:35:15,269 - INFO - dssInstance - Created pyController -> Controller.PVSystem.bb_258073_1_6
2018-01-17 12:35:15,274 - INFO - dssInstance - Created pyController -> Controller.PVSystem.bb_258073_1_7
2018-01-17 12:35:15,279 - INFO - dssInstance - Created pyController -> Controller.PVSystem.bb_258073_1_8
2018-01-17 12:35:15,284 - INFO - dssInstance - Created pyController -> Controller.PVSystem.bb_258073_1_9
2018-01-17 12:35:15,289 - INFO - dssInstance - Created pyController -> Controller.PVSystem.bb_258073_1_10
2018-01-17 12:35:15,294 - INFO - dssInstance - Created pyController -> Controller.PVSystem.bb_258077_1_4
2018-01-17 12:35:15,298 - INFO - dssInstance - Created pyController -> Controller.PVSystem.bb_258080_1_1
2018-01-17 12:35:15,301 - INFO - dssInstance - Created pyController -> Controller.PVSystem.bb_258080_1_7
2018-01-17 12:35:15,305 - INFO - dssInstance - Created pyController -> Controller.PVSystem.bb_258080_1_10
2018-01-17 12:35:15,309 - INFO - dssInstance - Created pyController -> Controller.PVSystem.bb_258202_1_1
2018-01-17 12:35:15,313 - INFO - dssInstance - Created pyController -> Controller.PVSystem.bb_258202_1_2
2018-01-17 12:35:15,317 - INFO - dssInstance - Created pyController -> Controller.PVSystem.bb_258797_1_1
2018-01-17 12:35:15,320 - INFO - dssInstance - Created pyController -> Controller.PVSystem.bb_258797_1_2
2018-01-17 12:35:15,325 - INFO - dssInstance - Created pyController -> Controller.PVSystem.bb_258797_1_5
2018-01-17 12:35:15,329 - INFO - dssInstance - Created pyController -> Controller.PVSystem.bb_258803_1_5
2018-01-17 12:35:15,333 - INFO - dssInstance - Created pyController -> Controller.PVSystem.bb_258803_1_6
2018-01-17 12:35:15,337 - INFO - dssInstance - Created pyController -> Controller.PVSystem.bb_258803_1_8
2018-01-17 12:35:15,340 - INFO - dssInstance - Created pyController -> Controller.PVSystem.bb_258803_1_9
2018-01-17 12:35:15,344 - INFO - dssInstance - Created pyController -> Controller.PVSystem.bb_258803_1_10
2018-01-17 12:35:15,348 - INFO - dssInstance - Created pyController -> Controller.PVSystem.bb_258803_1_11
2018-01-17 12:35:15,352 - INFO - dssInstance - Created pyController -> Controller.PVSystem.bb_258803_1_12
2018-01-17 12:35:15,358 - INFO - dssInstance - Created pyController -> Controller.PVSystem.bb_258824_1_7
2018-01-17 12:35:15,361 - INFO - dssInstance - Created pyController -> Controller.PVSystem.bb_258838_1_8
2018-01-17 12:35:15,364 - INFO - dssInstance - Created pyController -> Controller.PVSystem.bb_258838_1_10
2018-01-17 12:35:15,369 - INFO - dssInstance - Created pyController -> Controller.PVSystem.bb_258899_1_2
2018-01-17 12:35:15,374 - INFO - dssInstance - Created pyController -> Controller.PVSystem.bb_258899_1_8
2018-01-17 12:35:15,379 - INFO - dssInstance - Created pyController -> Controller.PVSystem.bb_259031_1_1
2018-01-17 12:35:15,383 - INFO - dssInstance - Created pyController -> Controller.PVSystem.bb_259031_1_4
2018-01-17 12:35:15,386 - INFO - dssInstance - Created pyController -> Controller.PVSystem.bb_259031_1_7
2018-01-17 12:35:15,389 - INFO - dssInstance - Created pyController -> Controller.PVSystem.bb_259031_1_8
2018-01-17 12:35:15,393 - INFO - dssInstance - Created pyController -> Controller.PVSystem.bb_259031_1_9
2018-01-17 12:35:15,398 - INFO - dssInstance - Created pyController -> Controller.PVSystem.bb_259031_1_10
2018-01-17 12:35:15,402 - INFO - dssInstance - Created pyController -> Controller.PVSystem.bb_259033_1_6
2018-01-17 12:35:15,405 - INFO - dssInstance - Created pyController -> Controller.PVSystem.bb_259033_1_8
2018-01-17 12:35:15,409 - INFO - dssInstance - Created pyController -> Controller.PVSystem.bb_259037_1_1
2018-01-17 12:35:15,414 - INFO - dssInstance - Created pyController -> Controller.PVSystem.bb_259037_1_2
2018-01-17 12:35:15,418 - INFO - dssInstance - Created pyController -> Controller.PVSystem.bb_259037_1_8
2018-01-17 12:35:15,421 - INFO - dssInstance - Created pyController -> Controller.PVSystem.bb_259037_1_11
2018-01-17 12:35:15,424 - INFO - dssInstance - Created pyController -> Controller.PVSystem.bb_259037_1_13
2018-01-17 12:35:15,428 - INFO - dssInstance - Created pyController -> Controller.PVSystem.bb_259041_1_1
2018-01-17 12:35:15,433 - INFO - dssInstance - Created pyController -> Controller.PVSystem.bb_259160_1_1
2018-01-17 12:35:15,437 - INFO - dssInstance - Created pyController -> Controller.PVSystem.bb_259160_1_3
2018-01-17 12:35:15,443 - INFO - dssInstance - Created pyController -> Controller.PVSystem.bb_259160_1_4
2018-01-17 12:35:15,447 - INFO - dssInstance - Created pyController -> Controller.PVSystem.bb_259160_1_7
2018-01-17 12:35:15,452 - INFO - dssInstance - Created pyController -> Controller.PVSystem.bb_259160_1_9
2018-01-17 12:35:15,456 - INFO - dssInstance - Created pyController -> Controller.PVSystem.bb_259160_1_12
2018-01-17 12:35:15,461 - INFO - dssInstance - Created pyController -> Controller.PVSystem.bb_259160_1_13
2018-01-17 12:35:15,465 - INFO - dssInstance - Created pyController -> Controller.PVSystem.bb_259160_1_14
2018-01-17 12:35:15,470 - INFO - dssInstance - Created pyController -> Controller.PVSystem.bb_259166_1_1
2018-01-17 12:35:15,474 - INFO - dssInstance - Created pyController -> Controller.PVSystem.bb_259171_1_1
2018-01-17 12:35:15,478 - INFO - dssInstance - Created pyController -> Controller.PVSystem.bb_259171_1_2
2018-01-17 12:35:15,482 - INFO - dssInstance - Created pyController -> Controller.PVSystem.bb_259171_1_4
2018-01-17 12:35:15,485 - INFO - dssInstance - Created pyController -> Controller.PVSystem.bb_259171_1_7
2018-01-17 12:35:15,490 - INFO - dssInstance - Created pyController -> Controller.PVSystem.bb_259176_1_4
2018-01-17 12:35:15,495 - INFO - dssInstance - Created pyController -> Controller.PVSystem.bb_259176_1_6
2018-01-17 12:35:15,499 - INFO - dssInstance - Created pyController -> Controller.PVSystem.bb_259176_1_8
2018-01-17 12:35:15,503 - INFO - dssInstance - Created pyController -> Controller.PVSystem.bb_263625_1_2
2018-01-17 12:35:15,509 - INFO - dssInstance - Created pyController -> Controller.PVSystem.bb_263625_1_4
2018-01-17 12:35:15,513 - INFO - dssInstance - Created pyController -> Controller.PVSystem.bb_263625_1_11
2018-01-17 12:35:15,518 - INFO - dssInstance - Created pyController -> Controller.PVSystem.bb_263629_1_2
2018-01-17 12:35:15,522 - INFO - dssInstance - Created pyController -> Controller.PVSystem.bb_263629_1_6
2018-01-17 12:35:15,526 - INFO - dssInstance - Created pyController -> Controller.PVSystem.bb_263629_1_7
2018-01-17 12:35:15,531 - INFO - dssInstance - Created pyController -> Controller.PVSystem.bb_263629_1_9
2018-01-17 12:35:15,534 - INFO - dssInstance - Created pyController -> Controller.PVSystem.bb_263629_1_11
2018-01-17 12:35:15,537 - INFO - dssInstance - Created pyController -> Controller.PVSystem.bb_263786_1_1
2018-01-17 12:35:15,541 - INFO - dssInstance - Created pyController -> Controller.PVSystem.bb_263786_1_2
2018-01-17 12:35:15,544 - INFO - dssInstance - Created pyController -> Controller.PVSystem.bb_263786_1_5
2018-01-17 12:35:15,547 - INFO - dssInstance - Created pyController -> Controller.PVSystem.bb_263786_1_9
2018-01-17 12:35:15,551 - INFO - dssInstance - Created pyController -> Controller.PVSystem.bb_263786_1_10
2018-01-17 12:35:15,555 - INFO - dssInstance - Created pyController -> Controller.PVSystem.bb_263786_1_12
2018-01-17 12:35:15,559 - INFO - dssInstance - Created pyController -> Controller.PVSystem.bb_263787_1_1
2018-01-17 12:35:15,564 - INFO - dssInstance - Created pyController -> Controller.PVSystem.bb_263787_1_2
2018-01-17 12:35:15,568 - INFO - dssInstance - Created pyController -> Controller.PVSystem.bb_263787_1_4
2018-01-17 12:35:15,572 - INFO - dssInstance - Created pyController -> Controller.PVSystem.bb_263787_1_5
2018-01-17 12:35:15,577 - INFO - dssInstance - Created pyController -> Controller.PVSystem.bb_263787_1_6
2018-01-17 12:35:15,581 - INFO - dssInstance - Created pyController -> Controller.PVSystem.bb_263787_1_10
2018-01-17 12:35:15,586 - INFO - dssInstance - Created pyController -> Controller.PVSystem.bb_263788_1_1
2018-01-17 12:35:15,592 - INFO - dssInstance - Created pyController -> Controller.PVSystem.bb_263788_1_3
2018-01-17 12:35:15,596 - INFO - dssInstance - Created pyController -> Controller.PVSystem.bb_263789_1_1
2018-01-17 12:35:15,599 - INFO - dssInstance - Created pyController -> Controller.PVSystem.bb_263789_1_4
2018-01-17 12:35:15,605 - INFO - dssInstance - Created pyController -> Controller.PVSystem.bb_263789_1_6
2018-01-17 12:35:15,610 - INFO - dssInstance - Created pyController -> Controller.PVSystem.bb_263789_1_7
2018-01-17 12:35:15,614 - INFO - dssInstance - Created pyController -> Controller.PVSystem.bb_263789_1_10
2018-01-17 12:35:15,619 - INFO - dssInstance - Created pyController -> Controller.PVSystem.bb_263789_1_11
2018-01-17 12:35:15,624 - INFO - dssInstance - Created pyController -> Controller.PVSystem.bb_263789_1_12
2018-01-17 12:35:15,627 - INFO - dssInstance - Created pyController -> Controller.PVSystem.bb_263793_1_2
2018-01-17 12:35:15,630 - INFO - dssInstance - Created pyController -> Controller.PVSystem.bb_263793_1_7
2018-01-17 12:35:15,633 - INFO - dssInstance - Created pyController -> Controller.PVSystem.bb_263793_1_8
2018-01-17 12:35:15,639 - INFO - dssInstance - Created pyController -> Controller.PVSystem.bb_263793_1_9
2018-01-17 12:35:15,644 - INFO - dssInstance - Created pyController -> Controller.PVSystem.bb_263793_1_10
2018-01-17 12:35:15,650 - INFO - dssInstance - Created pyController -> Controller.PVSystem.bb_263795_1_2
2018-01-17 12:35:15,654 - INFO - dssInstance - Created pyController -> Controller.PVSystem.bb_263795_1_4
2018-01-17 12:35:15,659 - INFO - dssInstance - Created pyController -> Controller.PVSystem.bb_263795_1_7
2018-01-17 12:35:15,662 - INFO - dssInstance - Created pyController -> Controller.PVSystem.bb_263795_1_10
2018-01-17 12:35:15,665 - INFO - dssInstance - Created pyController -> Controller.PVSystem.bb_263796_1_3
2018-01-17 12:35:15,670 - INFO - dssInstance - Created pyController -> Controller.PVSystem.bb_263797_1_1
2018-01-17 12:35:15,675 - INFO - dssInstance - Created pyController -> Controller.PVSystem.bb_263798_1_7
2018-01-17 12:35:15,680 - INFO - dssInstance - Created pyController -> Controller.PVSystem.bb_263800_1_3
2018-01-17 12:35:15,684 - INFO - dssInstance - Created pyController -> Controller.PVSystem.bb_263801_1_7
2018-01-17 12:35:15,689 - INFO - dssInstance - Created pyController -> Controller.PVSystem.bb_263802_1_7
2018-01-17 12:35:15,693 - INFO - dssInstance - Created pyController -> Controller.PVSystem.bb_263802_1_8
2018-01-17 12:35:15,697 - INFO - dssInstance - Created pyController -> Controller.PVSystem.bb_263803_1_1
2018-01-17 12:35:15,703 - INFO - dssInstance - Created pyController -> Controller.PVSystem.bb_263803_1_4
2018-01-17 12:35:15,708 - INFO - dssInstance - Created pyController -> Controller.PVSystem.bb_263803_1_5
2018-01-17 12:35:15,714 - INFO - dssInstance - Created pyController -> Controller.PVSystem.bb_263803_1_8
2018-01-17 12:35:15,719 - INFO - dssInstance - Created pyController -> Controller.PVSystem.bb_263803_1_9
2018-01-17 12:35:15,725 - INFO - dssInstance - Created pyController -> Controller.PVSystem.bb_263803_1_10
2018-01-17 12:35:15,730 - INFO - dssInstance - Created pyController -> Controller.PVSystem.bb_263803_1_11
2018-01-17 12:35:15,735 - INFO - dssInstance - Created pyController -> Controller.PVSystem.bb_263803_1_13
2018-01-17 12:35:15,740 - INFO - dssInstance - Created pyController -> Controller.PVSystem.bb_263804_1_2
2018-01-17 12:35:15,745 - INFO - dssInstance - Created pyController -> Controller.PVSystem.bb_263804_1_7
2018-01-17 12:35:15,750 - INFO - dssInstance - Created pyController -> Controller.PVSystem.bb_263804_1_8
2018-01-17 12:35:15,754 - INFO - dssInstance - Created pyController -> Controller.PVSystem.bb_263804_1_12
2018-01-17 12:35:15,757 - INFO - dssInstance - Created pyController -> Controller.PVSystem.bb_263805_1_3
2018-01-17 12:35:15,760 - INFO - dssInstance - Created pyController -> Controller.PVSystem.bb_263805_1_6
2018-01-17 12:35:15,763 - INFO - dssInstance - Created pyController -> Controller.PVSystem.bb_263805_1_9
2018-01-17 12:35:15,765 - INFO - dssInstance - Created pyController -> Controller.PVSystem.bb_263806_1_2
2018-01-17 12:35:15,768 - INFO - dssInstance - Created pyController -> Controller.PVSystem.bb_263806_1_3
2018-01-17 12:35:15,771 - INFO - dssInstance - Created pyController -> Controller.PVSystem.bb_263806_1_4
2018-01-17 12:35:15,774 - INFO - dssInstance - Created pyController -> Controller.PVSystem.bb_263806_1_5
2018-01-17 12:35:15,777 - INFO - dssInstance - Created pyController -> Controller.PVSystem.bb_263806_1_6
2018-01-17 12:35:15,780 - INFO - dssInstance - Created pyController -> Controller.PVSystem.bb_263806_1_8
2018-01-17 12:35:15,782 - INFO - dssInstance - Created pyController -> Controller.PVSystem.bb_263807_1_1
2018-01-17 12:35:15,785 - INFO - dssInstance - Created pyController -> Controller.PVSystem.bb_263807_1_2
2018-01-17 12:35:15,789 - INFO - dssInstance - Created pyController -> Controller.PVSystem.bb_263807_1_5
2018-01-17 12:35:15,794 - INFO - dssInstance - Created pyController -> Controller.PVSystem.bb_263807_1_10
2018-01-17 12:35:15,798 - INFO - dssInstance - Created pyController -> Controller.PVSystem.bb_263808_1_1
2018-01-17 12:35:15,802 - INFO - dssInstance - Created pyController -> Controller.PVSystem.bb_263808_1_4
2018-01-17 12:35:15,806 - INFO - dssInstance - Created pyController -> Controller.PVSystem.bb_263808_1_8
2018-01-17 12:35:15,811 - INFO - dssInstance - Created pyController -> Controller.PVSystem.bb_263808_1_9
2018-01-17 12:35:15,815 - INFO - dssInstance - Created pyController -> Controller.PVSystem.bb_263809_1_1
2018-01-17 12:35:15,820 - INFO - dssInstance - Created pyController -> Controller.PVSystem.bb_263809_1_2
2018-01-17 12:35:15,825 - INFO - dssInstance - Created pyController -> Controller.PVSystem.bb_263809_1_6
2018-01-17 12:35:15,829 - INFO - dssInstance - Created pyController -> Controller.PVSystem.bb_263809_1_8
2018-01-17 12:35:15,833 - INFO - dssInstance - Created pyController -> Controller.PVSystem.bb_263817_1_1
2018-01-17 12:35:15,837 - INFO - dssInstance - Created pyController -> Controller.PVSystem.bb_263817_1_3
2018-01-17 12:35:15,841 - INFO - dssInstance - Created pyController -> Controller.PVSystem.bb_263817_1_6
2018-01-17 12:35:15,846 - INFO - dssInstance - Created pyController -> Controller.PVSystem.bb_263817_1_7
2018-01-17 12:35:15,850 - INFO - dssInstance - Created pyController -> Controller.PVSystem.bb_263817_1_8
2018-01-17 12:35:15,854 - INFO - dssInstance - Created pyController -> Controller.PVSystem.bb_263888_1_1
2018-01-17 12:35:15,859 - INFO - dssInstance - Created pyController -> Controller.PVSystem.bb_263888_1_6
2018-01-17 12:35:15,863 - INFO - dssInstance - Created pyController -> Controller.PVSystem.bb_264037_1_4
2018-01-17 12:35:15,867 - INFO - dssInstance - Created pyController -> Controller.PVSystem.bb_264132_1_5
2018-01-17 12:35:15,872 - INFO - dssInstance - Created pyController -> Controller.PVSystem.bb_264132_1_6
2018-01-17 12:35:15,876 - INFO - dssInstance - Created pyController -> Controller.PVSystem.bb_264132_1_10
2018-01-17 12:35:15,880 - INFO - dssInstance - Created pyController -> Controller.PVSystem.bb_264132_1_13
2018-01-17 12:35:15,884 - INFO - dssInstance - Created pyController -> Controller.PVSystem.bb_264986_1_10
2018-01-17 12:35:15,888 - INFO - dssInstance - Created pyController -> Controller.PVSystem.bb_264986_1_11
2018-01-17 12:35:15,891 - INFO - dssInstance - Created pyController -> Controller.PVSystem.bb_51045896_1_2
2018-01-17 12:35:15,894 - INFO - dssInstance - Created pyController -> Controller.PVSystem.bb_51045896_1_3
2018-01-17 12:35:15,897 - INFO - dssInstance - Created pyController -> Controller.PVSystem.bb_51045964_1_1
2018-01-17 12:35:15,900 - INFO - dssInstance - Created pyController -> Controller.PVSystem.bb_51045964_1_3
2018-01-17 12:35:15,903 - INFO - dssInstance - Created pyController -> Controller.PVSystem.bb_51045964_1_8
2018-01-17 12:35:15,907 - INFO - dssInstance - Created pyController -> Controller.PVSystem.bb_51045964_1_9
2018-01-17 12:35:15,912 - INFO - dssInstance - Created pyController -> Controller.PVSystem.bb_51045964_1_10
2018-01-17 12:35:15,916 - INFO - dssInstance - Created pyController -> Controller.PVSystem.bb_51045964_1_12
2018-01-17 12:35:15,920 - INFO - dssInstance - Created pyController -> Controller.PVSystem.bb_51045964_1_14
2018-01-17 12:35:15,925 - INFO - dssInstance - Created pyController -> Controller.PVSystem.bb_51045975_1_7
2018-01-17 12:35:15,930 - INFO - dssInstance - Created pyController -> Controller.PVSystem.bb_51045975_1_9
2018-01-17 12:35:15,934 - INFO - dssInstance - Created pyController -> Controller.PVSystem.bb_51045975_1_10
2018-01-17 12:35:15,939 - INFO - dssInstance - Created pyController -> Controller.PVSystem.bb_51045982_1_1
2018-01-17 12:35:15,942 - INFO - dssInstance - Created pyController -> Controller.PVSystem.bb_51046037_1_1
2018-01-17 12:35:15,947 - INFO - dssInstance - Created pyController -> Controller.PVSystem.bb_51046037_1_7
2018-01-17 12:35:15,951 - INFO - dssInstance - Created pyController -> Controller.PVSystem.bb_51046044_1_4
2018-01-17 12:35:15,956 - INFO - dssInstance - Created pyController -> Controller.PVSystem.bb_51046044_1_7
2018-01-17 12:35:15,960 - INFO - dssInstance - Created pyController -> Controller.PVSystem.bb_51046044_1_8
2018-01-17 12:35:15,962 - INFO - dssInstance - Created pyController -> Controller.PVSystem.oh_257608_1_4
2018-01-17 12:35:15,965 - INFO - dssInstance - Created pyController -> Controller.PVSystem.oh_257608_1_6
2018-01-17 12:35:15,970 - INFO - dssInstance - Created pyController -> Controller.PVSystem.oh_257608_1_7
2018-01-17 12:35:15,975 - INFO - dssInstance - Created pyController -> Controller.PVSystem.oh_257608_1_9
2018-01-17 12:35:15,980 - INFO - dssInstance - Created pyController -> Controller.PVSystem.oh_257796_1_3
2018-01-17 12:35:15,984 - INFO - dssInstance - Created pyController -> Controller.PVSystem.oh_257796_1_5
2018-01-17 12:35:15,989 - INFO - dssInstance - Created pyController -> Controller.PVSystem.oh_257796_1_7
2018-01-17 12:35:15,993 - INFO - dssInstance - Created pyController -> Controller.PVSystem.oh_257796_1_8
2018-01-17 12:35:15,997 - INFO - dssInstance - Created pyController -> Controller.PVSystem.oh_257796_1_9
2018-01-17 12:35:16,001 - INFO - dssInstance - Created pyController -> Controller.PVSystem.oh_257796_1_10
2018-01-17 12:35:16,005 - INFO - dssInstance - Created pyController -> Controller.PVSystem.oh_257796_1_12
2018-01-17 12:35:16,010 - INFO - dssInstance - Created pyController -> Controller.PVSystem.oh_257798_1_4
2018-01-17 12:35:16,014 - INFO - dssInstance - Created pyController -> Controller.PVSystem.oh_257798_1_6
2018-01-17 12:35:16,018 - INFO - dssInstance - Created pyController -> Controller.PVSystem.oh_257798_1_7
2018-01-17 12:35:16,021 - INFO - dssInstance - Created pyController -> Controller.PVSystem.oh_257798_1_9
2018-01-17 12:35:16,024 - INFO - dssInstance - Created pyController -> Controller.PVSystem.oh_257798_1_10
2018-01-17 12:35:16,027 - INFO - dssInstance - Created pyController -> Controller.PVSystem.oh_257798_1_16
2018-01-17 12:35:16,031 - INFO - dssInstance - Created pyController -> Controller.PVSystem.oh_257804_1_3
2018-01-17 12:35:16,034 - INFO - dssInstance - Created pyController -> Controller.PVSystem.oh_257804_1_5
2018-01-17 12:35:16,036 - INFO - dssInstance - Created pyController -> Controller.PVSystem.oh_257806_1_4
2018-01-17 12:35:16,040 - INFO - dssInstance - Created pyController -> Controller.PVSystem.oh_257806_1_8
2018-01-17 12:35:16,043 - INFO - dssInstance - Created pyController -> Controller.PVSystem.oh_257806_1_9
2018-01-17 12:35:16,045 - INFO - dssInstance - Created pyController -> Controller.PVSystem.oh_257806_1_10
2018-01-17 12:35:16,048 - INFO - dssInstance - Created pyController -> Controller.PVSystem.oh_257806_1_11
2018-01-17 12:35:16,051 - INFO - dssInstance - Created pyController -> Controller.PVSystem.oh_257806_1_12
2018-01-17 12:35:16,055 - INFO - dssInstance - Created pyController -> Controller.PVSystem.oh_257806_1_14
2018-01-17 12:35:16,058 - INFO - dssInstance - Created pyController -> Controller.PVSystem.oh_257807_1_5
2018-01-17 12:35:16,061 - INFO - dssInstance - Created pyController -> Controller.PVSystem.oh_257811_1_2
2018-01-17 12:35:16,064 - INFO - dssInstance - Created pyController -> Controller.PVSystem.oh_257811_1_5
2018-01-17 12:35:16,068 - INFO - dssInstance - Created pyController -> Controller.PVSystem.oh_257811_1_7
2018-01-17 12:35:16,074 - INFO - dssInstance - Created pyController -> Controller.PVSystem.oh_257815_1_3
2018-01-17 12:35:16,079 - INFO - dssInstance - Created pyController -> Controller.PVSystem.oh_262480_1_8
2018-01-17 12:35:16,083 - INFO - dssInstance - Created pyController -> Controller.PVSystem.oh_262481_1_3
2018-01-17 12:35:16,086 - INFO - dssInstance - Created pyController -> Controller.PVSystem.oh_262486_1_6
2018-01-17 12:35:16,090 - INFO - dssInstance - Created pyController -> Controller.PVSystem.oh_262486_1_13
2018-01-17 12:35:16,092 - INFO - dssInstance - Created pyController -> Controller.PVSystem.oh_262490_1_2
2018-01-17 12:35:16,095 - INFO - dssInstance - Created pyController -> Controller.PVSystem.oh_262490_1_4
2018-01-17 12:35:16,099 - INFO - dssInstance - Created pyController -> Controller.PVSystem.oh_262490_1_5
2018-01-17 12:35:16,101 - INFO - dssInstance - Created pyController -> Controller.PVSystem.oh_263539_1_3
2018-01-17 12:35:16,104 - INFO - dssInstance - Created pyController -> Controller.PVSystem.oh_263541_1_8
2018-01-17 12:35:16,107 - INFO - dssInstance - Created pyController -> Controller.PVSystem.oh_263737_1_5
2018-01-17 12:35:16,111 - INFO - dssInstance - Created pyController -> Controller.PVSystem.oh_263739_1_2
2018-01-17 12:35:16,116 - INFO - dssInstance - Created pyController -> Controller.PVSystem.oh_264009_1_6
2018-01-17 12:35:16,120 - INFO - dssInstance - Created pyController -> Controller.PVSystem.oh_264010_1_3
2018-01-17 12:35:16,125 - INFO - dssInstance - Created pyController -> Controller.PVSystem.oh_264022_1_1
2018-01-17 12:35:16,129 - INFO - dssInstance - Created pyController -> Controller.PVSystem.oh_264022_1_5
2018-01-17 12:35:16,133 - INFO - dssInstance - Created pyController -> Controller.PVSystem.oh_264022_1_7
2018-01-17 12:35:16,138 - INFO - dssInstance - Created pyController -> Controller.PVSystem.oh_264022_1_9
2018-01-17 12:35:16,143 - INFO - dssInstance - Created pyController -> Controller.PVSystem.oh_264022_1_13
2018-01-17 12:35:16,147 - INFO - dssInstance - Created pyController -> Controller.PVSystem.oh_264022_1_14
2018-01-17 12:35:16,151 - INFO - dssInstance - Created pyController -> Controller.PVSystem.oh_264056_1_2
2018-01-17 12:35:16,155 - INFO - dssInstance - Created pyController -> Controller.PVSystem.oh_264056_1_4
2018-01-17 12:35:16,158 - INFO - dssInstance - Created pyController -> Controller.PVSystem.oh_264056_1_6
2018-01-17 12:35:16,161 - INFO - dssInstance - Created pyController -> Controller.PVSystem.oh_264056_1_9
2018-01-17 12:35:16,164 - INFO - dssInstance - Created pyController -> Controller.PVSystem.oh_264057_1_2
2018-01-17 12:35:16,168 - INFO - dssInstance - Created pyController -> Controller.PVSystem.oh_264057_1_7
2018-01-17 12:35:16,174 - INFO - dssInstance - Created pyController -> Controller.PVSystem.oh_264057_1_8
2018-01-17 12:35:16,179 - INFO - dssInstance - Created pyController -> Controller.PVSystem.oh_264058_1_6
2018-01-17 12:35:16,181 - INFO - dssInstance - Created pyController -> Controller.PVSystem.oh_264058_1_8
2018-01-17 12:35:16,185 - INFO - dssInstance - Created pyController -> Controller.PVSystem.oh_264058_1_10
2018-01-17 12:35:16,187 - INFO - dssInstance - Created pyController -> Controller.PVSystem.oh_264058_1_11
2018-01-17 12:35:16,191 - INFO - dssInstance - Created pyController -> Controller.PVSystem.oh_264059_1_1
2018-01-17 12:35:16,194 - INFO - dssInstance - Created pyController -> Controller.PVSystem.oh_264059_1_3
2018-01-17 12:35:16,199 - INFO - dssInstance - Created pyController -> Controller.PVSystem.oh_264059_1_5
2018-01-17 12:35:16,204 - INFO - dssInstance - Created pyController -> Controller.PVSystem.oh_264059_1_6
2018-01-17 12:35:16,210 - INFO - dssInstance - Created pyController -> Controller.PVSystem.oh_264059_1_8
2018-01-17 12:35:16,213 - INFO - dssInstance - Created pyController -> Controller.PVSystem.oh_264059_1_9
2018-01-17 12:35:16,217 - INFO - dssInstance - Created pyController -> Controller.PVSystem.oh_264106_1_4
2018-01-17 12:35:16,220 - INFO - dssInstance - Created pyController -> Controller.PVSystem.oh_264106_1_7
2018-01-17 12:35:16,223 - INFO - dssInstance - Created pyController -> Controller.PVSystem.oh_264158_1_11
2018-01-17 12:35:16,226 - INFO - dssInstance - Created pyController -> Controller.PVSystem.oh_264870_1_11
2018-01-17 12:35:16,229 - INFO - dssInstance - Created pyController -> Controller.PVSystem.oh_264874_1_4
2018-01-17 12:35:16,231 - INFO - dssInstance - Created pyController -> Controller.PVSystem.oh_264874_1_7
2018-01-17 12:35:16,234 - INFO - dssInstance - Created pyController -> Controller.PVSystem.oh_264880_1_1
2018-01-17 12:35:16,236 - INFO - dssInstance - Created pyController -> Controller.PVSystem.oh_264880_1_3
2018-01-17 12:35:16,240 - INFO - dssInstance - Created pyController -> Controller.PVSystem.oh_264880_1_6
2018-01-17 12:35:16,242 - INFO - dssInstance - Created pyController -> Controller.PVSystem.oh_264883_1_2
2018-01-17 12:35:16,245 - INFO - dssInstance - Created pyController -> Controller.PVSystem.oh_264883_1_9
2018-01-17 12:35:16,247 - INFO - dssInstance - Created pyController -> Controller.PVSystem.oh_264883_1_10
2018-01-17 12:35:16,250 - INFO - dssInstance - Created pyController -> Controller.PVSystem.oh_264889_1_6
2018-01-17 12:35:16,254 - INFO - dssInstance - Created pyController -> Controller.PVSystem.oh_264889_1_7
2018-01-17 12:35:16,257 - INFO - dssInstance - Created pyController -> Controller.PVSystem.oh_264889_1_9
2018-01-17 12:35:16,259 - INFO - dssInstance - Created pyController -> Controller.PVSystem.oh_264889_1_10
2018-01-17 12:35:16,262 - INFO - dssInstance - Created pyController -> Controller.PVSystem.oh_264889_1_13
2018-01-17 12:35:16,264 - INFO - dssInstance - Created pyController -> Controller.PVSystem.oh_264893_1_3
2018-01-17 12:35:16,267 - INFO - dssInstance - Created pyController -> Controller.PVSystem.oh_264893_1_4
2018-01-17 12:35:16,270 - INFO - dssInstance - Created pyController -> Controller.PVSystem.oh_264893_1_7
2018-01-17 12:35:16,274 - INFO - dssInstance - Created pyController -> Controller.PVSystem.oh_264893_1_10
2018-01-17 12:35:16,276 - INFO - dssInstance - Created pyController -> Controller.PVSystem.oh_264898_1_2
2018-01-17 12:35:16,279 - INFO - dssInstance - Created pyController -> Controller.PVSystem.oh_264898_1_3
2018-01-17 12:35:16,282 - INFO - dssInstance - Created pyController -> Controller.PVSystem.oh_264913_1_1
2018-01-17 12:35:16,285 - INFO - dssInstance - Created pyController -> Controller.PVSystem.oh_264913_1_3
2018-01-17 12:35:16,289 - INFO - dssInstance - Created pyController -> Controller.PVSystem.oh_264913_1_4
2018-01-17 12:35:16,294 - INFO - dssInstance - Created pyController -> Controller.PVSystem.oh_264913_1_6
2018-01-17 12:35:16,297 - INFO - dssInstance - Created pyController -> Controller.PVSystem.oh_264919_1_2
2018-01-17 12:35:16,303 - INFO - dssInstance - Created pyController -> Controller.PVSystem.oh_264919_1_4
2018-01-17 12:35:16,309 - INFO - dssInstance - Created pyController -> Controller.PVSystem.oh_264931_1_1
2018-01-17 12:35:16,312 - INFO - dssInstance - Created pyController -> Controller.PVSystem.oh_264931_1_6
2018-01-17 12:35:16,314 - INFO - dssInstance - Created pyController -> Controller.PVSystem.oh_264931_1_8
2018-01-17 12:35:16,317 - INFO - dssInstance - Created pyController -> Controller.PVSystem.oh_264934_1_1
2018-01-17 12:35:16,322 - INFO - dssInstance - Created pyController -> Controller.PVSystem.oh_264953_1_1
2018-01-17 12:35:16,327 - INFO - dssInstance - Created pyController -> Controller.PVSystem.oh_264953_1_3
2018-01-17 12:35:16,329 - INFO - dssInstance - Created pyController -> Controller.PVSystem.oh_264953_1_9
2018-01-17 12:35:16,332 - INFO - dssInstance - Created pyController -> Controller.PVSystem.oh_264953_1_10
2018-01-17 12:35:16,335 - INFO - dssInstance - Created pyController -> Controller.PVSystem.oh_264971_1_5
2018-01-17 12:35:16,338 - INFO - dssInstance - Created pyController -> Controller.PVSystem.oh_51061590_1_2
2018-01-17 12:35:16,341 - INFO - dssInstance - Created pyController -> Controller.PVSystem.oh_51120111_1_5
2018-01-17 12:35:16,344 - INFO - dssInstance - Created pyController -> Controller.PVSystem.oh_51120111_1_8
2018-01-17 12:35:16,347 - INFO - dssInstance - Created pyController -> Controller.PVSystem.oh_51120111_1_10
2018-01-17 12:35:16,349 - INFO - dssInstance - Created pyController -> Controller.PVSystem.oh_51267194_1_7
2018-01-17 12:35:16,352 - INFO - dssInstance - Created pyController -> Controller.PVSystem.oh_51267194_1_8
2018-01-17 12:35:16,355 - INFO - dssInstance - Created pyController -> Controller.PVSystem.oh_260946_0_2
2018-01-17 12:35:16,358 - INFO - dssInstance - Created pyController -> Controller.PVSystem.oh_260946_0_7
2018-01-17 12:35:16,361 - INFO - dssInstance - Created pyController -> Controller.PVSystem.oh_261479_2_1
2018-01-17 12:35:16,365 - INFO - dssInstance - Created pyController -> Controller.PVSystem.oh_261479_2_2
2018-01-17 12:35:16,370 - INFO - dssInstance - Created pyController -> Controller.PVSystem.oh_261483_1_2
2018-01-17 12:35:16,374 - INFO - dssInstance - Created pyController -> Controller.PVSystem.oh_261483_1_3
2018-01-17 12:35:16,379 - INFO - dssInstance - Created pyController -> Controller.PVSystem.oh_261483_2_1
2018-01-17 12:35:16,383 - INFO - dssInstance - Created pyController -> Controller.PVSystem.oh_261483_2_2
2018-01-17 12:35:16,388 - INFO - dssInstance - Created pyController -> Controller.PVSystem.oh_261486_2_1
2018-01-17 12:35:16,392 - INFO - dssInstance - Created pyController -> Controller.PVSystem.oh_261535_0_5
2018-01-17 12:35:16,397 - INFO - dssInstance - Created pyController -> Controller.PVSystem.oh_261573_1_2
2018-01-17 12:35:16,401 - INFO - dssInstance - Created pyController -> Controller.PVSystem.oh_261573_2_2
2018-01-17 12:35:16,404 - INFO - dssInstance - Created pyController -> Controller.PVSystem.oh_261576_2_2
2018-01-17 12:35:16,407 - INFO - dssInstance - Created pyController -> Controller.PVSystem.oh_261584_1_2
2018-01-17 12:35:16,410 - INFO - dssInstance - Created pyController -> Controller.PVSystem.oh_261584_2_2
2018-01-17 12:35:16,413 - INFO - dssInstance - Created pyController -> Controller.PVSystem.oh_261584_2_3
2018-01-17 12:35:16,416 - INFO - dssInstance - Created pyController -> Controller.PVSystem.oh_261584_2_4
2018-01-17 12:35:16,419 - INFO - dssInstance - Created pyController -> Controller.PVSystem.oh_261592_1_2
2018-01-17 12:35:16,422 - INFO - dssInstance - Created pyController -> Controller.PVSystem.oh_261592_1_3
2018-01-17 12:35:16,425 - INFO - dssInstance - Created pyController -> Controller.PVSystem.oh_261604_1_2
2018-01-17 12:35:16,428 - INFO - dssInstance - Created pyController -> Controller.PVSystem.oh_261663_0_5
2018-01-17 12:35:16,430 - INFO - dssInstance - Created pyController -> Controller.PVSystem.oh_261663_0_6
2018-01-17 12:35:16,434 - INFO - dssInstance - Created pyController -> Controller.PVSystem.oh_261666_0_2
2018-01-17 12:35:16,437 - INFO - dssInstance - Created pyController -> Controller.PVSystem.oh_261666_0_5
2018-01-17 12:35:16,440 - INFO - dssInstance - Created pyController -> Controller.PVSystem.oh_261691_2_1
2018-01-17 12:35:16,445 - INFO - dssInstance - Created pyController -> Controller.PVSystem.oh_262646_2_3
2018-01-17 12:35:16,448 - INFO - dssInstance - Created pyController -> Controller.PVSystem.oh_262657_2_1
2018-01-17 12:35:16,451 - INFO - dssInstance - Created pyController -> Controller.PVSystem.oh_262864_2_1
2018-01-17 12:35:16,454 - INFO - dssInstance - Created pyController -> Controller.PVSystem.oh_262868_0_2
2018-01-17 12:35:16,458 - INFO - dssInstance - Created pyController -> Controller.PVSystem.oh_262876_1_1
2018-01-17 12:35:16,461 - INFO - dssInstance - Created pyController -> Controller.PVSystem.oh_262876_1_3
2018-01-17 12:35:16,464 - INFO - dssInstance - Created pyController -> Controller.PVSystem.oh_262876_1_6
2018-01-17 12:35:16,466 - INFO - dssInstance - Created pyController -> Controller.PVSystem.oh_262876_2_1
2018-01-17 12:35:16,470 - INFO - dssInstance - Created pyController -> Controller.PVSystem.oh_262978_1_7
2018-01-17 12:35:16,475 - INFO - dssInstance - Created pyController -> Controller.PVSystem.oh_262978_2_1
2018-01-17 12:35:16,479 - INFO - dssInstance - Created pyController -> Controller.PVSystem.oh_262978_2_6
2018-01-17 12:35:16,484 - INFO - dssInstance - Created pyController -> Controller.PVSystem.oh_262983_1_7
2018-01-17 12:35:16,488 - INFO - dssInstance - Created pyController -> Controller.PVSystem.oh_262987_1_3
2018-01-17 12:35:16,493 - INFO - dssInstance - Created pyController -> Controller.PVSystem.oh_262987_1_5
2018-01-17 12:35:16,497 - INFO - dssInstance - Created pyController -> Controller.PVSystem.oh_262987_1_6
2018-01-17 12:35:16,502 - INFO - dssInstance - Created pyController -> Controller.PVSystem.oh_262987_2_5
2018-01-17 12:35:16,506 - INFO - dssInstance - Created pyController -> Controller.PVSystem.oh_262992_2_1
2018-01-17 12:35:16,509 - INFO - dssInstance - Created pyController -> Controller.PVSystem.oh_262998_1_2
2018-01-17 12:35:16,512 - INFO - dssInstance - Created pyController -> Controller.PVSystem.oh_263013_1_1
2018-01-17 12:35:16,515 - INFO - dssInstance - Created pyController -> Controller.PVSystem.oh_263013_1_2
2018-01-17 12:35:16,518 - INFO - dssInstance - Created pyController -> Controller.PVSystem.oh_263013_1_3
2018-01-17 12:35:16,521 - INFO - dssInstance - Created pyController -> Controller.PVSystem.oh_263013_2_1
2018-01-17 12:35:16,524 - INFO - dssInstance - Created pyController -> Controller.PVSystem.oh_263013_2_4
2018-01-17 12:35:16,527 - INFO - dssInstance - Created pyController -> Controller.PVSystem.oh_263013_2_5
2018-01-17 12:35:16,530 - INFO - dssInstance - Created pyController -> Controller.PVSystem.oh_263090_2_2
2018-01-17 12:35:16,533 - INFO - dssInstance - Created pyController -> Controller.PVSystem.oh_263121_1_2
2018-01-17 12:35:16,536 - INFO - dssInstance - Created pyController -> Controller.PVSystem.oh_263121_2_1
2018-01-17 12:35:16,539 - INFO - dssInstance - Created pyController -> Controller.PVSystem.oh_263163_0_2
2018-01-17 12:35:16,542 - INFO - dssInstance - Created pyController -> Controller.PVSystem.oh_263163_0_3
2018-01-17 12:35:16,547 - INFO - dssInstance - Created pyController -> Controller.PVSystem.oh_263163_0_4
2018-01-17 12:35:16,553 - INFO - dssInstance - Created pyController -> Controller.PVSystem.oh_263163_0_6
2018-01-17 12:35:16,559 - INFO - dssInstance - Created pyController -> Controller.PVSystem.oh_263163_0_7
2018-01-17 12:35:16,564 - INFO - dssInstance - Created pyController -> Controller.PVSystem.oh_263243_0_12
2018-01-17 12:35:16,570 - INFO - dssInstance - Created pyController -> Controller.PVSystem.oh_263270_1_1
2018-01-17 12:35:16,576 - INFO - dssInstance - Created pyController -> Controller.PVSystem.oh_263270_1_2
2018-01-17 12:35:16,581 - INFO - dssInstance - Created pyController -> Controller.PVSystem.oh_263336_0_1
2018-01-17 12:35:16,584 - INFO - dssInstance - Created pyController -> Controller.PVSystem.oh_263336_0_3
2018-01-17 12:35:16,588 - INFO - dssInstance - Created pyController -> Controller.PVSystem.oh_263353_2_1
2018-01-17 12:35:16,591 - INFO - dssInstance - Created pyController -> Controller.PVSystem.oh_263400_0_3
2018-01-17 12:35:16,594 - INFO - dssInstance - Created pyController -> Controller.PVSystem.oh_263400_0_5
2018-01-17 12:35:16,596 - INFO - dssInstance - Created pyController -> Controller.PVSystem.oh_263400_0_6
2018-01-17 12:35:16,601 - INFO - dssInstance - Created pyController -> Controller.PVSystem.oh_263400_0_7
2018-01-17 12:35:16,604 - INFO - dssInstance - Created pyController -> Controller.PVSystem.oh_263400_0_11
2018-01-17 12:35:16,607 - INFO - dssInstance - Created pyController -> Controller.PVSystem.oh_263400_0_13
2018-01-17 12:35:16,610 - INFO - dssInstance - Created pyController -> Controller.PVSystem.oh_263400_0_15
2018-01-17 12:35:16,613 - INFO - dssInstance - Created pyController -> Controller.PVSystem.oh_263400_0_18
2018-01-17 12:35:16,618 - INFO - dssInstance - Created pyController -> Controller.PVSystem.oh_263619_0_3
2018-01-17 12:35:16,623 - INFO - dssInstance - Created pyController -> Controller.PVSystem.oh_264202_1_3
2018-01-17 12:35:16,628 - INFO - dssInstance - Created pyController -> Controller.PVSystem.oh_264241_1_1
2018-01-17 12:35:16,633 - INFO - dssInstance - Created pyController -> Controller.PVSystem.oh_264241_1_3
2018-01-17 12:35:16,637 - INFO - dssInstance - Created pyController -> Controller.PVSystem.oh_264241_2_1
2018-01-17 12:35:16,642 - INFO - dssInstance - Created pyController -> Controller.PVSystem.oh_264327_2_3
2018-01-17 12:35:16,647 - INFO - dssInstance - Created pyController -> Controller.PVSystem.oh_264329_2_2
2018-01-17 12:35:16,651 - INFO - dssInstance - Created pyController -> Controller.PVSystem.oh_264331_1_3
2018-01-17 12:35:16,656 - INFO - dssInstance - Created pyController -> Controller.PVSystem.oh_264402_2_1
2018-01-17 12:35:16,661 - INFO - dssInstance - Created pyController -> Controller.PVSystem.oh_264409_1_4
2018-01-17 12:35:16,665 - INFO - dssInstance - Created pyController -> Controller.PVSystem.oh_264409_2_2
2018-01-17 12:35:16,670 - INFO - dssInstance - Created pyController -> Controller.PVSystem.oh_264477_0_2
2018-01-17 12:35:16,674 - INFO - dssInstance - Created pyController -> Controller.PVSystem.oh_264481_0_1
2018-01-17 12:35:16,679 - INFO - dssInstance - Created pyController -> Controller.PVSystem.oh_264487_0_3
2018-01-17 12:35:16,683 - INFO - dssInstance - Created pyController -> Controller.PVSystem.oh_264611_1_4
2018-01-17 12:35:16,688 - INFO - dssInstance - Created pyController -> Controller.PVSystem.oh_264618_0_12
2018-01-17 12:35:16,693 - INFO - dssInstance - Created pyController -> Controller.PVSystem.oh_264618_0_25
2018-01-17 12:35:16,697 - INFO - dssInstance - Created pyController -> Controller.PVSystem.oh_264695_1_2
2018-01-17 12:35:16,702 - INFO - dssInstance - Created pyController -> Controller.PVSystem.oh_264725_2_1
2018-01-17 12:35:16,707 - INFO - dssInstance - Created pyController -> Controller.PVSystem.oh_264767_0_3
2018-01-17 12:35:16,712 - INFO - dssInstance - Created pyController -> Controller.PVSystem.oh_264767_0_4
2018-01-17 12:35:16,717 - INFO - dssInstance - Created pyController -> Controller.PVSystem.oh_264767_0_6
2018-01-17 12:35:16,721 - INFO - dssInstance - Created pyController -> Controller.PVSystem.oh_261491c
2018-01-17 12:35:16,727 - INFO - dssInstance - Created pyController -> Controller.PVSystem.oh_262865a
2018-01-17 12:35:16,732 - INFO - dssInstance - Created pyController -> Controller.PVSystem.oh_262865c
2018-01-17 12:35:16,736 - INFO - dssInstance - Created pyController -> Controller.PVSystem.oh_263333a
2018-01-17 12:35:16,741 - INFO - dssInstance - Created pyController -> Controller.PVSystem.oh_263615c
2018-01-17 12:35:16,745 - INFO - dssInstance - Created pyController -> Controller.PVSystem.oh_264082c
2018-01-17 12:35:16,750 - INFO - dssInstance - Created pyController -> Controller.PVSystem.oh_264579b
2018-01-17 12:35:16,755 - INFO - dssInstance - Created pyController -> Controller.PVSystem.oh_51048142a
2018-01-17 12:35:17,342 - INFO - dssInstance - Created pyController -> Controller.Storage.storagebus
2018-01-17 12:35:17,343 - INFO - dssInstance - Created pyController -> Controller.RegControl.subxfrmr
