2018-02-05 16:10:17,260 - INFO - dssInstance - An instance of OpenDSS version 0.2.9 has ben created.
2018-02-05 16:10:18,083 - INFO - SolveMode - Solver set to Daily mode.
2018-02-05 16:10:18,098 - INFO - NetworkModifier - Added -> New Storage.storagebus bus=storagebus kV=0.48 kWRated=2000 %IdlingkW=3 phases=3 %EffCharge=100 kWhRated=2000 %reserve=0 %EffDischarge=100 state=IDLE %stored=50
2018-02-05 16:10:23,720 - INFO - dssInstance - Created pyController -> Controller.PVSystem.bb_258064_1_5
2018-02-05 16:10:23,720 - INFO - dssInstance - Created pyController -> Controller.PVSystem.bb_258067_1_5
2018-02-05 16:10:23,720 - INFO - dssInstance - Created pyController -> Controller.PVSystem.bb_258080_1_14
2018-02-05 16:10:23,720 - INFO - dssInstance - Created pyController -> Controller.PVSystem.bb_258824_1_1
2018-02-05 16:10:23,720 - INFO - dssInstance - Created pyController -> Controller.PVSystem.bb_258899_1_9
2018-02-05 16:10:23,736 - INFO - dssInstance - Created pyController -> Controller.PVSystem.bb_259031_1_5
2018-02-05 16:10:23,736 - INFO - dssInstance - Created pyController -> Controller.PVSystem.bb_259033_1_2
2018-02-05 16:10:23,736 - INFO - dssInstance - Created pyController -> Controller.PVSystem.bb_259037_1_6
2018-02-05 16:10:23,736 - INFO - dssInstance - Created pyController -> Controller.PVSystem.bb_259041_1_5
2018-02-05 16:10:23,752 - INFO - dssInstance - Created pyController -> Controller.PVSystem.bb_259041_1_12
2018-02-05 16:10:23,752 - INFO - dssInstance - Created pyController -> Controller.PVSystem.bb_259160_1_6
2018-02-05 16:10:23,752 - INFO - dssInstance - Created pyController -> Controller.PVSystem.bb_259166_1_5
2018-02-05 16:10:23,752 - INFO - dssInstance - Created pyController -> Controller.PVSystem.bb_259166_1_7
2018-02-05 16:10:23,752 - INFO - dssInstance - Created pyController -> Controller.PVSystem.bb_259171_1_8
2018-02-05 16:10:23,752 - INFO - dssInstance - Created pyController -> Controller.PVSystem.bb_259176_1_2
2018-02-05 16:10:23,767 - INFO - dssInstance - Created pyController -> Controller.PVSystem.bb_263625_1_1
2018-02-05 16:10:23,767 - INFO - dssInstance - Created pyController -> Controller.PVSystem.bb_263625_1_8
2018-02-05 16:10:23,767 - INFO - dssInstance - Created pyController -> Controller.PVSystem.bb_263629_1_1
2018-02-05 16:10:23,767 - INFO - dssInstance - Created pyController -> Controller.PVSystem.bb_263629_1_4
2018-02-05 16:10:23,767 - INFO - dssInstance - Created pyController -> Controller.PVSystem.bb_263786_1_8
2018-02-05 16:10:23,767 - INFO - dssInstance - Created pyController -> Controller.PVSystem.bb_263789_1_2
2018-02-05 16:10:23,767 - INFO - dssInstance - Created pyController -> Controller.PVSystem.bb_263789_1_3
2018-02-05 16:10:23,767 - INFO - dssInstance - Created pyController -> Controller.PVSystem.bb_263793_1_1
2018-02-05 16:10:23,783 - INFO - dssInstance - Created pyController -> Controller.PVSystem.bb_263794_1_11
2018-02-05 16:10:23,783 - INFO - dssInstance - Created pyController -> Controller.PVSystem.bb_263795_1_8
2018-02-05 16:10:23,783 - INFO - dssInstance - Created pyController -> Controller.PVSystem.bb_263795_1_9
2018-02-05 16:10:23,783 - INFO - dssInstance - Created pyController -> Controller.PVSystem.bb_263795_1_12
2018-02-05 16:10:23,798 - INFO - dssInstance - Created pyController -> Controller.PVSystem.bb_263796_1_2
2018-02-05 16:10:23,798 - INFO - dssInstance - Created pyController -> Controller.PVSystem.bb_263796_1_9
2018-02-05 16:10:23,798 - INFO - dssInstance - Created pyController -> Controller.PVSystem.bb_263800_1_1
2018-02-05 16:10:23,798 - INFO - dssInstance - Created pyController -> Controller.PVSystem.bb_263800_1_4
2018-02-05 16:10:23,814 - INFO - dssInstance - Created pyController -> Controller.PVSystem.bb_263800_1_9
2018-02-05 16:10:23,814 - INFO - dssInstance - Created pyController -> Controller.PVSystem.bb_263802_1_9
2018-02-05 16:10:23,814 - INFO - dssInstance - Created pyController -> Controller.PVSystem.bb_263803_1_7
2018-02-05 16:10:23,814 - INFO - dssInstance - Created pyController -> Controller.PVSystem.bb_263805_1_7
2018-02-05 16:10:23,830 - INFO - dssInstance - Created pyController -> Controller.PVSystem.bb_263805_1_8
2018-02-05 16:10:23,830 - INFO - dssInstance - Created pyController -> Controller.PVSystem.bb_263807_1_3
2018-02-05 16:10:23,830 - INFO - dssInstance - Created pyController -> Controller.PVSystem.bb_263808_1_2
2018-02-05 16:10:23,845 - INFO - dssInstance - Created pyController -> Controller.PVSystem.bb_263808_1_3
2018-02-05 16:10:23,845 - INFO - dssInstance - Created pyController -> Controller.PVSystem.bb_263808_1_5
2018-02-05 16:10:23,845 - INFO - dssInstance - Created pyController -> Controller.PVSystem.bb_264037_1_1
2018-02-05 16:10:23,845 - INFO - dssInstance - Created pyController -> Controller.PVSystem.bb_264037_1_3
2018-02-05 16:10:23,845 - INFO - dssInstance - Created pyController -> Controller.PVSystem.bb_264132_1_8
2018-02-05 16:10:23,845 - INFO - dssInstance - Created pyController -> Controller.PVSystem.bb_264132_1_12
2018-02-05 16:10:23,845 - INFO - dssInstance - Created pyController -> Controller.PVSystem.bb_51045964_1_2
2018-02-05 16:10:23,845 - INFO - dssInstance - Created pyController -> Controller.PVSystem.bb_51045964_1_5
2018-02-05 16:10:23,861 - INFO - dssInstance - Created pyController -> Controller.PVSystem.bb_51045964_1_6
2018-02-05 16:10:23,861 - INFO - dssInstance - Created pyController -> Controller.PVSystem.bb_51046044_1_2
2018-02-05 16:10:23,861 - INFO - dssInstance - Created pyController -> Controller.PVSystem.oh_257796_1_1
2018-02-05 16:10:23,861 - INFO - dssInstance - Created pyController -> Controller.PVSystem.oh_257806_1_2
2018-02-05 16:10:23,861 - INFO - dssInstance - Created pyController -> Controller.PVSystem.oh_257806_1_5
2018-02-05 16:10:23,861 - INFO - dssInstance - Created pyController -> Controller.PVSystem.oh_257806_1_6
2018-02-05 16:10:23,861 - INFO - dssInstance - Created pyController -> Controller.PVSystem.oh_257806_1_13
2018-02-05 16:10:23,877 - INFO - dssInstance - Created pyController -> Controller.PVSystem.oh_257807_1_3
2018-02-05 16:10:23,877 - INFO - dssInstance - Created pyController -> Controller.PVSystem.oh_257808_1_1
2018-02-05 16:10:23,877 - INFO - dssInstance - Created pyController -> Controller.PVSystem.oh_257811_1_6
2018-02-05 16:10:23,877 - INFO - dssInstance - Created pyController -> Controller.PVSystem.oh_262481_1_9
2018-02-05 16:10:23,877 - INFO - dssInstance - Created pyController -> Controller.PVSystem.oh_262486_1_7
2018-02-05 16:10:23,877 - INFO - dssInstance - Created pyController -> Controller.PVSystem.oh_263539_1_2
2018-02-05 16:10:23,877 - INFO - dssInstance - Created pyController -> Controller.PVSystem.oh_264008_1_1
2018-02-05 16:10:23,892 - INFO - dssInstance - Created pyController -> Controller.PVSystem.oh_264008_1_2
2018-02-05 16:10:23,892 - INFO - dssInstance - Created pyController -> Controller.PVSystem.oh_264009_1_8
2018-02-05 16:10:23,892 - INFO - dssInstance - Created pyController -> Controller.PVSystem.oh_264010_1_2
2018-02-05 16:10:23,892 - INFO - dssInstance - Created pyController -> Controller.PVSystem.oh_264056_1_1
2018-02-05 16:10:23,892 - INFO - dssInstance - Created pyController -> Controller.PVSystem.oh_264056_1_5
2018-02-05 16:10:23,892 - INFO - dssInstance - Created pyController -> Controller.PVSystem.oh_264056_1_7
2018-02-05 16:10:23,892 - INFO - dssInstance - Created pyController -> Controller.PVSystem.oh_264057_1_3
2018-02-05 16:10:23,908 - INFO - dssInstance - Created pyController -> Controller.PVSystem.oh_264057_1_6
2018-02-05 16:10:23,908 - INFO - dssInstance - Created pyController -> Controller.PVSystem.oh_264057_1_9
2018-02-05 16:10:23,908 - INFO - dssInstance - Created pyController -> Controller.PVSystem.oh_264058_1_1
2018-02-05 16:10:23,908 - INFO - dssInstance - Created pyController -> Controller.PVSystem.oh_264058_1_5
2018-02-05 16:10:23,908 - INFO - dssInstance - Created pyController -> Controller.PVSystem.oh_264059_1_4
2018-02-05 16:10:23,908 - INFO - dssInstance - Created pyController -> Controller.PVSystem.oh_264106_1_2
2018-02-05 16:10:23,908 - INFO - dssInstance - Created pyController -> Controller.PVSystem.oh_264158_1_2
2018-02-05 16:10:23,923 - INFO - dssInstance - Created pyController -> Controller.PVSystem.oh_264857_1_8
2018-02-05 16:10:23,923 - INFO - dssInstance - Created pyController -> Controller.PVSystem.oh_264870_1_1
2018-02-05 16:10:23,923 - INFO - dssInstance - Created pyController -> Controller.PVSystem.oh_264870_1_3
2018-02-05 16:10:23,923 - INFO - dssInstance - Created pyController -> Controller.PVSystem.oh_264870_1_12
2018-02-05 16:10:23,939 - INFO - dssInstance - Created pyController -> Controller.PVSystem.oh_264874_1_5
2018-02-05 16:10:23,939 - INFO - dssInstance - Created pyController -> Controller.PVSystem.oh_264880_1_5
2018-02-05 16:10:23,939 - INFO - dssInstance - Created pyController -> Controller.PVSystem.oh_264880_1_7
2018-02-05 16:10:23,939 - INFO - dssInstance - Created pyController -> Controller.PVSystem.oh_264883_1_4
2018-02-05 16:10:23,939 - INFO - dssInstance - Created pyController -> Controller.PVSystem.oh_264883_1_11
2018-02-05 16:10:23,939 - INFO - dssInstance - Created pyController -> Controller.PVSystem.oh_264887_1_8
2018-02-05 16:10:23,955 - INFO - dssInstance - Created pyController -> Controller.PVSystem.oh_264889_1_2
2018-02-05 16:10:23,955 - INFO - dssInstance - Created pyController -> Controller.PVSystem.oh_264889_1_5
2018-02-05 16:10:23,955 - INFO - dssInstance - Created pyController -> Controller.PVSystem.oh_264889_1_11
2018-02-05 16:10:23,955 - INFO - dssInstance - Created pyController -> Controller.PVSystem.oh_264913_1_2
2018-02-05 16:10:23,955 - INFO - dssInstance - Created pyController -> Controller.PVSystem.oh_264913_1_7
2018-02-05 16:10:23,955 - INFO - dssInstance - Created pyController -> Controller.PVSystem.oh_264931_1_4
2018-02-05 16:10:23,955 - INFO - dssInstance - Created pyController -> Controller.PVSystem.oh_264953_1_4
2018-02-05 16:10:23,970 - INFO - dssInstance - Created pyController -> Controller.PVSystem.oh_260847_1_1
2018-02-05 16:10:23,970 - INFO - dssInstance - Created pyController -> Controller.PVSystem.oh_261479_1_1
2018-02-05 16:10:23,970 - INFO - dssInstance - Created pyController -> Controller.PVSystem.oh_261486_1_2
2018-02-05 16:10:23,970 - INFO - dssInstance - Created pyController -> Controller.PVSystem.oh_261573_1_1
2018-02-05 16:10:23,970 - INFO - dssInstance - Created pyController -> Controller.PVSystem.oh_261576_1_2
2018-02-05 16:10:23,970 - INFO - dssInstance - Created pyController -> Controller.PVSystem.oh_261584_1_3
2018-02-05 16:10:23,970 - INFO - dssInstance - Created pyController -> Controller.PVSystem.oh_261584_1_4
2018-02-05 16:10:23,986 - INFO - dssInstance - Created pyController -> Controller.PVSystem.oh_261584_2_1
2018-02-05 16:10:23,986 - INFO - dssInstance - Created pyController -> Controller.PVSystem.oh_261592_1_1
2018-02-05 16:10:23,986 - INFO - dssInstance - Created pyController -> Controller.PVSystem.oh_261592_2_2
2018-02-05 16:10:23,986 - INFO - dssInstance - Created pyController -> Controller.PVSystem.oh_261663_0_1
2018-02-05 16:10:23,986 - INFO - dssInstance - Created pyController -> Controller.PVSystem.oh_262868_0_1
2018-02-05 16:10:23,986 - INFO - dssInstance - Created pyController -> Controller.PVSystem.oh_262876_1_7
2018-02-05 16:10:23,986 - INFO - dssInstance - Created pyController -> Controller.PVSystem.oh_262876_2_5
2018-02-05 16:10:24,002 - INFO - dssInstance - Created pyController -> Controller.PVSystem.oh_262983_1_4
2018-02-05 16:10:24,002 - INFO - dssInstance - Created pyController -> Controller.PVSystem.oh_262987_2_2
2018-02-05 16:10:24,002 - INFO - dssInstance - Created pyController -> Controller.PVSystem.oh_262992_1_1
2018-02-05 16:10:24,002 - INFO - dssInstance - Created pyController -> Controller.PVSystem.oh_263013_1_4
2018-02-05 16:10:24,002 - INFO - dssInstance - Created pyController -> Controller.PVSystem.oh_263105_1_1
2018-02-05 16:10:24,017 - INFO - dssInstance - Created pyController -> Controller.PVSystem.oh_263105_1_2
2018-02-05 16:10:24,017 - INFO - dssInstance - Created pyController -> Controller.PVSystem.oh_263105_2_2
2018-02-05 16:10:24,017 - INFO - dssInstance - Created pyController -> Controller.PVSystem.oh_263114_1_3
2018-02-05 16:10:24,017 - INFO - dssInstance - Created pyController -> Controller.PVSystem.oh_263163_0_1
2018-02-05 16:10:24,017 - INFO - dssInstance - Created pyController -> Controller.PVSystem.oh_263163_0_5
2018-02-05 16:10:24,017 - INFO - dssInstance - Created pyController -> Controller.PVSystem.oh_263236_0_4
2018-02-05 16:10:24,017 - INFO - dssInstance - Created pyController -> Controller.PVSystem.oh_263261_0_6
2018-02-05 16:10:24,033 - INFO - dssInstance - Created pyController -> Controller.PVSystem.oh_263400_0_1
2018-02-05 16:10:24,033 - INFO - dssInstance - Created pyController -> Controller.PVSystem.oh_263400_0_10
2018-02-05 16:10:24,033 - INFO - dssInstance - Created pyController -> Controller.PVSystem.oh_263400_0_16
2018-02-05 16:10:24,033 - INFO - dssInstance - Created pyController -> Controller.PVSystem.oh_263619_0_2
2018-02-05 16:10:24,033 - INFO - dssInstance - Created pyController -> Controller.PVSystem.oh_264402_1_1
2018-02-05 16:10:24,033 - INFO - dssInstance - Created pyController -> Controller.PVSystem.oh_264578_0_2
2018-02-05 16:10:24,033 - INFO - dssInstance - Created pyController -> Controller.PVSystem.oh_264611_1_5
2018-02-05 16:10:24,048 - INFO - dssInstance - Created pyController -> Controller.PVSystem.oh_264618_0_3
2018-02-05 16:10:24,048 - INFO - dssInstance - Created pyController -> Controller.PVSystem.oh_264729_0_2
2018-02-05 16:10:24,048 - INFO - dssInstance - Created pyController -> Controller.PVSystem.oh_51048147a
2018-02-05 16:10:24,048 - INFO - dssInstance - Created pyController -> Controller.PVSystem.oh_51048147b
2018-02-05 16:10:24,048 - INFO - dssInstance - Created pyController -> Controller.PVSystem.oh_51048147c
2018-02-05 16:10:24,048 - INFO - dssInstance - Created pyController -> Controller.PVSystem.bb_262469a
2018-02-05 16:10:24,048 - INFO - dssInstance - Created pyController -> Controller.PVSystem.bb_263551a
2018-02-05 16:10:24,064 - INFO - dssInstance - Created pyController -> Controller.PVSystem.bb_263552a
2018-02-05 16:10:24,064 - INFO - dssInstance - Created pyController -> Controller.PVSystem.bb_263790a
2018-02-05 16:10:24,064 - INFO - dssInstance - Created pyController -> Controller.PVSystem.bb_263791a
2018-02-05 16:10:24,064 - INFO - dssInstance - Created pyController -> Controller.PVSystem.bb_263792a
2018-02-05 16:10:24,064 - INFO - dssInstance - Created pyController -> Controller.PVSystem.oh_263097b
2018-02-05 16:10:24,064 - INFO - dssInstance - Created pyController -> Controller.PVSystem.oh_263097c
2018-02-05 16:10:24,064 - INFO - dssInstance - Created pyController -> Controller.PVSystem.oh_263106b
2018-02-05 16:10:24,064 - INFO - dssInstance - Created pyController -> Controller.PVSystem.oh_263615a
2018-02-05 16:10:24,080 - INFO - dssInstance - Created pyController -> Controller.PVSystem.oh_263615b
2018-02-05 16:10:24,080 - INFO - dssInstance - Created pyController -> Controller.PVSystem.oh_265122a
2018-02-05 16:10:24,080 - INFO - dssInstance - Created pyController -> Controller.PVSystem.oh_265122b
2018-02-05 16:10:24,080 - INFO - dssInstance - Created pyController -> Controller.PVSystem.oh_265122c
2018-02-05 16:10:24,080 - INFO - dssInstance - Created pyController -> Controller.PVSystem.oh_51048142b
2018-02-05 16:10:24,080 - INFO - dssInstance - Created pyController -> Controller.PVSystem.bb_258067_1_3
2018-02-05 16:10:24,080 - INFO - dssInstance - Created pyController -> Controller.PVSystem.bb_258067_1_6
2018-02-05 16:10:24,095 - INFO - dssInstance - Created pyController -> Controller.PVSystem.bb_258067_1_7
2018-02-05 16:10:24,095 - INFO - dssInstance - Created pyController -> Controller.PVSystem.bb_258067_1_9
2018-02-05 16:10:24,095 - INFO - dssInstance - Created pyController -> Controller.PVSystem.bb_258070_1_1
2018-02-05 16:10:24,095 - INFO - dssInstance - Created pyController -> Controller.PVSystem.bb_258073_1_1
2018-02-05 16:10:24,095 - INFO - dssInstance - Created pyController -> Controller.PVSystem.bb_258073_1_3
2018-02-05 16:10:24,095 - INFO - dssInstance - Created pyController -> Controller.PVSystem.bb_258073_1_4
2018-02-05 16:10:24,095 - INFO - dssInstance - Created pyController -> Controller.PVSystem.bb_258073_1_5
2018-02-05 16:10:24,111 - INFO - dssInstance - Created pyController -> Controller.PVSystem.bb_258073_1_6
2018-02-05 16:10:24,111 - INFO - dssInstance - Created pyController -> Controller.PVSystem.bb_258073_1_7
2018-02-05 16:10:24,111 - INFO - dssInstance - Created pyController -> Controller.PVSystem.bb_258073_1_8
2018-02-05 16:10:24,111 - INFO - dssInstance - Created pyController -> Controller.PVSystem.bb_258073_1_9
2018-02-05 16:10:24,111 - INFO - dssInstance - Created pyController -> Controller.PVSystem.bb_258073_1_10
2018-02-05 16:10:24,111 - INFO - dssInstance - Created pyController -> Controller.PVSystem.bb_258077_1_4
2018-02-05 16:10:24,127 - INFO - dssInstance - Created pyController -> Controller.PVSystem.bb_258080_1_1
2018-02-05 16:10:24,127 - INFO - dssInstance - Created pyController -> Controller.PVSystem.bb_258080_1_7
2018-02-05 16:10:24,127 - INFO - dssInstance - Created pyController -> Controller.PVSystem.bb_258080_1_10
2018-02-05 16:10:24,127 - INFO - dssInstance - Created pyController -> Controller.PVSystem.bb_258202_1_1
2018-02-05 16:10:24,127 - INFO - dssInstance - Created pyController -> Controller.PVSystem.bb_258202_1_2
2018-02-05 16:10:24,127 - INFO - dssInstance - Created pyController -> Controller.PVSystem.bb_258797_1_1
2018-02-05 16:10:24,127 - INFO - dssInstance - Created pyController -> Controller.PVSystem.bb_258797_1_2
2018-02-05 16:10:24,142 - INFO - dssInstance - Created pyController -> Controller.PVSystem.bb_258797_1_5
2018-02-05 16:10:24,142 - INFO - dssInstance - Created pyController -> Controller.PVSystem.bb_258803_1_5
2018-02-05 16:10:24,142 - INFO - dssInstance - Created pyController -> Controller.PVSystem.bb_258803_1_6
2018-02-05 16:10:24,142 - INFO - dssInstance - Created pyController -> Controller.PVSystem.bb_258803_1_8
2018-02-05 16:10:24,142 - INFO - dssInstance - Created pyController -> Controller.PVSystem.bb_258803_1_9
2018-02-05 16:10:24,142 - INFO - dssInstance - Created pyController -> Controller.PVSystem.bb_258803_1_10
2018-02-05 16:10:24,142 - INFO - dssInstance - Created pyController -> Controller.PVSystem.bb_258803_1_11
2018-02-05 16:10:24,142 - INFO - dssInstance - Created pyController -> Controller.PVSystem.bb_258803_1_12
2018-02-05 16:10:24,158 - INFO - dssInstance - Created pyController -> Controller.PVSystem.bb_258824_1_7
2018-02-05 16:10:24,158 - INFO - dssInstance - Created pyController -> Controller.PVSystem.bb_258838_1_8
2018-02-05 16:10:24,158 - INFO - dssInstance - Created pyController -> Controller.PVSystem.bb_258838_1_10
2018-02-05 16:10:24,158 - INFO - dssInstance - Created pyController -> Controller.PVSystem.bb_258899_1_2
2018-02-05 16:10:24,158 - INFO - dssInstance - Created pyController -> Controller.PVSystem.bb_258899_1_8
2018-02-05 16:10:24,158 - INFO - dssInstance - Created pyController -> Controller.PVSystem.bb_259031_1_1
2018-02-05 16:10:24,158 - INFO - dssInstance - Created pyController -> Controller.PVSystem.bb_259031_1_4
2018-02-05 16:10:24,173 - INFO - dssInstance - Created pyController -> Controller.PVSystem.bb_259031_1_7
2018-02-05 16:10:24,173 - INFO - dssInstance - Created pyController -> Controller.PVSystem.bb_259031_1_8
2018-02-05 16:10:24,173 - INFO - dssInstance - Created pyController -> Controller.PVSystem.bb_259031_1_9
2018-02-05 16:10:24,173 - INFO - dssInstance - Created pyController -> Controller.PVSystem.bb_259031_1_10
2018-02-05 16:10:24,173 - INFO - dssInstance - Created pyController -> Controller.PVSystem.bb_259033_1_6
2018-02-05 16:10:24,173 - INFO - dssInstance - Created pyController -> Controller.PVSystem.bb_259033_1_8
2018-02-05 16:10:24,189 - INFO - dssInstance - Created pyController -> Controller.PVSystem.bb_259037_1_1
2018-02-05 16:10:24,189 - INFO - dssInstance - Created pyController -> Controller.PVSystem.bb_259037_1_2
2018-02-05 16:10:24,189 - INFO - dssInstance - Created pyController -> Controller.PVSystem.bb_259037_1_8
2018-02-05 16:10:24,189 - INFO - dssInstance - Created pyController -> Controller.PVSystem.bb_259037_1_11
2018-02-05 16:10:24,189 - INFO - dssInstance - Created pyController -> Controller.PVSystem.bb_259037_1_13
2018-02-05 16:10:24,189 - INFO - dssInstance - Created pyController -> Controller.PVSystem.bb_259041_1_1
2018-02-05 16:10:24,189 - INFO - dssInstance - Created pyController -> Controller.PVSystem.bb_259160_1_1
2018-02-05 16:10:24,189 - INFO - dssInstance - Created pyController -> Controller.PVSystem.bb_259160_1_3
2018-02-05 16:10:24,205 - INFO - dssInstance - Created pyController -> Controller.PVSystem.bb_259160_1_4
2018-02-05 16:10:24,205 - INFO - dssInstance - Created pyController -> Controller.PVSystem.bb_259160_1_7
2018-02-05 16:10:24,205 - INFO - dssInstance - Created pyController -> Controller.PVSystem.bb_259160_1_9
2018-02-05 16:10:24,205 - INFO - dssInstance - Created pyController -> Controller.PVSystem.bb_259160_1_12
2018-02-05 16:10:24,205 - INFO - dssInstance - Created pyController -> Controller.PVSystem.bb_259160_1_13
2018-02-05 16:10:24,205 - INFO - dssInstance - Created pyController -> Controller.PVSystem.bb_259160_1_14
2018-02-05 16:10:24,205 - INFO - dssInstance - Created pyController -> Controller.PVSystem.bb_259166_1_1
2018-02-05 16:10:24,220 - INFO - dssInstance - Created pyController -> Controller.PVSystem.bb_259171_1_1
2018-02-05 16:10:24,220 - INFO - dssInstance - Created pyController -> Controller.PVSystem.bb_259171_1_2
2018-02-05 16:10:24,220 - INFO - dssInstance - Created pyController -> Controller.PVSystem.bb_259171_1_4
2018-02-05 16:10:24,220 - INFO - dssInstance - Created pyController -> Controller.PVSystem.bb_259171_1_7
2018-02-05 16:10:24,220 - INFO - dssInstance - Created pyController -> Controller.PVSystem.bb_259176_1_4
2018-02-05 16:10:24,220 - INFO - dssInstance - Created pyController -> Controller.PVSystem.bb_259176_1_6
2018-02-05 16:10:24,220 - INFO - dssInstance - Created pyController -> Controller.PVSystem.bb_259176_1_8
2018-02-05 16:10:24,220 - INFO - dssInstance - Created pyController -> Controller.PVSystem.bb_263625_1_2
2018-02-05 16:10:24,236 - INFO - dssInstance - Created pyController -> Controller.PVSystem.bb_263625_1_4
2018-02-05 16:10:24,236 - INFO - dssInstance - Created pyController -> Controller.PVSystem.bb_263625_1_11
2018-02-05 16:10:24,236 - INFO - dssInstance - Created pyController -> Controller.PVSystem.bb_263629_1_2
2018-02-05 16:10:24,236 - INFO - dssInstance - Created pyController -> Controller.PVSystem.bb_263629_1_6
2018-02-05 16:10:24,236 - INFO - dssInstance - Created pyController -> Controller.PVSystem.bb_263629_1_7
2018-02-05 16:10:24,236 - INFO - dssInstance - Created pyController -> Controller.PVSystem.bb_263629_1_9
2018-02-05 16:10:24,236 - INFO - dssInstance - Created pyController -> Controller.PVSystem.bb_263629_1_11
2018-02-05 16:10:24,236 - INFO - dssInstance - Created pyController -> Controller.PVSystem.bb_263786_1_1
2018-02-05 16:10:24,252 - INFO - dssInstance - Created pyController -> Controller.PVSystem.bb_263786_1_2
2018-02-05 16:10:24,252 - INFO - dssInstance - Created pyController -> Controller.PVSystem.bb_263786_1_5
2018-02-05 16:10:24,252 - INFO - dssInstance - Created pyController -> Controller.PVSystem.bb_263786_1_9
2018-02-05 16:10:24,252 - INFO - dssInstance - Created pyController -> Controller.PVSystem.bb_263786_1_10
2018-02-05 16:10:24,252 - INFO - dssInstance - Created pyController -> Controller.PVSystem.bb_263786_1_12
2018-02-05 16:10:24,252 - INFO - dssInstance - Created pyController -> Controller.PVSystem.bb_263787_1_1
2018-02-05 16:10:24,267 - INFO - dssInstance - Created pyController -> Controller.PVSystem.bb_263787_1_2
2018-02-05 16:10:24,267 - INFO - dssInstance - Created pyController -> Controller.PVSystem.bb_263787_1_4
2018-02-05 16:10:24,267 - INFO - dssInstance - Created pyController -> Controller.PVSystem.bb_263787_1_5
2018-02-05 16:10:24,267 - INFO - dssInstance - Created pyController -> Controller.PVSystem.bb_263787_1_6
2018-02-05 16:10:24,267 - INFO - dssInstance - Created pyController -> Controller.PVSystem.bb_263787_1_10
2018-02-05 16:10:24,267 - INFO - dssInstance - Created pyController -> Controller.PVSystem.bb_263788_1_1
2018-02-05 16:10:24,267 - INFO - dssInstance - Created pyController -> Controller.PVSystem.bb_263788_1_3
2018-02-05 16:10:24,267 - INFO - dssInstance - Created pyController -> Controller.PVSystem.bb_263789_1_1
2018-02-05 16:10:24,283 - INFO - dssInstance - Created pyController -> Controller.PVSystem.bb_263789_1_4
2018-02-05 16:10:24,283 - INFO - dssInstance - Created pyController -> Controller.PVSystem.bb_263789_1_6
2018-02-05 16:10:24,283 - INFO - dssInstance - Created pyController -> Controller.PVSystem.bb_263789_1_7
2018-02-05 16:10:24,283 - INFO - dssInstance - Created pyController -> Controller.PVSystem.bb_263789_1_10
2018-02-05 16:10:24,283 - INFO - dssInstance - Created pyController -> Controller.PVSystem.bb_263789_1_11
2018-02-05 16:10:24,283 - INFO - dssInstance - Created pyController -> Controller.PVSystem.bb_263789_1_12
2018-02-05 16:10:24,283 - INFO - dssInstance - Created pyController -> Controller.PVSystem.bb_263793_1_2
2018-02-05 16:10:24,283 - INFO - dssInstance - Created pyController -> Controller.PVSystem.bb_263793_1_7
2018-02-05 16:10:24,298 - INFO - dssInstance - Created pyController -> Controller.PVSystem.bb_263793_1_8
2018-02-05 16:10:24,298 - INFO - dssInstance - Created pyController -> Controller.PVSystem.bb_263793_1_9
2018-02-05 16:10:24,298 - INFO - dssInstance - Created pyController -> Controller.PVSystem.bb_263793_1_10
2018-02-05 16:10:24,298 - INFO - dssInstance - Created pyController -> Controller.PVSystem.bb_263795_1_2
2018-02-05 16:10:24,298 - INFO - dssInstance - Created pyController -> Controller.PVSystem.bb_263795_1_4
2018-02-05 16:10:24,298 - INFO - dssInstance - Created pyController -> Controller.PVSystem.bb_263795_1_7
2018-02-05 16:10:24,298 - INFO - dssInstance - Created pyController -> Controller.PVSystem.bb_263795_1_10
2018-02-05 16:10:24,298 - INFO - dssInstance - Created pyController -> Controller.PVSystem.bb_263796_1_3
2018-02-05 16:10:24,314 - INFO - dssInstance - Created pyController -> Controller.PVSystem.bb_263797_1_1
2018-02-05 16:10:24,314 - INFO - dssInstance - Created pyController -> Controller.PVSystem.bb_263798_1_7
2018-02-05 16:10:24,314 - INFO - dssInstance - Created pyController -> Controller.PVSystem.bb_263800_1_3
2018-02-05 16:10:24,314 - INFO - dssInstance - Created pyController -> Controller.PVSystem.bb_263801_1_7
2018-02-05 16:10:24,314 - INFO - dssInstance - Created pyController -> Controller.PVSystem.bb_263802_1_7
2018-02-05 16:10:24,314 - INFO - dssInstance - Created pyController -> Controller.PVSystem.bb_263802_1_8
2018-02-05 16:10:24,314 - INFO - dssInstance - Created pyController -> Controller.PVSystem.bb_263803_1_1
2018-02-05 16:10:24,314 - INFO - dssInstance - Created pyController -> Controller.PVSystem.bb_263803_1_4
2018-02-05 16:10:24,330 - INFO - dssInstance - Created pyController -> Controller.PVSystem.bb_263803_1_5
2018-02-05 16:10:24,330 - INFO - dssInstance - Created pyController -> Controller.PVSystem.bb_263803_1_8
2018-02-05 16:10:24,330 - INFO - dssInstance - Created pyController -> Controller.PVSystem.bb_263803_1_9
2018-02-05 16:10:24,330 - INFO - dssInstance - Created pyController -> Controller.PVSystem.bb_263803_1_10
2018-02-05 16:10:24,330 - INFO - dssInstance - Created pyController -> Controller.PVSystem.bb_263803_1_11
2018-02-05 16:10:24,330 - INFO - dssInstance - Created pyController -> Controller.PVSystem.bb_263803_1_13
2018-02-05 16:10:24,330 - INFO - dssInstance - Created pyController -> Controller.PVSystem.bb_263804_1_2
2018-02-05 16:10:24,330 - INFO - dssInstance - Created pyController -> Controller.PVSystem.bb_263804_1_7
2018-02-05 16:10:24,345 - INFO - dssInstance - Created pyController -> Controller.PVSystem.bb_263804_1_8
2018-02-05 16:10:24,345 - INFO - dssInstance - Created pyController -> Controller.PVSystem.bb_263804_1_12
2018-02-05 16:10:24,345 - INFO - dssInstance - Created pyController -> Controller.PVSystem.bb_263805_1_3
2018-02-05 16:10:24,345 - INFO - dssInstance - Created pyController -> Controller.PVSystem.bb_263805_1_6
2018-02-05 16:10:24,345 - INFO - dssInstance - Created pyController -> Controller.PVSystem.bb_263805_1_9
2018-02-05 16:10:24,345 - INFO - dssInstance - Created pyController -> Controller.PVSystem.bb_263806_1_2
2018-02-05 16:10:24,345 - INFO - dssInstance - Created pyController -> Controller.PVSystem.bb_263806_1_3
2018-02-05 16:10:24,361 - INFO - dssInstance - Created pyController -> Controller.PVSystem.bb_263806_1_4
2018-02-05 16:10:24,361 - INFO - dssInstance - Created pyController -> Controller.PVSystem.bb_263806_1_5
2018-02-05 16:10:24,361 - INFO - dssInstance - Created pyController -> Controller.PVSystem.bb_263806_1_6
2018-02-05 16:10:24,361 - INFO - dssInstance - Created pyController -> Controller.PVSystem.bb_263806_1_8
2018-02-05 16:10:24,361 - INFO - dssInstance - Created pyController -> Controller.PVSystem.bb_263807_1_1
2018-02-05 16:10:24,361 - INFO - dssInstance - Created pyController -> Controller.PVSystem.bb_263807_1_2
2018-02-05 16:10:24,361 - INFO - dssInstance - Created pyController -> Controller.PVSystem.bb_263807_1_5
2018-02-05 16:10:24,361 - INFO - dssInstance - Created pyController -> Controller.PVSystem.bb_263807_1_10
2018-02-05 16:10:24,377 - INFO - dssInstance - Created pyController -> Controller.PVSystem.bb_263808_1_1
2018-02-05 16:10:24,377 - INFO - dssInstance - Created pyController -> Controller.PVSystem.bb_263808_1_4
2018-02-05 16:10:24,377 - INFO - dssInstance - Created pyController -> Controller.PVSystem.bb_263808_1_8
2018-02-05 16:10:24,377 - INFO - dssInstance - Created pyController -> Controller.PVSystem.bb_263808_1_9
2018-02-05 16:10:24,377 - INFO - dssInstance - Created pyController -> Controller.PVSystem.bb_263809_1_1
2018-02-05 16:10:24,377 - INFO - dssInstance - Created pyController -> Controller.PVSystem.bb_263809_1_2
2018-02-05 16:10:24,377 - INFO - dssInstance - Created pyController -> Controller.PVSystem.bb_263809_1_6
2018-02-05 16:10:24,377 - INFO - dssInstance - Created pyController -> Controller.PVSystem.bb_263809_1_8
2018-02-05 16:10:24,392 - INFO - dssInstance - Created pyController -> Controller.PVSystem.bb_263817_1_1
2018-02-05 16:10:24,392 - INFO - dssInstance - Created pyController -> Controller.PVSystem.bb_263817_1_3
2018-02-05 16:10:24,392 - INFO - dssInstance - Created pyController -> Controller.PVSystem.bb_263817_1_6
2018-02-05 16:10:24,392 - INFO - dssInstance - Created pyController -> Controller.PVSystem.bb_263817_1_7
2018-02-05 16:10:24,392 - INFO - dssInstance - Created pyController -> Controller.PVSystem.bb_263817_1_8
2018-02-05 16:10:24,392 - INFO - dssInstance - Created pyController -> Controller.PVSystem.bb_263888_1_1
2018-02-05 16:10:24,392 - INFO - dssInstance - Created pyController -> Controller.PVSystem.bb_263888_1_6
2018-02-05 16:10:24,408 - INFO - dssInstance - Created pyController -> Controller.PVSystem.bb_264037_1_4
2018-02-05 16:10:24,408 - INFO - dssInstance - Created pyController -> Controller.PVSystem.bb_264132_1_5
2018-02-05 16:10:24,408 - INFO - dssInstance - Created pyController -> Controller.PVSystem.bb_264132_1_6
2018-02-05 16:10:24,408 - INFO - dssInstance - Created pyController -> Controller.PVSystem.bb_264132_1_10
2018-02-05 16:10:24,408 - INFO - dssInstance - Created pyController -> Controller.PVSystem.bb_264132_1_13
2018-02-05 16:10:24,408 - INFO - dssInstance - Created pyController -> Controller.PVSystem.bb_264986_1_10
2018-02-05 16:10:24,408 - INFO - dssInstance - Created pyController -> Controller.PVSystem.bb_264986_1_11
2018-02-05 16:10:24,408 - INFO - dssInstance - Created pyController -> Controller.PVSystem.bb_51045896_1_2
2018-02-05 16:10:24,423 - INFO - dssInstance - Created pyController -> Controller.PVSystem.bb_51045896_1_3
2018-02-05 16:10:24,423 - INFO - dssInstance - Created pyController -> Controller.PVSystem.bb_51045964_1_1
2018-02-05 16:10:24,423 - INFO - dssInstance - Created pyController -> Controller.PVSystem.bb_51045964_1_3
2018-02-05 16:10:24,423 - INFO - dssInstance - Created pyController -> Controller.PVSystem.bb_51045964_1_8
2018-02-05 16:10:24,423 - INFO - dssInstance - Created pyController -> Controller.PVSystem.bb_51045964_1_9
2018-02-05 16:10:24,423 - INFO - dssInstance - Created pyController -> Controller.PVSystem.bb_51045964_1_10
2018-02-05 16:10:24,423 - INFO - dssInstance - Created pyController -> Controller.PVSystem.bb_51045964_1_12
2018-02-05 16:10:24,439 - INFO - dssInstance - Created pyController -> Controller.PVSystem.bb_51045964_1_14
2018-02-05 16:10:24,439 - INFO - dssInstance - Created pyController -> Controller.PVSystem.bb_51045975_1_7
2018-02-05 16:10:24,439 - INFO - dssInstance - Created pyController -> Controller.PVSystem.bb_51045975_1_9
2018-02-05 16:10:24,439 - INFO - dssInstance - Created pyController -> Controller.PVSystem.bb_51045975_1_10
2018-02-05 16:10:24,439 - INFO - dssInstance - Created pyController -> Controller.PVSystem.bb_51045982_1_1
2018-02-05 16:10:24,439 - INFO - dssInstance - Created pyController -> Controller.PVSystem.bb_51046037_1_1
2018-02-05 16:10:24,439 - INFO - dssInstance - Created pyController -> Controller.PVSystem.bb_51046037_1_7
2018-02-05 16:10:24,455 - INFO - dssInstance - Created pyController -> Controller.PVSystem.bb_51046044_1_4
2018-02-05 16:10:24,455 - INFO - dssInstance - Created pyController -> Controller.PVSystem.bb_51046044_1_7
2018-02-05 16:10:24,455 - INFO - dssInstance - Created pyController -> Controller.PVSystem.bb_51046044_1_8
2018-02-05 16:10:24,455 - INFO - dssInstance - Created pyController -> Controller.PVSystem.oh_257608_1_4
2018-02-05 16:10:24,455 - INFO - dssInstance - Created pyController -> Controller.PVSystem.oh_257608_1_6
2018-02-05 16:10:24,455 - INFO - dssInstance - Created pyController -> Controller.PVSystem.oh_257608_1_7
2018-02-05 16:10:24,455 - INFO - dssInstance - Created pyController -> Controller.PVSystem.oh_257608_1_9
2018-02-05 16:10:24,455 - INFO - dssInstance - Created pyController -> Controller.PVSystem.oh_257796_1_3
2018-02-05 16:10:24,470 - INFO - dssInstance - Created pyController -> Controller.PVSystem.oh_257796_1_5
2018-02-05 16:10:24,470 - INFO - dssInstance - Created pyController -> Controller.PVSystem.oh_257796_1_7
2018-02-05 16:10:24,470 - INFO - dssInstance - Created pyController -> Controller.PVSystem.oh_257796_1_8
2018-02-05 16:10:24,470 - INFO - dssInstance - Created pyController -> Controller.PVSystem.oh_257796_1_9
2018-02-05 16:10:24,470 - INFO - dssInstance - Created pyController -> Controller.PVSystem.oh_257796_1_10
2018-02-05 16:10:24,470 - INFO - dssInstance - Created pyController -> Controller.PVSystem.oh_257796_1_12
2018-02-05 16:10:24,470 - INFO - dssInstance - Created pyController -> Controller.PVSystem.oh_257798_1_4
2018-02-05 16:10:24,470 - INFO - dssInstance - Created pyController -> Controller.PVSystem.oh_257798_1_6
2018-02-05 16:10:24,486 - INFO - dssInstance - Created pyController -> Controller.PVSystem.oh_257798_1_7
2018-02-05 16:10:24,486 - INFO - dssInstance - Created pyController -> Controller.PVSystem.oh_257798_1_9
2018-02-05 16:10:24,486 - INFO - dssInstance - Created pyController -> Controller.PVSystem.oh_257798_1_10
2018-02-05 16:10:24,486 - INFO - dssInstance - Created pyController -> Controller.PVSystem.oh_257798_1_16
2018-02-05 16:10:24,486 - INFO - dssInstance - Created pyController -> Controller.PVSystem.oh_257804_1_3
2018-02-05 16:10:24,486 - INFO - dssInstance - Created pyController -> Controller.PVSystem.oh_257804_1_5
2018-02-05 16:10:24,486 - INFO - dssInstance - Created pyController -> Controller.PVSystem.oh_257806_1_4
2018-02-05 16:10:24,486 - INFO - dssInstance - Created pyController -> Controller.PVSystem.oh_257806_1_8
2018-02-05 16:10:24,502 - INFO - dssInstance - Created pyController -> Controller.PVSystem.oh_257806_1_9
2018-02-05 16:10:24,502 - INFO - dssInstance - Created pyController -> Controller.PVSystem.oh_257806_1_10
2018-02-05 16:10:24,502 - INFO - dssInstance - Created pyController -> Controller.PVSystem.oh_257806_1_11
2018-02-05 16:10:24,502 - INFO - dssInstance - Created pyController -> Controller.PVSystem.oh_257806_1_12
2018-02-05 16:10:24,502 - INFO - dssInstance - Created pyController -> Controller.PVSystem.oh_257806_1_14
2018-02-05 16:10:24,502 - INFO - dssInstance - Created pyController -> Controller.PVSystem.oh_257807_1_5
2018-02-05 16:10:24,502 - INFO - dssInstance - Created pyController -> Controller.PVSystem.oh_257811_1_2
2018-02-05 16:10:24,517 - INFO - dssInstance - Created pyController -> Controller.PVSystem.oh_257811_1_5
2018-02-05 16:10:24,517 - INFO - dssInstance - Created pyController -> Controller.PVSystem.oh_257811_1_7
2018-02-05 16:10:24,517 - INFO - dssInstance - Created pyController -> Controller.PVSystem.oh_257815_1_3
2018-02-05 16:10:24,517 - INFO - dssInstance - Created pyController -> Controller.PVSystem.oh_262480_1_8
2018-02-05 16:10:24,517 - INFO - dssInstance - Created pyController -> Controller.PVSystem.oh_262481_1_3
2018-02-05 16:10:24,517 - INFO - dssInstance - Created pyController -> Controller.PVSystem.oh_262486_1_6
2018-02-05 16:10:24,517 - INFO - dssInstance - Created pyController -> Controller.PVSystem.oh_262486_1_13
2018-02-05 16:10:24,517 - INFO - dssInstance - Created pyController -> Controller.PVSystem.oh_262490_1_2
2018-02-05 16:10:24,533 - INFO - dssInstance - Created pyController -> Controller.PVSystem.oh_262490_1_4
2018-02-05 16:10:24,533 - INFO - dssInstance - Created pyController -> Controller.PVSystem.oh_262490_1_5
2018-02-05 16:10:24,533 - INFO - dssInstance - Created pyController -> Controller.PVSystem.oh_263539_1_3
2018-02-05 16:10:24,533 - INFO - dssInstance - Created pyController -> Controller.PVSystem.oh_263541_1_8
2018-02-05 16:10:24,533 - INFO - dssInstance - Created pyController -> Controller.PVSystem.oh_263737_1_5
2018-02-05 16:10:24,533 - INFO - dssInstance - Created pyController -> Controller.PVSystem.oh_263739_1_2
2018-02-05 16:10:24,533 - INFO - dssInstance - Created pyController -> Controller.PVSystem.oh_264009_1_6
2018-02-05 16:10:24,533 - INFO - dssInstance - Created pyController -> Controller.PVSystem.oh_264010_1_3
2018-02-05 16:10:24,548 - INFO - dssInstance - Created pyController -> Controller.PVSystem.oh_264022_1_1
2018-02-05 16:10:24,548 - INFO - dssInstance - Created pyController -> Controller.PVSystem.oh_264022_1_5
2018-02-05 16:10:24,548 - INFO - dssInstance - Created pyController -> Controller.PVSystem.oh_264022_1_7
2018-02-05 16:10:24,548 - INFO - dssInstance - Created pyController -> Controller.PVSystem.oh_264022_1_9
2018-02-05 16:10:24,548 - INFO - dssInstance - Created pyController -> Controller.PVSystem.oh_264022_1_13
2018-02-05 16:10:24,548 - INFO - dssInstance - Created pyController -> Controller.PVSystem.oh_264022_1_14
2018-02-05 16:10:24,548 - INFO - dssInstance - Created pyController -> Controller.PVSystem.oh_264056_1_2
2018-02-05 16:10:24,564 - INFO - dssInstance - Created pyController -> Controller.PVSystem.oh_264056_1_4
2018-02-05 16:10:24,564 - INFO - dssInstance - Created pyController -> Controller.PVSystem.oh_264056_1_6
2018-02-05 16:10:24,564 - INFO - dssInstance - Created pyController -> Controller.PVSystem.oh_264056_1_9
2018-02-05 16:10:24,564 - INFO - dssInstance - Created pyController -> Controller.PVSystem.oh_264057_1_2
2018-02-05 16:10:24,564 - INFO - dssInstance - Created pyController -> Controller.PVSystem.oh_264057_1_7
2018-02-05 16:10:24,564 - INFO - dssInstance - Created pyController -> Controller.PVSystem.oh_264057_1_8
2018-02-05 16:10:24,564 - INFO - dssInstance - Created pyController -> Controller.PVSystem.oh_264058_1_6
2018-02-05 16:10:24,564 - INFO - dssInstance - Created pyController -> Controller.PVSystem.oh_264058_1_8
2018-02-05 16:10:24,580 - INFO - dssInstance - Created pyController -> Controller.PVSystem.oh_264058_1_10
2018-02-05 16:10:24,580 - INFO - dssInstance - Created pyController -> Controller.PVSystem.oh_264058_1_11
2018-02-05 16:10:24,580 - INFO - dssInstance - Created pyController -> Controller.PVSystem.oh_264059_1_1
2018-02-05 16:10:24,580 - INFO - dssInstance - Created pyController -> Controller.PVSystem.oh_264059_1_3
2018-02-05 16:10:24,580 - INFO - dssInstance - Created pyController -> Controller.PVSystem.oh_264059_1_5
2018-02-05 16:10:24,580 - INFO - dssInstance - Created pyController -> Controller.PVSystem.oh_264059_1_6
2018-02-05 16:10:24,580 - INFO - dssInstance - Created pyController -> Controller.PVSystem.oh_264059_1_8
2018-02-05 16:10:24,580 - INFO - dssInstance - Created pyController -> Controller.PVSystem.oh_264059_1_9
2018-02-05 16:10:24,595 - INFO - dssInstance - Created pyController -> Controller.PVSystem.oh_264106_1_4
2018-02-05 16:10:24,595 - INFO - dssInstance - Created pyController -> Controller.PVSystem.oh_264106_1_7
2018-02-05 16:10:24,595 - INFO - dssInstance - Created pyController -> Controller.PVSystem.oh_264158_1_11
2018-02-05 16:10:24,595 - INFO - dssInstance - Created pyController -> Controller.PVSystem.oh_264870_1_11
2018-02-05 16:10:24,595 - INFO - dssInstance - Created pyController -> Controller.PVSystem.oh_264874_1_4
2018-02-05 16:10:24,595 - INFO - dssInstance - Created pyController -> Controller.PVSystem.oh_264874_1_7
2018-02-05 16:10:24,595 - INFO - dssInstance - Created pyController -> Controller.PVSystem.oh_264880_1_1
2018-02-05 16:10:24,595 - INFO - dssInstance - Created pyController -> Controller.PVSystem.oh_264880_1_3
2018-02-05 16:10:24,611 - INFO - dssInstance - Created pyController -> Controller.PVSystem.oh_264880_1_6
2018-02-05 16:10:24,611 - INFO - dssInstance - Created pyController -> Controller.PVSystem.oh_264883_1_2
2018-02-05 16:10:24,611 - INFO - dssInstance - Created pyController -> Controller.PVSystem.oh_264883_1_9
2018-02-05 16:10:24,611 - INFO - dssInstance - Created pyController -> Controller.PVSystem.oh_264883_1_10
2018-02-05 16:10:24,611 - INFO - dssInstance - Created pyController -> Controller.PVSystem.oh_264889_1_6
2018-02-05 16:10:24,611 - INFO - dssInstance - Created pyController -> Controller.PVSystem.oh_264889_1_7
2018-02-05 16:10:24,611 - INFO - dssInstance - Created pyController -> Controller.PVSystem.oh_264889_1_9
2018-02-05 16:10:24,627 - INFO - dssInstance - Created pyController -> Controller.PVSystem.oh_264889_1_10
2018-02-05 16:10:24,627 - INFO - dssInstance - Created pyController -> Controller.PVSystem.oh_264889_1_13
2018-02-05 16:10:24,627 - INFO - dssInstance - Created pyController -> Controller.PVSystem.oh_264893_1_3
2018-02-05 16:10:24,627 - INFO - dssInstance - Created pyController -> Controller.PVSystem.oh_264893_1_4
2018-02-05 16:10:24,627 - INFO - dssInstance - Created pyController -> Controller.PVSystem.oh_264893_1_7
2018-02-05 16:10:24,627 - INFO - dssInstance - Created pyController -> Controller.PVSystem.oh_264893_1_10
2018-02-05 16:10:24,627 - INFO - dssInstance - Created pyController -> Controller.PVSystem.oh_264898_1_2
2018-02-05 16:10:24,627 - INFO - dssInstance - Created pyController -> Controller.PVSystem.oh_264898_1_3
2018-02-05 16:10:24,642 - INFO - dssInstance - Created pyController -> Controller.PVSystem.oh_264913_1_1
2018-02-05 16:10:24,642 - INFO - dssInstance - Created pyController -> Controller.PVSystem.oh_264913_1_3
2018-02-05 16:10:24,642 - INFO - dssInstance - Created pyController -> Controller.PVSystem.oh_264913_1_4
2018-02-05 16:10:24,642 - INFO - dssInstance - Created pyController -> Controller.PVSystem.oh_264913_1_6
2018-02-05 16:10:24,642 - INFO - dssInstance - Created pyController -> Controller.PVSystem.oh_264919_1_2
2018-02-05 16:10:24,642 - INFO - dssInstance - Created pyController -> Controller.PVSystem.oh_264919_1_4
2018-02-05 16:10:24,642 - INFO - dssInstance - Created pyController -> Controller.PVSystem.oh_264931_1_1
2018-02-05 16:10:24,658 - INFO - dssInstance - Created pyController -> Controller.PVSystem.oh_264931_1_6
2018-02-05 16:10:24,658 - INFO - dssInstance - Created pyController -> Controller.PVSystem.oh_264931_1_8
2018-02-05 16:10:24,658 - INFO - dssInstance - Created pyController -> Controller.PVSystem.oh_264934_1_1
2018-02-05 16:10:24,658 - INFO - dssInstance - Created pyController -> Controller.PVSystem.oh_264953_1_1
2018-02-05 16:10:24,658 - INFO - dssInstance - Created pyController -> Controller.PVSystem.oh_264953_1_3
2018-02-05 16:10:24,658 - INFO - dssInstance - Created pyController -> Controller.PVSystem.oh_264953_1_9
2018-02-05 16:10:24,658 - INFO - dssInstance - Created pyController -> Controller.PVSystem.oh_264953_1_10
2018-02-05 16:10:24,673 - INFO - dssInstance - Created pyController -> Controller.PVSystem.oh_264971_1_5
2018-02-05 16:10:24,673 - INFO - dssInstance - Created pyController -> Controller.PVSystem.oh_51061590_1_2
2018-02-05 16:10:24,673 - INFO - dssInstance - Created pyController -> Controller.PVSystem.oh_51120111_1_5
2018-02-05 16:10:24,673 - INFO - dssInstance - Created pyController -> Controller.PVSystem.oh_51120111_1_8
2018-02-05 16:10:24,673 - INFO - dssInstance - Created pyController -> Controller.PVSystem.oh_51120111_1_10
2018-02-05 16:10:24,673 - INFO - dssInstance - Created pyController -> Controller.PVSystem.oh_51267194_1_7
2018-02-05 16:10:24,673 - INFO - dssInstance - Created pyController -> Controller.PVSystem.oh_51267194_1_8
2018-02-05 16:10:24,689 - INFO - dssInstance - Created pyController -> Controller.PVSystem.oh_260946_0_2
2018-02-05 16:10:24,689 - INFO - dssInstance - Created pyController -> Controller.PVSystem.oh_260946_0_7
2018-02-05 16:10:24,689 - INFO - dssInstance - Created pyController -> Controller.PVSystem.oh_261479_2_1
2018-02-05 16:10:24,689 - INFO - dssInstance - Created pyController -> Controller.PVSystem.oh_261479_2_2
2018-02-05 16:10:24,689 - INFO - dssInstance - Created pyController -> Controller.PVSystem.oh_261483_1_2
2018-02-05 16:10:24,689 - INFO - dssInstance - Created pyController -> Controller.PVSystem.oh_261483_1_3
2018-02-05 16:10:24,689 - INFO - dssInstance - Created pyController -> Controller.PVSystem.oh_261483_2_1
2018-02-05 16:10:24,689 - INFO - dssInstance - Created pyController -> Controller.PVSystem.oh_261483_2_2
2018-02-05 16:10:24,705 - INFO - dssInstance - Created pyController -> Controller.PVSystem.oh_261486_2_1
2018-02-05 16:10:24,705 - INFO - dssInstance - Created pyController -> Controller.PVSystem.oh_261535_0_5
2018-02-05 16:10:24,705 - INFO - dssInstance - Created pyController -> Controller.PVSystem.oh_261573_1_2
2018-02-05 16:10:24,705 - INFO - dssInstance - Created pyController -> Controller.PVSystem.oh_261573_2_2
2018-02-05 16:10:24,705 - INFO - dssInstance - Created pyController -> Controller.PVSystem.oh_261576_2_2
2018-02-05 16:10:24,705 - INFO - dssInstance - Created pyController -> Controller.PVSystem.oh_261584_1_2
2018-02-05 16:10:24,705 - INFO - dssInstance - Created pyController -> Controller.PVSystem.oh_261584_2_2
2018-02-05 16:10:24,720 - INFO - dssInstance - Created pyController -> Controller.PVSystem.oh_261584_2_3
2018-02-05 16:10:24,720 - INFO - dssInstance - Created pyController -> Controller.PVSystem.oh_261584_2_4
2018-02-05 16:10:24,720 - INFO - dssInstance - Created pyController -> Controller.PVSystem.oh_261592_1_2
2018-02-05 16:10:24,720 - INFO - dssInstance - Created pyController -> Controller.PVSystem.oh_261592_1_3
2018-02-05 16:10:24,720 - INFO - dssInstance - Created pyController -> Controller.PVSystem.oh_261604_1_2
2018-02-05 16:10:24,720 - INFO - dssInstance - Created pyController -> Controller.PVSystem.oh_261663_0_5
2018-02-05 16:10:24,720 - INFO - dssInstance - Created pyController -> Controller.PVSystem.oh_261663_0_6
2018-02-05 16:10:24,720 - INFO - dssInstance - Created pyController -> Controller.PVSystem.oh_261666_0_2
2018-02-05 16:10:24,736 - INFO - dssInstance - Created pyController -> Controller.PVSystem.oh_261666_0_5
2018-02-05 16:10:24,736 - INFO - dssInstance - Created pyController -> Controller.PVSystem.oh_261691_2_1
2018-02-05 16:10:24,736 - INFO - dssInstance - Created pyController -> Controller.PVSystem.oh_262646_2_3
2018-02-05 16:10:24,736 - INFO - dssInstance - Created pyController -> Controller.PVSystem.oh_262657_2_1
2018-02-05 16:10:24,736 - INFO - dssInstance - Created pyController -> Controller.PVSystem.oh_262864_2_1
2018-02-05 16:10:24,736 - INFO - dssInstance - Created pyController -> Controller.PVSystem.oh_262868_0_2
2018-02-05 16:10:24,736 - INFO - dssInstance - Created pyController -> Controller.PVSystem.oh_262876_1_1
2018-02-05 16:10:24,736 - INFO - dssInstance - Created pyController -> Controller.PVSystem.oh_262876_1_3
2018-02-05 16:10:24,752 - INFO - dssInstance - Created pyController -> Controller.PVSystem.oh_262876_1_6
2018-02-05 16:10:24,752 - INFO - dssInstance - Created pyController -> Controller.PVSystem.oh_262876_2_1
2018-02-05 16:10:24,752 - INFO - dssInstance - Created pyController -> Controller.PVSystem.oh_262978_1_7
2018-02-05 16:10:24,752 - INFO - dssInstance - Created pyController -> Controller.PVSystem.oh_262978_2_1
2018-02-05 16:10:24,752 - INFO - dssInstance - Created pyController -> Controller.PVSystem.oh_262978_2_6
2018-02-05 16:10:24,752 - INFO - dssInstance - Created pyController -> Controller.PVSystem.oh_262983_1_7
2018-02-05 16:10:24,752 - INFO - dssInstance - Created pyController -> Controller.PVSystem.oh_262987_1_3
2018-02-05 16:10:24,767 - INFO - dssInstance - Created pyController -> Controller.PVSystem.oh_262987_1_5
2018-02-05 16:10:24,767 - INFO - dssInstance - Created pyController -> Controller.PVSystem.oh_262987_1_6
2018-02-05 16:10:24,767 - INFO - dssInstance - Created pyController -> Controller.PVSystem.oh_262987_2_5
2018-02-05 16:10:24,767 - INFO - dssInstance - Created pyController -> Controller.PVSystem.oh_262992_2_1
2018-02-05 16:10:24,767 - INFO - dssInstance - Created pyController -> Controller.PVSystem.oh_262998_1_2
2018-02-05 16:10:24,767 - INFO - dssInstance - Created pyController -> Controller.PVSystem.oh_263013_1_1
2018-02-05 16:10:24,767 - INFO - dssInstance - Created pyController -> Controller.PVSystem.oh_263013_1_2
2018-02-05 16:10:24,767 - INFO - dssInstance - Created pyController -> Controller.PVSystem.oh_263013_1_3
2018-02-05 16:10:24,783 - INFO - dssInstance - Created pyController -> Controller.PVSystem.oh_263013_2_1
2018-02-05 16:10:24,783 - INFO - dssInstance - Created pyController -> Controller.PVSystem.oh_263013_2_4
2018-02-05 16:10:24,783 - INFO - dssInstance - Created pyController -> Controller.PVSystem.oh_263013_2_5
2018-02-05 16:10:24,783 - INFO - dssInstance - Created pyController -> Controller.PVSystem.oh_263090_2_2
2018-02-05 16:10:24,783 - INFO - dssInstance - Created pyController -> Controller.PVSystem.oh_263121_1_2
2018-02-05 16:10:24,783 - INFO - dssInstance - Created pyController -> Controller.PVSystem.oh_263121_2_1
2018-02-05 16:10:24,783 - INFO - dssInstance - Created pyController -> Controller.PVSystem.oh_263163_0_2
2018-02-05 16:10:24,783 - INFO - dssInstance - Created pyController -> Controller.PVSystem.oh_263163_0_3
2018-02-05 16:10:24,798 - INFO - dssInstance - Created pyController -> Controller.PVSystem.oh_263163_0_4
2018-02-05 16:10:24,798 - INFO - dssInstance - Created pyController -> Controller.PVSystem.oh_263163_0_6
2018-02-05 16:10:24,798 - INFO - dssInstance - Created pyController -> Controller.PVSystem.oh_263163_0_7
2018-02-05 16:10:24,798 - INFO - dssInstance - Created pyController -> Controller.PVSystem.oh_263243_0_12
2018-02-05 16:10:24,798 - INFO - dssInstance - Created pyController -> Controller.PVSystem.oh_263270_1_1
2018-02-05 16:10:24,798 - INFO - dssInstance - Created pyController -> Controller.PVSystem.oh_263270_1_2
2018-02-05 16:10:24,798 - INFO - dssInstance - Created pyController -> Controller.PVSystem.oh_263336_0_1
2018-02-05 16:10:24,814 - INFO - dssInstance - Created pyController -> Controller.PVSystem.oh_263336_0_3
2018-02-05 16:10:24,814 - INFO - dssInstance - Created pyController -> Controller.PVSystem.oh_263353_2_1
2018-02-05 16:10:24,814 - INFO - dssInstance - Created pyController -> Controller.PVSystem.oh_263400_0_3
2018-02-05 16:10:24,814 - INFO - dssInstance - Created pyController -> Controller.PVSystem.oh_263400_0_5
2018-02-05 16:10:24,814 - INFO - dssInstance - Created pyController -> Controller.PVSystem.oh_263400_0_6
2018-02-05 16:10:24,814 - INFO - dssInstance - Created pyController -> Controller.PVSystem.oh_263400_0_7
2018-02-05 16:10:24,814 - INFO - dssInstance - Created pyController -> Controller.PVSystem.oh_263400_0_11
2018-02-05 16:10:24,814 - INFO - dssInstance - Created pyController -> Controller.PVSystem.oh_263400_0_13
2018-02-05 16:10:24,830 - INFO - dssInstance - Created pyController -> Controller.PVSystem.oh_263400_0_15
2018-02-05 16:10:24,830 - INFO - dssInstance - Created pyController -> Controller.PVSystem.oh_263400_0_18
2018-02-05 16:10:24,830 - INFO - dssInstance - Created pyController -> Controller.PVSystem.oh_263619_0_3
2018-02-05 16:10:24,830 - INFO - dssInstance - Created pyController -> Controller.PVSystem.oh_264202_1_3
2018-02-05 16:10:24,830 - INFO - dssInstance - Created pyController -> Controller.PVSystem.oh_264241_1_1
2018-02-05 16:10:24,830 - INFO - dssInstance - Created pyController -> Controller.PVSystem.oh_264241_1_3
2018-02-05 16:10:24,830 - INFO - dssInstance - Created pyController -> Controller.PVSystem.oh_264241_2_1
2018-02-05 16:10:24,845 - INFO - dssInstance - Created pyController -> Controller.PVSystem.oh_264327_2_3
2018-02-05 16:10:24,845 - INFO - dssInstance - Created pyController -> Controller.PVSystem.oh_264329_2_2
2018-02-05 16:10:24,845 - INFO - dssInstance - Created pyController -> Controller.PVSystem.oh_264331_1_3
2018-02-05 16:10:24,845 - INFO - dssInstance - Created pyController -> Controller.PVSystem.oh_264402_2_1
2018-02-05 16:10:24,845 - INFO - dssInstance - Created pyController -> Controller.PVSystem.oh_264409_1_4
2018-02-05 16:10:24,845 - INFO - dssInstance - Created pyController -> Controller.PVSystem.oh_264409_2_2
2018-02-05 16:10:24,845 - INFO - dssInstance - Created pyController -> Controller.PVSystem.oh_264477_0_2
2018-02-05 16:10:24,845 - INFO - dssInstance - Created pyController -> Controller.PVSystem.oh_264481_0_1
2018-02-05 16:10:24,861 - INFO - dssInstance - Created pyController -> Controller.PVSystem.oh_264487_0_3
2018-02-05 16:10:24,861 - INFO - dssInstance - Created pyController -> Controller.PVSystem.oh_264611_1_4
2018-02-05 16:10:24,861 - INFO - dssInstance - Created pyController -> Controller.PVSystem.oh_264618_0_12
2018-02-05 16:10:24,861 - INFO - dssInstance - Created pyController -> Controller.PVSystem.oh_264618_0_25
2018-02-05 16:10:24,861 - INFO - dssInstance - Created pyController -> Controller.PVSystem.oh_264695_1_2
2018-02-05 16:10:24,861 - INFO - dssInstance - Created pyController -> Controller.PVSystem.oh_264725_2_1
2018-02-05 16:10:24,861 - INFO - dssInstance - Created pyController -> Controller.PVSystem.oh_264767_0_3
2018-02-05 16:10:24,861 - INFO - dssInstance - Created pyController -> Controller.PVSystem.oh_264767_0_4
2018-02-05 16:10:24,877 - INFO - dssInstance - Created pyController -> Controller.PVSystem.oh_264767_0_6
2018-02-05 16:10:24,877 - INFO - dssInstance - Created pyController -> Controller.PVSystem.oh_261491c
2018-02-05 16:10:24,877 - INFO - dssInstance - Created pyController -> Controller.PVSystem.oh_262865a
2018-02-05 16:10:24,877 - INFO - dssInstance - Created pyController -> Controller.PVSystem.oh_262865c
2018-02-05 16:10:24,877 - INFO - dssInstance - Created pyController -> Controller.PVSystem.oh_263333a
2018-02-05 16:10:24,877 - INFO - dssInstance - Created pyController -> Controller.PVSystem.oh_263615c
2018-02-05 16:10:24,877 - INFO - dssInstance - Created pyController -> Controller.PVSystem.oh_264082c
2018-02-05 16:10:24,892 - INFO - dssInstance - Created pyController -> Controller.PVSystem.oh_264579b
2018-02-05 16:10:24,892 - INFO - dssInstance - Created pyController -> Controller.PVSystem.oh_51048142a
2018-02-05 16:10:25,111 - INFO - dssInstance - Created pyController -> Controller.Storage.storagebus
2018-02-05 16:10:25,111 - INFO - dssInstance - Created pyController -> Controller.RegControl.subxfrmr
2018-02-05 16:10:39,681 - INFO - dssInstance - Created pyPlot -> Time series
2018-02-05 16:10:39,821 - INFO - dssInstance - Created pyPlot -> Time series
2018-02-05 16:10:39,821 - INFO - dssInstance - Running simulation for 672 time steps
2018-02-05 16:10:39,868 - INFO - SolveMode - Simululation time [h] - 3768.25
2018-02-05 16:10:39,868 - DEBUG - dssInstance - Q convergance error 0
2018-02-05 16:10:39,884 - DEBUG - dssInstance - P convergance error 0
2018-02-05 16:10:40,071 - INFO - SolveMode - Simululation time [h] - 3768.5
2018-02-05 16:10:40,859 - DEBUG - dssInstance - Q convergance error 0.44000026017557514
2018-02-05 16:10:41,577 - DEBUG - dssInstance - Q convergance error 0.0
2018-02-05 16:10:42,258 - DEBUG - dssInstance - P convergance error 0.0
2018-02-05 16:10:42,451 - INFO - SolveMode - Simululation time [h] - 3768.75
2018-02-05 16:10:43,374 - DEBUG - dssInstance - Q convergance error 0.0
2018-02-05 16:10:43,833 - DEBUG - dssInstance - P convergance error 0.0
2018-02-05 16:10:44,027 - INFO - SolveMode - Simululation time [h] - 3769.0
2018-02-05 16:10:44,621 - DEBUG - dssInstance - Q convergance error 0.0
2018-02-05 16:10:44,910 - DEBUG - dssInstance - P convergance error 0.0
2018-02-05 16:10:45,055 - INFO - SolveMode - Simululation time [h] - 3769.25
2018-02-05 16:10:45,500 - DEBUG - dssInstance - Q convergance error 0.0
2018-02-05 16:10:45,825 - DEBUG - dssInstance - P convergance error 0.0
2018-02-05 16:10:45,984 - INFO - SolveMode - Simululation time [h] - 3769.5
2018-02-05 16:10:46,474 - DEBUG - dssInstance - Q convergance error 0.0
2018-02-05 16:10:46,799 - DEBUG - dssInstance - P convergance error 0.0
2018-02-05 16:10:46,918 - INFO - SolveMode - Simululation time [h] - 3769.75
2018-02-05 16:10:47,390 - DEBUG - dssInstance - Q convergance error 0.0
2018-02-05 16:10:47,687 - DEBUG - dssInstance - P convergance error 0.0
2018-02-05 16:10:47,802 - INFO - SolveMode - Simululation time [h] - 3770.0
2018-02-05 16:10:48,243 - DEBUG - dssInstance - Q convergance error 0.0
2018-02-05 16:10:48,511 - DEBUG - dssInstance - P convergance error 0.0
2018-02-05 16:10:48,615 - INFO - SolveMode - Simululation time [h] - 3770.25
2018-02-05 16:10:49,008 - DEBUG - dssInstance - Q convergance error 0.0
2018-02-05 16:10:49,264 - DEBUG - dssInstance - P convergance error 0.0
2018-02-05 16:10:49,361 - INFO - SolveMode - Simululation time [h] - 3770.5
2018-02-05 16:10:49,741 - DEBUG - dssInstance - Q convergance error 0.0
2018-02-05 16:10:50,026 - DEBUG - dssInstance - P convergance error 0.0
2018-02-05 16:10:50,245 - INFO - SolveMode - Simululation time [h] - 3770.75
2018-02-05 16:10:50,984 - DEBUG - dssInstance - Q convergance error 0.0
2018-02-05 16:10:51,266 - DEBUG - dssInstance - P convergance error 0.0
2018-02-05 16:10:51,371 - INFO - SolveMode - Simululation time [h] - 3771.0
2018-02-05 16:10:51,777 - DEBUG - dssInstance - Q convergance error 0.0
2018-02-05 16:10:52,043 - DEBUG - dssInstance - P convergance error 0.0
2018-02-05 16:10:52,153 - INFO - SolveMode - Simululation time [h] - 3771.25
2018-02-05 16:10:52,518 - DEBUG - dssInstance - Q convergance error 0.0
2018-02-05 16:10:52,830 - DEBUG - dssInstance - P convergance error 0.0
2018-02-05 16:10:52,940 - INFO - SolveMode - Simululation time [h] - 3771.5
2018-02-05 16:10:53,318 - DEBUG - dssInstance - Q convergance error 0.0
2018-02-05 16:10:53,568 - DEBUG - dssInstance - P convergance error 0.0
2018-02-05 16:10:53,672 - INFO - SolveMode - Simululation time [h] - 3771.75
2018-02-05 16:10:54,058 - DEBUG - dssInstance - Q convergance error 0.0
2018-02-05 16:10:54,308 - DEBUG - dssInstance - P convergance error 0.0
2018-02-05 16:10:54,410 - INFO - SolveMode - Simululation time [h] - 3772.0
2018-02-05 16:10:54,770 - DEBUG - dssInstance - Q convergance error 0.0
2018-02-05 16:10:55,021 - DEBUG - dssInstance - P convergance error 0.0
2018-02-05 16:10:55,128 - INFO - SolveMode - Simululation time [h] - 3772.25
2018-02-05 16:10:55,519 - DEBUG - dssInstance - Q convergance error 0.0
2018-02-05 16:10:55,863 - DEBUG - dssInstance - P convergance error 0.0
2018-02-05 16:10:55,963 - INFO - SolveMode - Simululation time [h] - 3772.5
2018-02-05 16:10:56,351 - DEBUG - dssInstance - Q convergance error 0.0
2018-02-05 16:10:56,616 - DEBUG - dssInstance - P convergance error 0.0
2018-02-05 16:10:56,713 - INFO - SolveMode - Simululation time [h] - 3772.75
2018-02-05 16:10:57,182 - DEBUG - dssInstance - Q convergance error 0.0
2018-02-05 16:10:57,432 - DEBUG - dssInstance - P convergance error 0.0
2018-02-05 16:10:57,527 - INFO - SolveMode - Simululation time [h] - 3773.0
2018-02-05 16:10:57,890 - DEBUG - dssInstance - Q convergance error 0.0
2018-02-05 16:10:58,156 - DEBUG - dssInstance - P convergance error 0.0
2018-02-05 16:10:58,260 - INFO - SolveMode - Simululation time [h] - 3773.25
2018-02-05 16:10:58,624 - DEBUG - dssInstance - Q convergance error 0.0
2018-02-05 16:10:58,874 - DEBUG - dssInstance - P convergance error 0.0
2018-02-05 16:10:58,975 - INFO - SolveMode - Simululation time [h] - 3773.5
2018-02-05 16:10:59,373 - DEBUG - dssInstance - Q convergance error 0.0
2018-02-05 16:10:59,608 - DEBUG - dssInstance - P convergance error 0.0
2018-02-05 16:10:59,716 - INFO - SolveMode - Simululation time [h] - 3773.75
2018-02-05 16:11:00,091 - DEBUG - dssInstance - Q convergance error 0.0
2018-02-05 16:11:00,341 - DEBUG - dssInstance - P convergance error 0.0
2018-02-05 16:11:00,449 - INFO - SolveMode - Simululation time [h] - 3774.0
2018-02-05 16:11:00,827 - DEBUG - dssInstance - Q convergance error 0.0
2018-02-05 16:11:01,093 - DEBUG - dssInstance - P convergance error 0.0
2018-02-05 16:11:01,206 - INFO - SolveMode - Simululation time [h] - 3774.25
2018-02-05 16:11:01,584 - DEBUG - dssInstance - Q convergance error 0.0
2018-02-05 16:11:01,838 - DEBUG - dssInstance - P convergance error 0.0
2018-02-05 16:11:01,943 - INFO - SolveMode - Simululation time [h] - 3774.5
2018-02-05 16:11:02,330 - DEBUG - dssInstance - Q convergance error 0.0
2018-02-05 16:11:02,585 - DEBUG - dssInstance - P convergance error 0.0
2018-02-05 16:11:02,681 - INFO - SolveMode - Simululation time [h] - 3774.75
2018-02-05 16:11:03,059 - DEBUG - dssInstance - Q convergance error 0.0
2018-02-05 16:11:03,320 - DEBUG - dssInstance - P convergance error 0.0
2018-02-05 16:11:03,418 - INFO - SolveMode - Simululation time [h] - 3775.0
2018-02-05 16:11:03,795 - DEBUG - dssInstance - Q convergance error 0.0
2018-02-05 16:11:04,056 - DEBUG - dssInstance - P convergance error 0.0
2018-02-05 16:11:04,164 - INFO - SolveMode - Simululation time [h] - 3775.25
2018-02-05 16:11:04,541 - DEBUG - dssInstance - Q convergance error 0.0
2018-02-05 16:11:04,802 - DEBUG - dssInstance - P convergance error 1473.02604216
2018-02-05 16:11:05,029 - DEBUG - dssInstance - P convergance error 154.596841827
2018-02-05 16:11:05,263 - DEBUG - dssInstance - P convergance error 30.9203785346
2018-02-05 16:11:05,491 - DEBUG - dssInstance - P convergance error 6.18567696275
2018-02-05 16:11:05,720 - DEBUG - dssInstance - P convergance error 1.23856424899
2018-02-05 16:11:05,948 - DEBUG - dssInstance - P convergance error 0.247919713239
2018-02-05 16:11:06,184 - DEBUG - dssInstance - P convergance error 0.0498347442178
2018-02-05 16:11:06,419 - DEBUG - dssInstance - P convergance error 0.010223725743
2018-02-05 16:11:06,648 - DEBUG - dssInstance - P convergance error 0.00230126528385
2018-02-05 16:11:06,768 - INFO - SolveMode - Simululation time [h] - 3775.5
2018-02-05 16:11:07,149 - DEBUG - dssInstance - Q convergance error 0.0
2018-02-05 16:11:07,407 - DEBUG - dssInstance - P convergance error 1671.65357885
2018-02-05 16:11:07,631 - DEBUG - dssInstance - P convergance error 309.768425498
2018-02-05 16:11:07,857 - DEBUG - dssInstance - P convergance error 61.953391674
2018-02-05 16:11:08,089 - DEBUG - dssInstance - P convergance error 12.3976275188
2018-02-05 16:11:08,315 - DEBUG - dssInstance - P convergance error 2.48466628442
2018-02-05 16:11:08,537 - DEBUG - dssInstance - P convergance error 0.497300216723
2018-02-05 16:11:08,772 - DEBUG - dssInstance - P convergance error 0.0999644940543
2018-02-05 16:11:09,006 - DEBUG - dssInstance - P convergance error 0.020536860559
2018-02-05 16:11:09,234 - DEBUG - dssInstance - P convergance error 0.00463948569041
2018-02-05 16:11:09,331 - INFO - SolveMode - Simululation time [h] - 3775.75
2018-02-05 16:11:09,715 - DEBUG - dssInstance - Q convergance error 0.0
2018-02-05 16:11:09,975 - DEBUG - dssInstance - P convergance error 2236.80584932
2018-02-05 16:11:10,212 - DEBUG - dssInstance - P convergance error 503.905176906
2018-02-05 16:11:10,437 - DEBUG - dssInstance - P convergance error 100.779830973
2018-02-05 16:11:10,662 - DEBUG - dssInstance - P convergance error 20.173077616
2018-02-05 16:11:10,885 - DEBUG - dssInstance - P convergance error 4.04653926339
2018-02-05 16:11:11,112 - DEBUG - dssInstance - P convergance error 0.809851271955
2018-02-05 16:11:11,335 - DEBUG - dssInstance - P convergance error 0.162746146244
2018-02-05 16:11:11,561 - DEBUG - dssInstance - P convergance error 0.0334346268508
2018-02-05 16:11:11,786 - DEBUG - dssInstance - P convergance error 0.00756536541471
2018-02-05 16:11:11,900 - INFO - SolveMode - Simululation time [h] - 3776.0
2018-02-05 16:11:12,284 - DEBUG - dssInstance - Q convergance error 0.0
2018-02-05 16:11:12,545 - DEBUG - dssInstance - P convergance error 3734.95758472
2018-02-05 16:11:12,773 - DEBUG - dssInstance - P convergance error 829.799450343
2018-02-05 16:11:13,003 - DEBUG - dssInstance - P convergance error 165.979644515
2018-02-05 16:11:13,233 - DEBUG - dssInstance - P convergance error 33.1985708166
2018-02-05 16:11:13,456 - DEBUG - dssInstance - P convergance error 6.64599291339
2018-02-05 16:11:13,680 - DEBUG - dssInstance - P convergance error 1.33478669279
2018-02-05 16:11:13,903 - DEBUG - dssInstance - P convergance error 0.268213163223
2018-02-05 16:11:14,140 - DEBUG - dssInstance - P convergance error 0.0550608325473
2018-02-05 16:11:14,366 - DEBUG - dssInstance - P convergance error 0.0124492615606
2018-02-05 16:11:14,590 - DEBUG - dssInstance - P convergance error 0.00387423789992
2018-02-05 16:11:14,701 - INFO - SolveMode - Simululation time [h] - 3776.25
2018-02-05 16:11:15,090 - DEBUG - dssInstance - Q convergance error 0.124790695538
2018-02-05 16:11:15,517 - DEBUG - dssInstance - Q convergance error 0.370764488001
2018-02-05 16:11:15,936 - DEBUG - dssInstance - Q convergance error 0.323749350716
2018-02-05 16:11:16,364 - DEBUG - dssInstance - Q convergance error 0.307286497292
2018-02-05 16:11:16,783 - DEBUG - dssInstance - Q convergance error 0.299814688584
2018-02-05 16:11:17,209 - DEBUG - dssInstance - Q convergance error 0.2947087177
2018-02-05 16:11:17,630 - DEBUG - dssInstance - Q convergance error 0.293634770758
2018-02-05 16:11:18,054 - DEBUG - dssInstance - Q convergance error 0.294187345625
2018-02-05 16:11:18,480 - DEBUG - dssInstance - Q convergance error 0.295286336468
2018-02-05 16:11:18,901 - DEBUG - dssInstance - Q convergance error 0.29603481147
2018-02-05 16:11:18,901 - WARNING - dssInstance - No convergance @ 32
2018-02-05 16:11:19,168 - DEBUG - dssInstance - P convergance error 1393.1476152
2018-02-05 16:11:19,394 - DEBUG - dssInstance - P convergance error 867.158952299
2018-02-05 16:11:19,620 - DEBUG - dssInstance - P convergance error 173.453691212
2018-02-05 16:11:19,848 - DEBUG - dssInstance - P convergance error 34.6935006779
2018-02-05 16:11:20,074 - DEBUG - dssInstance - P convergance error 6.94544059453
2018-02-05 16:11:20,301 - DEBUG - dssInstance - P convergance error 1.39506406725
2018-02-05 16:11:20,524 - DEBUG - dssInstance - P convergance error 0.280320758635
2018-02-05 16:11:20,751 - DEBUG - dssInstance - P convergance error 0.0575433077023
2018-02-05 16:11:20,977 - DEBUG - dssInstance - P convergance error 0.0130106491677
2018-02-05 16:11:21,205 - DEBUG - dssInstance - P convergance error 0.0040682348391
2018-02-05 16:11:21,318 - INFO - SolveMode - Simululation time [h] - 3776.5
2018-02-05 16:11:21,693 - DEBUG - dssInstance - Q convergance error 0.444039672093
2018-02-05 16:11:22,121 - DEBUG - dssInstance - Q convergance error 1.66882766487
2018-02-05 16:11:22,543 - DEBUG - dssInstance - Q convergance error 1.39018263186
2018-02-05 16:11:22,968 - DEBUG - dssInstance - Q convergance error 1.23486856045
2018-02-05 16:11:23,397 - DEBUG - dssInstance - Q convergance error 1.13644542004
2018-02-05 16:11:23,846 - DEBUG - dssInstance - Q convergance error 1.06840765134
