2018-04-24 15:03:03,907 - INFO - dssInstance - An instance of OpenDSS version 0.2.9 has ben created.
2018-04-24 15:03:08,591 - INFO - SolveMode - Solver set to Daily mode.
2018-04-24 15:03:08,591 - INFO - MonteCarlo - Reading monte carlo scenario settings file from C:\Users\alatif\Desktop\PyDSS\ProjectFiles\HECO\PyDSS Settings\HP-Legacy\MonteCarloSettings\MonteCarloSettings.xlsx
2018-04-24 15:03:08,601 - WARNING - MonteCarlo - Monte Carlo scenario generation file not found
2018-04-24 15:03:08,881 - INFO - dssInstance - Created pyController -> Controller.PVSystem.bb_258064_1_5
2018-04-24 15:03:08,883 - INFO - dssInstance - Created pyController -> Controller.PVSystem.bb_258067_1_5
2018-04-24 15:03:08,885 - INFO - dssInstance - Created pyController -> Controller.PVSystem.bb_258080_1_14
2018-04-24 15:03:08,888 - INFO - dssInstance - Created pyController -> Controller.PVSystem.bb_258824_1_1
2018-04-24 15:03:08,890 - INFO - dssInstance - Created pyController -> Controller.PVSystem.bb_258899_1_9
2018-04-24 15:03:08,892 - INFO - dssInstance - Created pyController -> Controller.PVSystem.bb_259031_1_5
2018-04-24 15:03:08,894 - INFO - dssInstance - Created pyController -> Controller.PVSystem.bb_259033_1_2
2018-04-24 15:03:08,896 - INFO - dssInstance - Created pyController -> Controller.PVSystem.bb_259037_1_6
2018-04-24 15:03:08,898 - INFO - dssInstance - Created pyController -> Controller.PVSystem.bb_259041_1_5
2018-04-24 15:03:08,900 - INFO - dssInstance - Created pyController -> Controller.PVSystem.bb_259041_1_12
2018-04-24 15:03:08,902 - INFO - dssInstance - Created pyController -> Controller.PVSystem.bb_259160_1_6
2018-04-24 15:03:08,904 - INFO - dssInstance - Created pyController -> Controller.PVSystem.bb_259166_1_5
2018-04-24 15:03:08,907 - INFO - dssInstance - Created pyController -> Controller.PVSystem.bb_259166_1_7
2018-04-24 15:03:08,909 - INFO - dssInstance - Created pyController -> Controller.PVSystem.bb_259171_1_8
2018-04-24 15:03:08,911 - INFO - dssInstance - Created pyController -> Controller.PVSystem.bb_259176_1_2
2018-04-24 15:03:08,913 - INFO - dssInstance - Created pyController -> Controller.PVSystem.bb_263625_1_1
2018-04-24 15:03:08,915 - INFO - dssInstance - Created pyController -> Controller.PVSystem.bb_263625_1_8
2018-04-24 15:03:08,918 - INFO - dssInstance - Created pyController -> Controller.PVSystem.bb_263629_1_1
2018-04-24 15:03:08,920 - INFO - dssInstance - Created pyController -> Controller.PVSystem.bb_263629_1_4
2018-04-24 15:03:08,923 - INFO - dssInstance - Created pyController -> Controller.PVSystem.bb_263786_1_8
2018-04-24 15:03:08,925 - INFO - dssInstance - Created pyController -> Controller.PVSystem.bb_263789_1_2
2018-04-24 15:03:08,928 - INFO - dssInstance - Created pyController -> Controller.PVSystem.bb_263789_1_3
2018-04-24 15:03:08,930 - INFO - dssInstance - Created pyController -> Controller.PVSystem.bb_263793_1_1
2018-04-24 15:03:08,932 - INFO - dssInstance - Created pyController -> Controller.PVSystem.bb_263794_1_11
2018-04-24 15:03:08,934 - INFO - dssInstance - Created pyController -> Controller.PVSystem.bb_263795_1_8
2018-04-24 15:03:08,937 - INFO - dssInstance - Created pyController -> Controller.PVSystem.bb_263795_1_9
2018-04-24 15:03:08,939 - INFO - dssInstance - Created pyController -> Controller.PVSystem.bb_263795_1_12
2018-04-24 15:03:08,941 - INFO - dssInstance - Created pyController -> Controller.PVSystem.bb_263796_1_2
2018-04-24 15:03:08,943 - INFO - dssInstance - Created pyController -> Controller.PVSystem.bb_263796_1_9
2018-04-24 15:03:08,945 - INFO - dssInstance - Created pyController -> Controller.PVSystem.bb_263800_1_1
2018-04-24 15:03:08,947 - INFO - dssInstance - Created pyController -> Controller.PVSystem.bb_263800_1_4
2018-04-24 15:03:08,949 - INFO - dssInstance - Created pyController -> Controller.PVSystem.bb_263800_1_9
2018-04-24 15:03:08,952 - INFO - dssInstance - Created pyController -> Controller.PVSystem.bb_263802_1_9
2018-04-24 15:03:08,954 - INFO - dssInstance - Created pyController -> Controller.PVSystem.bb_263803_1_7
2018-04-24 15:03:08,956 - INFO - dssInstance - Created pyController -> Controller.PVSystem.bb_263805_1_7
2018-04-24 15:03:08,958 - INFO - dssInstance - Created pyController -> Controller.PVSystem.bb_263805_1_8
2018-04-24 15:03:08,960 - INFO - dssInstance - Created pyController -> Controller.PVSystem.bb_263807_1_3
2018-04-24 15:03:08,962 - INFO - dssInstance - Created pyController -> Controller.PVSystem.bb_263808_1_2
2018-04-24 15:03:08,965 - INFO - dssInstance - Created pyController -> Controller.PVSystem.bb_263808_1_3
2018-04-24 15:03:08,967 - INFO - dssInstance - Created pyController -> Controller.PVSystem.bb_263808_1_5
2018-04-24 15:03:08,969 - INFO - dssInstance - Created pyController -> Controller.PVSystem.bb_264037_1_1
2018-04-24 15:03:08,971 - INFO - dssInstance - Created pyController -> Controller.PVSystem.bb_264037_1_3
2018-04-24 15:03:08,973 - INFO - dssInstance - Created pyController -> Controller.PVSystem.bb_264132_1_8
2018-04-24 15:03:08,975 - INFO - dssInstance - Created pyController -> Controller.PVSystem.bb_264132_1_12
2018-04-24 15:03:08,978 - INFO - dssInstance - Created pyController -> Controller.PVSystem.bb_51045964_1_2
2018-04-24 15:03:08,980 - INFO - dssInstance - Created pyController -> Controller.PVSystem.bb_51045964_1_5
2018-04-24 15:03:08,982 - INFO - dssInstance - Created pyController -> Controller.PVSystem.bb_51045964_1_6
2018-04-24 15:03:08,984 - INFO - dssInstance - Created pyController -> Controller.PVSystem.bb_51046044_1_2
2018-04-24 15:03:08,986 - INFO - dssInstance - Created pyController -> Controller.PVSystem.oh_257796_1_1
2018-04-24 15:03:08,988 - INFO - dssInstance - Created pyController -> Controller.PVSystem.oh_257806_1_2
2018-04-24 15:03:08,990 - INFO - dssInstance - Created pyController -> Controller.PVSystem.oh_257806_1_5
2018-04-24 15:03:08,993 - INFO - dssInstance - Created pyController -> Controller.PVSystem.oh_257806_1_6
2018-04-24 15:03:08,995 - INFO - dssInstance - Created pyController -> Controller.PVSystem.oh_257806_1_13
2018-04-24 15:03:08,997 - INFO - dssInstance - Created pyController -> Controller.PVSystem.oh_257807_1_3
2018-04-24 15:03:08,999 - INFO - dssInstance - Created pyController -> Controller.PVSystem.oh_257808_1_1
2018-04-24 15:03:09,001 - INFO - dssInstance - Created pyController -> Controller.PVSystem.oh_257811_1_6
2018-04-24 15:03:09,003 - INFO - dssInstance - Created pyController -> Controller.PVSystem.oh_262481_1_9
2018-04-24 15:03:09,005 - INFO - dssInstance - Created pyController -> Controller.PVSystem.oh_262486_1_7
2018-04-24 15:03:09,007 - INFO - dssInstance - Created pyController -> Controller.PVSystem.oh_263539_1_2
2018-04-24 15:03:09,010 - INFO - dssInstance - Created pyController -> Controller.PVSystem.oh_264008_1_1
2018-04-24 15:03:09,012 - INFO - dssInstance - Created pyController -> Controller.PVSystem.oh_264008_1_2
2018-04-24 15:03:09,014 - INFO - dssInstance - Created pyController -> Controller.PVSystem.oh_264009_1_8
2018-04-24 15:03:09,016 - INFO - dssInstance - Created pyController -> Controller.PVSystem.oh_264010_1_2
2018-04-24 15:03:09,018 - INFO - dssInstance - Created pyController -> Controller.PVSystem.oh_264056_1_1
2018-04-24 15:03:09,020 - INFO - dssInstance - Created pyController -> Controller.PVSystem.oh_264056_1_5
2018-04-24 15:03:09,022 - INFO - dssInstance - Created pyController -> Controller.PVSystem.oh_264056_1_7
2018-04-24 15:03:09,025 - INFO - dssInstance - Created pyController -> Controller.PVSystem.oh_264057_1_3
2018-04-24 15:03:09,027 - INFO - dssInstance - Created pyController -> Controller.PVSystem.oh_264057_1_6
2018-04-24 15:03:09,029 - INFO - dssInstance - Created pyController -> Controller.PVSystem.oh_264057_1_9
2018-04-24 15:03:09,031 - INFO - dssInstance - Created pyController -> Controller.PVSystem.oh_264058_1_1
2018-04-24 15:03:09,033 - INFO - dssInstance - Created pyController -> Controller.PVSystem.oh_264058_1_5
2018-04-24 15:03:09,035 - INFO - dssInstance - Created pyController -> Controller.PVSystem.oh_264059_1_4
2018-04-24 15:03:09,037 - INFO - dssInstance - Created pyController -> Controller.PVSystem.oh_264106_1_2
2018-04-24 15:03:09,039 - INFO - dssInstance - Created pyController -> Controller.PVSystem.oh_264158_1_2
2018-04-24 15:03:09,042 - INFO - dssInstance - Created pyController -> Controller.PVSystem.oh_264857_1_8
2018-04-24 15:03:09,044 - INFO - dssInstance - Created pyController -> Controller.PVSystem.oh_264870_1_1
2018-04-24 15:03:09,046 - INFO - dssInstance - Created pyController -> Controller.PVSystem.oh_264870_1_3
2018-04-24 15:03:09,048 - INFO - dssInstance - Created pyController -> Controller.PVSystem.oh_264870_1_12
2018-04-24 15:03:09,050 - INFO - dssInstance - Created pyController -> Controller.PVSystem.oh_264874_1_5
2018-04-24 15:03:09,052 - INFO - dssInstance - Created pyController -> Controller.PVSystem.oh_264880_1_5
2018-04-24 15:03:09,054 - INFO - dssInstance - Created pyController -> Controller.PVSystem.oh_264880_1_7
2018-04-24 15:03:09,056 - INFO - dssInstance - Created pyController -> Controller.PVSystem.oh_264883_1_4
2018-04-24 15:03:09,058 - INFO - dssInstance - Created pyController -> Controller.PVSystem.oh_264883_1_11
2018-04-24 15:03:09,061 - INFO - dssInstance - Created pyController -> Controller.PVSystem.oh_264887_1_8
2018-04-24 15:03:09,063 - INFO - dssInstance - Created pyController -> Controller.PVSystem.oh_264889_1_2
2018-04-24 15:03:09,065 - INFO - dssInstance - Created pyController -> Controller.PVSystem.oh_264889_1_5
2018-04-24 15:03:09,067 - INFO - dssInstance - Created pyController -> Controller.PVSystem.oh_264889_1_11
2018-04-24 15:03:09,071 - INFO - dssInstance - Created pyController -> Controller.PVSystem.oh_264913_1_2
2018-04-24 15:03:09,075 - INFO - dssInstance - Created pyController -> Controller.PVSystem.oh_264913_1_7
2018-04-24 15:03:09,078 - INFO - dssInstance - Created pyController -> Controller.PVSystem.oh_264931_1_4
2018-04-24 15:03:09,080 - INFO - dssInstance - Created pyController -> Controller.PVSystem.oh_264953_1_4
2018-04-24 15:03:09,082 - INFO - dssInstance - Created pyController -> Controller.PVSystem.oh_260847_1_1
2018-04-24 15:03:09,084 - INFO - dssInstance - Created pyController -> Controller.PVSystem.oh_261479_1_1
2018-04-24 15:03:09,086 - INFO - dssInstance - Created pyController -> Controller.PVSystem.oh_261486_1_2
2018-04-24 15:03:09,089 - INFO - dssInstance - Created pyController -> Controller.PVSystem.oh_261573_1_1
2018-04-24 15:03:09,092 - INFO - dssInstance - Created pyController -> Controller.PVSystem.oh_261576_1_2
2018-04-24 15:03:09,096 - INFO - dssInstance - Created pyController -> Controller.PVSystem.oh_261584_1_3
2018-04-24 15:03:09,100 - INFO - dssInstance - Created pyController -> Controller.PVSystem.oh_261584_1_4
2018-04-24 15:03:09,104 - INFO - dssInstance - Created pyController -> Controller.PVSystem.oh_261584_2_1
2018-04-24 15:03:09,109 - INFO - dssInstance - Created pyController -> Controller.PVSystem.oh_261592_1_1
2018-04-24 15:03:09,113 - INFO - dssInstance - Created pyController -> Controller.PVSystem.oh_261592_2_2
2018-04-24 15:03:09,117 - INFO - dssInstance - Created pyController -> Controller.PVSystem.oh_261663_0_1
2018-04-24 15:03:09,122 - INFO - dssInstance - Created pyController -> Controller.PVSystem.oh_262868_0_1
2018-04-24 15:03:09,126 - INFO - dssInstance - Created pyController -> Controller.PVSystem.oh_262876_1_7
2018-04-24 15:03:09,130 - INFO - dssInstance - Created pyController -> Controller.PVSystem.oh_262876_2_5
2018-04-24 15:03:09,132 - INFO - dssInstance - Created pyController -> Controller.PVSystem.oh_262983_1_4
2018-04-24 15:03:09,136 - INFO - dssInstance - Created pyController -> Controller.PVSystem.oh_262987_2_2
2018-04-24 15:03:09,140 - INFO - dssInstance - Created pyController -> Controller.PVSystem.oh_262992_1_1
2018-04-24 15:03:09,144 - INFO - dssInstance - Created pyController -> Controller.PVSystem.oh_263013_1_4
2018-04-24 15:03:09,149 - INFO - dssInstance - Created pyController -> Controller.PVSystem.oh_263105_1_1
2018-04-24 15:03:09,153 - INFO - dssInstance - Created pyController -> Controller.PVSystem.oh_263105_1_2
2018-04-24 15:03:09,157 - INFO - dssInstance - Created pyController -> Controller.PVSystem.oh_263105_2_2
2018-04-24 15:03:09,162 - INFO - dssInstance - Created pyController -> Controller.PVSystem.oh_263114_1_3
2018-04-24 15:03:09,166 - INFO - dssInstance - Created pyController -> Controller.PVSystem.oh_263163_0_1
2018-04-24 15:03:09,170 - INFO - dssInstance - Created pyController -> Controller.PVSystem.oh_263163_0_5
2018-04-24 15:03:09,175 - INFO - dssInstance - Created pyController -> Controller.PVSystem.oh_263236_0_4
2018-04-24 15:03:09,179 - INFO - dssInstance - Created pyController -> Controller.PVSystem.oh_263261_0_6
2018-04-24 15:03:09,183 - INFO - dssInstance - Created pyController -> Controller.PVSystem.oh_263400_0_1
2018-04-24 15:03:09,188 - INFO - dssInstance - Created pyController -> Controller.PVSystem.oh_263400_0_10
2018-04-24 15:03:09,192 - INFO - dssInstance - Created pyController -> Controller.PVSystem.oh_263400_0_16
2018-04-24 15:03:09,196 - INFO - dssInstance - Created pyController -> Controller.PVSystem.oh_263619_0_2
2018-04-24 15:03:09,200 - INFO - dssInstance - Created pyController -> Controller.PVSystem.oh_264402_1_1
2018-04-24 15:03:09,203 - INFO - dssInstance - Created pyController -> Controller.PVSystem.oh_264578_0_2
2018-04-24 15:03:09,205 - INFO - dssInstance - Created pyController -> Controller.PVSystem.oh_264611_1_5
2018-04-24 15:03:09,207 - INFO - dssInstance - Created pyController -> Controller.PVSystem.oh_264618_0_3
2018-04-24 15:03:09,210 - INFO - dssInstance - Created pyController -> Controller.PVSystem.oh_264729_0_2
2018-04-24 15:03:09,212 - INFO - dssInstance - Created pyController -> Controller.PVSystem.oh_51048147a
2018-04-24 15:03:09,215 - INFO - dssInstance - Created pyController -> Controller.PVSystem.oh_51048147b
2018-04-24 15:03:09,217 - INFO - dssInstance - Created pyController -> Controller.PVSystem.oh_51048147c
2018-04-24 15:03:09,220 - INFO - dssInstance - Created pyController -> Controller.PVSystem.bb_262469a
2018-04-24 15:03:09,222 - INFO - dssInstance - Created pyController -> Controller.PVSystem.bb_263551a
2018-04-24 15:03:09,225 - INFO - dssInstance - Created pyController -> Controller.PVSystem.bb_263552a
2018-04-24 15:03:09,227 - INFO - dssInstance - Created pyController -> Controller.PVSystem.bb_263790a
2018-04-24 15:03:09,230 - INFO - dssInstance - Created pyController -> Controller.PVSystem.bb_263791a
2018-04-24 15:03:09,232 - INFO - dssInstance - Created pyController -> Controller.PVSystem.bb_263792a
2018-04-24 15:03:09,234 - INFO - dssInstance - Created pyController -> Controller.PVSystem.oh_263097b
2018-04-24 15:03:09,236 - INFO - dssInstance - Created pyController -> Controller.PVSystem.oh_263097c
2018-04-24 15:03:09,239 - INFO - dssInstance - Created pyController -> Controller.PVSystem.oh_263106b
2018-04-24 15:03:09,241 - INFO - dssInstance - Created pyController -> Controller.PVSystem.oh_263615a
2018-04-24 15:03:09,243 - INFO - dssInstance - Created pyController -> Controller.PVSystem.oh_263615b
2018-04-24 15:03:09,247 - INFO - dssInstance - Created pyController -> Controller.PVSystem.oh_265122a
2018-04-24 15:03:09,249 - INFO - dssInstance - Created pyController -> Controller.PVSystem.oh_265122b
2018-04-24 15:03:09,251 - INFO - dssInstance - Created pyController -> Controller.PVSystem.oh_265122c
2018-04-24 15:03:09,253 - INFO - dssInstance - Created pyController -> Controller.PVSystem.oh_51048142b
2018-04-24 15:03:09,255 - INFO - dssInstance - Created pyController -> Controller.PVSystem.bb_258067_1_3
2018-04-24 15:03:09,258 - INFO - dssInstance - Created pyController -> Controller.PVSystem.bb_258067_1_6
2018-04-24 15:03:09,261 - INFO - dssInstance - Created pyController -> Controller.PVSystem.bb_258067_1_7
2018-04-24 15:03:09,263 - INFO - dssInstance - Created pyController -> Controller.PVSystem.bb_258067_1_9
2018-04-24 15:03:09,265 - INFO - dssInstance - Created pyController -> Controller.PVSystem.bb_258070_1_1
2018-04-24 15:03:09,267 - INFO - dssInstance - Created pyController -> Controller.PVSystem.bb_258073_1_1
2018-04-24 15:03:09,270 - INFO - dssInstance - Created pyController -> Controller.PVSystem.bb_258073_1_3
2018-04-24 15:03:09,272 - INFO - dssInstance - Created pyController -> Controller.PVSystem.bb_258073_1_4
2018-04-24 15:03:09,274 - INFO - dssInstance - Created pyController -> Controller.PVSystem.bb_258073_1_5
2018-04-24 15:03:09,276 - INFO - dssInstance - Created pyController -> Controller.PVSystem.bb_258073_1_6
2018-04-24 15:03:09,280 - INFO - dssInstance - Created pyController -> Controller.PVSystem.bb_258073_1_7
2018-04-24 15:03:09,284 - INFO - dssInstance - Created pyController -> Controller.PVSystem.bb_258073_1_8
2018-04-24 15:03:09,286 - INFO - dssInstance - Created pyController -> Controller.PVSystem.bb_258073_1_9
2018-04-24 15:03:09,289 - INFO - dssInstance - Created pyController -> Controller.PVSystem.bb_258073_1_10
2018-04-24 15:03:09,295 - INFO - dssInstance - Created pyController -> Controller.PVSystem.bb_258077_1_4
2018-04-24 15:03:09,298 - INFO - dssInstance - Created pyController -> Controller.PVSystem.bb_258080_1_1
2018-04-24 15:03:09,301 - INFO - dssInstance - Created pyController -> Controller.PVSystem.bb_258080_1_7
2018-04-24 15:03:09,304 - INFO - dssInstance - Created pyController -> Controller.PVSystem.bb_258080_1_10
2018-04-24 15:03:09,307 - INFO - dssInstance - Created pyController -> Controller.PVSystem.bb_258202_1_1
2018-04-24 15:03:09,309 - INFO - dssInstance - Created pyController -> Controller.PVSystem.bb_258202_1_2
2018-04-24 15:03:09,314 - INFO - dssInstance - Created pyController -> Controller.PVSystem.bb_258797_1_1
2018-04-24 15:03:09,317 - INFO - dssInstance - Created pyController -> Controller.PVSystem.bb_258797_1_2
2018-04-24 15:03:09,320 - INFO - dssInstance - Created pyController -> Controller.PVSystem.bb_258797_1_5
2018-04-24 15:03:09,323 - INFO - dssInstance - Created pyController -> Controller.PVSystem.bb_258803_1_5
2018-04-24 15:03:09,328 - INFO - dssInstance - Created pyController -> Controller.PVSystem.bb_258803_1_6
2018-04-24 15:03:09,330 - INFO - dssInstance - Created pyController -> Controller.PVSystem.bb_258803_1_8
2018-04-24 15:03:09,332 - INFO - dssInstance - Created pyController -> Controller.PVSystem.bb_258803_1_9
2018-04-24 15:03:09,334 - INFO - dssInstance - Created pyController -> Controller.PVSystem.bb_258803_1_10
2018-04-24 15:03:09,338 - INFO - dssInstance - Created pyController -> Controller.PVSystem.bb_258803_1_11
2018-04-24 15:03:09,340 - INFO - dssInstance - Created pyController -> Controller.PVSystem.bb_258803_1_12
2018-04-24 15:03:09,343 - INFO - dssInstance - Created pyController -> Controller.PVSystem.bb_258824_1_7
2018-04-24 15:03:09,345 - INFO - dssInstance - Created pyController -> Controller.PVSystem.bb_258838_1_8
2018-04-24 15:03:09,347 - INFO - dssInstance - Created pyController -> Controller.PVSystem.bb_258838_1_10
2018-04-24 15:03:09,350 - INFO - dssInstance - Created pyController -> Controller.PVSystem.bb_258899_1_2
2018-04-24 15:03:09,352 - INFO - dssInstance - Created pyController -> Controller.PVSystem.bb_258899_1_8
2018-04-24 15:03:09,354 - INFO - dssInstance - Created pyController -> Controller.PVSystem.bb_259031_1_1
2018-04-24 15:03:09,357 - INFO - dssInstance - Created pyController -> Controller.PVSystem.bb_259031_1_4
2018-04-24 15:03:09,360 - INFO - dssInstance - Created pyController -> Controller.PVSystem.bb_259031_1_7
2018-04-24 15:03:09,362 - INFO - dssInstance - Created pyController -> Controller.PVSystem.bb_259031_1_8
2018-04-24 15:03:09,364 - INFO - dssInstance - Created pyController -> Controller.PVSystem.bb_259031_1_9
2018-04-24 15:03:09,367 - INFO - dssInstance - Created pyController -> Controller.PVSystem.bb_259031_1_10
2018-04-24 15:03:09,369 - INFO - dssInstance - Created pyController -> Controller.PVSystem.bb_259033_1_6
2018-04-24 15:03:09,371 - INFO - dssInstance - Created pyController -> Controller.PVSystem.bb_259033_1_8
2018-04-24 15:03:09,373 - INFO - dssInstance - Created pyController -> Controller.PVSystem.bb_259037_1_1
2018-04-24 15:03:09,376 - INFO - dssInstance - Created pyController -> Controller.PVSystem.bb_259037_1_2
2018-04-24 15:03:09,378 - INFO - dssInstance - Created pyController -> Controller.PVSystem.bb_259037_1_8
2018-04-24 15:03:09,380 - INFO - dssInstance - Created pyController -> Controller.PVSystem.bb_259037_1_11
2018-04-24 15:03:09,382 - INFO - dssInstance - Created pyController -> Controller.PVSystem.bb_259037_1_13
2018-04-24 15:03:09,385 - INFO - dssInstance - Created pyController -> Controller.PVSystem.bb_259041_1_1
2018-04-24 15:03:09,387 - INFO - dssInstance - Created pyController -> Controller.PVSystem.bb_259160_1_1
2018-04-24 15:03:09,389 - INFO - dssInstance - Created pyController -> Controller.PVSystem.bb_259160_1_3
2018-04-24 15:03:09,391 - INFO - dssInstance - Created pyController -> Controller.PVSystem.bb_259160_1_4
2018-04-24 15:03:09,394 - INFO - dssInstance - Created pyController -> Controller.PVSystem.bb_259160_1_7
2018-04-24 15:03:09,396 - INFO - dssInstance - Created pyController -> Controller.PVSystem.bb_259160_1_9
2018-04-24 15:03:09,398 - INFO - dssInstance - Created pyController -> Controller.PVSystem.bb_259160_1_12
2018-04-24 15:03:09,400 - INFO - dssInstance - Created pyController -> Controller.PVSystem.bb_259160_1_13
2018-04-24 15:03:09,403 - INFO - dssInstance - Created pyController -> Controller.PVSystem.bb_259160_1_14
2018-04-24 15:03:09,405 - INFO - dssInstance - Created pyController -> Controller.PVSystem.bb_259166_1_1
2018-04-24 15:03:09,407 - INFO - dssInstance - Created pyController -> Controller.PVSystem.bb_259171_1_1
2018-04-24 15:03:09,410 - INFO - dssInstance - Created pyController -> Controller.PVSystem.bb_259171_1_2
2018-04-24 15:03:09,412 - INFO - dssInstance - Created pyController -> Controller.PVSystem.bb_259171_1_4
2018-04-24 15:03:09,414 - INFO - dssInstance - Created pyController -> Controller.PVSystem.bb_259171_1_7
2018-04-24 15:03:09,416 - INFO - dssInstance - Created pyController -> Controller.PVSystem.bb_259176_1_4
2018-04-24 15:03:09,419 - INFO - dssInstance - Created pyController -> Controller.PVSystem.bb_259176_1_6
2018-04-24 15:03:09,421 - INFO - dssInstance - Created pyController -> Controller.PVSystem.bb_259176_1_8
2018-04-24 15:03:09,423 - INFO - dssInstance - Created pyController -> Controller.PVSystem.bb_263625_1_2
2018-04-24 15:03:09,425 - INFO - dssInstance - Created pyController -> Controller.PVSystem.bb_263625_1_4
2018-04-24 15:03:09,427 - INFO - dssInstance - Created pyController -> Controller.PVSystem.bb_263625_1_11
2018-04-24 15:03:09,430 - INFO - dssInstance - Created pyController -> Controller.PVSystem.bb_263629_1_2
2018-04-24 15:03:09,432 - INFO - dssInstance - Created pyController -> Controller.PVSystem.bb_263629_1_6
2018-04-24 15:03:09,434 - INFO - dssInstance - Created pyController -> Controller.PVSystem.bb_263629_1_7
2018-04-24 15:03:09,436 - INFO - dssInstance - Created pyController -> Controller.PVSystem.bb_263629_1_9
2018-04-24 15:03:09,438 - INFO - dssInstance - Created pyController -> Controller.PVSystem.bb_263629_1_11
2018-04-24 15:03:09,441 - INFO - dssInstance - Created pyController -> Controller.PVSystem.bb_263786_1_1
2018-04-24 15:03:09,443 - INFO - dssInstance - Created pyController -> Controller.PVSystem.bb_263786_1_2
2018-04-24 15:03:09,445 - INFO - dssInstance - Created pyController -> Controller.PVSystem.bb_263786_1_5
2018-04-24 15:03:09,447 - INFO - dssInstance - Created pyController -> Controller.PVSystem.bb_263786_1_9
2018-04-24 15:03:09,450 - INFO - dssInstance - Created pyController -> Controller.PVSystem.bb_263786_1_10
2018-04-24 15:03:09,452 - INFO - dssInstance - Created pyController -> Controller.PVSystem.bb_263786_1_12
2018-04-24 15:03:09,454 - INFO - dssInstance - Created pyController -> Controller.PVSystem.bb_263787_1_1
2018-04-24 15:03:09,456 - INFO - dssInstance - Created pyController -> Controller.PVSystem.bb_263787_1_2
2018-04-24 15:03:09,458 - INFO - dssInstance - Created pyController -> Controller.PVSystem.bb_263787_1_4
2018-04-24 15:03:09,460 - INFO - dssInstance - Created pyController -> Controller.PVSystem.bb_263787_1_5
2018-04-24 15:03:09,463 - INFO - dssInstance - Created pyController -> Controller.PVSystem.bb_263787_1_6
2018-04-24 15:03:09,465 - INFO - dssInstance - Created pyController -> Controller.PVSystem.bb_263787_1_10
2018-04-24 15:03:09,469 - INFO - dssInstance - Created pyController -> Controller.PVSystem.bb_263788_1_1
2018-04-24 15:03:09,472 - INFO - dssInstance - Created pyController -> Controller.PVSystem.bb_263788_1_3
2018-04-24 15:03:09,474 - INFO - dssInstance - Created pyController -> Controller.PVSystem.bb_263789_1_1
2018-04-24 15:03:09,477 - INFO - dssInstance - Created pyController -> Controller.PVSystem.bb_263789_1_4
2018-04-24 15:03:09,479 - INFO - dssInstance - Created pyController -> Controller.PVSystem.bb_263789_1_6
2018-04-24 15:03:09,481 - INFO - dssInstance - Created pyController -> Controller.PVSystem.bb_263789_1_7
2018-04-24 15:03:09,483 - INFO - dssInstance - Created pyController -> Controller.PVSystem.bb_263789_1_10
2018-04-24 15:03:09,485 - INFO - dssInstance - Created pyController -> Controller.PVSystem.bb_263789_1_11
2018-04-24 15:03:09,487 - INFO - dssInstance - Created pyController -> Controller.PVSystem.bb_263789_1_12
2018-04-24 15:03:09,490 - INFO - dssInstance - Created pyController -> Controller.PVSystem.bb_263793_1_2
2018-04-24 15:03:09,492 - INFO - dssInstance - Created pyController -> Controller.PVSystem.bb_263793_1_7
2018-04-24 15:03:09,494 - INFO - dssInstance - Created pyController -> Controller.PVSystem.bb_263793_1_8
2018-04-24 15:03:09,497 - INFO - dssInstance - Created pyController -> Controller.PVSystem.bb_263793_1_9
2018-04-24 15:03:09,499 - INFO - dssInstance - Created pyController -> Controller.PVSystem.bb_263793_1_10
2018-04-24 15:03:09,501 - INFO - dssInstance - Created pyController -> Controller.PVSystem.bb_263795_1_2
2018-04-24 15:03:09,504 - INFO - dssInstance - Created pyController -> Controller.PVSystem.bb_263795_1_4
2018-04-24 15:03:09,506 - INFO - dssInstance - Created pyController -> Controller.PVSystem.bb_263795_1_7
2018-04-24 15:03:09,509 - INFO - dssInstance - Created pyController -> Controller.PVSystem.bb_263795_1_10
2018-04-24 15:03:09,512 - INFO - dssInstance - Created pyController -> Controller.PVSystem.bb_263796_1_3
2018-04-24 15:03:09,514 - INFO - dssInstance - Created pyController -> Controller.PVSystem.bb_263797_1_1
2018-04-24 15:03:09,516 - INFO - dssInstance - Created pyController -> Controller.PVSystem.bb_263798_1_7
2018-04-24 15:03:09,519 - INFO - dssInstance - Created pyController -> Controller.PVSystem.bb_263800_1_3
2018-04-24 15:03:09,521 - INFO - dssInstance - Created pyController -> Controller.PVSystem.bb_263801_1_7
2018-04-24 15:03:09,523 - INFO - dssInstance - Created pyController -> Controller.PVSystem.bb_263802_1_7
2018-04-24 15:03:09,525 - INFO - dssInstance - Created pyController -> Controller.PVSystem.bb_263802_1_8
2018-04-24 15:03:09,528 - INFO - dssInstance - Created pyController -> Controller.PVSystem.bb_263803_1_1
2018-04-24 15:03:09,530 - INFO - dssInstance - Created pyController -> Controller.PVSystem.bb_263803_1_4
2018-04-24 15:03:09,532 - INFO - dssInstance - Created pyController -> Controller.PVSystem.bb_263803_1_5
2018-04-24 15:03:09,534 - INFO - dssInstance - Created pyController -> Controller.PVSystem.bb_263803_1_8
2018-04-24 15:03:09,536 - INFO - dssInstance - Created pyController -> Controller.PVSystem.bb_263803_1_9
2018-04-24 15:03:09,539 - INFO - dssInstance - Created pyController -> Controller.PVSystem.bb_263803_1_10
2018-04-24 15:03:09,541 - INFO - dssInstance - Created pyController -> Controller.PVSystem.bb_263803_1_11
2018-04-24 15:03:09,543 - INFO - dssInstance - Created pyController -> Controller.PVSystem.bb_263803_1_13
2018-04-24 15:03:09,545 - INFO - dssInstance - Created pyController -> Controller.PVSystem.bb_263804_1_2
2018-04-24 15:03:09,550 - INFO - dssInstance - Created pyController -> Controller.PVSystem.bb_263804_1_7
2018-04-24 15:03:09,554 - INFO - dssInstance - Created pyController -> Controller.PVSystem.bb_263804_1_8
2018-04-24 15:03:09,558 - INFO - dssInstance - Created pyController -> Controller.PVSystem.bb_263804_1_12
2018-04-24 15:03:09,562 - INFO - dssInstance - Created pyController -> Controller.PVSystem.bb_263805_1_3
2018-04-24 15:03:09,565 - INFO - dssInstance - Created pyController -> Controller.PVSystem.bb_263805_1_6
2018-04-24 15:03:09,569 - INFO - dssInstance - Created pyController -> Controller.PVSystem.bb_263805_1_9
2018-04-24 15:03:09,572 - INFO - dssInstance - Created pyController -> Controller.PVSystem.bb_263806_1_2
2018-04-24 15:03:09,575 - INFO - dssInstance - Created pyController -> Controller.PVSystem.bb_263806_1_3
2018-04-24 15:03:09,577 - INFO - dssInstance - Created pyController -> Controller.PVSystem.bb_263806_1_4
2018-04-24 15:03:09,579 - INFO - dssInstance - Created pyController -> Controller.PVSystem.bb_263806_1_5
2018-04-24 15:03:09,581 - INFO - dssInstance - Created pyController -> Controller.PVSystem.bb_263806_1_6
2018-04-24 15:03:09,584 - INFO - dssInstance - Created pyController -> Controller.PVSystem.bb_263806_1_8
2018-04-24 15:03:09,586 - INFO - dssInstance - Created pyController -> Controller.PVSystem.bb_263807_1_1
2018-04-24 15:03:09,588 - INFO - dssInstance - Created pyController -> Controller.PVSystem.bb_263807_1_2
2018-04-24 15:03:09,590 - INFO - dssInstance - Created pyController -> Controller.PVSystem.bb_263807_1_5
2018-04-24 15:03:09,593 - INFO - dssInstance - Created pyController -> Controller.PVSystem.bb_263807_1_10
2018-04-24 15:03:09,595 - INFO - dssInstance - Created pyController -> Controller.PVSystem.bb_263808_1_1
2018-04-24 15:03:09,597 - INFO - dssInstance - Created pyController -> Controller.PVSystem.bb_263808_1_4
2018-04-24 15:03:09,600 - INFO - dssInstance - Created pyController -> Controller.PVSystem.bb_263808_1_8
2018-04-24 15:03:09,602 - INFO - dssInstance - Created pyController -> Controller.PVSystem.bb_263808_1_9
2018-04-24 15:03:09,604 - INFO - dssInstance - Created pyController -> Controller.PVSystem.bb_263809_1_1
2018-04-24 15:03:09,606 - INFO - dssInstance - Created pyController -> Controller.PVSystem.bb_263809_1_2
2018-04-24 15:03:09,608 - INFO - dssInstance - Created pyController -> Controller.PVSystem.bb_263809_1_6
2018-04-24 15:03:09,610 - INFO - dssInstance - Created pyController -> Controller.PVSystem.bb_263809_1_8
2018-04-24 15:03:09,613 - INFO - dssInstance - Created pyController -> Controller.PVSystem.bb_263817_1_1
2018-04-24 15:03:09,615 - INFO - dssInstance - Created pyController -> Controller.PVSystem.bb_263817_1_3
2018-04-24 15:03:09,617 - INFO - dssInstance - Created pyController -> Controller.PVSystem.bb_263817_1_6
2018-04-24 15:03:09,619 - INFO - dssInstance - Created pyController -> Controller.PVSystem.bb_263817_1_7
2018-04-24 15:03:09,621 - INFO - dssInstance - Created pyController -> Controller.PVSystem.bb_263817_1_8
2018-04-24 15:03:09,624 - INFO - dssInstance - Created pyController -> Controller.PVSystem.bb_263888_1_1
2018-04-24 15:03:09,626 - INFO - dssInstance - Created pyController -> Controller.PVSystem.bb_263888_1_6
2018-04-24 15:03:09,628 - INFO - dssInstance - Created pyController -> Controller.PVSystem.bb_264037_1_4
2018-04-24 15:03:09,630 - INFO - dssInstance - Created pyController -> Controller.PVSystem.bb_264132_1_5
2018-04-24 15:03:09,632 - INFO - dssInstance - Created pyController -> Controller.PVSystem.bb_264132_1_6
2018-04-24 15:03:09,635 - INFO - dssInstance - Created pyController -> Controller.PVSystem.bb_264132_1_10
2018-04-24 15:03:09,637 - INFO - dssInstance - Created pyController -> Controller.PVSystem.bb_264132_1_13
2018-04-24 15:03:09,639 - INFO - dssInstance - Created pyController -> Controller.PVSystem.bb_264986_1_10
2018-04-24 15:03:09,641 - INFO - dssInstance - Created pyController -> Controller.PVSystem.bb_264986_1_11
2018-04-24 15:03:09,643 - INFO - dssInstance - Created pyController -> Controller.PVSystem.bb_51045896_1_2
2018-04-24 15:03:09,645 - INFO - dssInstance - Created pyController -> Controller.PVSystem.bb_51045896_1_3
2018-04-24 15:03:09,648 - INFO - dssInstance - Created pyController -> Controller.PVSystem.bb_51045964_1_1
2018-04-24 15:03:09,650 - INFO - dssInstance - Created pyController -> Controller.PVSystem.bb_51045964_1_3
2018-04-24 15:03:09,652 - INFO - dssInstance - Created pyController -> Controller.PVSystem.bb_51045964_1_8
2018-04-24 15:03:09,654 - INFO - dssInstance - Created pyController -> Controller.PVSystem.bb_51045964_1_9
2018-04-24 15:03:09,656 - INFO - dssInstance - Created pyController -> Controller.PVSystem.bb_51045964_1_10
2018-04-24 15:03:09,658 - INFO - dssInstance - Created pyController -> Controller.PVSystem.bb_51045964_1_12
2018-04-24 15:03:09,660 - INFO - dssInstance - Created pyController -> Controller.PVSystem.bb_51045964_1_14
2018-04-24 15:03:09,662 - INFO - dssInstance - Created pyController -> Controller.PVSystem.bb_51045975_1_7
2018-04-24 15:03:09,664 - INFO - dssInstance - Created pyController -> Controller.PVSystem.bb_51045975_1_9
2018-04-24 15:03:09,666 - INFO - dssInstance - Created pyController -> Controller.PVSystem.bb_51045975_1_10
2018-04-24 15:03:09,668 - INFO - dssInstance - Created pyController -> Controller.PVSystem.bb_51045982_1_1
2018-04-24 15:03:09,671 - INFO - dssInstance - Created pyController -> Controller.PVSystem.bb_51046037_1_1
2018-04-24 15:03:09,673 - INFO - dssInstance - Created pyController -> Controller.PVSystem.bb_51046037_1_7
2018-04-24 15:03:09,675 - INFO - dssInstance - Created pyController -> Controller.PVSystem.bb_51046044_1_4
2018-04-24 15:03:09,677 - INFO - dssInstance - Created pyController -> Controller.PVSystem.bb_51046044_1_7
2018-04-24 15:03:09,679 - INFO - dssInstance - Created pyController -> Controller.PVSystem.bb_51046044_1_8
2018-04-24 15:03:09,681 - INFO - dssInstance - Created pyController -> Controller.PVSystem.oh_257608_1_4
2018-04-24 15:03:09,683 - INFO - dssInstance - Created pyController -> Controller.PVSystem.oh_257608_1_6
2018-04-24 15:03:09,685 - INFO - dssInstance - Created pyController -> Controller.PVSystem.oh_257608_1_7
2018-04-24 15:03:09,687 - INFO - dssInstance - Created pyController -> Controller.PVSystem.oh_257608_1_9
2018-04-24 15:03:09,690 - INFO - dssInstance - Created pyController -> Controller.PVSystem.oh_257796_1_3
2018-04-24 15:03:09,692 - INFO - dssInstance - Created pyController -> Controller.PVSystem.oh_257796_1_5
2018-04-24 15:03:09,694 - INFO - dssInstance - Created pyController -> Controller.PVSystem.oh_257796_1_7
2018-04-24 15:03:09,696 - INFO - dssInstance - Created pyController -> Controller.PVSystem.oh_257796_1_8
2018-04-24 15:03:09,698 - INFO - dssInstance - Created pyController -> Controller.PVSystem.oh_257796_1_9
2018-04-24 15:03:09,701 - INFO - dssInstance - Created pyController -> Controller.PVSystem.oh_257796_1_10
2018-04-24 15:03:09,703 - INFO - dssInstance - Created pyController -> Controller.PVSystem.oh_257796_1_12
2018-04-24 15:03:09,705 - INFO - dssInstance - Created pyController -> Controller.PVSystem.oh_257798_1_4
2018-04-24 15:03:09,707 - INFO - dssInstance - Created pyController -> Controller.PVSystem.oh_257798_1_6
2018-04-24 15:03:09,709 - INFO - dssInstance - Created pyController -> Controller.PVSystem.oh_257798_1_7
2018-04-24 15:03:09,712 - INFO - dssInstance - Created pyController -> Controller.PVSystem.oh_257798_1_9
2018-04-24 15:03:09,714 - INFO - dssInstance - Created pyController -> Controller.PVSystem.oh_257798_1_10
2018-04-24 15:03:09,716 - INFO - dssInstance - Created pyController -> Controller.PVSystem.oh_257798_1_16
2018-04-24 15:03:09,719 - INFO - dssInstance - Created pyController -> Controller.PVSystem.oh_257804_1_3
2018-04-24 15:03:09,722 - INFO - dssInstance - Created pyController -> Controller.PVSystem.oh_257804_1_5
2018-04-24 15:03:09,726 - INFO - dssInstance - Created pyController -> Controller.PVSystem.oh_257806_1_4
2018-04-24 15:03:09,729 - INFO - dssInstance - Created pyController -> Controller.PVSystem.oh_257806_1_8
2018-04-24 15:03:09,733 - INFO - dssInstance - Created pyController -> Controller.PVSystem.oh_257806_1_9
2018-04-24 15:03:09,737 - INFO - dssInstance - Created pyController -> Controller.PVSystem.oh_257806_1_10
2018-04-24 15:03:09,741 - INFO - dssInstance - Created pyController -> Controller.PVSystem.oh_257806_1_11
2018-04-24 15:03:09,744 - INFO - dssInstance - Created pyController -> Controller.PVSystem.oh_257806_1_12
2018-04-24 15:03:09,748 - INFO - dssInstance - Created pyController -> Controller.PVSystem.oh_257806_1_14
2018-04-24 15:03:09,752 - INFO - dssInstance - Created pyController -> Controller.PVSystem.oh_257807_1_5
2018-04-24 15:03:09,754 - INFO - dssInstance - Created pyController -> Controller.PVSystem.oh_257811_1_2
2018-04-24 15:03:09,756 - INFO - dssInstance - Created pyController -> Controller.PVSystem.oh_257811_1_5
2018-04-24 15:03:09,758 - INFO - dssInstance - Created pyController -> Controller.PVSystem.oh_257811_1_7
2018-04-24 15:03:09,761 - INFO - dssInstance - Created pyController -> Controller.PVSystem.oh_257815_1_3
2018-04-24 15:03:09,763 - INFO - dssInstance - Created pyController -> Controller.PVSystem.oh_262480_1_8
2018-04-24 15:03:09,765 - INFO - dssInstance - Created pyController -> Controller.PVSystem.oh_262481_1_3
2018-04-24 15:03:09,767 - INFO - dssInstance - Created pyController -> Controller.PVSystem.oh_262486_1_6
2018-04-24 15:03:09,769 - INFO - dssInstance - Created pyController -> Controller.PVSystem.oh_262486_1_13
2018-04-24 15:03:09,772 - INFO - dssInstance - Created pyController -> Controller.PVSystem.oh_262490_1_2
2018-04-24 15:03:09,774 - INFO - dssInstance - Created pyController -> Controller.PVSystem.oh_262490_1_4
2018-04-24 15:03:09,776 - INFO - dssInstance - Created pyController -> Controller.PVSystem.oh_262490_1_5
2018-04-24 15:03:09,778 - INFO - dssInstance - Created pyController -> Controller.PVSystem.oh_263539_1_3
2018-04-24 15:03:09,780 - INFO - dssInstance - Created pyController -> Controller.PVSystem.oh_263541_1_8
2018-04-24 15:03:09,782 - INFO - dssInstance - Created pyController -> Controller.PVSystem.oh_263737_1_5
2018-04-24 15:03:09,785 - INFO - dssInstance - Created pyController -> Controller.PVSystem.oh_263739_1_2
2018-04-24 15:03:09,787 - INFO - dssInstance - Created pyController -> Controller.PVSystem.oh_264009_1_6
2018-04-24 15:03:09,789 - INFO - dssInstance - Created pyController -> Controller.PVSystem.oh_264010_1_3
2018-04-24 15:03:09,791 - INFO - dssInstance - Created pyController -> Controller.PVSystem.oh_264022_1_1
2018-04-24 15:03:09,794 - INFO - dssInstance - Created pyController -> Controller.PVSystem.oh_264022_1_5
2018-04-24 15:03:09,796 - INFO - dssInstance - Created pyController -> Controller.PVSystem.oh_264022_1_7
2018-04-24 15:03:09,798 - INFO - dssInstance - Created pyController -> Controller.PVSystem.oh_264022_1_9
2018-04-24 15:03:09,800 - INFO - dssInstance - Created pyController -> Controller.PVSystem.oh_264022_1_13
2018-04-24 15:03:09,802 - INFO - dssInstance - Created pyController -> Controller.PVSystem.oh_264022_1_14
2018-04-24 15:03:09,804 - INFO - dssInstance - Created pyController -> Controller.PVSystem.oh_264056_1_2
2018-04-24 15:03:09,806 - INFO - dssInstance - Created pyController -> Controller.PVSystem.oh_264056_1_4
2018-04-24 15:03:09,808 - INFO - dssInstance - Created pyController -> Controller.PVSystem.oh_264056_1_6
2018-04-24 15:03:09,811 - INFO - dssInstance - Created pyController -> Controller.PVSystem.oh_264056_1_9
2018-04-24 15:03:09,813 - INFO - dssInstance - Created pyController -> Controller.PVSystem.oh_264057_1_2
2018-04-24 15:03:09,815 - INFO - dssInstance - Created pyController -> Controller.PVSystem.oh_264057_1_7
2018-04-24 15:03:09,817 - INFO - dssInstance - Created pyController -> Controller.PVSystem.oh_264057_1_8
2018-04-24 15:03:09,820 - INFO - dssInstance - Created pyController -> Controller.PVSystem.oh_264058_1_6
2018-04-24 15:03:09,822 - INFO - dssInstance - Created pyController -> Controller.PVSystem.oh_264058_1_8
2018-04-24 15:03:09,824 - INFO - dssInstance - Created pyController -> Controller.PVSystem.oh_264058_1_10
2018-04-24 15:03:09,826 - INFO - dssInstance - Created pyController -> Controller.PVSystem.oh_264058_1_11
2018-04-24 15:03:09,829 - INFO - dssInstance - Created pyController -> Controller.PVSystem.oh_264059_1_1
2018-04-24 15:03:09,831 - INFO - dssInstance - Created pyController -> Controller.PVSystem.oh_264059_1_3
2018-04-24 15:03:09,833 - INFO - dssInstance - Created pyController -> Controller.PVSystem.oh_264059_1_5
2018-04-24 15:03:09,835 - INFO - dssInstance - Created pyController -> Controller.PVSystem.oh_264059_1_6
2018-04-24 15:03:09,837 - INFO - dssInstance - Created pyController -> Controller.PVSystem.oh_264059_1_8
2018-04-24 15:03:09,839 - INFO - dssInstance - Created pyController -> Controller.PVSystem.oh_264059_1_9
2018-04-24 15:03:09,841 - INFO - dssInstance - Created pyController -> Controller.PVSystem.oh_264106_1_4
2018-04-24 15:03:09,844 - INFO - dssInstance - Created pyController -> Controller.PVSystem.oh_264106_1_7
2018-04-24 15:03:09,846 - INFO - dssInstance - Created pyController -> Controller.PVSystem.oh_264158_1_11
2018-04-24 15:03:09,848 - INFO - dssInstance - Created pyController -> Controller.PVSystem.oh_264870_1_11
2018-04-24 15:03:09,850 - INFO - dssInstance - Created pyController -> Controller.PVSystem.oh_264874_1_4
2018-04-24 15:03:09,852 - INFO - dssInstance - Created pyController -> Controller.PVSystem.oh_264874_1_7
2018-04-24 15:03:09,854 - INFO - dssInstance - Created pyController -> Controller.PVSystem.oh_264880_1_1
2018-04-24 15:03:09,856 - INFO - dssInstance - Created pyController -> Controller.PVSystem.oh_264880_1_3
2018-04-24 15:03:09,858 - INFO - dssInstance - Created pyController -> Controller.PVSystem.oh_264880_1_6
2018-04-24 15:03:09,860 - INFO - dssInstance - Created pyController -> Controller.PVSystem.oh_264883_1_2
2018-04-24 15:03:09,863 - INFO - dssInstance - Created pyController -> Controller.PVSystem.oh_264883_1_9
2018-04-24 15:03:09,865 - INFO - dssInstance - Created pyController -> Controller.PVSystem.oh_264883_1_10
2018-04-24 15:03:09,867 - INFO - dssInstance - Created pyController -> Controller.PVSystem.oh_264889_1_6
2018-04-24 15:03:09,869 - INFO - dssInstance - Created pyController -> Controller.PVSystem.oh_264889_1_7
2018-04-24 15:03:09,871 - INFO - dssInstance - Created pyController -> Controller.PVSystem.oh_264889_1_9
2018-04-24 15:03:09,873 - INFO - dssInstance - Created pyController -> Controller.PVSystem.oh_264889_1_10
2018-04-24 15:03:09,875 - INFO - dssInstance - Created pyController -> Controller.PVSystem.oh_264889_1_13
2018-04-24 15:03:09,877 - INFO - dssInstance - Created pyController -> Controller.PVSystem.oh_264893_1_3
2018-04-24 15:03:09,879 - INFO - dssInstance - Created pyController -> Controller.PVSystem.oh_264893_1_4
2018-04-24 15:03:09,882 - INFO - dssInstance - Created pyController -> Controller.PVSystem.oh_264893_1_7
2018-04-24 15:03:09,884 - INFO - dssInstance - Created pyController -> Controller.PVSystem.oh_264893_1_10
2018-04-24 15:03:09,886 - INFO - dssInstance - Created pyController -> Controller.PVSystem.oh_264898_1_2
2018-04-24 15:03:09,888 - INFO - dssInstance - Created pyController -> Controller.PVSystem.oh_264898_1_3
2018-04-24 15:03:09,890 - INFO - dssInstance - Created pyController -> Controller.PVSystem.oh_264913_1_1
2018-04-24 15:03:09,894 - INFO - dssInstance - Created pyController -> Controller.PVSystem.oh_264913_1_3
2018-04-24 15:03:09,896 - INFO - dssInstance - Created pyController -> Controller.PVSystem.oh_264913_1_4
2018-04-24 15:03:09,899 - INFO - dssInstance - Created pyController -> Controller.PVSystem.oh_264913_1_6
2018-04-24 15:03:09,901 - INFO - dssInstance - Created pyController -> Controller.PVSystem.oh_264919_1_2
2018-04-24 15:03:09,904 - INFO - dssInstance - Created pyController -> Controller.PVSystem.oh_264919_1_4
2018-04-24 15:03:09,906 - INFO - dssInstance - Created pyController -> Controller.PVSystem.oh_264931_1_1
2018-04-24 15:03:09,908 - INFO - dssInstance - Created pyController -> Controller.PVSystem.oh_264931_1_6
2018-04-24 15:03:09,911 - INFO - dssInstance - Created pyController -> Controller.PVSystem.oh_264931_1_8
2018-04-24 15:03:09,913 - INFO - dssInstance - Created pyController -> Controller.PVSystem.oh_264934_1_1
2018-04-24 15:03:09,915 - INFO - dssInstance - Created pyController -> Controller.PVSystem.oh_264953_1_1
2018-04-24 15:03:09,917 - INFO - dssInstance - Created pyController -> Controller.PVSystem.oh_264953_1_3
2018-04-24 15:03:09,919 - INFO - dssInstance - Created pyController -> Controller.PVSystem.oh_264953_1_9
2018-04-24 15:03:09,922 - INFO - dssInstance - Created pyController -> Controller.PVSystem.oh_264953_1_10
2018-04-24 15:03:09,924 - INFO - dssInstance - Created pyController -> Controller.PVSystem.oh_264971_1_5
2018-04-24 15:03:09,926 - INFO - dssInstance - Created pyController -> Controller.PVSystem.oh_51061590_1_2
2018-04-24 15:03:09,929 - INFO - dssInstance - Created pyController -> Controller.PVSystem.oh_51120111_1_5
2018-04-24 15:03:09,931 - INFO - dssInstance - Created pyController -> Controller.PVSystem.oh_51120111_1_8
2018-04-24 15:03:09,933 - INFO - dssInstance - Created pyController -> Controller.PVSystem.oh_51120111_1_10
2018-04-24 15:03:09,935 - INFO - dssInstance - Created pyController -> Controller.PVSystem.oh_51267194_1_7
2018-04-24 15:03:09,937 - INFO - dssInstance - Created pyController -> Controller.PVSystem.oh_51267194_1_8
2018-04-24 15:03:09,939 - INFO - dssInstance - Created pyController -> Controller.PVSystem.oh_260946_0_2
2018-04-24 15:03:09,941 - INFO - dssInstance - Created pyController -> Controller.PVSystem.oh_260946_0_7
2018-04-24 15:03:09,944 - INFO - dssInstance - Created pyController -> Controller.PVSystem.oh_261479_2_1
2018-04-24 15:03:10,013 - INFO - dssInstance - Created pyController -> Controller.PVSystem.oh_261479_2_2
2018-04-24 15:03:10,018 - INFO - dssInstance - Created pyController -> Controller.PVSystem.oh_261483_1_2
2018-04-24 15:03:10,021 - INFO - dssInstance - Created pyController -> Controller.PVSystem.oh_261483_1_3
2018-04-24 15:03:10,023 - INFO - dssInstance - Created pyController -> Controller.PVSystem.oh_261483_2_1
2018-04-24 15:03:10,030 - INFO - dssInstance - Created pyController -> Controller.PVSystem.oh_261483_2_2
2018-04-24 15:03:10,032 - INFO - dssInstance - Created pyController -> Controller.PVSystem.oh_261486_2_1
2018-04-24 15:03:10,035 - INFO - dssInstance - Created pyController -> Controller.PVSystem.oh_261535_0_5
2018-04-24 15:03:10,037 - INFO - dssInstance - Created pyController -> Controller.PVSystem.oh_261573_1_2
2018-04-24 15:03:10,040 - INFO - dssInstance - Created pyController -> Controller.PVSystem.oh_261573_2_2
2018-04-24 15:03:10,043 - INFO - dssInstance - Created pyController -> Controller.PVSystem.oh_261576_2_2
2018-04-24 15:03:10,047 - INFO - dssInstance - Created pyController -> Controller.PVSystem.oh_261584_1_2
2018-04-24 15:03:10,049 - INFO - dssInstance - Created pyController -> Controller.PVSystem.oh_261584_2_2
2018-04-24 15:03:10,052 - INFO - dssInstance - Created pyController -> Controller.PVSystem.oh_261584_2_3
2018-04-24 15:03:10,054 - INFO - dssInstance - Created pyController -> Controller.PVSystem.oh_261584_2_4
2018-04-24 15:03:10,056 - INFO - dssInstance - Created pyController -> Controller.PVSystem.oh_261592_1_2
2018-04-24 15:03:10,058 - INFO - dssInstance - Created pyController -> Controller.PVSystem.oh_261592_1_3
2018-04-24 15:03:10,061 - INFO - dssInstance - Created pyController -> Controller.PVSystem.oh_261604_1_2
2018-04-24 15:03:10,064 - INFO - dssInstance - Created pyController -> Controller.PVSystem.oh_261663_0_5
2018-04-24 15:03:10,067 - INFO - dssInstance - Created pyController -> Controller.PVSystem.oh_261663_0_6
2018-04-24 15:03:10,070 - INFO - dssInstance - Created pyController -> Controller.PVSystem.oh_261666_0_2
2018-04-24 15:03:10,072 - INFO - dssInstance - Created pyController -> Controller.PVSystem.oh_261666_0_5
2018-04-24 15:03:10,074 - INFO - dssInstance - Created pyController -> Controller.PVSystem.oh_261691_2_1
2018-04-24 15:03:10,077 - INFO - dssInstance - Created pyController -> Controller.PVSystem.oh_262646_2_3
2018-04-24 15:03:10,081 - INFO - dssInstance - Created pyController -> Controller.PVSystem.oh_262657_2_1
2018-04-24 15:03:10,084 - INFO - dssInstance - Created pyController -> Controller.PVSystem.oh_262864_2_1
2018-04-24 15:03:10,088 - INFO - dssInstance - Created pyController -> Controller.PVSystem.oh_262868_0_2
2018-04-24 15:03:10,090 - INFO - dssInstance - Created pyController -> Controller.PVSystem.oh_262876_1_1
2018-04-24 15:03:10,094 - INFO - dssInstance - Created pyController -> Controller.PVSystem.oh_262876_1_3
2018-04-24 15:03:10,097 - INFO - dssInstance - Created pyController -> Controller.PVSystem.oh_262876_1_6
2018-04-24 15:03:10,100 - INFO - dssInstance - Created pyController -> Controller.PVSystem.oh_262876_2_1
2018-04-24 15:03:10,104 - INFO - dssInstance - Created pyController -> Controller.PVSystem.oh_262978_1_7
2018-04-24 15:03:10,108 - INFO - dssInstance - Created pyController -> Controller.PVSystem.oh_262978_2_1
2018-04-24 15:03:10,113 - INFO - dssInstance - Created pyController -> Controller.PVSystem.oh_262978_2_6
2018-04-24 15:03:10,118 - INFO - dssInstance - Created pyController -> Controller.PVSystem.oh_262983_1_7
2018-04-24 15:03:10,122 - INFO - dssInstance - Created pyController -> Controller.PVSystem.oh_262987_1_3
2018-04-24 15:03:10,126 - INFO - dssInstance - Created pyController -> Controller.PVSystem.oh_262987_1_5
2018-04-24 15:03:10,131 - INFO - dssInstance - Created pyController -> Controller.PVSystem.oh_262987_1_6
2018-04-24 15:03:10,135 - INFO - dssInstance - Created pyController -> Controller.PVSystem.oh_262987_2_5
2018-04-24 15:03:10,140 - INFO - dssInstance - Created pyController -> Controller.PVSystem.oh_262992_2_1
2018-04-24 15:03:10,148 - INFO - dssInstance - Created pyController -> Controller.PVSystem.oh_262998_1_2
2018-04-24 15:03:10,153 - INFO - dssInstance - Created pyController -> Controller.PVSystem.oh_263013_1_1
2018-04-24 15:03:10,157 - INFO - dssInstance - Created pyController -> Controller.PVSystem.oh_263013_1_2
2018-04-24 15:03:10,163 - INFO - dssInstance - Created pyController -> Controller.PVSystem.oh_263013_1_3
2018-04-24 15:03:10,171 - INFO - dssInstance - Created pyController -> Controller.PVSystem.oh_263013_2_1
2018-04-24 15:03:10,176 - INFO - dssInstance - Created pyController -> Controller.PVSystem.oh_263013_2_4
2018-04-24 15:03:10,182 - INFO - dssInstance - Created pyController -> Controller.PVSystem.oh_263013_2_5
2018-04-24 15:03:10,186 - INFO - dssInstance - Created pyController -> Controller.PVSystem.oh_263090_2_2
2018-04-24 15:03:10,191 - INFO - dssInstance - Created pyController -> Controller.PVSystem.oh_263121_1_2
2018-04-24 15:03:10,195 - INFO - dssInstance - Created pyController -> Controller.PVSystem.oh_263121_2_1
2018-04-24 15:03:10,199 - INFO - dssInstance - Created pyController -> Controller.PVSystem.oh_263163_0_2
2018-04-24 15:03:10,204 - INFO - dssInstance - Created pyController -> Controller.PVSystem.oh_263163_0_3
2018-04-24 15:03:10,208 - INFO - dssInstance - Created pyController -> Controller.PVSystem.oh_263163_0_4
2018-04-24 15:03:10,214 - INFO - dssInstance - Created pyController -> Controller.PVSystem.oh_263163_0_6
2018-04-24 15:03:10,220 - INFO - dssInstance - Created pyController -> Controller.PVSystem.oh_263163_0_7
2018-04-24 15:03:10,224 - INFO - dssInstance - Created pyController -> Controller.PVSystem.oh_263243_0_12
2018-04-24 15:03:10,230 - INFO - dssInstance - Created pyController -> Controller.PVSystem.oh_263270_1_1
2018-04-24 15:03:10,234 - INFO - dssInstance - Created pyController -> Controller.PVSystem.oh_263270_1_2
2018-04-24 15:03:10,239 - INFO - dssInstance - Created pyController -> Controller.PVSystem.oh_263336_0_1
2018-04-24 15:03:10,243 - INFO - dssInstance - Created pyController -> Controller.PVSystem.oh_263336_0_3
2018-04-24 15:03:10,248 - INFO - dssInstance - Created pyController -> Controller.PVSystem.oh_263353_2_1
2018-04-24 15:03:10,252 - INFO - dssInstance - Created pyController -> Controller.PVSystem.oh_263400_0_3
2018-04-24 15:03:10,257 - INFO - dssInstance - Created pyController -> Controller.PVSystem.oh_263400_0_5
2018-04-24 15:03:10,261 - INFO - dssInstance - Created pyController -> Controller.PVSystem.oh_263400_0_6
2018-04-24 15:03:10,264 - INFO - dssInstance - Created pyController -> Controller.PVSystem.oh_263400_0_7
2018-04-24 15:03:10,268 - INFO - dssInstance - Created pyController -> Controller.PVSystem.oh_263400_0_11
2018-04-24 15:03:10,272 - INFO - dssInstance - Created pyController -> Controller.PVSystem.oh_263400_0_13
2018-04-24 15:03:10,274 - INFO - dssInstance - Created pyController -> Controller.PVSystem.oh_263400_0_15
2018-04-24 15:03:10,277 - INFO - dssInstance - Created pyController -> Controller.PVSystem.oh_263400_0_18
2018-04-24 15:03:10,279 - INFO - dssInstance - Created pyController -> Controller.PVSystem.oh_263619_0_3
2018-04-24 15:03:10,281 - INFO - dssInstance - Created pyController -> Controller.PVSystem.oh_264202_1_3
2018-04-24 15:03:10,283 - INFO - dssInstance - Created pyController -> Controller.PVSystem.oh_264241_1_1
2018-04-24 15:03:10,286 - INFO - dssInstance - Created pyController -> Controller.PVSystem.oh_264241_1_3
2018-04-24 15:03:10,289 - INFO - dssInstance - Created pyController -> Controller.PVSystem.oh_264241_2_1
2018-04-24 15:03:10,294 - INFO - dssInstance - Created pyController -> Controller.PVSystem.oh_264327_2_3
2018-04-24 15:03:10,298 - INFO - dssInstance - Created pyController -> Controller.PVSystem.oh_264329_2_2
2018-04-24 15:03:10,302 - INFO - dssInstance - Created pyController -> Controller.PVSystem.oh_264331_1_3
2018-04-24 15:03:10,307 - INFO - dssInstance - Created pyController -> Controller.PVSystem.oh_264402_2_1
2018-04-24 15:03:10,312 - INFO - dssInstance - Created pyController -> Controller.PVSystem.oh_264409_1_4
2018-04-24 15:03:10,318 - INFO - dssInstance - Created pyController -> Controller.PVSystem.oh_264409_2_2
2018-04-24 15:03:10,323 - INFO - dssInstance - Created pyController -> Controller.PVSystem.oh_264477_0_2
2018-04-24 15:03:10,328 - INFO - dssInstance - Created pyController -> Controller.PVSystem.oh_264481_0_1
2018-04-24 15:03:10,332 - INFO - dssInstance - Created pyController -> Controller.PVSystem.oh_264487_0_3
2018-04-24 15:03:10,336 - INFO - dssInstance - Created pyController -> Controller.PVSystem.oh_264611_1_4
2018-04-24 15:03:10,341 - INFO - dssInstance - Created pyController -> Controller.PVSystem.oh_264618_0_12
2018-04-24 15:03:10,345 - INFO - dssInstance - Created pyController -> Controller.PVSystem.oh_264618_0_25
2018-04-24 15:03:10,350 - INFO - dssInstance - Created pyController -> Controller.PVSystem.oh_264695_1_2
2018-04-24 15:03:10,355 - INFO - dssInstance - Created pyController -> Controller.PVSystem.oh_264725_2_1
2018-04-24 15:03:10,360 - INFO - dssInstance - Created pyController -> Controller.PVSystem.oh_264767_0_3
2018-04-24 15:03:10,365 - INFO - dssInstance - Created pyController -> Controller.PVSystem.oh_264767_0_4
2018-04-24 15:03:10,369 - INFO - dssInstance - Created pyController -> Controller.PVSystem.oh_264767_0_6
2018-04-24 15:03:10,374 - INFO - dssInstance - Created pyController -> Controller.PVSystem.oh_261491c
2018-04-24 15:03:10,377 - INFO - dssInstance - Created pyController -> Controller.PVSystem.oh_262865a
2018-04-24 15:03:10,384 - INFO - dssInstance - Created pyController -> Controller.PVSystem.oh_262865c
2018-04-24 15:03:10,389 - INFO - dssInstance - Created pyController -> Controller.PVSystem.oh_263333a
2018-04-24 15:03:10,393 - INFO - dssInstance - Created pyController -> Controller.PVSystem.oh_263615c
2018-04-24 15:03:10,397 - INFO - dssInstance - Created pyController -> Controller.PVSystem.oh_264082c
2018-04-24 15:03:10,401 - INFO - dssInstance - Created pyController -> Controller.PVSystem.oh_264579b
2018-04-24 15:03:10,406 - INFO - dssInstance - Created pyController -> Controller.PVSystem.oh_51048142a
2018-04-24 15:03:10,407 - INFO - dssInstance - Created pyController -> Controller.RegControl.subxfrmr
2018-04-24 15:03:24,555 - INFO - dssInstance - Created pyPlot -> GIS overlay
2018-04-24 15:03:25,732 - INFO - dssInstance - Created pyPlot -> Sag plot
2018-04-24 15:03:26,850 - INFO - dssInstance - Created pyPlot -> Time series
2018-04-24 15:03:27,401 - INFO - dssInstance - Created pyPlot -> Time series
2018-04-24 15:03:27,402 - INFO - dssInstance - Running simulation for 96 time steps
2018-04-24 15:03:27,451 - INFO - SolveMode - Simululation time [h] - 0.25
2018-04-24 15:03:27,451 - DEBUG - dssInstance - Q convergance error 0
2018-04-24 15:03:27,452 - DEBUG - dssInstance - P convergance error 0
2018-04-24 15:03:28,857 - INFO - SolveMode - Simululation time [h] - 0.5
2018-04-24 15:03:28,858 - DEBUG - dssInstance - Q convergance error 0
2018-04-24 15:03:28,859 - DEBUG - dssInstance - P convergance error 0
2018-04-24 15:03:30,226 - INFO - SolveMode - Simululation time [h] - 0.75
2018-04-24 15:03:30,226 - DEBUG - dssInstance - Q convergance error 0
2018-04-24 15:03:30,227 - DEBUG - dssInstance - P convergance error 0
2018-04-24 15:03:31,578 - INFO - SolveMode - Simululation time [h] - 1.0
2018-04-24 15:03:31,579 - DEBUG - dssInstance - Q convergance error 0
2018-04-24 15:03:31,580 - DEBUG - dssInstance - P convergance error 0
2018-04-24 15:03:33,285 - INFO - SolveMode - Simululation time [h] - 1.25
2018-04-24 15:03:33,285 - DEBUG - dssInstance - Q convergance error 0
2018-04-24 15:03:33,286 - DEBUG - dssInstance - P convergance error 0
2018-04-24 15:03:35,282 - INFO - SolveMode - Simululation time [h] - 1.5
2018-04-24 15:03:35,282 - DEBUG - dssInstance - Q convergance error 0
2018-04-24 15:03:35,283 - DEBUG - dssInstance - P convergance error 0
2018-04-24 15:03:36,826 - INFO - SolveMode - Simululation time [h] - 1.75
2018-04-24 15:03:36,827 - DEBUG - dssInstance - Q convergance error 0
2018-04-24 15:03:36,828 - DEBUG - dssInstance - P convergance error 0
2018-04-24 15:03:38,182 - INFO - SolveMode - Simululation time [h] - 2.0
2018-04-24 15:03:38,183 - DEBUG - dssInstance - Q convergance error 0
2018-04-24 15:03:38,184 - DEBUG - dssInstance - P convergance error 0
2018-04-24 15:03:39,596 - INFO - SolveMode - Simululation time [h] - 2.25
2018-04-24 15:03:39,598 - DEBUG - dssInstance - Q convergance error 0
2018-04-24 15:03:39,600 - DEBUG - dssInstance - P convergance error 0
2018-04-24 15:03:40,938 - INFO - SolveMode - Simululation time [h] - 2.5
2018-04-24 15:03:40,939 - DEBUG - dssInstance - Q convergance error 0
2018-04-24 15:03:40,940 - DEBUG - dssInstance - P convergance error 0
2018-04-24 15:03:42,176 - INFO - SolveMode - Simululation time [h] - 2.75
2018-04-24 15:03:42,177 - DEBUG - dssInstance - Q convergance error 0
2018-04-24 15:03:42,178 - DEBUG - dssInstance - P convergance error 0
2018-04-24 15:03:43,456 - INFO - SolveMode - Simululation time [h] - 3.0
2018-04-24 15:03:43,456 - DEBUG - dssInstance - Q convergance error 0
2018-04-24 15:03:43,458 - DEBUG - dssInstance - P convergance error 0
2018-04-24 15:03:44,836 - INFO - SolveMode - Simululation time [h] - 3.25
2018-04-24 15:03:44,837 - DEBUG - dssInstance - Q convergance error 0
2018-04-24 15:03:44,839 - DEBUG - dssInstance - P convergance error 0
2018-04-24 15:03:46,258 - INFO - SolveMode - Simululation time [h] - 3.5
2018-04-24 15:03:46,259 - DEBUG - dssInstance - Q convergance error 0
2018-04-24 15:03:46,260 - DEBUG - dssInstance - P convergance error 0
2018-04-24 15:03:47,882 - INFO - SolveMode - Simululation time [h] - 3.75
2018-04-24 15:03:47,883 - DEBUG - dssInstance - Q convergance error 0
2018-04-24 15:03:47,884 - DEBUG - dssInstance - P convergance error 0
2018-04-24 15:03:49,120 - INFO - SolveMode - Simululation time [h] - 4.0
2018-04-24 15:03:49,120 - DEBUG - dssInstance - Q convergance error 0
2018-04-24 15:03:49,121 - DEBUG - dssInstance - P convergance error 0
2018-04-24 15:03:50,500 - INFO - SolveMode - Simululation time [h] - 4.25
2018-04-24 15:03:50,501 - DEBUG - dssInstance - Q convergance error 0
2018-04-24 15:03:50,502 - DEBUG - dssInstance - P convergance error 0
2018-04-24 15:03:51,883 - INFO - SolveMode - Simululation time [h] - 4.5
2018-04-24 15:03:51,884 - DEBUG - dssInstance - Q convergance error 0
2018-04-24 15:03:51,885 - DEBUG - dssInstance - P convergance error 0
2018-04-24 15:03:53,148 - INFO - SolveMode - Simululation time [h] - 4.75
2018-04-24 15:03:53,149 - DEBUG - dssInstance - Q convergance error 0
2018-04-24 15:03:53,150 - DEBUG - dssInstance - P convergance error 0
2018-04-24 15:03:54,462 - INFO - SolveMode - Simululation time [h] - 5.0
2018-04-24 15:03:54,463 - DEBUG - dssInstance - Q convergance error 0
2018-04-24 15:03:54,465 - DEBUG - dssInstance - P convergance error 0
2018-04-24 15:03:55,982 - INFO - SolveMode - Simululation time [h] - 5.25
2018-04-24 15:03:55,983 - DEBUG - dssInstance - Q convergance error 0
2018-04-24 15:03:55,985 - DEBUG - dssInstance - P convergance error 0
2018-04-24 15:03:57,457 - INFO - SolveMode - Simululation time [h] - 5.5
2018-04-24 15:03:57,458 - DEBUG - dssInstance - Q convergance error 0
2018-04-24 15:03:57,459 - DEBUG - dssInstance - P convergance error 0
2018-04-24 15:03:58,866 - INFO - SolveMode - Simululation time [h] - 5.75
2018-04-24 15:03:58,867 - DEBUG - dssInstance - Q convergance error 0
2018-04-24 15:03:58,868 - DEBUG - dssInstance - P convergance error 0
2018-04-24 15:04:00,324 - INFO - SolveMode - Simululation time [h] - 6.0
2018-04-24 15:04:00,324 - DEBUG - dssInstance - Q convergance error 0
2018-04-24 15:04:00,325 - DEBUG - dssInstance - P convergance error 0
2018-04-24 15:04:01,997 - INFO - SolveMode - Simululation time [h] - 6.25
2018-04-24 15:04:01,999 - DEBUG - dssInstance - Q convergance error 0
2018-04-24 15:04:02,001 - DEBUG - dssInstance - P convergance error 0
2018-04-24 15:04:03,560 - INFO - SolveMode - Simululation time [h] - 6.5
2018-04-24 15:04:03,561 - DEBUG - dssInstance - Q convergance error 0
2018-04-24 15:04:03,562 - DEBUG - dssInstance - P convergance error 0
2018-04-24 15:04:05,016 - INFO - SolveMode - Simululation time [h] - 6.75
2018-04-24 15:04:05,017 - DEBUG - dssInstance - Q convergance error 0
2018-04-24 15:04:05,018 - DEBUG - dssInstance - P convergance error 0
2018-04-24 15:04:06,439 - INFO - SolveMode - Simululation time [h] - 7.0
2018-04-24 15:04:06,440 - DEBUG - dssInstance - Q convergance error 0
2018-04-24 15:04:06,442 - DEBUG - dssInstance - P convergance error 0
2018-04-24 15:04:07,665 - INFO - SolveMode - Simululation time [h] - 7.25
2018-04-24 15:04:07,666 - DEBUG - dssInstance - Q convergance error 0
2018-04-24 15:04:07,667 - DEBUG - dssInstance - P convergance error 0
2018-04-24 15:04:09,098 - INFO - SolveMode - Simululation time [h] - 7.5
2018-04-24 15:04:09,098 - DEBUG - dssInstance - Q convergance error 0
2018-04-24 15:04:09,099 - DEBUG - dssInstance - P convergance error 0
2018-04-24 15:04:10,465 - INFO - SolveMode - Simululation time [h] - 7.75
2018-04-24 15:04:10,466 - DEBUG - dssInstance - Q convergance error 0
2018-04-24 15:04:10,467 - DEBUG - dssInstance - P convergance error 0
2018-04-24 15:04:11,751 - INFO - SolveMode - Simululation time [h] - 8.0
2018-04-24 15:04:11,752 - DEBUG - dssInstance - Q convergance error 0
2018-04-24 15:04:11,754 - DEBUG - dssInstance - P convergance error 0
2018-04-24 15:04:12,970 - INFO - SolveMode - Simululation time [h] - 8.25
2018-04-24 15:04:12,971 - DEBUG - dssInstance - Q convergance error 0
2018-04-24 15:04:12,973 - DEBUG - dssInstance - P convergance error 0
2018-04-24 15:04:14,274 - INFO - SolveMode - Simululation time [h] - 8.5
2018-04-24 15:04:14,275 - DEBUG - dssInstance - Q convergance error 0
2018-04-24 15:04:14,276 - DEBUG - dssInstance - P convergance error 0
2018-04-24 15:04:15,473 - INFO - SolveMode - Simululation time [h] - 8.75
2018-04-24 15:04:15,474 - DEBUG - dssInstance - Q convergance error 0
2018-04-24 15:04:15,475 - DEBUG - dssInstance - P convergance error 0
2018-04-24 15:04:16,763 - INFO - SolveMode - Simululation time [h] - 9.0
2018-04-24 15:04:16,764 - DEBUG - dssInstance - Q convergance error 0
2018-04-24 15:04:16,765 - DEBUG - dssInstance - P convergance error 0
2018-04-24 15:04:18,011 - INFO - SolveMode - Simululation time [h] - 9.25
2018-04-24 15:04:18,012 - DEBUG - dssInstance - Q convergance error 0
2018-04-24 15:04:18,014 - DEBUG - dssInstance - P convergance error 0
2018-04-24 15:04:19,336 - INFO - SolveMode - Simululation time [h] - 9.5
2018-04-24 15:04:19,336 - DEBUG - dssInstance - Q convergance error 0
2018-04-24 15:04:19,337 - DEBUG - dssInstance - P convergance error 0
2018-04-24 15:04:20,782 - INFO - SolveMode - Simululation time [h] - 9.75
2018-04-24 15:04:20,783 - DEBUG - dssInstance - Q convergance error 0
2018-04-24 15:04:20,784 - DEBUG - dssInstance - P convergance error 0
2018-04-24 15:04:22,061 - INFO - SolveMode - Simululation time [h] - 10.0
2018-04-24 15:04:22,062 - DEBUG - dssInstance - Q convergance error 0
2018-04-24 15:04:22,063 - DEBUG - dssInstance - P convergance error 0
2018-04-24 15:04:23,544 - INFO - SolveMode - Simululation time [h] - 10.25
2018-04-24 15:04:23,545 - DEBUG - dssInstance - Q convergance error 0
2018-04-24 15:04:23,546 - DEBUG - dssInstance - P convergance error 0
2018-04-24 15:04:24,962 - INFO - SolveMode - Simululation time [h] - 10.5
2018-04-24 15:04:24,963 - DEBUG - dssInstance - Q convergance error 0
2018-04-24 15:04:24,964 - DEBUG - dssInstance - P convergance error 0
2018-04-24 15:04:26,619 - INFO - SolveMode - Simululation time [h] - 10.75
2018-04-24 15:04:26,620 - DEBUG - dssInstance - Q convergance error 0
2018-04-24 15:04:26,621 - DEBUG - dssInstance - P convergance error 0
2018-04-24 15:04:28,043 - INFO - SolveMode - Simululation time [h] - 11.0
2018-04-24 15:04:28,043 - DEBUG - dssInstance - Q convergance error 0
2018-04-24 15:04:28,044 - DEBUG - dssInstance - P convergance error 0
2018-04-24 15:04:29,352 - INFO - SolveMode - Simululation time [h] - 11.25
2018-04-24 15:04:29,353 - DEBUG - dssInstance - Q convergance error 0
2018-04-24 15:04:29,354 - DEBUG - dssInstance - P convergance error 0
2018-04-24 15:04:30,672 - INFO - SolveMode - Simululation time [h] - 11.5
2018-04-24 15:04:30,673 - DEBUG - dssInstance - Q convergance error 0
2018-04-24 15:04:30,674 - DEBUG - dssInstance - P convergance error 0
2018-04-24 15:04:32,065 - INFO - SolveMode - Simululation time [h] - 11.75
2018-04-24 15:04:32,066 - DEBUG - dssInstance - Q convergance error 0
2018-04-24 15:04:32,067 - DEBUG - dssInstance - P convergance error 0
2018-04-24 15:04:33,761 - INFO - SolveMode - Simululation time [h] - 12.0
2018-04-24 15:04:33,763 - DEBUG - dssInstance - Q convergance error 0
2018-04-24 15:04:33,765 - DEBUG - dssInstance - P convergance error 0
2018-04-24 15:04:35,039 - INFO - SolveMode - Simululation time [h] - 12.25
2018-04-24 15:04:35,040 - DEBUG - dssInstance - Q convergance error 0
2018-04-24 15:04:35,041 - DEBUG - dssInstance - P convergance error 0
2018-04-24 15:04:36,301 - INFO - SolveMode - Simululation time [h] - 12.5
2018-04-24 15:04:36,302 - DEBUG - dssInstance - Q convergance error 0
2018-04-24 15:04:36,303 - DEBUG - dssInstance - P convergance error 0
2018-04-24 15:04:37,739 - INFO - SolveMode - Simululation time [h] - 12.75
2018-04-24 15:04:37,741 - DEBUG - dssInstance - Q convergance error 0
2018-04-24 15:04:37,742 - DEBUG - dssInstance - P convergance error 0
2018-04-24 15:04:38,994 - INFO - SolveMode - Simululation time [h] - 13.0
2018-04-24 15:04:38,995 - DEBUG - dssInstance - Q convergance error 0
2018-04-24 15:04:38,997 - DEBUG - dssInstance - P convergance error 0
2018-04-24 15:04:40,229 - INFO - SolveMode - Simululation time [h] - 13.25
2018-04-24 15:04:40,230 - DEBUG - dssInstance - Q convergance error 0
2018-04-24 15:04:40,231 - DEBUG - dssInstance - P convergance error 0
2018-04-24 15:04:41,477 - INFO - SolveMode - Simululation time [h] - 13.5
2018-04-24 15:04:41,478 - DEBUG - dssInstance - Q convergance error 0
2018-04-24 15:04:41,479 - DEBUG - dssInstance - P convergance error 0
2018-04-24 15:04:43,109 - INFO - SolveMode - Simululation time [h] - 13.75
2018-04-24 15:04:43,109 - DEBUG - dssInstance - Q convergance error 0
2018-04-24 15:04:43,111 - DEBUG - dssInstance - P convergance error 0
2018-04-24 15:04:44,443 - INFO - SolveMode - Simululation time [h] - 14.0
2018-04-24 15:04:44,444 - DEBUG - dssInstance - Q convergance error 0
2018-04-24 15:04:44,444 - DEBUG - dssInstance - P convergance error 0
2018-04-24 15:04:45,772 - INFO - SolveMode - Simululation time [h] - 14.25
2018-04-24 15:04:45,773 - DEBUG - dssInstance - Q convergance error 0
2018-04-24 15:04:45,775 - DEBUG - dssInstance - P convergance error 0
2018-04-24 15:04:47,249 - INFO - SolveMode - Simululation time [h] - 14.5
2018-04-24 15:04:47,250 - DEBUG - dssInstance - Q convergance error 0
2018-04-24 15:04:47,252 - DEBUG - dssInstance - P convergance error 0
2018-04-24 15:04:48,655 - INFO - SolveMode - Simululation time [h] - 14.75
2018-04-24 15:04:48,656 - DEBUG - dssInstance - Q convergance error 0
2018-04-24 15:04:48,657 - DEBUG - dssInstance - P convergance error 0
2018-04-24 15:04:49,925 - INFO - SolveMode - Simululation time [h] - 15.0
2018-04-24 15:04:49,926 - DEBUG - dssInstance - Q convergance error 0
2018-04-24 15:04:49,927 - DEBUG - dssInstance - P convergance error 0
2018-04-24 15:04:51,189 - INFO - SolveMode - Simululation time [h] - 15.25
2018-04-24 15:04:51,190 - DEBUG - dssInstance - Q convergance error 0
2018-04-24 15:04:51,192 - DEBUG - dssInstance - P convergance error 0
2018-04-24 15:04:52,453 - INFO - SolveMode - Simululation time [h] - 15.5
2018-04-24 15:04:52,454 - DEBUG - dssInstance - Q convergance error 0
2018-04-24 15:04:52,455 - DEBUG - dssInstance - P convergance error 0
2018-04-24 15:04:53,990 - INFO - SolveMode - Simululation time [h] - 15.75
2018-04-24 15:04:53,991 - DEBUG - dssInstance - Q convergance error 0
2018-04-24 15:04:53,992 - DEBUG - dssInstance - P convergance error 0
2018-04-24 15:04:55,344 - INFO - SolveMode - Simululation time [h] - 16.0
2018-04-24 15:04:55,345 - DEBUG - dssInstance - Q convergance error 0
2018-04-24 15:04:55,346 - DEBUG - dssInstance - P convergance error 0
2018-04-24 15:04:56,616 - INFO - SolveMode - Simululation time [h] - 16.25
2018-04-24 15:04:56,617 - DEBUG - dssInstance - Q convergance error 0
2018-04-24 15:04:56,619 - DEBUG - dssInstance - P convergance error 0
2018-04-24 15:04:57,937 - INFO - SolveMode - Simululation time [h] - 16.5
2018-04-24 15:04:57,938 - DEBUG - dssInstance - Q convergance error 0
2018-04-24 15:04:57,939 - DEBUG - dssInstance - P convergance error 0
2018-04-24 15:04:59,186 - INFO - SolveMode - Simululation time [h] - 16.75
2018-04-24 15:04:59,187 - DEBUG - dssInstance - Q convergance error 0
2018-04-24 15:04:59,188 - DEBUG - dssInstance - P convergance error 0
2018-04-24 15:05:00,556 - INFO - SolveMode - Simululation time [h] - 17.0
2018-04-24 15:05:00,556 - DEBUG - dssInstance - Q convergance error 0
2018-04-24 15:05:00,557 - DEBUG - dssInstance - P convergance error 0
2018-04-24 15:05:01,837 - INFO - SolveMode - Simululation time [h] - 17.25
2018-04-24 15:05:01,838 - DEBUG - dssInstance - Q convergance error 0
2018-04-24 15:05:01,840 - DEBUG - dssInstance - P convergance error 0
2018-04-24 15:05:03,174 - INFO - SolveMode - Simululation time [h] - 17.5
2018-04-24 15:05:03,175 - DEBUG - dssInstance - Q convergance error 0
2018-04-24 15:05:03,177 - DEBUG - dssInstance - P convergance error 0
2018-04-24 15:05:04,472 - INFO - SolveMode - Simululation time [h] - 17.75
2018-04-24 15:05:04,473 - DEBUG - dssInstance - Q convergance error 0
2018-04-24 15:05:04,475 - DEBUG - dssInstance - P convergance error 0
2018-04-24 15:05:05,721 - INFO - SolveMode - Simululation time [h] - 18.0
2018-04-24 15:05:05,722 - DEBUG - dssInstance - Q convergance error 0
2018-04-24 15:05:05,723 - DEBUG - dssInstance - P convergance error 0
2018-04-24 15:05:07,199 - INFO - SolveMode - Simululation time [h] - 18.25
2018-04-24 15:05:07,200 - DEBUG - dssInstance - Q convergance error 0
2018-04-24 15:05:07,201 - DEBUG - dssInstance - P convergance error 0
2018-04-24 15:05:08,676 - INFO - SolveMode - Simululation time [h] - 18.5
2018-04-24 15:05:08,677 - DEBUG - dssInstance - Q convergance error 0
2018-04-24 15:05:08,679 - DEBUG - dssInstance - P convergance error 0
2018-04-24 15:05:09,987 - INFO - SolveMode - Simululation time [h] - 18.75
2018-04-24 15:05:09,988 - DEBUG - dssInstance - Q convergance error 0
2018-04-24 15:05:09,989 - DEBUG - dssInstance - P convergance error 0
2018-04-24 15:05:11,200 - INFO - SolveMode - Simululation time [h] - 19.0
2018-04-24 15:05:11,201 - DEBUG - dssInstance - Q convergance error 0
2018-04-24 15:05:11,202 - DEBUG - dssInstance - P convergance error 0
2018-04-24 15:05:12,496 - INFO - SolveMode - Simululation time [h] - 19.25
2018-04-24 15:05:12,496 - DEBUG - dssInstance - Q convergance error 0
2018-04-24 15:05:12,498 - DEBUG - dssInstance - P convergance error 0
2018-04-24 15:05:14,002 - INFO - SolveMode - Simululation time [h] - 19.5
2018-04-24 15:05:14,003 - DEBUG - dssInstance - Q convergance error 0
2018-04-24 15:05:14,005 - DEBUG - dssInstance - P convergance error 0
2018-04-24 15:05:15,756 - INFO - SolveMode - Simululation time [h] - 19.75
2018-04-24 15:05:15,756 - DEBUG - dssInstance - Q convergance error 0
2018-04-24 15:05:15,757 - DEBUG - dssInstance - P convergance error 0
2018-04-24 15:05:17,215 - INFO - SolveMode - Simululation time [h] - 20.0
2018-04-24 15:05:17,216 - DEBUG - dssInstance - Q convergance error 0
2018-04-24 15:05:17,218 - DEBUG - dssInstance - P convergance error 0
2018-04-24 15:05:18,496 - INFO - SolveMode - Simululation time [h] - 20.25
2018-04-24 15:05:18,496 - DEBUG - dssInstance - Q convergance error 0
2018-04-24 15:05:18,497 - DEBUG - dssInstance - P convergance error 0
2018-04-24 15:05:19,953 - INFO - SolveMode - Simululation time [h] - 20.5
2018-04-24 15:05:19,953 - DEBUG - dssInstance - Q convergance error 0
2018-04-24 15:05:19,954 - DEBUG - dssInstance - P convergance error 0
2018-04-24 15:05:21,478 - INFO - SolveMode - Simululation time [h] - 20.75
2018-04-24 15:05:21,479 - DEBUG - dssInstance - Q convergance error 0
2018-04-24 15:05:21,480 - DEBUG - dssInstance - P convergance error 0
2018-04-24 15:05:22,946 - INFO - SolveMode - Simululation time [h] - 21.0
2018-04-24 15:05:22,946 - DEBUG - dssInstance - Q convergance error 0
2018-04-24 15:05:22,947 - DEBUG - dssInstance - P convergance error 0
2018-04-24 15:05:24,302 - INFO - SolveMode - Simululation time [h] - 21.25
2018-04-24 15:05:24,303 - DEBUG - dssInstance - Q convergance error 0
2018-04-24 15:05:24,304 - DEBUG - dssInstance - P convergance error 0
2018-04-24 15:05:25,592 - INFO - SolveMode - Simululation time [h] - 21.5
2018-04-24 15:05:25,593 - DEBUG - dssInstance - Q convergance error 0
2018-04-24 15:05:25,594 - DEBUG - dssInstance - P convergance error 0
2018-04-24 15:05:26,904 - INFO - SolveMode - Simululation time [h] - 21.75
2018-04-24 15:05:26,905 - DEBUG - dssInstance - Q convergance error 0
2018-04-24 15:05:26,906 - DEBUG - dssInstance - P convergance error 0
2018-04-24 15:05:28,350 - INFO - SolveMode - Simululation time [h] - 22.0
2018-04-24 15:05:28,350 - DEBUG - dssInstance - Q convergance error 0
2018-04-24 15:05:28,351 - DEBUG - dssInstance - P convergance error 0
2018-04-24 15:05:29,576 - INFO - SolveMode - Simululation time [h] - 22.25
2018-04-24 15:05:29,577 - DEBUG - dssInstance - Q convergance error 0
2018-04-24 15:05:29,578 - DEBUG - dssInstance - P convergance error 0
2018-04-24 15:05:30,964 - INFO - SolveMode - Simululation time [h] - 22.5
2018-04-24 15:05:30,965 - DEBUG - dssInstance - Q convergance error 0
2018-04-24 15:05:30,966 - DEBUG - dssInstance - P convergance error 0
2018-04-24 15:05:32,203 - INFO - SolveMode - Simululation time [h] - 22.75
2018-04-24 15:05:32,204 - DEBUG - dssInstance - Q convergance error 0
2018-04-24 15:05:32,205 - DEBUG - dssInstance - P convergance error 0
2018-04-24 15:05:33,376 - INFO - SolveMode - Simululation time [h] - 23.0
2018-04-24 15:05:33,377 - DEBUG - dssInstance - Q convergance error 0
2018-04-24 15:05:33,378 - DEBUG - dssInstance - P convergance error 0
2018-04-24 15:05:34,731 - INFO - SolveMode - Simululation time [h] - 23.25
2018-04-24 15:05:34,732 - DEBUG - dssInstance - Q convergance error 0
2018-04-24 15:05:34,733 - DEBUG - dssInstance - P convergance error 0
2018-04-24 15:05:35,953 - INFO - SolveMode - Simululation time [h] - 23.5
2018-04-24 15:05:35,954 - DEBUG - dssInstance - Q convergance error 0
2018-04-24 15:05:35,955 - DEBUG - dssInstance - P convergance error 0
2018-04-24 15:05:37,174 - INFO - SolveMode - Simululation time [h] - 23.75
2018-04-24 15:05:37,174 - DEBUG - dssInstance - Q convergance error 0
2018-04-24 15:05:37,175 - DEBUG - dssInstance - P convergance error 0
2018-04-24 15:05:38,553 - INFO - SolveMode - Simululation time [h] - 24.0
2018-04-24 15:05:38,554 - DEBUG - dssInstance - Q convergance error 0
2018-04-24 15:05:38,555 - DEBUG - dssInstance - P convergance error 0
2018-04-24 15:05:40,286 - INFO - ResultContainer - PVSystems-Powers.csv exported to C:\Users\alatif\Desktop\PyDSS\Export\HECO\HP-Legacy
2018-04-24 15:05:41,101 - INFO - ResultContainer - PVSystems-VoltagesMagAng.csv exported to C:\Users\alatif\Desktop\PyDSS\Export\HECO\HP-Legacy
2018-04-24 15:05:54,631 - INFO - ResultContainer - Buses-puVmagAngle.csv exported to C:\Users\alatif\Desktop\PyDSS\Export\HECO\HP-Legacy
2018-04-24 15:05:54,634 - INFO - dssInstance - Simulation completed in 147.23197507858276 seconds
2018-04-24 15:05:54,634 - INFO - dssInstance - End of simulation
